[7.331s] Invoking command in '/tmp/.X11-unix/ROS2_final_Thesis/build/cv_basics': CMAKE_PREFIX_PATH=/tmp/.X11-unix/ROS2_final_Thesis/install/bboxes_ex_msgs:/tmp/.X11-unix/ROS2_final_Thesis/install/sllidar_ros2:/tmp/.X11-unix/ROS2_final_Thesis/install/rplidar_ros:/opt/ros/foxy/install LD_LIBRARY_PATH=/tmp/.X11-unix/ROS2_final_Thesis/install/bboxes_ex_msgs/lib:/tmp/.X11-unix/ROS2_final_Thesis/install/rplidar_ros/lib:/opt/ros/foxy/install/opt/yaml_cpp_vendor/lib:/opt/ros/foxy/install/lib:/usr/local/cuda/lib64:/usr/local/cuda-10.2/targets/aarch64-linux/lib PYTHONPATH=/tmp/.X11-unix/ROS2_final_Thesis/build/cv_basics/prefix_override:/tmp/.X11-unix/ROS2_final_Thesis/install/cv_basics/lib/python3.6/site-packages:/tmp/.X11-unix/ROS2_final_Thesis/install/bboxes_ex_msgs/lib/python3.6/site-packages:/tmp/.X11-unix/ROS2_final_Thesis/build/yolov5_ros:/tmp/.X11-unix/ROS2_final_Thesis/install/yolov5_ros/lib/python3.6/site-packages:/tmp/.X11-unix/ROS2_final_Thesis/build/cv_basics:/tmp/.X11-unix/ROS2_final_Thesis/install/cv_basics/lib/python3.6/site-packages:/opt/ros/foxy/install/lib/python3.6/site-packages /usr/bin/python3 setup.py develop --editable --build-directory /tmp/.X11-unix/ROS2_final_Thesis/build/cv_basics/build --no-deps install_data
[9.059s] /usr/local/lib/python3.6/dist-packages/setuptools/dist.py:726: UserWarning: Usage of dash-separated 'script-dir' will not be supported in future versions. Please use the underscore name 'script_dir' instead
[9.059s]   % (opt, underscore_opt)
[9.521s] running develop
[9.529s] /usr/local/lib/python3.6/dist-packages/setuptools/command/easy_install.py:159: EasyInstallDeprecationWarning: easy_install command is deprecated. Use build and pip and other standards-based tools.
[9.531s]   EasyInstallDeprecationWarning,
[9.547s] /usr/local/lib/python3.6/dist-packages/setuptools/command/install.py:37: SetuptoolsDeprecationWarning: setup.py install is deprecated. Use build and pip and other standards-based tools.
[9.548s]   setuptools.SetuptoolsDeprecationWarning,
[10.868s] running egg_info
[10.869s] writing cv_basics.egg-info/PKG-INFO
[10.873s] writing dependency_links to cv_basics.egg-info/dependency_links.txt
[10.873s] writing entry points to cv_basics.egg-info/entry_points.txt
[10.874s] writing requirements to cv_basics.egg-info/requires.txt
[10.875s] writing top-level names to cv_basics.egg-info/top_level.txt
[10.908s] reading manifest file 'cv_basics.egg-info/SOURCES.txt'
[10.916s] writing manifest file 'cv_basics.egg-info/SOURCES.txt'
[11.327s] running build_ext
[11.328s] Creating /tmp/.X11-unix/ROS2_final_Thesis/install/cv_basics/lib/python3.6/site-packages/cv-basics.egg-link (link to .)
[11.336s] Installing calibration script to /tmp/.X11-unix/ROS2_final_Thesis/install/cv_basics/lib/cv_basics
[11.338s] Installing filtere_scan script to /tmp/.X11-unix/ROS2_final_Thesis/install/cv_basics/lib/cv_basics
[11.340s] Installing img_publisher script to /tmp/.X11-unix/ROS2_final_Thesis/install/cv_basics/lib/cv_basics
[11.341s] Installing img_subscriber script to /tmp/.X11-unix/ROS2_final_Thesis/install/cv_basics/lib/cv_basics
[11.343s] 
[11.345s] Installed /tmp/.X11-unix/ROS2_final_Thesis/build/cv_basics
[11.346s] running install_data
[11.610s] Invoked command in '/tmp/.X11-unix/ROS2_final_Thesis/build/cv_basics' returned '0': CMAKE_PREFIX_PATH=/tmp/.X11-unix/ROS2_final_Thesis/install/bboxes_ex_msgs:/tmp/.X11-unix/ROS2_final_Thesis/install/sllidar_ros2:/tmp/.X11-unix/ROS2_final_Thesis/install/rplidar_ros:/opt/ros/foxy/install LD_LIBRARY_PATH=/tmp/.X11-unix/ROS2_final_Thesis/install/bboxes_ex_msgs/lib:/tmp/.X11-unix/ROS2_final_Thesis/install/rplidar_ros/lib:/opt/ros/foxy/install/opt/yaml_cpp_vendor/lib:/opt/ros/foxy/install/lib:/usr/local/cuda/lib64:/usr/local/cuda-10.2/targets/aarch64-linux/lib PYTHONPATH=/tmp/.X11-unix/ROS2_final_Thesis/build/cv_basics/prefix_override:/tmp/.X11-unix/ROS2_final_Thesis/install/cv_basics/lib/python3.6/site-packages:/tmp/.X11-unix/ROS2_final_Thesis/install/bboxes_ex_msgs/lib/python3.6/site-packages:/tmp/.X11-unix/ROS2_final_Thesis/build/yolov5_ros:/tmp/.X11-unix/ROS2_final_Thesis/install/yolov5_ros/lib/python3.6/site-packages:/tmp/.X11-unix/ROS2_final_Thesis/build/cv_basics:/tmp/.X11-unix/ROS2_final_Thesis/install/cv_basics/lib/python3.6/site-packages:/opt/ros/foxy/install/lib/python3.6/site-packages /usr/bin/python3 setup.py develop --editable --build-directory /tmp/.X11-unix/ROS2_final_Thesis/build/cv_basics/build --no-deps install_data
