[3.172s] DEBUG:colcon:Command line arguments: ['/usr/bin/colcon', 'build', '--symlink-install']
[3.172s] DEBUG:colcon:Parsed command line arguments: Namespace(ament_cmake_args=None, base_paths=['.'], build_base='build', catkin_cmake_args=None, catkin_skip_building_tests=False, cmake_args=None, cmake_clean_cache=False, cmake_clean_first=False, cmake_force_configure=False, cmake_target=None, cmake_target_skip_unavailable=False, continue_on_error=False, event_handlers=None, executor='parallel', ignore_user_meta=False, install_base='install', log_base=None, log_level=None, main=<bound method BuildVerb.main of <colcon_core.verb.build.BuildVerb object at 0x7f8f978f60>>, merge_install=False, metas=['./colcon.meta'], packages_above=None, packages_above_and_dependencies=None, packages_above_depth=None, packages_end=None, packages_ignore=None, packages_ignore_regex=None, packages_select=None, packages_select_build_failed=False, packages_select_by_dep=None, packages_select_regex=None, packages_select_test_failures=False, packages_skip=None, packages_skip_build_finished=False, packages_skip_by_dep=None, packages_skip_regex=None, packages_skip_test_passed=False, packages_skip_up_to=None, packages_start=None, packages_up_to=None, packages_up_to_regex=None, parallel_workers=4, paths=None, symlink_install=True, test_result_base=None, verb_extension=<colcon_core.verb.build.BuildVerb object at 0x7f8f978f60>, verb_name='build', verb_parser=<colcon_defaults.argument_parser.defaults.DefaultArgumentsDecorator object at 0x7f8f8ce9e8>)
[3.400s] Level 1:colcon.colcon_core.package_discovery:discover_packages(colcon_meta) check parameters
[3.401s] Level 1:colcon.colcon_core.package_discovery:discover_packages(recursive) check parameters
[3.401s] Level 1:colcon.colcon_core.package_discovery:discover_packages(ignore) check parameters
[3.401s] Level 1:colcon.colcon_core.package_discovery:discover_packages(path) check parameters
[3.401s] Level 1:colcon.colcon_core.package_discovery:discover_packages(colcon_meta) discover
[3.403s] Level 1:colcon.colcon_core.package_discovery:discover_packages(recursive) discover
[3.403s] INFO:colcon.colcon_core.package_discovery:Crawling recursively for packages in '/tmp/.X11-unix/ROS2_final_Thesis'
[3.404s] Level 1:colcon.colcon_core.package_identification:_identify(.) by extensions ['ignore', 'ignore_ament_install']
[3.404s] Level 1:colcon.colcon_core.package_identification:_identify(.) by extension 'ignore'
[3.405s] Level 1:colcon.colcon_core.package_identification:_identify(.) by extension 'ignore_ament_install'
[3.405s] Level 1:colcon.colcon_core.package_identification:_identify(.) by extensions ['colcon_pkg']
[3.405s] Level 1:colcon.colcon_core.package_identification:_identify(.) by extension 'colcon_pkg'
[3.406s] Level 1:colcon.colcon_core.package_identification:_identify(.) by extensions ['colcon_meta']
[3.406s] Level 1:colcon.colcon_core.package_identification:_identify(.) by extension 'colcon_meta'
[3.406s] Level 1:colcon.colcon_core.package_identification:_identify(.) by extensions ['ros']
[3.406s] Level 1:colcon.colcon_core.package_identification:_identify(.) by extension 'ros'
[3.615s] Level 1:colcon.colcon_core.package_identification:_identify(.) by extensions ['cmake', 'python']
[3.616s] Level 1:colcon.colcon_core.package_identification:_identify(.) by extension 'cmake'
[3.616s] Level 1:colcon.colcon_core.package_identification:_identify(.) by extension 'python'
[3.616s] Level 1:colcon.colcon_core.package_identification:_identify(.) by extensions ['python_setup_py']
[3.616s] Level 1:colcon.colcon_core.package_identification:_identify(.) by extension 'python_setup_py'
[3.619s] Level 1:colcon.colcon_core.package_identification:_identify(__pycache__) by extensions ['ignore', 'ignore_ament_install']
[3.619s] Level 1:colcon.colcon_core.package_identification:_identify(__pycache__) by extension 'ignore'
[3.620s] Level 1:colcon.colcon_core.package_identification:_identify(__pycache__) by extension 'ignore_ament_install'
[3.620s] Level 1:colcon.colcon_core.package_identification:_identify(__pycache__) by extensions ['colcon_pkg']
[3.620s] Level 1:colcon.colcon_core.package_identification:_identify(__pycache__) by extension 'colcon_pkg'
[3.621s] Level 1:colcon.colcon_core.package_identification:_identify(__pycache__) by extensions ['colcon_meta']
[3.621s] Level 1:colcon.colcon_core.package_identification:_identify(__pycache__) by extension 'colcon_meta'
[3.621s] Level 1:colcon.colcon_core.package_identification:_identify(__pycache__) by extensions ['ros']
[3.621s] Level 1:colcon.colcon_core.package_identification:_identify(__pycache__) by extension 'ros'
[3.622s] Level 1:colcon.colcon_core.package_identification:_identify(__pycache__) by extensions ['cmake', 'python']
[3.622s] Level 1:colcon.colcon_core.package_identification:_identify(__pycache__) by extension 'cmake'
[3.622s] Level 1:colcon.colcon_core.package_identification:_identify(__pycache__) by extension 'python'
[3.622s] Level 1:colcon.colcon_core.package_identification:_identify(__pycache__) by extensions ['python_setup_py']
[3.623s] Level 1:colcon.colcon_core.package_identification:_identify(__pycache__) by extension 'python_setup_py'
[3.623s] Level 1:colcon.colcon_core.package_identification:_identify(build) by extensions ['ignore', 'ignore_ament_install']
[3.624s] Level 1:colcon.colcon_core.package_identification:_identify(build) by extension 'ignore'
[3.624s] Level 1:colcon.colcon_core.package_identification:_identify(build) ignored
[3.626s] Level 1:colcon.colcon_core.package_identification:_identify(install) by extensions ['ignore', 'ignore_ament_install']
[3.626s] Level 1:colcon.colcon_core.package_identification:_identify(install) by extension 'ignore'
[3.627s] Level 1:colcon.colcon_core.package_identification:_identify(install) ignored
[3.628s] Level 1:colcon.colcon_core.package_identification:_identify(log) by extensions ['ignore', 'ignore_ament_install']
[3.628s] Level 1:colcon.colcon_core.package_identification:_identify(log) by extension 'ignore'
[3.628s] Level 1:colcon.colcon_core.package_identification:_identify(log) ignored
[3.629s] Level 1:colcon.colcon_core.package_identification:_identify(output) by extensions ['ignore', 'ignore_ament_install']
[3.630s] Level 1:colcon.colcon_core.package_identification:_identify(output) by extension 'ignore'
[3.630s] Level 1:colcon.colcon_core.package_identification:_identify(output) by extension 'ignore_ament_install'
[3.630s] Level 1:colcon.colcon_core.package_identification:_identify(output) by extensions ['colcon_pkg']
[3.631s] Level 1:colcon.colcon_core.package_identification:_identify(output) by extension 'colcon_pkg'
[3.631s] Level 1:colcon.colcon_core.package_identification:_identify(output) by extensions ['colcon_meta']
[3.631s] Level 1:colcon.colcon_core.package_identification:_identify(output) by extension 'colcon_meta'
[3.631s] Level 1:colcon.colcon_core.package_identification:_identify(output) by extensions ['ros']
[3.632s] Level 1:colcon.colcon_core.package_identification:_identify(output) by extension 'ros'
[3.632s] Level 1:colcon.colcon_core.package_identification:_identify(output) by extensions ['cmake', 'python']
[3.632s] Level 1:colcon.colcon_core.package_identification:_identify(output) by extension 'cmake'
[3.632s] Level 1:colcon.colcon_core.package_identification:_identify(output) by extension 'python'
[3.633s] Level 1:colcon.colcon_core.package_identification:_identify(output) by extensions ['python_setup_py']
[3.633s] Level 1:colcon.colcon_core.package_identification:_identify(output) by extension 'python_setup_py'
[3.634s] Level 1:colcon.colcon_core.package_identification:_identify(src) by extensions ['ignore', 'ignore_ament_install']
[3.634s] Level 1:colcon.colcon_core.package_identification:_identify(src) by extension 'ignore'
[3.634s] Level 1:colcon.colcon_core.package_identification:_identify(src) by extension 'ignore_ament_install'
[3.635s] Level 1:colcon.colcon_core.package_identification:_identify(src) by extensions ['colcon_pkg']
[3.635s] Level 1:colcon.colcon_core.package_identification:_identify(src) by extension 'colcon_pkg'
[3.635s] Level 1:colcon.colcon_core.package_identification:_identify(src) by extensions ['colcon_meta']
[3.635s] Level 1:colcon.colcon_core.package_identification:_identify(src) by extension 'colcon_meta'
[3.636s] Level 1:colcon.colcon_core.package_identification:_identify(src) by extensions ['ros']
[3.636s] Level 1:colcon.colcon_core.package_identification:_identify(src) by extension 'ros'
[3.636s] Level 1:colcon.colcon_core.package_identification:_identify(src) by extensions ['cmake', 'python']
[3.637s] Level 1:colcon.colcon_core.package_identification:_identify(src) by extension 'cmake'
[3.637s] Level 1:colcon.colcon_core.package_identification:_identify(src) by extension 'python'
[3.637s] Level 1:colcon.colcon_core.package_identification:_identify(src) by extensions ['python_setup_py']
[3.637s] Level 1:colcon.colcon_core.package_identification:_identify(src) by extension 'python_setup_py'
[3.638s] Level 1:colcon.colcon_core.package_identification:_identify(src/YOLOv5-ROS) by extensions ['ignore', 'ignore_ament_install']
[3.639s] Level 1:colcon.colcon_core.package_identification:_identify(src/YOLOv5-ROS) by extension 'ignore'
[3.639s] Level 1:colcon.colcon_core.package_identification:_identify(src/YOLOv5-ROS) by extension 'ignore_ament_install'
[3.639s] Level 1:colcon.colcon_core.package_identification:_identify(src/YOLOv5-ROS) by extensions ['colcon_pkg']
[3.640s] Level 1:colcon.colcon_core.package_identification:_identify(src/YOLOv5-ROS) by extension 'colcon_pkg'
[3.640s] Level 1:colcon.colcon_core.package_identification:_identify(src/YOLOv5-ROS) by extensions ['colcon_meta']
[3.640s] Level 1:colcon.colcon_core.package_identification:_identify(src/YOLOv5-ROS) by extension 'colcon_meta'
[3.640s] Level 1:colcon.colcon_core.package_identification:_identify(src/YOLOv5-ROS) by extensions ['ros']
[3.641s] Level 1:colcon.colcon_core.package_identification:_identify(src/YOLOv5-ROS) by extension 'ros'
[3.641s] Level 1:colcon.colcon_core.package_identification:_identify(src/YOLOv5-ROS) by extensions ['cmake', 'python']
[3.641s] Level 1:colcon.colcon_core.package_identification:_identify(src/YOLOv5-ROS) by extension 'cmake'
[3.641s] Level 1:colcon.colcon_core.package_identification:_identify(src/YOLOv5-ROS) by extension 'python'
[3.642s] Level 1:colcon.colcon_core.package_identification:_identify(src/YOLOv5-ROS) by extensions ['python_setup_py']
[3.642s] Level 1:colcon.colcon_core.package_identification:_identify(src/YOLOv5-ROS) by extension 'python_setup_py'
[3.643s] Level 1:colcon.colcon_core.package_identification:_identify(src/YOLOv5-ROS/yolov5_ros) by extensions ['ignore', 'ignore_ament_install']
[3.643s] Level 1:colcon.colcon_core.package_identification:_identify(src/YOLOv5-ROS/yolov5_ros) by extension 'ignore'
[3.644s] Level 1:colcon.colcon_core.package_identification:_identify(src/YOLOv5-ROS/yolov5_ros) by extension 'ignore_ament_install'
[3.644s] Level 1:colcon.colcon_core.package_identification:_identify(src/YOLOv5-ROS/yolov5_ros) by extensions ['colcon_pkg']
[3.644s] Level 1:colcon.colcon_core.package_identification:_identify(src/YOLOv5-ROS/yolov5_ros) by extension 'colcon_pkg'
[3.645s] Level 1:colcon.colcon_core.package_identification:_identify(src/YOLOv5-ROS/yolov5_ros) by extensions ['colcon_meta']
[3.645s] Level 1:colcon.colcon_core.package_identification:_identify(src/YOLOv5-ROS/yolov5_ros) by extension 'colcon_meta'
[3.645s] Level 1:colcon.colcon_core.package_identification:_identify(src/YOLOv5-ROS/yolov5_ros) by extensions ['ros']
[3.645s] Level 1:colcon.colcon_core.package_identification:_identify(src/YOLOv5-ROS/yolov5_ros) by extension 'ros'
[3.660s] DEBUG:colcon.colcon_core.package_identification:Package 'src/YOLOv5-ROS/yolov5_ros' with type 'ros.ament_python' and name 'yolov5_ros'
[3.664s] Level 1:colcon.colcon_core.package_identification:_identify(src/bbox_ex_msgs) by extensions ['ignore', 'ignore_ament_install']
[3.665s] Level 1:colcon.colcon_core.package_identification:_identify(src/bbox_ex_msgs) by extension 'ignore'
[3.665s] Level 1:colcon.colcon_core.package_identification:_identify(src/bbox_ex_msgs) by extension 'ignore_ament_install'
[3.665s] Level 1:colcon.colcon_core.package_identification:_identify(src/bbox_ex_msgs) by extensions ['colcon_pkg']
[3.666s] Level 1:colcon.colcon_core.package_identification:_identify(src/bbox_ex_msgs) by extension 'colcon_pkg'
[3.666s] Level 1:colcon.colcon_core.package_identification:_identify(src/bbox_ex_msgs) by extensions ['colcon_meta']
[3.666s] Level 1:colcon.colcon_core.package_identification:_identify(src/bbox_ex_msgs) by extension 'colcon_meta'
[3.666s] Level 1:colcon.colcon_core.package_identification:_identify(src/bbox_ex_msgs) by extensions ['ros']
[3.667s] Level 1:colcon.colcon_core.package_identification:_identify(src/bbox_ex_msgs) by extension 'ros'
[3.671s] DEBUG:colcon.colcon_core.package_identification:Package 'src/bbox_ex_msgs' with type 'ros.ament_cmake' and name 'bboxes_ex_msgs'
[3.671s] Level 1:colcon.colcon_core.package_identification:_identify(src/cv_basics) by extensions ['ignore', 'ignore_ament_install']
[3.672s] Level 1:colcon.colcon_core.package_identification:_identify(src/cv_basics) by extension 'ignore'
[3.672s] Level 1:colcon.colcon_core.package_identification:_identify(src/cv_basics) by extension 'ignore_ament_install'
[3.673s] Level 1:colcon.colcon_core.package_identification:_identify(src/cv_basics) by extensions ['colcon_pkg']
[3.673s] Level 1:colcon.colcon_core.package_identification:_identify(src/cv_basics) by extension 'colcon_pkg'
[3.673s] Level 1:colcon.colcon_core.package_identification:_identify(src/cv_basics) by extensions ['colcon_meta']
[3.673s] Level 1:colcon.colcon_core.package_identification:_identify(src/cv_basics) by extension 'colcon_meta'
[3.674s] Level 1:colcon.colcon_core.package_identification:_identify(src/cv_basics) by extensions ['ros']
[3.674s] Level 1:colcon.colcon_core.package_identification:_identify(src/cv_basics) by extension 'ros'
[3.680s] DEBUG:colcon.colcon_core.package_identification:Package 'src/cv_basics' with type 'ros.ament_python' and name 'cv_basics'
[3.681s] Level 1:colcon.colcon_core.package_identification:_identify(src/rplidar_ros2) by extensions ['ignore', 'ignore_ament_install']
[3.681s] Level 1:colcon.colcon_core.package_identification:_identify(src/rplidar_ros2) by extension 'ignore'
[3.681s] Level 1:colcon.colcon_core.package_identification:_identify(src/rplidar_ros2) by extension 'ignore_ament_install'
[3.682s] Level 1:colcon.colcon_core.package_identification:_identify(src/rplidar_ros2) by extensions ['colcon_pkg']
[3.682s] Level 1:colcon.colcon_core.package_identification:_identify(src/rplidar_ros2) by extension 'colcon_pkg'
[3.682s] Level 1:colcon.colcon_core.package_identification:_identify(src/rplidar_ros2) by extensions ['colcon_meta']
[3.682s] Level 1:colcon.colcon_core.package_identification:_identify(src/rplidar_ros2) by extension 'colcon_meta'
[3.683s] Level 1:colcon.colcon_core.package_identification:_identify(src/rplidar_ros2) by extensions ['ros']
[3.683s] Level 1:colcon.colcon_core.package_identification:_identify(src/rplidar_ros2) by extension 'ros'
[3.686s] DEBUG:colcon.colcon_core.package_identification:Package 'src/rplidar_ros2' with type 'ros.ament_cmake' and name 'rplidar_ros'
[3.687s] Level 1:colcon.colcon_core.package_identification:_identify(src/sllidar_ros2) by extensions ['ignore', 'ignore_ament_install']
[3.688s] Level 1:colcon.colcon_core.package_identification:_identify(src/sllidar_ros2) by extension 'ignore'
[3.688s] Level 1:colcon.colcon_core.package_identification:_identify(src/sllidar_ros2) by extension 'ignore_ament_install'
[3.688s] Level 1:colcon.colcon_core.package_identification:_identify(src/sllidar_ros2) by extensions ['colcon_pkg']
[3.689s] Level 1:colcon.colcon_core.package_identification:_identify(src/sllidar_ros2) by extension 'colcon_pkg'
[3.689s] Level 1:colcon.colcon_core.package_identification:_identify(src/sllidar_ros2) by extensions ['colcon_meta']
[3.689s] Level 1:colcon.colcon_core.package_identification:_identify(src/sllidar_ros2) by extension 'colcon_meta'
[3.689s] Level 1:colcon.colcon_core.package_identification:_identify(src/sllidar_ros2) by extensions ['ros']
[3.690s] Level 1:colcon.colcon_core.package_identification:_identify(src/sllidar_ros2) by extension 'ros'
[3.694s] DEBUG:colcon.colcon_core.package_identification:Package 'src/sllidar_ros2' with type 'ros.ament_cmake' and name 'sllidar_ros2'
[3.694s] Level 1:colcon.colcon_core.package_discovery:discover_packages(recursive) using defaults
[3.695s] Level 1:colcon.colcon_core.package_discovery:discover_packages(ignore) discover
[3.696s] Level 1:colcon.colcon_core.package_discovery:discover_packages(ignore) using defaults
[3.696s] Level 1:colcon.colcon_core.package_discovery:discover_packages(path) discover
[3.696s] Level 1:colcon.colcon_core.package_discovery:discover_packages(path) using defaults
[3.953s] Level 5:colcon.colcon_core.verb:set package 'bboxes_ex_msgs' build argument 'cmake_args' from command line to 'None'
[3.954s] Level 5:colcon.colcon_core.verb:set package 'bboxes_ex_msgs' build argument 'cmake_target' from command line to 'None'
[3.954s] Level 5:colcon.colcon_core.verb:set package 'bboxes_ex_msgs' build argument 'cmake_target_skip_unavailable' from command line to 'False'
[3.954s] Level 5:colcon.colcon_core.verb:set package 'bboxes_ex_msgs' build argument 'cmake_clean_cache' from command line to 'False'
[3.954s] Level 5:colcon.colcon_core.verb:set package 'bboxes_ex_msgs' build argument 'cmake_clean_first' from command line to 'False'
[3.954s] Level 5:colcon.colcon_core.verb:set package 'bboxes_ex_msgs' build argument 'cmake_force_configure' from command line to 'False'
[3.955s] Level 5:colcon.colcon_core.verb:set package 'bboxes_ex_msgs' build argument 'ament_cmake_args' from command line to 'None'
[3.955s] Level 5:colcon.colcon_core.verb:set package 'bboxes_ex_msgs' build argument 'catkin_cmake_args' from command line to 'None'
[3.955s] Level 5:colcon.colcon_core.verb:set package 'bboxes_ex_msgs' build argument 'catkin_skip_building_tests' from command line to 'False'
[3.955s] DEBUG:colcon.colcon_core.verb:Building package 'bboxes_ex_msgs' with the following arguments: {'ament_cmake_args': None, 'build_base': '/tmp/.X11-unix/ROS2_final_Thesis/build/bboxes_ex_msgs', 'catkin_cmake_args': None, 'catkin_skip_building_tests': False, 'cmake_args': None, 'cmake_clean_cache': False, 'cmake_clean_first': False, 'cmake_force_configure': False, 'cmake_target': None, 'cmake_target_skip_unavailable': False, 'install_base': '/tmp/.X11-unix/ROS2_final_Thesis/install/bboxes_ex_msgs', 'merge_install': False, 'path': '/tmp/.X11-unix/ROS2_final_Thesis/src/bbox_ex_msgs', 'symlink_install': True, 'test_result_base': None}
[3.973s] Level 5:colcon.colcon_core.verb:set package 'rplidar_ros' build argument 'cmake_args' from command line to 'None'
[3.973s] Level 5:colcon.colcon_core.verb:set package 'rplidar_ros' build argument 'cmake_target' from command line to 'None'
[3.974s] Level 5:colcon.colcon_core.verb:set package 'rplidar_ros' build argument 'cmake_target_skip_unavailable' from command line to 'False'
[3.974s] Level 5:colcon.colcon_core.verb:set package 'rplidar_ros' build argument 'cmake_clean_cache' from command line to 'False'
[3.974s] Level 5:colcon.colcon_core.verb:set package 'rplidar_ros' build argument 'cmake_clean_first' from command line to 'False'
[3.974s] Level 5:colcon.colcon_core.verb:set package 'rplidar_ros' build argument 'cmake_force_configure' from command line to 'False'
[3.974s] Level 5:colcon.colcon_core.verb:set package 'rplidar_ros' build argument 'ament_cmake_args' from command line to 'None'
[3.974s] Level 5:colcon.colcon_core.verb:set package 'rplidar_ros' build argument 'catkin_cmake_args' from command line to 'None'
[3.975s] Level 5:colcon.colcon_core.verb:set package 'rplidar_ros' build argument 'catkin_skip_building_tests' from command line to 'False'
[3.975s] DEBUG:colcon.colcon_core.verb:Building package 'rplidar_ros' with the following arguments: {'ament_cmake_args': None, 'build_base': '/tmp/.X11-unix/ROS2_final_Thesis/build/rplidar_ros', 'catkin_cmake_args': None, 'catkin_skip_building_tests': False, 'cmake_args': None, 'cmake_clean_cache': False, 'cmake_clean_first': False, 'cmake_force_configure': False, 'cmake_target': None, 'cmake_target_skip_unavailable': False, 'install_base': '/tmp/.X11-unix/ROS2_final_Thesis/install/rplidar_ros', 'merge_install': False, 'path': '/tmp/.X11-unix/ROS2_final_Thesis/src/rplidar_ros2', 'symlink_install': True, 'test_result_base': None}
[3.993s] Level 5:colcon.colcon_core.verb:set package 'sllidar_ros2' build argument 'cmake_args' from command line to 'None'
[3.993s] Level 5:colcon.colcon_core.verb:set package 'sllidar_ros2' build argument 'cmake_target' from command line to 'None'
[3.993s] Level 5:colcon.colcon_core.verb:set package 'sllidar_ros2' build argument 'cmake_target_skip_unavailable' from command line to 'False'
[3.993s] Level 5:colcon.colcon_core.verb:set package 'sllidar_ros2' build argument 'cmake_clean_cache' from command line to 'False'
[3.994s] Level 5:colcon.colcon_core.verb:set package 'sllidar_ros2' build argument 'cmake_clean_first' from command line to 'False'
[3.994s] Level 5:colcon.colcon_core.verb:set package 'sllidar_ros2' build argument 'cmake_force_configure' from command line to 'False'
[3.994s] Level 5:colcon.colcon_core.verb:set package 'sllidar_ros2' build argument 'ament_cmake_args' from command line to 'None'
[3.994s] Level 5:colcon.colcon_core.verb:set package 'sllidar_ros2' build argument 'catkin_cmake_args' from command line to 'None'
[3.994s] Level 5:colcon.colcon_core.verb:set package 'sllidar_ros2' build argument 'catkin_skip_building_tests' from command line to 'False'
[3.994s] DEBUG:colcon.colcon_core.verb:Building package 'sllidar_ros2' with the following arguments: {'ament_cmake_args': None, 'build_base': '/tmp/.X11-unix/ROS2_final_Thesis/build/sllidar_ros2', 'catkin_cmake_args': None, 'catkin_skip_building_tests': False, 'cmake_args': None, 'cmake_clean_cache': False, 'cmake_clean_first': False, 'cmake_force_configure': False, 'cmake_target': None, 'cmake_target_skip_unavailable': False, 'install_base': '/tmp/.X11-unix/ROS2_final_Thesis/install/sllidar_ros2', 'merge_install': False, 'path': '/tmp/.X11-unix/ROS2_final_Thesis/src/sllidar_ros2', 'symlink_install': True, 'test_result_base': None}
[4.012s] Level 5:colcon.colcon_core.verb:set package 'cv_basics' build argument 'cmake_args' from command line to 'None'
[4.013s] Level 5:colcon.colcon_core.verb:set package 'cv_basics' build argument 'cmake_target' from command line to 'None'
[4.013s] Level 5:colcon.colcon_core.verb:set package 'cv_basics' build argument 'cmake_target_skip_unavailable' from command line to 'False'
[4.013s] Level 5:colcon.colcon_core.verb:set package 'cv_basics' build argument 'cmake_clean_cache' from command line to 'False'
[4.013s] Level 5:colcon.colcon_core.verb:set package 'cv_basics' build argument 'cmake_clean_first' from command line to 'False'
[4.013s] Level 5:colcon.colcon_core.verb:set package 'cv_basics' build argument 'cmake_force_configure' from command line to 'False'
[4.013s] Level 5:colcon.colcon_core.verb:set package 'cv_basics' build argument 'ament_cmake_args' from command line to 'None'
[4.014s] Level 5:colcon.colcon_core.verb:set package 'cv_basics' build argument 'catkin_cmake_args' from command line to 'None'
[4.014s] Level 5:colcon.colcon_core.verb:set package 'cv_basics' build argument 'catkin_skip_building_tests' from command line to 'False'
[4.014s] DEBUG:colcon.colcon_core.verb:Building package 'cv_basics' with the following arguments: {'ament_cmake_args': None, 'build_base': '/tmp/.X11-unix/ROS2_final_Thesis/build/cv_basics', 'catkin_cmake_args': None, 'catkin_skip_building_tests': False, 'cmake_args': None, 'cmake_clean_cache': False, 'cmake_clean_first': False, 'cmake_force_configure': False, 'cmake_target': None, 'cmake_target_skip_unavailable': False, 'install_base': '/tmp/.X11-unix/ROS2_final_Thesis/install/cv_basics', 'merge_install': False, 'path': '/tmp/.X11-unix/ROS2_final_Thesis/src/cv_basics', 'symlink_install': True, 'test_result_base': None}
[4.032s] Level 5:colcon.colcon_core.verb:set package 'yolov5_ros' build argument 'cmake_args' from command line to 'None'
[4.032s] Level 5:colcon.colcon_core.verb:set package 'yolov5_ros' build argument 'cmake_target' from command line to 'None'
[4.032s] Level 5:colcon.colcon_core.verb:set package 'yolov5_ros' build argument 'cmake_target_skip_unavailable' from command line to 'False'
[4.032s] Level 5:colcon.colcon_core.verb:set package 'yolov5_ros' build argument 'cmake_clean_cache' from command line to 'False'
[4.032s] Level 5:colcon.colcon_core.verb:set package 'yolov5_ros' build argument 'cmake_clean_first' from command line to 'False'
[4.033s] Level 5:colcon.colcon_core.verb:set package 'yolov5_ros' build argument 'cmake_force_configure' from command line to 'False'
[4.033s] Level 5:colcon.colcon_core.verb:set package 'yolov5_ros' build argument 'ament_cmake_args' from command line to 'None'
[4.033s] Level 5:colcon.colcon_core.verb:set package 'yolov5_ros' build argument 'catkin_cmake_args' from command line to 'None'
[4.033s] Level 5:colcon.colcon_core.verb:set package 'yolov5_ros' build argument 'catkin_skip_building_tests' from command line to 'False'
[4.033s] DEBUG:colcon.colcon_core.verb:Building package 'yolov5_ros' with the following arguments: {'ament_cmake_args': None, 'build_base': '/tmp/.X11-unix/ROS2_final_Thesis/build/yolov5_ros', 'catkin_cmake_args': None, 'catkin_skip_building_tests': False, 'cmake_args': None, 'cmake_clean_cache': False, 'cmake_clean_first': False, 'cmake_force_configure': False, 'cmake_target': None, 'cmake_target_skip_unavailable': False, 'install_base': '/tmp/.X11-unix/ROS2_final_Thesis/install/yolov5_ros', 'merge_install': False, 'path': '/tmp/.X11-unix/ROS2_final_Thesis/src/YOLOv5-ROS/yolov5_ros', 'symlink_install': True, 'test_result_base': None}
[4.049s] INFO:colcon.colcon_core.executor:Executing jobs using 'parallel' executor
[4.162s] DEBUG:colcon.colcon_parallel_executor.executor.parallel:run_until_complete
[4.163s] INFO:colcon.colcon_ros.task.ament_cmake.build:Building ROS package in '/tmp/.X11-unix/ROS2_final_Thesis/src/bbox_ex_msgs' with build type 'ament_cmake'
[4.165s] INFO:colcon.colcon_cmake.task.cmake.build:Building CMake package in '/tmp/.X11-unix/ROS2_final_Thesis/src/bbox_ex_msgs'
[4.236s] INFO:colcon.colcon_core.plugin_system:Skipping extension 'colcon_core.shell.bat': Not used on non-Windows systems
[4.238s] INFO:colcon.colcon_core.shell:Skip shell extension 'powershell' for command environment: Not usable outside of PowerShell
[4.238s] DEBUG:colcon.colcon_core.shell:Skip shell extension 'dsv' for command environment
[4.365s] INFO:colcon.colcon_ros.task.ament_cmake.build:Building ROS package in '/tmp/.X11-unix/ROS2_final_Thesis/src/rplidar_ros2' with build type 'ament_cmake'
[4.367s] INFO:colcon.colcon_cmake.task.cmake.build:Building CMake package in '/tmp/.X11-unix/ROS2_final_Thesis/src/rplidar_ros2'
[4.412s] INFO:colcon.colcon_core.shell:Skip shell extension 'powershell' for command environment: Not usable outside of PowerShell
[4.412s] DEBUG:colcon.colcon_core.shell:Skip shell extension 'dsv' for command environment
[4.498s] INFO:colcon.colcon_ros.task.ament_cmake.build:Building ROS package in '/tmp/.X11-unix/ROS2_final_Thesis/src/sllidar_ros2' with build type 'ament_cmake'
[4.499s] INFO:colcon.colcon_cmake.task.cmake.build:Building CMake package in '/tmp/.X11-unix/ROS2_final_Thesis/src/sllidar_ros2'
[4.545s] INFO:colcon.colcon_core.shell:Skip shell extension 'powershell' for command environment: Not usable outside of PowerShell
[4.545s] DEBUG:colcon.colcon_core.shell:Skip shell extension 'dsv' for command environment
[4.657s] DEBUG:colcon.colcon_core.event_handler.log_command:Invoking command in '/tmp/.X11-unix/ROS2_final_Thesis/build/bboxes_ex_msgs': CMAKE_PREFIX_PATH=${CMAKE_PREFIX_PATH}:/tmp/.X11-unix/ROS2_final_Thesis/install/yolov5_ros:/tmp/.X11-unix/ROS2_final_Thesis/install/cv_basics /usr/bin/cmake --build /tmp/.X11-unix/ROS2_final_Thesis/build/bboxes_ex_msgs -- -j4 -l4
[4.728s] DEBUG:colcon.colcon_core.event_handler.log_command:Invoking command in '/tmp/.X11-unix/ROS2_final_Thesis/build/rplidar_ros': CMAKE_PREFIX_PATH=${CMAKE_PREFIX_PATH}:/tmp/.X11-unix/ROS2_final_Thesis/install/yolov5_ros:/tmp/.X11-unix/ROS2_final_Thesis/install/cv_basics /usr/bin/cmake --build /tmp/.X11-unix/ROS2_final_Thesis/build/rplidar_ros -- -j4 -l4
[4.792s] DEBUG:colcon.colcon_core.event_handler.log_command:Invoking command in '/tmp/.X11-unix/ROS2_final_Thesis/build/sllidar_ros2': CMAKE_PREFIX_PATH=${CMAKE_PREFIX_PATH}:/tmp/.X11-unix/ROS2_final_Thesis/install/yolov5_ros:/tmp/.X11-unix/ROS2_final_Thesis/install/cv_basics /usr/bin/cmake --build /tmp/.X11-unix/ROS2_final_Thesis/build/sllidar_ros2 -- -j4 -l4
[5.202s] DEBUG:colcon.colcon_core.event_handler.log_command:Invoked command in '/tmp/.X11-unix/ROS2_final_Thesis/build/sllidar_ros2' returned '0': CMAKE_PREFIX_PATH=${CMAKE_PREFIX_PATH}:/tmp/.X11-unix/ROS2_final_Thesis/install/yolov5_ros:/tmp/.X11-unix/ROS2_final_Thesis/install/cv_basics /usr/bin/cmake --build /tmp/.X11-unix/ROS2_final_Thesis/build/sllidar_ros2 -- -j4 -l4
[5.287s] DEBUG:colcon.colcon_core.event_handler.log_command:Invoked command in '/tmp/.X11-unix/ROS2_final_Thesis/build/rplidar_ros' returned '0': CMAKE_PREFIX_PATH=${CMAKE_PREFIX_PATH}:/tmp/.X11-unix/ROS2_final_Thesis/install/yolov5_ros:/tmp/.X11-unix/ROS2_final_Thesis/install/cv_basics /usr/bin/cmake --build /tmp/.X11-unix/ROS2_final_Thesis/build/rplidar_ros -- -j4 -l4
[5.405s] DEBUG:colcon.colcon_core.event_handler.log_command:Invoking command in '/tmp/.X11-unix/ROS2_final_Thesis/build/sllidar_ros2': CMAKE_PREFIX_PATH=${CMAKE_PREFIX_PATH}:/tmp/.X11-unix/ROS2_final_Thesis/install/yolov5_ros:/tmp/.X11-unix/ROS2_final_Thesis/install/cv_basics /usr/bin/cmake --install /tmp/.X11-unix/ROS2_final_Thesis/build/sllidar_ros2
[5.434s] DEBUG:colcon.colcon_core.event_handler.log_command:Invoking command in '/tmp/.X11-unix/ROS2_final_Thesis/build/rplidar_ros': CMAKE_PREFIX_PATH=${CMAKE_PREFIX_PATH}:/tmp/.X11-unix/ROS2_final_Thesis/install/yolov5_ros:/tmp/.X11-unix/ROS2_final_Thesis/install/cv_basics /usr/bin/cmake --install /tmp/.X11-unix/ROS2_final_Thesis/build/rplidar_ros
[5.532s] Level 1:colcon.colcon_core.environment:create_environment_scripts_only(sllidar_ros2)
[5.541s] DEBUG:colcon.colcon_core.event_handler.log_command:Invoked command in '/tmp/.X11-unix/ROS2_final_Thesis/build/sllidar_ros2' returned '0': CMAKE_PREFIX_PATH=${CMAKE_PREFIX_PATH}:/tmp/.X11-unix/ROS2_final_Thesis/install/yolov5_ros:/tmp/.X11-unix/ROS2_final_Thesis/install/cv_basics /usr/bin/cmake --install /tmp/.X11-unix/ROS2_final_Thesis/build/sllidar_ros2
[5.626s] Level 1:colcon.colcon_core.environment:checking '/tmp/.X11-unix/ROS2_final_Thesis/install/sllidar_ros2' for CMake module files
[5.630s] Level 1:colcon.colcon_core.environment:checking '/tmp/.X11-unix/ROS2_final_Thesis/install/sllidar_ros2' for CMake config files
[5.637s] Level 1:colcon.colcon_core.shell:create_environment_hook('sllidar_ros2', 'cmake_prefix_path')
[5.676s] INFO:colcon.colcon_core.shell:Creating environment hook '/tmp/.X11-unix/ROS2_final_Thesis/install/sllidar_ros2/share/sllidar_ros2/hook/cmake_prefix_path.ps1'
[5.681s] INFO:colcon.colcon_core.shell:Creating environment descriptor '/tmp/.X11-unix/ROS2_final_Thesis/install/sllidar_ros2/share/sllidar_ros2/hook/cmake_prefix_path.dsv'
[5.685s] INFO:colcon.colcon_core.shell:Creating environment hook '/tmp/.X11-unix/ROS2_final_Thesis/install/sllidar_ros2/share/sllidar_ros2/hook/cmake_prefix_path.sh'
[5.692s] Level 1:colcon.colcon_core.environment:checking '/tmp/.X11-unix/ROS2_final_Thesis/install/sllidar_ros2/lib'
[5.693s] Level 1:colcon.colcon_core.environment:checking '/tmp/.X11-unix/ROS2_final_Thesis/install/sllidar_ros2/bin'
[5.693s] Level 1:colcon.colcon_core.environment:checking '/tmp/.X11-unix/ROS2_final_Thesis/install/sllidar_ros2/lib/pkgconfig/sllidar_ros2.pc'
[5.694s] Level 1:colcon.colcon_core.environment:checking '/tmp/.X11-unix/ROS2_final_Thesis/install/sllidar_ros2/lib/python3.6/site-packages'
[5.695s] Level 1:colcon.colcon_core.environment:checking '/tmp/.X11-unix/ROS2_final_Thesis/install/sllidar_ros2/bin'
[5.736s] INFO:colcon.colcon_core.shell:Creating package script '/tmp/.X11-unix/ROS2_final_Thesis/install/sllidar_ros2/share/sllidar_ros2/package.ps1'
[5.742s] INFO:colcon.colcon_core.shell:Creating package descriptor '/tmp/.X11-unix/ROS2_final_Thesis/install/sllidar_ros2/share/sllidar_ros2/package.dsv'
[5.746s] INFO:colcon.colcon_core.shell:Creating package script '/tmp/.X11-unix/ROS2_final_Thesis/install/sllidar_ros2/share/sllidar_ros2/package.sh'
[5.752s] INFO:colcon.colcon_core.shell:Creating package script '/tmp/.X11-unix/ROS2_final_Thesis/install/sllidar_ros2/share/sllidar_ros2/package.bash'
[5.758s] INFO:colcon.colcon_core.shell:Creating package script '/tmp/.X11-unix/ROS2_final_Thesis/install/sllidar_ros2/share/sllidar_ros2/package.zsh'
[5.764s] Level 1:colcon.colcon_core.environment:create_file_with_runtime_dependencies(/tmp/.X11-unix/ROS2_final_Thesis/install/sllidar_ros2/share/colcon-core/packages/sllidar_ros2)
[5.781s] Level 1:colcon.colcon_core.environment:create_environment_scripts_only(rplidar_ros)
[5.799s] DEBUG:colcon.colcon_core.event_handler.log_command:Invoked command in '/tmp/.X11-unix/ROS2_final_Thesis/build/rplidar_ros' returned '0': CMAKE_PREFIX_PATH=${CMAKE_PREFIX_PATH}:/tmp/.X11-unix/ROS2_final_Thesis/install/yolov5_ros:/tmp/.X11-unix/ROS2_final_Thesis/install/cv_basics /usr/bin/cmake --install /tmp/.X11-unix/ROS2_final_Thesis/build/rplidar_ros
[5.848s] Level 1:colcon.colcon_core.environment:checking '/tmp/.X11-unix/ROS2_final_Thesis/install/rplidar_ros' for CMake module files
[5.852s] Level 1:colcon.colcon_core.environment:checking '/tmp/.X11-unix/ROS2_final_Thesis/install/rplidar_ros' for CMake config files
[5.860s] Level 1:colcon.colcon_core.shell:create_environment_hook('rplidar_ros', 'cmake_prefix_path')
[5.904s] INFO:colcon.colcon_core.shell:Creating environment hook '/tmp/.X11-unix/ROS2_final_Thesis/install/rplidar_ros/share/rplidar_ros/hook/cmake_prefix_path.ps1'
[5.906s] INFO:colcon.colcon_core.shell:Creating environment descriptor '/tmp/.X11-unix/ROS2_final_Thesis/install/rplidar_ros/share/rplidar_ros/hook/cmake_prefix_path.dsv'
[5.908s] INFO:colcon.colcon_core.shell:Creating environment hook '/tmp/.X11-unix/ROS2_final_Thesis/install/rplidar_ros/share/rplidar_ros/hook/cmake_prefix_path.sh'
[5.912s] Level 1:colcon.colcon_core.environment:checking '/tmp/.X11-unix/ROS2_final_Thesis/install/rplidar_ros/lib'
[5.913s] Level 1:colcon.colcon_core.shell:create_environment_hook('rplidar_ros', 'ld_library_path_lib')
[5.954s] INFO:colcon.colcon_core.shell:Creating environment hook '/tmp/.X11-unix/ROS2_final_Thesis/install/rplidar_ros/share/rplidar_ros/hook/ld_library_path_lib.ps1'
[5.956s] INFO:colcon.colcon_core.shell:Creating environment descriptor '/tmp/.X11-unix/ROS2_final_Thesis/install/rplidar_ros/share/rplidar_ros/hook/ld_library_path_lib.dsv'
[5.958s] INFO:colcon.colcon_core.shell:Creating environment hook '/tmp/.X11-unix/ROS2_final_Thesis/install/rplidar_ros/share/rplidar_ros/hook/ld_library_path_lib.sh'
[5.960s] Level 1:colcon.colcon_core.environment:checking '/tmp/.X11-unix/ROS2_final_Thesis/install/rplidar_ros/bin'
[5.960s] Level 1:colcon.colcon_core.environment:checking '/tmp/.X11-unix/ROS2_final_Thesis/install/rplidar_ros/lib/pkgconfig/rplidar_ros.pc'
[5.961s] Level 1:colcon.colcon_core.environment:checking '/tmp/.X11-unix/ROS2_final_Thesis/install/rplidar_ros/lib/python3.6/site-packages'
[5.962s] Level 1:colcon.colcon_core.environment:checking '/tmp/.X11-unix/ROS2_final_Thesis/install/rplidar_ros/bin'
[6.003s] INFO:colcon.colcon_core.shell:Creating package script '/tmp/.X11-unix/ROS2_final_Thesis/install/rplidar_ros/share/rplidar_ros/package.ps1'
[6.006s] INFO:colcon.colcon_core.shell:Creating package descriptor '/tmp/.X11-unix/ROS2_final_Thesis/install/rplidar_ros/share/rplidar_ros/package.dsv'
[6.008s] INFO:colcon.colcon_core.shell:Creating package script '/tmp/.X11-unix/ROS2_final_Thesis/install/rplidar_ros/share/rplidar_ros/package.sh'
[6.011s] INFO:colcon.colcon_core.shell:Creating package script '/tmp/.X11-unix/ROS2_final_Thesis/install/rplidar_ros/share/rplidar_ros/package.bash'
[6.012s] INFO:colcon.colcon_core.shell:Creating package script '/tmp/.X11-unix/ROS2_final_Thesis/install/rplidar_ros/share/rplidar_ros/package.zsh'
[6.014s] Level 1:colcon.colcon_core.environment:create_file_with_runtime_dependencies(/tmp/.X11-unix/ROS2_final_Thesis/install/rplidar_ros/share/colcon-core/packages/rplidar_ros)
[6.028s] DEBUG:colcon.colcon_core.event_handler.log_command:Invoked command in '/tmp/.X11-unix/ROS2_final_Thesis/build/bboxes_ex_msgs' returned '0': CMAKE_PREFIX_PATH=${CMAKE_PREFIX_PATH}:/tmp/.X11-unix/ROS2_final_Thesis/install/yolov5_ros:/tmp/.X11-unix/ROS2_final_Thesis/install/cv_basics /usr/bin/cmake --build /tmp/.X11-unix/ROS2_final_Thesis/build/bboxes_ex_msgs -- -j4 -l4
[6.090s] Level 1:colcon.colcon_core.environment:create_environment_scripts_only(sllidar_ros2)
[6.154s] Level 1:colcon.colcon_core.environment:checking '/tmp/.X11-unix/ROS2_final_Thesis/install/sllidar_ros2' for CMake module files
[6.158s] Level 1:colcon.colcon_core.environment:checking '/tmp/.X11-unix/ROS2_final_Thesis/install/sllidar_ros2' for CMake config files
[6.160s] Level 1:colcon.colcon_core.shell:create_environment_hook('sllidar_ros2', 'cmake_prefix_path')
[6.204s] INFO:colcon.colcon_core.shell:Creating environment hook '/tmp/.X11-unix/ROS2_final_Thesis/install/sllidar_ros2/share/sllidar_ros2/hook/cmake_prefix_path.ps1'
[6.206s] INFO:colcon.colcon_core.shell:Creating environment descriptor '/tmp/.X11-unix/ROS2_final_Thesis/install/sllidar_ros2/share/sllidar_ros2/hook/cmake_prefix_path.dsv'
[6.208s] INFO:colcon.colcon_core.shell:Creating environment hook '/tmp/.X11-unix/ROS2_final_Thesis/install/sllidar_ros2/share/sllidar_ros2/hook/cmake_prefix_path.sh'
[6.212s] Level 1:colcon.colcon_core.environment:checking '/tmp/.X11-unix/ROS2_final_Thesis/install/sllidar_ros2/lib'
[6.212s] Level 1:colcon.colcon_core.environment:checking '/tmp/.X11-unix/ROS2_final_Thesis/install/sllidar_ros2/bin'
[6.213s] Level 1:colcon.colcon_core.environment:checking '/tmp/.X11-unix/ROS2_final_Thesis/install/sllidar_ros2/lib/pkgconfig/sllidar_ros2.pc'
[6.214s] Level 1:colcon.colcon_core.environment:checking '/tmp/.X11-unix/ROS2_final_Thesis/install/sllidar_ros2/lib/python3.6/site-packages'
[6.215s] Level 1:colcon.colcon_core.environment:checking '/tmp/.X11-unix/ROS2_final_Thesis/install/sllidar_ros2/bin'
[6.258s] INFO:colcon.colcon_core.shell:Creating package script '/tmp/.X11-unix/ROS2_final_Thesis/install/sllidar_ros2/share/sllidar_ros2/package.ps1'
[6.261s] INFO:colcon.colcon_core.shell:Creating package descriptor '/tmp/.X11-unix/ROS2_final_Thesis/install/sllidar_ros2/share/sllidar_ros2/package.dsv'
[6.264s] INFO:colcon.colcon_core.shell:Creating package script '/tmp/.X11-unix/ROS2_final_Thesis/install/sllidar_ros2/share/sllidar_ros2/package.sh'
[6.267s] INFO:colcon.colcon_core.shell:Creating package script '/tmp/.X11-unix/ROS2_final_Thesis/install/sllidar_ros2/share/sllidar_ros2/package.bash'
[6.269s] INFO:colcon.colcon_core.shell:Creating package script '/tmp/.X11-unix/ROS2_final_Thesis/install/sllidar_ros2/share/sllidar_ros2/package.zsh'
[6.271s] Level 1:colcon.colcon_core.environment:create_file_with_runtime_dependencies(/tmp/.X11-unix/ROS2_final_Thesis/install/sllidar_ros2/share/colcon-core/packages/sllidar_ros2)
[6.318s] Level 1:colcon.colcon_core.environment:create_environment_scripts_only(rplidar_ros)
[6.376s] Level 1:colcon.colcon_core.environment:checking '/tmp/.X11-unix/ROS2_final_Thesis/install/rplidar_ros' for CMake module files
[6.380s] Level 1:colcon.colcon_core.environment:checking '/tmp/.X11-unix/ROS2_final_Thesis/install/rplidar_ros' for CMake config files
[6.384s] Level 1:colcon.colcon_core.shell:create_environment_hook('rplidar_ros', 'cmake_prefix_path')
[6.426s] INFO:colcon.colcon_core.shell:Creating environment hook '/tmp/.X11-unix/ROS2_final_Thesis/install/rplidar_ros/share/rplidar_ros/hook/cmake_prefix_path.ps1'
[6.428s] INFO:colcon.colcon_core.shell:Creating environment descriptor '/tmp/.X11-unix/ROS2_final_Thesis/install/rplidar_ros/share/rplidar_ros/hook/cmake_prefix_path.dsv'
[6.430s] INFO:colcon.colcon_core.shell:Creating environment hook '/tmp/.X11-unix/ROS2_final_Thesis/install/rplidar_ros/share/rplidar_ros/hook/cmake_prefix_path.sh'
[6.433s] Level 1:colcon.colcon_core.environment:checking '/tmp/.X11-unix/ROS2_final_Thesis/install/rplidar_ros/lib'
[6.434s] Level 1:colcon.colcon_core.shell:create_environment_hook('rplidar_ros', 'ld_library_path_lib')
[6.472s] INFO:colcon.colcon_core.shell:Creating environment hook '/tmp/.X11-unix/ROS2_final_Thesis/install/rplidar_ros/share/rplidar_ros/hook/ld_library_path_lib.ps1'
[6.475s] INFO:colcon.colcon_core.shell:Creating environment descriptor '/tmp/.X11-unix/ROS2_final_Thesis/install/rplidar_ros/share/rplidar_ros/hook/ld_library_path_lib.dsv'
[6.476s] INFO:colcon.colcon_core.shell:Creating environment hook '/tmp/.X11-unix/ROS2_final_Thesis/install/rplidar_ros/share/rplidar_ros/hook/ld_library_path_lib.sh'
[6.478s] Level 1:colcon.colcon_core.environment:checking '/tmp/.X11-unix/ROS2_final_Thesis/install/rplidar_ros/bin'
[6.478s] Level 1:colcon.colcon_core.environment:checking '/tmp/.X11-unix/ROS2_final_Thesis/install/rplidar_ros/lib/pkgconfig/rplidar_ros.pc'
[6.479s] Level 1:colcon.colcon_core.environment:checking '/tmp/.X11-unix/ROS2_final_Thesis/install/rplidar_ros/lib/python3.6/site-packages'
[6.480s] Level 1:colcon.colcon_core.environment:checking '/tmp/.X11-unix/ROS2_final_Thesis/install/rplidar_ros/bin'
[6.521s] INFO:colcon.colcon_core.shell:Creating package script '/tmp/.X11-unix/ROS2_final_Thesis/install/rplidar_ros/share/rplidar_ros/package.ps1'
[6.524s] INFO:colcon.colcon_core.shell:Creating package descriptor '/tmp/.X11-unix/ROS2_final_Thesis/install/rplidar_ros/share/rplidar_ros/package.dsv'
[6.527s] INFO:colcon.colcon_core.shell:Creating package script '/tmp/.X11-unix/ROS2_final_Thesis/install/rplidar_ros/share/rplidar_ros/package.sh'
[6.529s] INFO:colcon.colcon_core.shell:Creating package script '/tmp/.X11-unix/ROS2_final_Thesis/install/rplidar_ros/share/rplidar_ros/package.bash'
[6.531s] INFO:colcon.colcon_core.shell:Creating package script '/tmp/.X11-unix/ROS2_final_Thesis/install/rplidar_ros/share/rplidar_ros/package.zsh'
[6.533s] Level 1:colcon.colcon_core.environment:create_file_with_runtime_dependencies(/tmp/.X11-unix/ROS2_final_Thesis/install/rplidar_ros/share/colcon-core/packages/rplidar_ros)
[6.548s] DEBUG:colcon.colcon_core.event_handler.log_command:Invoking command in '/tmp/.X11-unix/ROS2_final_Thesis/build/bboxes_ex_msgs': CMAKE_PREFIX_PATH=${CMAKE_PREFIX_PATH}:/tmp/.X11-unix/ROS2_final_Thesis/install/yolov5_ros:/tmp/.X11-unix/ROS2_final_Thesis/install/cv_basics /usr/bin/cmake --install /tmp/.X11-unix/ROS2_final_Thesis/build/bboxes_ex_msgs
[6.887s] Level 1:colcon.colcon_core.environment:create_environment_scripts_only(bboxes_ex_msgs)
[6.889s] DEBUG:colcon.colcon_core.event_handler.log_command:Invoked command in '/tmp/.X11-unix/ROS2_final_Thesis/build/bboxes_ex_msgs' returned '0': CMAKE_PREFIX_PATH=${CMAKE_PREFIX_PATH}:/tmp/.X11-unix/ROS2_final_Thesis/install/yolov5_ros:/tmp/.X11-unix/ROS2_final_Thesis/install/cv_basics /usr/bin/cmake --install /tmp/.X11-unix/ROS2_final_Thesis/build/bboxes_ex_msgs
[6.947s] Level 1:colcon.colcon_core.environment:checking '/tmp/.X11-unix/ROS2_final_Thesis/install/bboxes_ex_msgs' for CMake module files
[6.951s] Level 1:colcon.colcon_core.environment:checking '/tmp/.X11-unix/ROS2_final_Thesis/install/bboxes_ex_msgs' for CMake config files
[6.957s] Level 1:colcon.colcon_core.shell:create_environment_hook('bboxes_ex_msgs', 'cmake_prefix_path')
[6.997s] INFO:colcon.colcon_core.shell:Creating environment hook '/tmp/.X11-unix/ROS2_final_Thesis/install/bboxes_ex_msgs/share/bboxes_ex_msgs/hook/cmake_prefix_path.ps1'
[7.000s] INFO:colcon.colcon_core.shell:Creating environment descriptor '/tmp/.X11-unix/ROS2_final_Thesis/install/bboxes_ex_msgs/share/bboxes_ex_msgs/hook/cmake_prefix_path.dsv'
[7.001s] INFO:colcon.colcon_core.shell:Creating environment hook '/tmp/.X11-unix/ROS2_final_Thesis/install/bboxes_ex_msgs/share/bboxes_ex_msgs/hook/cmake_prefix_path.sh'
[7.005s] Level 1:colcon.colcon_core.environment:checking '/tmp/.X11-unix/ROS2_final_Thesis/install/bboxes_ex_msgs/lib'
[7.006s] Level 1:colcon.colcon_core.shell:create_environment_hook('bboxes_ex_msgs', 'ld_library_path_lib')
[7.046s] INFO:colcon.colcon_core.shell:Creating environment hook '/tmp/.X11-unix/ROS2_final_Thesis/install/bboxes_ex_msgs/share/bboxes_ex_msgs/hook/ld_library_path_lib.ps1'
[7.048s] INFO:colcon.colcon_core.shell:Creating environment descriptor '/tmp/.X11-unix/ROS2_final_Thesis/install/bboxes_ex_msgs/share/bboxes_ex_msgs/hook/ld_library_path_lib.dsv'
[7.049s] INFO:colcon.colcon_core.shell:Creating environment hook '/tmp/.X11-unix/ROS2_final_Thesis/install/bboxes_ex_msgs/share/bboxes_ex_msgs/hook/ld_library_path_lib.sh'
[7.051s] Level 1:colcon.colcon_core.environment:checking '/tmp/.X11-unix/ROS2_final_Thesis/install/bboxes_ex_msgs/bin'
[7.052s] Level 1:colcon.colcon_core.environment:checking '/tmp/.X11-unix/ROS2_final_Thesis/install/bboxes_ex_msgs/lib/pkgconfig/bboxes_ex_msgs.pc'
[7.053s] Level 1:colcon.colcon_core.environment:checking '/tmp/.X11-unix/ROS2_final_Thesis/install/bboxes_ex_msgs/lib/python3.6/site-packages'
[7.053s] Level 1:colcon.colcon_core.shell:create_environment_hook('bboxes_ex_msgs', 'pythonpath')
[7.095s] INFO:colcon.colcon_core.shell:Creating environment hook '/tmp/.X11-unix/ROS2_final_Thesis/install/bboxes_ex_msgs/share/bboxes_ex_msgs/hook/pythonpath.ps1'
[7.098s] INFO:colcon.colcon_core.shell:Creating environment descriptor '/tmp/.X11-unix/ROS2_final_Thesis/install/bboxes_ex_msgs/share/bboxes_ex_msgs/hook/pythonpath.dsv'
[7.100s] INFO:colcon.colcon_core.shell:Creating environment hook '/tmp/.X11-unix/ROS2_final_Thesis/install/bboxes_ex_msgs/share/bboxes_ex_msgs/hook/pythonpath.sh'
[7.102s] Level 1:colcon.colcon_core.environment:checking '/tmp/.X11-unix/ROS2_final_Thesis/install/bboxes_ex_msgs/bin'
[7.143s] INFO:colcon.colcon_core.shell:Creating package script '/tmp/.X11-unix/ROS2_final_Thesis/install/bboxes_ex_msgs/share/bboxes_ex_msgs/package.ps1'
[7.146s] INFO:colcon.colcon_core.shell:Creating package descriptor '/tmp/.X11-unix/ROS2_final_Thesis/install/bboxes_ex_msgs/share/bboxes_ex_msgs/package.dsv'
[7.149s] INFO:colcon.colcon_core.shell:Creating package script '/tmp/.X11-unix/ROS2_final_Thesis/install/bboxes_ex_msgs/share/bboxes_ex_msgs/package.sh'
[7.151s] INFO:colcon.colcon_core.shell:Creating package script '/tmp/.X11-unix/ROS2_final_Thesis/install/bboxes_ex_msgs/share/bboxes_ex_msgs/package.bash'
[7.153s] INFO:colcon.colcon_core.shell:Creating package script '/tmp/.X11-unix/ROS2_final_Thesis/install/bboxes_ex_msgs/share/bboxes_ex_msgs/package.zsh'
[7.154s] Level 1:colcon.colcon_core.environment:create_file_with_runtime_dependencies(/tmp/.X11-unix/ROS2_final_Thesis/install/bboxes_ex_msgs/share/colcon-core/packages/bboxes_ex_msgs)
[7.427s] Level 1:colcon.colcon_core.environment:create_environment_scripts_only(bboxes_ex_msgs)
[7.483s] Level 1:colcon.colcon_core.environment:checking '/tmp/.X11-unix/ROS2_final_Thesis/install/bboxes_ex_msgs' for CMake module files
[7.487s] Level 1:colcon.colcon_core.environment:checking '/tmp/.X11-unix/ROS2_final_Thesis/install/bboxes_ex_msgs' for CMake config files
[7.491s] Level 1:colcon.colcon_core.shell:create_environment_hook('bboxes_ex_msgs', 'cmake_prefix_path')
[7.532s] INFO:colcon.colcon_core.shell:Creating environment hook '/tmp/.X11-unix/ROS2_final_Thesis/install/bboxes_ex_msgs/share/bboxes_ex_msgs/hook/cmake_prefix_path.ps1'
[7.534s] INFO:colcon.colcon_core.shell:Creating environment descriptor '/tmp/.X11-unix/ROS2_final_Thesis/install/bboxes_ex_msgs/share/bboxes_ex_msgs/hook/cmake_prefix_path.dsv'
[7.536s] INFO:colcon.colcon_core.shell:Creating environment hook '/tmp/.X11-unix/ROS2_final_Thesis/install/bboxes_ex_msgs/share/bboxes_ex_msgs/hook/cmake_prefix_path.sh'
[7.540s] Level 1:colcon.colcon_core.environment:checking '/tmp/.X11-unix/ROS2_final_Thesis/install/bboxes_ex_msgs/lib'
[7.541s] Level 1:colcon.colcon_core.shell:create_environment_hook('bboxes_ex_msgs', 'ld_library_path_lib')
[7.580s] INFO:colcon.colcon_core.shell:Creating environment hook '/tmp/.X11-unix/ROS2_final_Thesis/install/bboxes_ex_msgs/share/bboxes_ex_msgs/hook/ld_library_path_lib.ps1'
[7.582s] INFO:colcon.colcon_core.shell:Creating environment descriptor '/tmp/.X11-unix/ROS2_final_Thesis/install/bboxes_ex_msgs/share/bboxes_ex_msgs/hook/ld_library_path_lib.dsv'
[7.584s] INFO:colcon.colcon_core.shell:Creating environment hook '/tmp/.X11-unix/ROS2_final_Thesis/install/bboxes_ex_msgs/share/bboxes_ex_msgs/hook/ld_library_path_lib.sh'
[7.585s] Level 1:colcon.colcon_core.environment:checking '/tmp/.X11-unix/ROS2_final_Thesis/install/bboxes_ex_msgs/bin'
[7.586s] Level 1:colcon.colcon_core.environment:checking '/tmp/.X11-unix/ROS2_final_Thesis/install/bboxes_ex_msgs/lib/pkgconfig/bboxes_ex_msgs.pc'
[7.586s] Level 1:colcon.colcon_core.environment:checking '/tmp/.X11-unix/ROS2_final_Thesis/install/bboxes_ex_msgs/lib/python3.6/site-packages'
[7.587s] Level 1:colcon.colcon_core.shell:create_environment_hook('bboxes_ex_msgs', 'pythonpath')
[7.634s] INFO:colcon.colcon_core.shell:Creating environment hook '/tmp/.X11-unix/ROS2_final_Thesis/install/bboxes_ex_msgs/share/bboxes_ex_msgs/hook/pythonpath.ps1'
[7.636s] INFO:colcon.colcon_core.shell:Creating environment descriptor '/tmp/.X11-unix/ROS2_final_Thesis/install/bboxes_ex_msgs/share/bboxes_ex_msgs/hook/pythonpath.dsv'
[7.638s] INFO:colcon.colcon_core.shell:Creating environment hook '/tmp/.X11-unix/ROS2_final_Thesis/install/bboxes_ex_msgs/share/bboxes_ex_msgs/hook/pythonpath.sh'
[7.640s] Level 1:colcon.colcon_core.environment:checking '/tmp/.X11-unix/ROS2_final_Thesis/install/bboxes_ex_msgs/bin'
[7.680s] INFO:colcon.colcon_core.shell:Creating package script '/tmp/.X11-unix/ROS2_final_Thesis/install/bboxes_ex_msgs/share/bboxes_ex_msgs/package.ps1'
[7.683s] INFO:colcon.colcon_core.shell:Creating package descriptor '/tmp/.X11-unix/ROS2_final_Thesis/install/bboxes_ex_msgs/share/bboxes_ex_msgs/package.dsv'
[7.686s] INFO:colcon.colcon_core.shell:Creating package script '/tmp/.X11-unix/ROS2_final_Thesis/install/bboxes_ex_msgs/share/bboxes_ex_msgs/package.sh'
[7.689s] INFO:colcon.colcon_core.shell:Creating package script '/tmp/.X11-unix/ROS2_final_Thesis/install/bboxes_ex_msgs/share/bboxes_ex_msgs/package.bash'
[7.694s] INFO:colcon.colcon_core.shell:Creating package script '/tmp/.X11-unix/ROS2_final_Thesis/install/bboxes_ex_msgs/share/bboxes_ex_msgs/package.zsh'
[7.696s] Level 1:colcon.colcon_core.environment:create_file_with_runtime_dependencies(/tmp/.X11-unix/ROS2_final_Thesis/install/bboxes_ex_msgs/share/colcon-core/packages/bboxes_ex_msgs)
[7.697s] INFO:colcon.colcon_ros.task.ament_python.build:Building ROS package in '/tmp/.X11-unix/ROS2_final_Thesis/src/cv_basics' with build type 'ament_python'
[7.699s] Level 1:colcon.colcon_core.shell:create_environment_hook('cv_basics', 'ament_prefix_path')
[7.740s] INFO:colcon.colcon_core.shell:Creating environment hook '/tmp/.X11-unix/ROS2_final_Thesis/install/cv_basics/share/cv_basics/hook/ament_prefix_path.ps1'
[7.745s] INFO:colcon.colcon_core.shell:Creating environment descriptor '/tmp/.X11-unix/ROS2_final_Thesis/install/cv_basics/share/cv_basics/hook/ament_prefix_path.dsv'
[7.747s] INFO:colcon.colcon_core.shell:Creating environment hook '/tmp/.X11-unix/ROS2_final_Thesis/install/cv_basics/share/cv_basics/hook/ament_prefix_path.sh'
[7.792s] INFO:colcon.colcon_core.shell:Skip shell extension 'powershell' for command environment: Not usable outside of PowerShell
[7.792s] DEBUG:colcon.colcon_core.shell:Skip shell extension 'dsv' for command environment
[7.882s] INFO:colcon.colcon_ros.task.ament_python.build:Building ROS package in '/tmp/.X11-unix/ROS2_final_Thesis/src/YOLOv5-ROS/yolov5_ros' with build type 'ament_python'
[7.883s] Level 1:colcon.colcon_core.shell:create_environment_hook('yolov5_ros', 'ament_prefix_path')
[7.927s] INFO:colcon.colcon_core.shell:Creating environment hook '/tmp/.X11-unix/ROS2_final_Thesis/install/yolov5_ros/share/yolov5_ros/hook/ament_prefix_path.ps1'
[7.931s] INFO:colcon.colcon_core.shell:Creating environment descriptor '/tmp/.X11-unix/ROS2_final_Thesis/install/yolov5_ros/share/yolov5_ros/hook/ament_prefix_path.dsv'
[7.933s] INFO:colcon.colcon_core.shell:Creating environment hook '/tmp/.X11-unix/ROS2_final_Thesis/install/yolov5_ros/share/yolov5_ros/hook/ament_prefix_path.sh'
[7.977s] INFO:colcon.colcon_core.shell:Skip shell extension 'powershell' for command environment: Not usable outside of PowerShell
[7.977s] DEBUG:colcon.colcon_core.shell:Skip shell extension 'dsv' for command environment
[9.613s] INFO:colcon.colcon_core.task.python.build:Building Python package in '/tmp/.X11-unix/ROS2_final_Thesis/src/cv_basics'
[9.655s] INFO:colcon.colcon_core.shell:Skip shell extension 'powershell' for command environment: Not usable outside of PowerShell
[9.655s] DEBUG:colcon.colcon_core.shell:Skip shell extension 'dsv' for command environment
[11.350s] INFO:colcon.colcon_core.task.python.build:Building Python package in '/tmp/.X11-unix/ROS2_final_Thesis/src/YOLOv5-ROS/yolov5_ros'
[11.391s] INFO:colcon.colcon_core.shell:Skip shell extension 'powershell' for command environment: Not usable outside of PowerShell
[11.392s] DEBUG:colcon.colcon_core.shell:Skip shell extension 'dsv' for command environment
[13.981s] DEBUG:colcon.colcon_core.event_handler.log_command:Invoking command in '/tmp/.X11-unix/ROS2_final_Thesis/build/cv_basics': CMAKE_PREFIX_PATH=/tmp/.X11-unix/ROS2_final_Thesis/install/bboxes_ex_msgs:/tmp/.X11-unix/ROS2_final_Thesis/install/sllidar_ros2:/tmp/.X11-unix/ROS2_final_Thesis/install/rplidar_ros:/opt/ros/foxy/install LD_LIBRARY_PATH=/tmp/.X11-unix/ROS2_final_Thesis/install/bboxes_ex_msgs/lib:/tmp/.X11-unix/ROS2_final_Thesis/install/rplidar_ros/lib:/opt/ros/foxy/install/opt/yaml_cpp_vendor/lib:/opt/ros/foxy/install/lib:/usr/local/cuda/lib64:/usr/local/cuda-10.2/targets/aarch64-linux/lib PYTHONPATH=/tmp/.X11-unix/ROS2_final_Thesis/build/cv_basics/prefix_override:/tmp/.X11-unix/ROS2_final_Thesis/install/cv_basics/lib/python3.6/site-packages:/tmp/.X11-unix/ROS2_final_Thesis/install/bboxes_ex_msgs/lib/python3.6/site-packages:/tmp/.X11-unix/ROS2_final_Thesis/build/yolov5_ros:/tmp/.X11-unix/ROS2_final_Thesis/install/yolov5_ros/lib/python3.6/site-packages:/tmp/.X11-unix/ROS2_final_Thesis/build/cv_basics:/tmp/.X11-unix/ROS2_final_Thesis/install/cv_basics/lib/python3.6/site-packages:/opt/ros/foxy/install/lib/python3.6/site-packages /usr/bin/python3 setup.py develop --editable --build-directory /tmp/.X11-unix/ROS2_final_Thesis/build/cv_basics/build --no-deps install_data
[14.002s] DEBUG:colcon.colcon_core.event_handler.log_command:Invoking command in '/tmp/.X11-unix/ROS2_final_Thesis/build/yolov5_ros': CMAKE_PREFIX_PATH=/tmp/.X11-unix/ROS2_final_Thesis/install/bboxes_ex_msgs:/tmp/.X11-unix/ROS2_final_Thesis/install/sllidar_ros2:/tmp/.X11-unix/ROS2_final_Thesis/install/rplidar_ros:/opt/ros/foxy/install LD_LIBRARY_PATH=/tmp/.X11-unix/ROS2_final_Thesis/install/bboxes_ex_msgs/lib:/tmp/.X11-unix/ROS2_final_Thesis/install/rplidar_ros/lib:/opt/ros/foxy/install/opt/yaml_cpp_vendor/lib:/opt/ros/foxy/install/lib:/usr/local/cuda/lib64:/usr/local/cuda-10.2/targets/aarch64-linux/lib PYTHONPATH=/tmp/.X11-unix/ROS2_final_Thesis/build/yolov5_ros/prefix_override:/tmp/.X11-unix/ROS2_final_Thesis/install/yolov5_ros/lib/python3.6/site-packages:/tmp/.X11-unix/ROS2_final_Thesis/install/bboxes_ex_msgs/lib/python3.6/site-packages:/tmp/.X11-unix/ROS2_final_Thesis/build/yolov5_ros:/tmp/.X11-unix/ROS2_final_Thesis/install/yolov5_ros/lib/python3.6/site-packages:/tmp/.X11-unix/ROS2_final_Thesis/build/cv_basics:/tmp/.X11-unix/ROS2_final_Thesis/install/cv_basics/lib/python3.6/site-packages:/opt/ros/foxy/install/lib/python3.6/site-packages /usr/bin/python3 setup.py develop --editable --build-directory /tmp/.X11-unix/ROS2_final_Thesis/build/yolov5_ros/build --no-deps install_data
[16.711s] Level 1:colcon.colcon_core.shell:create_environment_hook('cv_basics', 'pythonpath_develop')
[16.728s] DEBUG:colcon.colcon_core.event_handler.log_command:Invoked command in '/tmp/.X11-unix/ROS2_final_Thesis/build/cv_basics' returned '0': CMAKE_PREFIX_PATH=/tmp/.X11-unix/ROS2_final_Thesis/install/bboxes_ex_msgs:/tmp/.X11-unix/ROS2_final_Thesis/install/sllidar_ros2:/tmp/.X11-unix/ROS2_final_Thesis/install/rplidar_ros:/opt/ros/foxy/install LD_LIBRARY_PATH=/tmp/.X11-unix/ROS2_final_Thesis/install/bboxes_ex_msgs/lib:/tmp/.X11-unix/ROS2_final_Thesis/install/rplidar_ros/lib:/opt/ros/foxy/install/opt/yaml_cpp_vendor/lib:/opt/ros/foxy/install/lib:/usr/local/cuda/lib64:/usr/local/cuda-10.2/targets/aarch64-linux/lib PYTHONPATH=/tmp/.X11-unix/ROS2_final_Thesis/build/cv_basics/prefix_override:/tmp/.X11-unix/ROS2_final_Thesis/install/cv_basics/lib/python3.6/site-packages:/tmp/.X11-unix/ROS2_final_Thesis/install/bboxes_ex_msgs/lib/python3.6/site-packages:/tmp/.X11-unix/ROS2_final_Thesis/build/yolov5_ros:/tmp/.X11-unix/ROS2_final_Thesis/install/yolov5_ros/lib/python3.6/site-packages:/tmp/.X11-unix/ROS2_final_Thesis/build/cv_basics:/tmp/.X11-unix/ROS2_final_Thesis/install/cv_basics/lib/python3.6/site-packages:/opt/ros/foxy/install/lib/python3.6/site-packages /usr/bin/python3 setup.py develop --editable --build-directory /tmp/.X11-unix/ROS2_final_Thesis/build/cv_basics/build --no-deps install_data
[16.752s] INFO:colcon.colcon_core.shell:Creating environment hook '/tmp/.X11-unix/ROS2_final_Thesis/build/cv_basics/share/cv_basics/hook/pythonpath_develop.ps1'
[16.757s] INFO:colcon.colcon_core.shell:Creating environment descriptor '/tmp/.X11-unix/ROS2_final_Thesis/build/cv_basics/share/cv_basics/hook/pythonpath_develop.dsv'
[16.760s] INFO:colcon.colcon_core.shell:Creating environment hook '/tmp/.X11-unix/ROS2_final_Thesis/build/cv_basics/share/cv_basics/hook/pythonpath_develop.sh'
[16.817s] Level 1:colcon.colcon_core.environment:checking '/tmp/.X11-unix/ROS2_final_Thesis/install/cv_basics' for CMake module files
[16.820s] Level 1:colcon.colcon_core.environment:checking '/tmp/.X11-unix/ROS2_final_Thesis/install/cv_basics' for CMake config files
[16.824s] Level 1:colcon.colcon_core.environment:checking '/tmp/.X11-unix/ROS2_final_Thesis/install/cv_basics/lib'
[16.824s] Level 1:colcon.colcon_core.environment:checking '/tmp/.X11-unix/ROS2_final_Thesis/install/cv_basics/bin'
[16.825s] Level 1:colcon.colcon_core.environment:checking '/tmp/.X11-unix/ROS2_final_Thesis/install/cv_basics/lib/pkgconfig/cv_basics.pc'
[16.826s] Level 1:colcon.colcon_core.environment:checking '/tmp/.X11-unix/ROS2_final_Thesis/install/cv_basics/lib/python3.6/site-packages'
[16.826s] Level 1:colcon.colcon_core.shell:create_environment_hook('cv_basics', 'pythonpath')
[16.864s] INFO:colcon.colcon_core.shell:Creating environment hook '/tmp/.X11-unix/ROS2_final_Thesis/install/cv_basics/share/cv_basics/hook/pythonpath.ps1'
[16.870s] INFO:colcon.colcon_core.shell:Creating environment descriptor '/tmp/.X11-unix/ROS2_final_Thesis/install/cv_basics/share/cv_basics/hook/pythonpath.dsv'
[16.872s] INFO:colcon.colcon_core.shell:Creating environment hook '/tmp/.X11-unix/ROS2_final_Thesis/install/cv_basics/share/cv_basics/hook/pythonpath.sh'
[16.874s] Level 1:colcon.colcon_core.environment:checking '/tmp/.X11-unix/ROS2_final_Thesis/install/cv_basics/bin'
[16.875s] Level 1:colcon.colcon_core.environment:create_environment_scripts_only(cv_basics)
[16.916s] INFO:colcon.colcon_core.shell:Creating package script '/tmp/.X11-unix/ROS2_final_Thesis/install/cv_basics/share/cv_basics/package.ps1'
[16.919s] INFO:colcon.colcon_core.shell:Creating package descriptor '/tmp/.X11-unix/ROS2_final_Thesis/install/cv_basics/share/cv_basics/package.dsv'
[16.922s] INFO:colcon.colcon_core.shell:Creating package script '/tmp/.X11-unix/ROS2_final_Thesis/install/cv_basics/share/cv_basics/package.sh'
[16.924s] INFO:colcon.colcon_core.shell:Creating package script '/tmp/.X11-unix/ROS2_final_Thesis/install/cv_basics/share/cv_basics/package.bash'
[16.926s] INFO:colcon.colcon_core.shell:Creating package script '/tmp/.X11-unix/ROS2_final_Thesis/install/cv_basics/share/cv_basics/package.zsh'
[16.927s] Level 1:colcon.colcon_core.environment:create_file_with_runtime_dependencies(/tmp/.X11-unix/ROS2_final_Thesis/install/cv_basics/share/colcon-core/packages/cv_basics)
[16.929s] Level 1:colcon.colcon_core.shell:create_environment_hook('yolov5_ros', 'pythonpath_develop')
[16.976s] INFO:colcon.colcon_core.shell:Creating environment hook '/tmp/.X11-unix/ROS2_final_Thesis/build/yolov5_ros/share/yolov5_ros/hook/pythonpath_develop.ps1'
[16.980s] DEBUG:colcon.colcon_core.event_handler.log_command:Invoked command in '/tmp/.X11-unix/ROS2_final_Thesis/build/yolov5_ros' returned '0': CMAKE_PREFIX_PATH=/tmp/.X11-unix/ROS2_final_Thesis/install/bboxes_ex_msgs:/tmp/.X11-unix/ROS2_final_Thesis/install/sllidar_ros2:/tmp/.X11-unix/ROS2_final_Thesis/install/rplidar_ros:/opt/ros/foxy/install LD_LIBRARY_PATH=/tmp/.X11-unix/ROS2_final_Thesis/install/bboxes_ex_msgs/lib:/tmp/.X11-unix/ROS2_final_Thesis/install/rplidar_ros/lib:/opt/ros/foxy/install/opt/yaml_cpp_vendor/lib:/opt/ros/foxy/install/lib:/usr/local/cuda/lib64:/usr/local/cuda-10.2/targets/aarch64-linux/lib PYTHONPATH=/tmp/.X11-unix/ROS2_final_Thesis/build/yolov5_ros/prefix_override:/tmp/.X11-unix/ROS2_final_Thesis/install/yolov5_ros/lib/python3.6/site-packages:/tmp/.X11-unix/ROS2_final_Thesis/install/bboxes_ex_msgs/lib/python3.6/site-packages:/tmp/.X11-unix/ROS2_final_Thesis/build/yolov5_ros:/tmp/.X11-unix/ROS2_final_Thesis/install/yolov5_ros/lib/python3.6/site-packages:/tmp/.X11-unix/ROS2_final_Thesis/build/cv_basics:/tmp/.X11-unix/ROS2_final_Thesis/install/cv_basics/lib/python3.6/site-packages:/opt/ros/foxy/install/lib/python3.6/site-packages /usr/bin/python3 setup.py develop --editable --build-directory /tmp/.X11-unix/ROS2_final_Thesis/build/yolov5_ros/build --no-deps install_data
[16.983s] INFO:colcon.colcon_core.shell:Creating environment descriptor '/tmp/.X11-unix/ROS2_final_Thesis/build/yolov5_ros/share/yolov5_ros/hook/pythonpath_develop.dsv'
[16.985s] INFO:colcon.colcon_core.shell:Creating environment hook '/tmp/.X11-unix/ROS2_final_Thesis/build/yolov5_ros/share/yolov5_ros/hook/pythonpath_develop.sh'
[17.047s] Level 1:colcon.colcon_core.environment:checking '/tmp/.X11-unix/ROS2_final_Thesis/install/yolov5_ros' for CMake module files
[17.050s] Level 1:colcon.colcon_core.environment:checking '/tmp/.X11-unix/ROS2_final_Thesis/install/yolov5_ros' for CMake config files
[17.055s] Level 1:colcon.colcon_core.environment:checking '/tmp/.X11-unix/ROS2_final_Thesis/install/yolov5_ros/lib'
[17.055s] Level 1:colcon.colcon_core.environment:checking '/tmp/.X11-unix/ROS2_final_Thesis/install/yolov5_ros/bin'
[17.056s] Level 1:colcon.colcon_core.environment:checking '/tmp/.X11-unix/ROS2_final_Thesis/install/yolov5_ros/lib/pkgconfig/yolov5_ros.pc'
[17.057s] Level 1:colcon.colcon_core.environment:checking '/tmp/.X11-unix/ROS2_final_Thesis/install/yolov5_ros/lib/python3.6/site-packages'
[17.057s] Level 1:colcon.colcon_core.shell:create_environment_hook('yolov5_ros', 'pythonpath')
[17.095s] INFO:colcon.colcon_core.shell:Creating environment hook '/tmp/.X11-unix/ROS2_final_Thesis/install/yolov5_ros/share/yolov5_ros/hook/pythonpath.ps1'
[17.097s] INFO:colcon.colcon_core.shell:Creating environment descriptor '/tmp/.X11-unix/ROS2_final_Thesis/install/yolov5_ros/share/yolov5_ros/hook/pythonpath.dsv'
[17.099s] INFO:colcon.colcon_core.shell:Creating environment hook '/tmp/.X11-unix/ROS2_final_Thesis/install/yolov5_ros/share/yolov5_ros/hook/pythonpath.sh'
[17.101s] Level 1:colcon.colcon_core.environment:checking '/tmp/.X11-unix/ROS2_final_Thesis/install/yolov5_ros/bin'
[17.102s] Level 1:colcon.colcon_core.environment:create_environment_scripts_only(yolov5_ros)
[17.142s] INFO:colcon.colcon_core.shell:Creating package script '/tmp/.X11-unix/ROS2_final_Thesis/install/yolov5_ros/share/yolov5_ros/package.ps1'
[17.145s] INFO:colcon.colcon_core.shell:Creating package descriptor '/tmp/.X11-unix/ROS2_final_Thesis/install/yolov5_ros/share/yolov5_ros/package.dsv'
[17.147s] INFO:colcon.colcon_core.shell:Creating package script '/tmp/.X11-unix/ROS2_final_Thesis/install/yolov5_ros/share/yolov5_ros/package.sh'
[17.149s] INFO:colcon.colcon_core.shell:Creating package script '/tmp/.X11-unix/ROS2_final_Thesis/install/yolov5_ros/share/yolov5_ros/package.bash'
[17.151s] INFO:colcon.colcon_core.shell:Creating package script '/tmp/.X11-unix/ROS2_final_Thesis/install/yolov5_ros/share/yolov5_ros/package.zsh'
[17.152s] Level 1:colcon.colcon_core.environment:create_file_with_runtime_dependencies(/tmp/.X11-unix/ROS2_final_Thesis/install/yolov5_ros/share/colcon-core/packages/yolov5_ros)
[17.153s] DEBUG:colcon.colcon_parallel_executor.executor.parallel:closing loop
[17.158s] DEBUG:colcon.colcon_parallel_executor.executor.parallel:loop closed
[17.158s] DEBUG:colcon.colcon_parallel_executor.executor.parallel:run_until_complete finished with '0'
[17.159s] DEBUG:colcon.colcon_core.event_reactor:joining thread
[17.240s] INFO:colcon.colcon_core.plugin_system:Skipping extension 'colcon_notification.desktop_notification.notify_send': Could not find 'notify-send'
[17.240s] INFO:colcon.colcon_core.plugin_system:Skipping extension 'colcon_notification.desktop_notification.terminal_notifier': Not used on non-Darwin systems
[17.241s] INFO:colcon.colcon_core.plugin_system:Skipping extension 'colcon_notification.desktop_notification.win32': Not used on non-Windows systems
[17.241s] INFO:colcon.colcon_notification.desktop_notification:Sending desktop notification using 'notify2'
[17.242s] DEBUG:colcon.colcon_notification.desktop_notification.notify2:Failed to initialize notify2: org.freedesktop.DBus.Error.InvalidFileContent: D-Bus library appears to be incorrectly set up: see the manual page for dbus-uuidgen to correct this issue. (Failed to open "/var/lib/dbus/machine-id": No such file or directory; UUID file '/etc/machine-id' should contain a hex string of length 32, not length 0, with no other text)
[17.242s] DEBUG:colcon.colcon_core.event_reactor:joined thread
[17.280s] INFO:colcon.colcon_core.shell:Creating prefix script '/tmp/.X11-unix/ROS2_final_Thesis/install/local_setup.ps1'
[17.288s] INFO:colcon.colcon_core.shell:Creating prefix util module '/tmp/.X11-unix/ROS2_final_Thesis/install/_local_setup_util_ps1.py'
[17.299s] INFO:colcon.colcon_core.shell:Creating prefix chain script '/tmp/.X11-unix/ROS2_final_Thesis/install/setup.ps1'
[17.315s] INFO:colcon.colcon_core.shell:Creating prefix script '/tmp/.X11-unix/ROS2_final_Thesis/install/local_setup.sh'
[17.319s] INFO:colcon.colcon_core.shell:Creating prefix util module '/tmp/.X11-unix/ROS2_final_Thesis/install/_local_setup_util_sh.py'
[17.321s] INFO:colcon.colcon_core.shell:Creating prefix chain script '/tmp/.X11-unix/ROS2_final_Thesis/install/setup.sh'
[17.337s] INFO:colcon.colcon_core.shell:Creating prefix script '/tmp/.X11-unix/ROS2_final_Thesis/install/local_setup.bash'
[17.341s] INFO:colcon.colcon_core.shell:Creating prefix chain script '/tmp/.X11-unix/ROS2_final_Thesis/install/setup.bash'
[17.359s] INFO:colcon.colcon_core.shell:Creating prefix script '/tmp/.X11-unix/ROS2_final_Thesis/install/local_setup.zsh'
[17.364s] INFO:colcon.colcon_core.shell:Creating prefix chain script '/tmp/.X11-unix/ROS2_final_Thesis/install/setup.zsh'
