[0.464s] Invoking command in '/tmp/.X11-unix/ROS2_final_Thesis/build/bboxes_ex_msgs': CMAKE_PREFIX_PATH=${CMAKE_PREFIX_PATH}:/tmp/.X11-unix/ROS2_final_Thesis/install/yolov5_ros:/tmp/.X11-unix/ROS2_final_Thesis/install/cv_basics /usr/bin/cmake --build /tmp/.X11-unix/ROS2_final_Thesis/build/bboxes_ex_msgs -- -j4 -l4
[0.886s] [  2%] Built target bboxes_ex_msgs__cpp
[0.968s] [ 12%] Built target bboxes_ex_msgs__rosidl_generator_c
[0.981s] [ 23%] Built target bboxes_ex_msgs__rosidl_typesupport_cpp
[0.993s] [ 33%] Built target bboxes_ex_msgs__rosidl_typesupport_introspection_cpp
[0.994s] [ 43%] Built target bboxes_ex_msgs__rosidl_typesupport_fastrtps_cpp
[1.058s] [ 53%] Built target bboxes_ex_msgs__rosidl_typesupport_introspection_c
[1.073s] [ 64%] Built target bboxes_ex_msgs__rosidl_typesupport_c
[1.088s] [ 74%] Built target bboxes_ex_msgs__rosidl_typesupport_fastrtps_c
[1.128s] [ 74%] Built target bboxes_ex_msgs
[1.175s] [ 76%] Built target bboxes_ex_msgs__py
[1.244s] [ 84%] Built target bboxes_ex_msgs__python
[1.332s] [ 89%] Built target bboxes_ex_msgs__rosidl_typesupport_c__pyext
[1.353s] [ 94%] Built target bboxes_ex_msgs__rosidl_typesupport_introspection_c__pyext
[1.353s] [100%] Built target bboxes_ex_msgs__rosidl_typesupport_fastrtps_c__pyext
[1.378s] Invoked command in '/tmp/.X11-unix/ROS2_final_Thesis/build/bboxes_ex_msgs' returned '0': CMAKE_PREFIX_PATH=${CMAKE_PREFIX_PATH}:/tmp/.X11-unix/ROS2_final_Thesis/install/yolov5_ros:/tmp/.X11-unix/ROS2_final_Thesis/install/cv_basics /usr/bin/cmake --build /tmp/.X11-unix/ROS2_final_Thesis/build/bboxes_ex_msgs -- -j4 -l4
[1.894s] Invoking command in '/tmp/.X11-unix/ROS2_final_Thesis/build/bboxes_ex_msgs': CMAKE_PREFIX_PATH=${CMAKE_PREFIX_PATH}:/tmp/.X11-unix/ROS2_final_Thesis/install/yolov5_ros:/tmp/.X11-unix/ROS2_final_Thesis/install/cv_basics /usr/bin/cmake --install /tmp/.X11-unix/ROS2_final_Thesis/build/bboxes_ex_msgs
[2.147s] -- Install configuration: ""
[2.158s] -- Execute custom install script
[2.180s] -- Up-to-date symlink: /tmp/.X11-unix/ROS2_final_Thesis/install/bboxes_ex_msgs/share/ament_index/resource_index/rosidl_interfaces/bboxes_ex_msgs
[2.215s] -- Up-to-date symlink: /tmp/.X11-unix/ROS2_final_Thesis/install/bboxes_ex_msgs/include/bboxes_ex_msgs/msg/bounding_box.h
[2.236s] -- Up-to-date symlink: /tmp/.X11-unix/ROS2_final_Thesis/install/bboxes_ex_msgs/include/bboxes_ex_msgs/msg/bounding_boxes.h
[2.263s] -- Up-to-date symlink: /tmp/.X11-unix/ROS2_final_Thesis/install/bboxes_ex_msgs/include/bboxes_ex_msgs/msg/detail/bounding_box__functions.h
[2.264s] -- Up-to-date symlink: /tmp/.X11-unix/ROS2_final_Thesis/install/bboxes_ex_msgs/include/bboxes_ex_msgs/msg/detail/bounding_box__struct.h
[2.265s] -- Up-to-date symlink: /tmp/.X11-unix/ROS2_final_Thesis/install/bboxes_ex_msgs/include/bboxes_ex_msgs/msg/detail/bounding_box__type_support.h
[2.265s] -- Up-to-date symlink: /tmp/.X11-unix/ROS2_final_Thesis/install/bboxes_ex_msgs/include/bboxes_ex_msgs/msg/detail/bounding_boxes__functions.h
[2.266s] -- Up-to-date symlink: /tmp/.X11-unix/ROS2_final_Thesis/install/bboxes_ex_msgs/include/bboxes_ex_msgs/msg/detail/bounding_boxes__struct.h
[2.267s] -- Up-to-date symlink: /tmp/.X11-unix/ROS2_final_Thesis/install/bboxes_ex_msgs/include/bboxes_ex_msgs/msg/detail/bounding_boxes__type_support.h
[2.267s] -- Up-to-date symlink: /tmp/.X11-unix/ROS2_final_Thesis/install/bboxes_ex_msgs/include/bboxes_ex_msgs/msg/rosidl_generator_c__visibility_control.h
[2.268s] -- Up-to-date symlink: /tmp/.X11-unix/ROS2_final_Thesis/install/bboxes_ex_msgs/share/bboxes_ex_msgs/environment/library_path.sh
[2.269s] -- Up-to-date symlink: /tmp/.X11-unix/ROS2_final_Thesis/install/bboxes_ex_msgs/share/bboxes_ex_msgs/environment/library_path.dsv
[2.269s] -- Up-to-date symlink: /tmp/.X11-unix/ROS2_final_Thesis/install/bboxes_ex_msgs/include/bboxes_ex_msgs/msg/detail/bounding_box__rosidl_typesupport_fastrtps_c.h
[2.270s] -- Up-to-date symlink: /tmp/.X11-unix/ROS2_final_Thesis/install/bboxes_ex_msgs/include/bboxes_ex_msgs/msg/detail/bounding_boxes__rosidl_typesupport_fastrtps_c.h
[2.271s] -- Up-to-date symlink: /tmp/.X11-unix/ROS2_final_Thesis/install/bboxes_ex_msgs/include/bboxes_ex_msgs/msg/rosidl_typesupport_fastrtps_c__visibility_control.h
[2.271s] -- Up-to-date symlink: /tmp/.X11-unix/ROS2_final_Thesis/install/bboxes_ex_msgs/lib/libbboxes_ex_msgs__rosidl_typesupport_fastrtps_c.so
[2.272s] -- Up-to-date symlink: /tmp/.X11-unix/ROS2_final_Thesis/install/bboxes_ex_msgs/include/bboxes_ex_msgs/msg/detail/bounding_box__rosidl_typesupport_fastrtps_cpp.hpp
[2.273s] -- Up-to-date symlink: /tmp/.X11-unix/ROS2_final_Thesis/install/bboxes_ex_msgs/include/bboxes_ex_msgs/msg/detail/bounding_boxes__rosidl_typesupport_fastrtps_cpp.hpp
[2.273s] -- Up-to-date symlink: /tmp/.X11-unix/ROS2_final_Thesis/install/bboxes_ex_msgs/include/bboxes_ex_msgs/msg/rosidl_typesupport_fastrtps_cpp__visibility_control.h
[2.274s] -- Up-to-date symlink: /tmp/.X11-unix/ROS2_final_Thesis/install/bboxes_ex_msgs/lib/libbboxes_ex_msgs__rosidl_typesupport_fastrtps_cpp.so
[2.274s] -- Up-to-date symlink: /tmp/.X11-unix/ROS2_final_Thesis/install/bboxes_ex_msgs/include/bboxes_ex_msgs/msg/detail/bounding_box__rosidl_typesupport_introspection_c.h
[2.275s] -- Up-to-date symlink: /tmp/.X11-unix/ROS2_final_Thesis/install/bboxes_ex_msgs/include/bboxes_ex_msgs/msg/detail/bounding_boxes__rosidl_typesupport_introspection_c.h
[2.275s] -- Up-to-date symlink: /tmp/.X11-unix/ROS2_final_Thesis/install/bboxes_ex_msgs/include/bboxes_ex_msgs/msg/rosidl_typesupport_introspection_c__visibility_control.h
[2.276s] -- Up-to-date symlink: /tmp/.X11-unix/ROS2_final_Thesis/install/bboxes_ex_msgs/include/bboxes_ex_msgs/msg/bounding_box.hpp
[2.277s] -- Up-to-date symlink: /tmp/.X11-unix/ROS2_final_Thesis/install/bboxes_ex_msgs/include/bboxes_ex_msgs/msg/bounding_boxes.hpp
[2.277s] -- Up-to-date symlink: /tmp/.X11-unix/ROS2_final_Thesis/install/bboxes_ex_msgs/include/bboxes_ex_msgs/msg/detail/bounding_box__builder.hpp
[2.278s] -- Up-to-date symlink: /tmp/.X11-unix/ROS2_final_Thesis/install/bboxes_ex_msgs/include/bboxes_ex_msgs/msg/detail/bounding_box__struct.hpp
[2.279s] -- Up-to-date symlink: /tmp/.X11-unix/ROS2_final_Thesis/install/bboxes_ex_msgs/include/bboxes_ex_msgs/msg/detail/bounding_box__traits.hpp
[2.279s] -- Up-to-date symlink: /tmp/.X11-unix/ROS2_final_Thesis/install/bboxes_ex_msgs/include/bboxes_ex_msgs/msg/detail/bounding_boxes__builder.hpp
[2.280s] -- Up-to-date symlink: /tmp/.X11-unix/ROS2_final_Thesis/install/bboxes_ex_msgs/include/bboxes_ex_msgs/msg/detail/bounding_boxes__struct.hpp
[2.281s] -- Up-to-date symlink: /tmp/.X11-unix/ROS2_final_Thesis/install/bboxes_ex_msgs/include/bboxes_ex_msgs/msg/detail/bounding_boxes__traits.hpp
[2.281s] -- Up-to-date symlink: /tmp/.X11-unix/ROS2_final_Thesis/install/bboxes_ex_msgs/include/bboxes_ex_msgs/msg/detail/bounding_box__rosidl_typesupport_introspection_cpp.hpp
[2.297s] -- Up-to-date symlink: /tmp/.X11-unix/ROS2_final_Thesis/install/bboxes_ex_msgs/include/bboxes_ex_msgs/msg/detail/bounding_boxes__rosidl_typesupport_introspection_cpp.hpp
[2.322s] -- Up-to-date symlink: /tmp/.X11-unix/ROS2_final_Thesis/install/bboxes_ex_msgs/share/bboxes_ex_msgs/environment/pythonpath.sh
[2.324s] -- Up-to-date symlink: /tmp/.X11-unix/ROS2_final_Thesis/install/bboxes_ex_msgs/share/bboxes_ex_msgs/environment/pythonpath.dsv
[2.325s] -- Up-to-date symlink: /tmp/.X11-unix/ROS2_final_Thesis/install/bboxes_ex_msgs/lib/python3.6/site-packages/bboxes_ex_msgs/__init__.py
[2.326s] -- Up-to-date symlink: /tmp/.X11-unix/ROS2_final_Thesis/install/bboxes_ex_msgs/lib/python3.6/site-packages/bboxes_ex_msgs/msg/__init__.py
[2.328s] -- Up-to-date symlink: /tmp/.X11-unix/ROS2_final_Thesis/install/bboxes_ex_msgs/lib/python3.6/site-packages/bboxes_ex_msgs/msg/_bounding_box.py
[2.328s] -- Up-to-date symlink: /tmp/.X11-unix/ROS2_final_Thesis/install/bboxes_ex_msgs/lib/python3.6/site-packages/bboxes_ex_msgs/msg/_bounding_boxes.py
[2.329s] -- Up-to-date symlink: /tmp/.X11-unix/ROS2_final_Thesis/install/bboxes_ex_msgs/lib/python3.6/site-packages/bboxes_ex_msgs/bboxes_ex_msgs_s__rosidl_typesupport_fastrtps_c.cpython-36m-aarch64-linux-gnu.so
[2.331s] -- Up-to-date symlink: /tmp/.X11-unix/ROS2_final_Thesis/install/bboxes_ex_msgs/lib/python3.6/site-packages/bboxes_ex_msgs/bboxes_ex_msgs_s__rosidl_typesupport_introspection_c.cpython-36m-aarch64-linux-gnu.so
[2.332s] -- Up-to-date symlink: /tmp/.X11-unix/ROS2_final_Thesis/install/bboxes_ex_msgs/lib/python3.6/site-packages/bboxes_ex_msgs/bboxes_ex_msgs_s__rosidl_typesupport_c.cpython-36m-aarch64-linux-gnu.so
[2.338s] -- Up-to-date symlink: /tmp/.X11-unix/ROS2_final_Thesis/install/bboxes_ex_msgs/lib/libbboxes_ex_msgs__python.so
[2.360s] -- Up-to-date symlink: /tmp/.X11-unix/ROS2_final_Thesis/install/bboxes_ex_msgs/share/bboxes_ex_msgs/msg/BoundingBox.idl
[2.376s] -- Up-to-date symlink: /tmp/.X11-unix/ROS2_final_Thesis/install/bboxes_ex_msgs/share/bboxes_ex_msgs/msg/BoundingBoxes.idl
[2.378s] -- Up-to-date symlink: /tmp/.X11-unix/ROS2_final_Thesis/install/bboxes_ex_msgs/share/bboxes_ex_msgs/msg/BoundingBox.msg
[2.380s] -- Up-to-date symlink: /tmp/.X11-unix/ROS2_final_Thesis/install/bboxes_ex_msgs/share/bboxes_ex_msgs/msg/BoundingBoxes.msg
[2.381s] -- Up-to-date symlink: /tmp/.X11-unix/ROS2_final_Thesis/install/bboxes_ex_msgs/share/ament_index/resource_index/package_run_dependencies/bboxes_ex_msgs
[2.382s] -- Up-to-date symlink: /tmp/.X11-unix/ROS2_final_Thesis/install/bboxes_ex_msgs/share/ament_index/resource_index/parent_prefix_path/bboxes_ex_msgs
[2.383s] -- Up-to-date symlink: /tmp/.X11-unix/ROS2_final_Thesis/install/bboxes_ex_msgs/share/bboxes_ex_msgs/environment/ament_prefix_path.sh
[2.385s] -- Up-to-date symlink: /tmp/.X11-unix/ROS2_final_Thesis/install/bboxes_ex_msgs/share/bboxes_ex_msgs/environment/ament_prefix_path.dsv
[2.396s] -- Up-to-date symlink: /tmp/.X11-unix/ROS2_final_Thesis/install/bboxes_ex_msgs/share/bboxes_ex_msgs/environment/path.sh
[2.418s] -- Up-to-date symlink: /tmp/.X11-unix/ROS2_final_Thesis/install/bboxes_ex_msgs/share/bboxes_ex_msgs/environment/path.dsv
[2.428s] -- Up-to-date symlink: /tmp/.X11-unix/ROS2_final_Thesis/install/bboxes_ex_msgs/share/bboxes_ex_msgs/local_setup.bash
[2.429s] -- Up-to-date symlink: /tmp/.X11-unix/ROS2_final_Thesis/install/bboxes_ex_msgs/share/bboxes_ex_msgs/local_setup.sh
[2.431s] -- Up-to-date symlink: /tmp/.X11-unix/ROS2_final_Thesis/install/bboxes_ex_msgs/share/bboxes_ex_msgs/local_setup.zsh
[2.434s] -- Up-to-date symlink: /tmp/.X11-unix/ROS2_final_Thesis/install/bboxes_ex_msgs/share/bboxes_ex_msgs/local_setup.dsv
[2.434s] -- Symlinking: /tmp/.X11-unix/ROS2_final_Thesis/install/bboxes_ex_msgs/share/bboxes_ex_msgs/package.dsv
[2.436s] -- Up-to-date symlink: /tmp/.X11-unix/ROS2_final_Thesis/install/bboxes_ex_msgs/share/ament_index/resource_index/packages/bboxes_ex_msgs
[2.438s] -- Up-to-date symlink: /tmp/.X11-unix/ROS2_final_Thesis/install/bboxes_ex_msgs/share/bboxes_ex_msgs/cmake/rosidl_cmake-extras.cmake
[2.438s] -- Up-to-date symlink: /tmp/.X11-unix/ROS2_final_Thesis/install/bboxes_ex_msgs/share/bboxes_ex_msgs/cmake/ament_cmake_export_dependencies-extras.cmake
[2.439s] -- Up-to-date symlink: /tmp/.X11-unix/ROS2_final_Thesis/install/bboxes_ex_msgs/share/bboxes_ex_msgs/cmake/ament_cmake_export_libraries-extras.cmake
[2.439s] -- Up-to-date symlink: /tmp/.X11-unix/ROS2_final_Thesis/install/bboxes_ex_msgs/share/bboxes_ex_msgs/cmake/ament_cmake_export_targets-extras.cmake
[2.441s] -- Up-to-date symlink: /tmp/.X11-unix/ROS2_final_Thesis/install/bboxes_ex_msgs/share/bboxes_ex_msgs/cmake/ament_cmake_export_include_directories-extras.cmake
[2.442s] -- Up-to-date symlink: /tmp/.X11-unix/ROS2_final_Thesis/install/bboxes_ex_msgs/share/bboxes_ex_msgs/cmake/rosidl_cmake_export_typesupport_libraries-extras.cmake
[2.443s] -- Up-to-date symlink: /tmp/.X11-unix/ROS2_final_Thesis/install/bboxes_ex_msgs/share/bboxes_ex_msgs/cmake/rosidl_cmake_export_typesupport_targets-extras.cmake
[2.444s] -- Up-to-date symlink: /tmp/.X11-unix/ROS2_final_Thesis/install/bboxes_ex_msgs/share/bboxes_ex_msgs/cmake/bboxes_ex_msgsConfig.cmake
[2.445s] -- Up-to-date symlink: /tmp/.X11-unix/ROS2_final_Thesis/install/bboxes_ex_msgs/share/bboxes_ex_msgs/cmake/bboxes_ex_msgsConfig-version.cmake
[2.446s] -- Up-to-date symlink: /tmp/.X11-unix/ROS2_final_Thesis/install/bboxes_ex_msgs/share/bboxes_ex_msgs/package.xml
[2.447s] -- Up-to-date: /tmp/.X11-unix/ROS2_final_Thesis/install/bboxes_ex_msgs/lib/libbboxes_ex_msgs__rosidl_generator_c.so
[2.447s] -- Up-to-date: /tmp/.X11-unix/ROS2_final_Thesis/install/bboxes_ex_msgs/lib/libbboxes_ex_msgs__rosidl_typesupport_introspection_c.so
[2.449s] -- Up-to-date: /tmp/.X11-unix/ROS2_final_Thesis/install/bboxes_ex_msgs/lib/libbboxes_ex_msgs__rosidl_typesupport_c.so
[2.449s] -- Up-to-date: /tmp/.X11-unix/ROS2_final_Thesis/install/bboxes_ex_msgs/lib/libbboxes_ex_msgs__rosidl_typesupport_introspection_cpp.so
[2.450s] -- Up-to-date: /tmp/.X11-unix/ROS2_final_Thesis/install/bboxes_ex_msgs/lib/libbboxes_ex_msgs__rosidl_typesupport_cpp.so
[2.452s] -- Up-to-date: /tmp/.X11-unix/ROS2_final_Thesis/install/bboxes_ex_msgs/share/bboxes_ex_msgs/cmake/bboxes_ex_msgs__rosidl_generator_cExport.cmake
[2.454s] -- Up-to-date: /tmp/.X11-unix/ROS2_final_Thesis/install/bboxes_ex_msgs/share/bboxes_ex_msgs/cmake/bboxes_ex_msgs__rosidl_generator_cExport-noconfig.cmake
[2.475s] -- Up-to-date: /tmp/.X11-unix/ROS2_final_Thesis/install/bboxes_ex_msgs/share/bboxes_ex_msgs/cmake/bboxes_ex_msgs__rosidl_typesupport_introspection_cExport.cmake
[2.496s] -- Up-to-date: /tmp/.X11-unix/ROS2_final_Thesis/install/bboxes_ex_msgs/share/bboxes_ex_msgs/cmake/bboxes_ex_msgs__rosidl_typesupport_introspection_cExport-noconfig.cmake
[2.517s] -- Up-to-date: /tmp/.X11-unix/ROS2_final_Thesis/install/bboxes_ex_msgs/share/bboxes_ex_msgs/cmake/bboxes_ex_msgs__rosidl_typesupport_cExport.cmake
[2.521s] -- Up-to-date: /tmp/.X11-unix/ROS2_final_Thesis/install/bboxes_ex_msgs/share/bboxes_ex_msgs/cmake/bboxes_ex_msgs__rosidl_typesupport_cExport-noconfig.cmake
[2.521s] -- Up-to-date: /tmp/.X11-unix/ROS2_final_Thesis/install/bboxes_ex_msgs/share/bboxes_ex_msgs/cmake/bboxes_ex_msgs__rosidl_generator_cppExport.cmake
[2.522s] -- Up-to-date: /tmp/.X11-unix/ROS2_final_Thesis/install/bboxes_ex_msgs/share/bboxes_ex_msgs/cmake/bboxes_ex_msgs__rosidl_typesupport_introspection_cppExport.cmake
[2.523s] -- Up-to-date: /tmp/.X11-unix/ROS2_final_Thesis/install/bboxes_ex_msgs/share/bboxes_ex_msgs/cmake/bboxes_ex_msgs__rosidl_typesupport_introspection_cppExport-noconfig.cmake
[2.523s] -- Up-to-date: /tmp/.X11-unix/ROS2_final_Thesis/install/bboxes_ex_msgs/share/bboxes_ex_msgs/cmake/bboxes_ex_msgs__rosidl_typesupport_cppExport.cmake
[2.524s] -- Up-to-date: /tmp/.X11-unix/ROS2_final_Thesis/install/bboxes_ex_msgs/share/bboxes_ex_msgs/cmake/bboxes_ex_msgs__rosidl_typesupport_cppExport-noconfig.cmake
[2.528s] Invoked command in '/tmp/.X11-unix/ROS2_final_Thesis/build/bboxes_ex_msgs' returned '0': CMAKE_PREFIX_PATH=${CMAKE_PREFIX_PATH}:/tmp/.X11-unix/ROS2_final_Thesis/install/yolov5_ros:/tmp/.X11-unix/ROS2_final_Thesis/install/cv_basics /usr/bin/cmake --install /tmp/.X11-unix/ROS2_final_Thesis/build/bboxes_ex_msgs
