[0.564s] Invoking command in '/tmp/.X11-unix/ROS2_final_Thesis/build/bboxes_ex_msgs': CMAKE_PREFIX_PATH=${CMAKE_PREFIX_PATH}:/tmp/.X11-unix/ROS2_final_Thesis/install/yolov5_ros:/tmp/.X11-unix/ROS2_final_Thesis/install/cv_basics /usr/bin/cmake --build /tmp/.X11-unix/ROS2_final_Thesis/build/bboxes_ex_msgs -- -j4 -l4
[1.173s] [  2%] Built target bboxes_ex_msgs__cpp
[1.367s] [ 12%] Built target bboxes_ex_msgs__rosidl_generator_c
[1.552s] [ 23%] Built target bboxes_ex_msgs__rosidl_typesupport_introspection_cpp
[1.709s] [ 33%] Built target bboxes_ex_msgs__rosidl_typesupport_introspection_c
[1.906s] [ 43%] Built target bboxes_ex_msgs__rosidl_typesupport_c
[2.077s] [ 53%] Built target bboxes_ex_msgs__rosidl_typesupport_fastrtps_cpp
[2.226s] [ 64%] Built target bboxes_ex_msgs__rosidl_typesupport_cpp
[2.362s] [ 74%] Built target bboxes_ex_msgs__rosidl_typesupport_fastrtps_c
[2.468s] [ 74%] Built target bboxes_ex_msgs
[2.583s] [ 76%] Built target bboxes_ex_msgs__py
[2.726s] [ 84%] Built target bboxes_ex_msgs__python
[2.945s] [ 89%] Built target bboxes_ex_msgs__rosidl_typesupport_fastrtps_c__pyext
[3.137s] [ 94%] Built target bboxes_ex_msgs__rosidl_typesupport_c__pyext
[3.282s] [100%] Built target bboxes_ex_msgs__rosidl_typesupport_introspection_c__pyext
[3.347s] Invoked command in '/tmp/.X11-unix/ROS2_final_Thesis/build/bboxes_ex_msgs' returned '0': CMAKE_PREFIX_PATH=${CMAKE_PREFIX_PATH}:/tmp/.X11-unix/ROS2_final_Thesis/install/yolov5_ros:/tmp/.X11-unix/ROS2_final_Thesis/install/cv_basics /usr/bin/cmake --build /tmp/.X11-unix/ROS2_final_Thesis/build/bboxes_ex_msgs -- -j4 -l4
[4.249s] Invoking command in '/tmp/.X11-unix/ROS2_final_Thesis/build/bboxes_ex_msgs': CMAKE_PREFIX_PATH=${CMAKE_PREFIX_PATH}:/tmp/.X11-unix/ROS2_final_Thesis/install/yolov5_ros:/tmp/.X11-unix/ROS2_final_Thesis/install/cv_basics /usr/bin/cmake --install /tmp/.X11-unix/ROS2_final_Thesis/build/bboxes_ex_msgs
[4.305s] -- Install configuration: ""
[4.308s] -- Execute custom install script
[4.309s] -- Up-to-date symlink: /tmp/.X11-unix/ROS2_final_Thesis/install/bboxes_ex_msgs/share/ament_index/resource_index/rosidl_interfaces/bboxes_ex_msgs
[4.321s] -- Up-to-date symlink: /tmp/.X11-unix/ROS2_final_Thesis/install/bboxes_ex_msgs/include/bboxes_ex_msgs/msg/bounding_box.h
[4.322s] -- Up-to-date symlink: /tmp/.X11-unix/ROS2_final_Thesis/install/bboxes_ex_msgs/include/bboxes_ex_msgs/msg/bounding_boxes.h
[4.323s] -- Up-to-date symlink: /tmp/.X11-unix/ROS2_final_Thesis/install/bboxes_ex_msgs/include/bboxes_ex_msgs/msg/detail/bounding_box__functions.h
[4.323s] -- Up-to-date symlink: /tmp/.X11-unix/ROS2_final_Thesis/install/bboxes_ex_msgs/include/bboxes_ex_msgs/msg/detail/bounding_box__struct.h
[4.332s] -- Up-to-date symlink: /tmp/.X11-unix/ROS2_final_Thesis/install/bboxes_ex_msgs/include/bboxes_ex_msgs/msg/detail/bounding_box__type_support.h
[4.333s] -- Up-to-date symlink: /tmp/.X11-unix/ROS2_final_Thesis/install/bboxes_ex_msgs/include/bboxes_ex_msgs/msg/detail/bounding_boxes__functions.h
[4.336s] -- Up-to-date symlink: /tmp/.X11-unix/ROS2_final_Thesis/install/bboxes_ex_msgs/include/bboxes_ex_msgs/msg/detail/bounding_boxes__struct.h
[4.337s] -- Up-to-date symlink: /tmp/.X11-unix/ROS2_final_Thesis/install/bboxes_ex_msgs/include/bboxes_ex_msgs/msg/detail/bounding_boxes__type_support.h
[4.337s] -- Up-to-date symlink: /tmp/.X11-unix/ROS2_final_Thesis/install/bboxes_ex_msgs/include/bboxes_ex_msgs/msg/rosidl_generator_c__visibility_control.h
[4.338s] -- Up-to-date symlink: /tmp/.X11-unix/ROS2_final_Thesis/install/bboxes_ex_msgs/share/bboxes_ex_msgs/environment/library_path.sh
[4.355s] -- Up-to-date symlink: /tmp/.X11-unix/ROS2_final_Thesis/install/bboxes_ex_msgs/share/bboxes_ex_msgs/environment/library_path.dsv
[4.363s] -- Up-to-date symlink: /tmp/.X11-unix/ROS2_final_Thesis/install/bboxes_ex_msgs/include/bboxes_ex_msgs/msg/detail/bounding_box__rosidl_typesupport_fastrtps_c.h
[4.363s] -- Up-to-date symlink: /tmp/.X11-unix/ROS2_final_Thesis/install/bboxes_ex_msgs/include/bboxes_ex_msgs/msg/detail/bounding_boxes__rosidl_typesupport_fastrtps_c.h
[4.368s] -- Up-to-date symlink: /tmp/.X11-unix/ROS2_final_Thesis/install/bboxes_ex_msgs/include/bboxes_ex_msgs/msg/rosidl_typesupport_fastrtps_c__visibility_control.h
[4.370s] -- Up-to-date symlink: /tmp/.X11-unix/ROS2_final_Thesis/install/bboxes_ex_msgs/lib/libbboxes_ex_msgs__rosidl_typesupport_fastrtps_c.so
[4.378s] -- Up-to-date symlink: /tmp/.X11-unix/ROS2_final_Thesis/install/bboxes_ex_msgs/include/bboxes_ex_msgs/msg/detail/bounding_box__rosidl_typesupport_fastrtps_cpp.hpp
[4.380s] -- Up-to-date symlink: /tmp/.X11-unix/ROS2_final_Thesis/install/bboxes_ex_msgs/include/bboxes_ex_msgs/msg/detail/bounding_boxes__rosidl_typesupport_fastrtps_cpp.hpp
[4.381s] -- Up-to-date symlink: /tmp/.X11-unix/ROS2_final_Thesis/install/bboxes_ex_msgs/include/bboxes_ex_msgs/msg/rosidl_typesupport_fastrtps_cpp__visibility_control.h
[4.385s] -- Up-to-date symlink: /tmp/.X11-unix/ROS2_final_Thesis/install/bboxes_ex_msgs/lib/libbboxes_ex_msgs__rosidl_typesupport_fastrtps_cpp.so
[4.393s] -- Up-to-date symlink: /tmp/.X11-unix/ROS2_final_Thesis/install/bboxes_ex_msgs/include/bboxes_ex_msgs/msg/detail/bounding_box__rosidl_typesupport_introspection_c.h
[4.394s] -- Up-to-date symlink: /tmp/.X11-unix/ROS2_final_Thesis/install/bboxes_ex_msgs/include/bboxes_ex_msgs/msg/detail/bounding_boxes__rosidl_typesupport_introspection_c.h
[4.396s] -- Up-to-date symlink: /tmp/.X11-unix/ROS2_final_Thesis/install/bboxes_ex_msgs/include/bboxes_ex_msgs/msg/rosidl_typesupport_introspection_c__visibility_control.h
[4.405s] -- Up-to-date symlink: /tmp/.X11-unix/ROS2_final_Thesis/install/bboxes_ex_msgs/include/bboxes_ex_msgs/msg/bounding_box.hpp
[4.406s] -- Up-to-date symlink: /tmp/.X11-unix/ROS2_final_Thesis/install/bboxes_ex_msgs/include/bboxes_ex_msgs/msg/bounding_boxes.hpp
[4.406s] -- Up-to-date symlink: /tmp/.X11-unix/ROS2_final_Thesis/install/bboxes_ex_msgs/include/bboxes_ex_msgs/msg/detail/bounding_box__builder.hpp
[4.407s] -- Up-to-date symlink: /tmp/.X11-unix/ROS2_final_Thesis/install/bboxes_ex_msgs/include/bboxes_ex_msgs/msg/detail/bounding_box__struct.hpp
[4.409s] -- Up-to-date symlink: /tmp/.X11-unix/ROS2_final_Thesis/install/bboxes_ex_msgs/include/bboxes_ex_msgs/msg/detail/bounding_box__traits.hpp
[4.413s] -- Up-to-date symlink: /tmp/.X11-unix/ROS2_final_Thesis/install/bboxes_ex_msgs/include/bboxes_ex_msgs/msg/detail/bounding_boxes__builder.hpp
[4.414s] -- Up-to-date symlink: /tmp/.X11-unix/ROS2_final_Thesis/install/bboxes_ex_msgs/include/bboxes_ex_msgs/msg/detail/bounding_boxes__struct.hpp
[4.418s] -- Up-to-date symlink: /tmp/.X11-unix/ROS2_final_Thesis/install/bboxes_ex_msgs/include/bboxes_ex_msgs/msg/detail/bounding_boxes__traits.hpp
[4.423s] -- Up-to-date symlink: /tmp/.X11-unix/ROS2_final_Thesis/install/bboxes_ex_msgs/include/bboxes_ex_msgs/msg/detail/bounding_box__rosidl_typesupport_introspection_cpp.hpp
[4.424s] -- Up-to-date symlink: /tmp/.X11-unix/ROS2_final_Thesis/install/bboxes_ex_msgs/include/bboxes_ex_msgs/msg/detail/bounding_boxes__rosidl_typesupport_introspection_cpp.hpp
[4.426s] -- Up-to-date symlink: /tmp/.X11-unix/ROS2_final_Thesis/install/bboxes_ex_msgs/share/bboxes_ex_msgs/environment/pythonpath.sh
[4.427s] -- Up-to-date symlink: /tmp/.X11-unix/ROS2_final_Thesis/install/bboxes_ex_msgs/share/bboxes_ex_msgs/environment/pythonpath.dsv
[4.428s] -- Up-to-date symlink: /tmp/.X11-unix/ROS2_final_Thesis/install/bboxes_ex_msgs/lib/python3.6/site-packages/bboxes_ex_msgs/__init__.py
[4.430s] -- Up-to-date symlink: /tmp/.X11-unix/ROS2_final_Thesis/install/bboxes_ex_msgs/lib/python3.6/site-packages/bboxes_ex_msgs/msg/__init__.py
[4.432s] -- Up-to-date symlink: /tmp/.X11-unix/ROS2_final_Thesis/install/bboxes_ex_msgs/lib/python3.6/site-packages/bboxes_ex_msgs/msg/_bounding_box.py
[4.433s] -- Up-to-date symlink: /tmp/.X11-unix/ROS2_final_Thesis/install/bboxes_ex_msgs/lib/python3.6/site-packages/bboxes_ex_msgs/msg/_bounding_boxes.py
[4.437s] -- Up-to-date symlink: /tmp/.X11-unix/ROS2_final_Thesis/install/bboxes_ex_msgs/lib/python3.6/site-packages/bboxes_ex_msgs/bboxes_ex_msgs_s__rosidl_typesupport_fastrtps_c.cpython-36m-aarch64-linux-gnu.so
[4.440s] -- Up-to-date symlink: /tmp/.X11-unix/ROS2_final_Thesis/install/bboxes_ex_msgs/lib/python3.6/site-packages/bboxes_ex_msgs/bboxes_ex_msgs_s__rosidl_typesupport_introspection_c.cpython-36m-aarch64-linux-gnu.so
[4.444s] -- Up-to-date symlink: /tmp/.X11-unix/ROS2_final_Thesis/install/bboxes_ex_msgs/lib/python3.6/site-packages/bboxes_ex_msgs/bboxes_ex_msgs_s__rosidl_typesupport_c.cpython-36m-aarch64-linux-gnu.so
[4.445s] -- Up-to-date symlink: /tmp/.X11-unix/ROS2_final_Thesis/install/bboxes_ex_msgs/lib/libbboxes_ex_msgs__python.so
[4.446s] -- Up-to-date symlink: /tmp/.X11-unix/ROS2_final_Thesis/install/bboxes_ex_msgs/share/bboxes_ex_msgs/msg/BoundingBox.idl
[4.447s] -- Up-to-date symlink: /tmp/.X11-unix/ROS2_final_Thesis/install/bboxes_ex_msgs/share/bboxes_ex_msgs/msg/BoundingBoxes.idl
[4.449s] -- Up-to-date symlink: /tmp/.X11-unix/ROS2_final_Thesis/install/bboxes_ex_msgs/share/bboxes_ex_msgs/msg/BoundingBox.msg
[4.450s] -- Up-to-date symlink: /tmp/.X11-unix/ROS2_final_Thesis/install/bboxes_ex_msgs/share/bboxes_ex_msgs/msg/BoundingBoxes.msg
[4.457s] -- Up-to-date symlink: /tmp/.X11-unix/ROS2_final_Thesis/install/bboxes_ex_msgs/share/ament_index/resource_index/package_run_dependencies/bboxes_ex_msgs
[4.460s] -- Up-to-date symlink: /tmp/.X11-unix/ROS2_final_Thesis/install/bboxes_ex_msgs/share/ament_index/resource_index/parent_prefix_path/bboxes_ex_msgs
[4.461s] -- Up-to-date symlink: /tmp/.X11-unix/ROS2_final_Thesis/install/bboxes_ex_msgs/share/bboxes_ex_msgs/environment/ament_prefix_path.sh
[4.463s] -- Up-to-date symlink: /tmp/.X11-unix/ROS2_final_Thesis/install/bboxes_ex_msgs/share/bboxes_ex_msgs/environment/ament_prefix_path.dsv
[4.463s] -- Up-to-date symlink: /tmp/.X11-unix/ROS2_final_Thesis/install/bboxes_ex_msgs/share/bboxes_ex_msgs/environment/path.sh
[4.467s] -- Up-to-date symlink: /tmp/.X11-unix/ROS2_final_Thesis/install/bboxes_ex_msgs/share/bboxes_ex_msgs/environment/path.dsv
[4.471s] -- Up-to-date symlink: /tmp/.X11-unix/ROS2_final_Thesis/install/bboxes_ex_msgs/share/bboxes_ex_msgs/local_setup.bash
[4.471s] -- Up-to-date symlink: /tmp/.X11-unix/ROS2_final_Thesis/install/bboxes_ex_msgs/share/bboxes_ex_msgs/local_setup.sh
[4.472s] -- Up-to-date symlink: /tmp/.X11-unix/ROS2_final_Thesis/install/bboxes_ex_msgs/share/bboxes_ex_msgs/local_setup.zsh
[4.476s] -- Up-to-date symlink: /tmp/.X11-unix/ROS2_final_Thesis/install/bboxes_ex_msgs/share/bboxes_ex_msgs/local_setup.dsv
[4.477s] -- Symlinking: /tmp/.X11-unix/ROS2_final_Thesis/install/bboxes_ex_msgs/share/bboxes_ex_msgs/package.dsv
[4.489s] -- Up-to-date symlink: /tmp/.X11-unix/ROS2_final_Thesis/install/bboxes_ex_msgs/share/ament_index/resource_index/packages/bboxes_ex_msgs
[4.490s] -- Up-to-date symlink: /tmp/.X11-unix/ROS2_final_Thesis/install/bboxes_ex_msgs/share/bboxes_ex_msgs/cmake/rosidl_cmake-extras.cmake
[4.491s] -- Up-to-date symlink: /tmp/.X11-unix/ROS2_final_Thesis/install/bboxes_ex_msgs/share/bboxes_ex_msgs/cmake/ament_cmake_export_dependencies-extras.cmake
[4.492s] -- Up-to-date symlink: /tmp/.X11-unix/ROS2_final_Thesis/install/bboxes_ex_msgs/share/bboxes_ex_msgs/cmake/ament_cmake_export_libraries-extras.cmake
[4.493s] -- Up-to-date symlink: /tmp/.X11-unix/ROS2_final_Thesis/install/bboxes_ex_msgs/share/bboxes_ex_msgs/cmake/ament_cmake_export_targets-extras.cmake
[4.495s] -- Up-to-date symlink: /tmp/.X11-unix/ROS2_final_Thesis/install/bboxes_ex_msgs/share/bboxes_ex_msgs/cmake/ament_cmake_export_include_directories-extras.cmake
[4.496s] -- Up-to-date symlink: /tmp/.X11-unix/ROS2_final_Thesis/install/bboxes_ex_msgs/share/bboxes_ex_msgs/cmake/rosidl_cmake_export_typesupport_libraries-extras.cmake
[4.497s] -- Up-to-date symlink: /tmp/.X11-unix/ROS2_final_Thesis/install/bboxes_ex_msgs/share/bboxes_ex_msgs/cmake/rosidl_cmake_export_typesupport_targets-extras.cmake
[4.499s] -- Up-to-date symlink: /tmp/.X11-unix/ROS2_final_Thesis/install/bboxes_ex_msgs/share/bboxes_ex_msgs/cmake/bboxes_ex_msgsConfig.cmake
[4.499s] -- Up-to-date symlink: /tmp/.X11-unix/ROS2_final_Thesis/install/bboxes_ex_msgs/share/bboxes_ex_msgs/cmake/bboxes_ex_msgsConfig-version.cmake
[4.501s] -- Up-to-date symlink: /tmp/.X11-unix/ROS2_final_Thesis/install/bboxes_ex_msgs/share/bboxes_ex_msgs/package.xml
[4.503s] -- Up-to-date: /tmp/.X11-unix/ROS2_final_Thesis/install/bboxes_ex_msgs/lib/libbboxes_ex_msgs__rosidl_generator_c.so
[4.506s] -- Up-to-date: /tmp/.X11-unix/ROS2_final_Thesis/install/bboxes_ex_msgs/lib/libbboxes_ex_msgs__rosidl_typesupport_introspection_c.so
[4.507s] -- Up-to-date: /tmp/.X11-unix/ROS2_final_Thesis/install/bboxes_ex_msgs/lib/libbboxes_ex_msgs__rosidl_typesupport_c.so
[4.509s] -- Up-to-date: /tmp/.X11-unix/ROS2_final_Thesis/install/bboxes_ex_msgs/lib/libbboxes_ex_msgs__rosidl_typesupport_introspection_cpp.so
[4.510s] -- Up-to-date: /tmp/.X11-unix/ROS2_final_Thesis/install/bboxes_ex_msgs/lib/libbboxes_ex_msgs__rosidl_typesupport_cpp.so
[4.722s] -- Up-to-date: /tmp/.X11-unix/ROS2_final_Thesis/install/bboxes_ex_msgs/share/bboxes_ex_msgs/cmake/bboxes_ex_msgs__rosidl_generator_cExport.cmake
[4.723s] -- Up-to-date: /tmp/.X11-unix/ROS2_final_Thesis/install/bboxes_ex_msgs/share/bboxes_ex_msgs/cmake/bboxes_ex_msgs__rosidl_generator_cExport-noconfig.cmake
[4.724s] -- Up-to-date: /tmp/.X11-unix/ROS2_final_Thesis/install/bboxes_ex_msgs/share/bboxes_ex_msgs/cmake/bboxes_ex_msgs__rosidl_typesupport_introspection_cExport.cmake
[4.725s] -- Up-to-date: /tmp/.X11-unix/ROS2_final_Thesis/install/bboxes_ex_msgs/share/bboxes_ex_msgs/cmake/bboxes_ex_msgs__rosidl_typesupport_introspection_cExport-noconfig.cmake
[4.725s] -- Up-to-date: /tmp/.X11-unix/ROS2_final_Thesis/install/bboxes_ex_msgs/share/bboxes_ex_msgs/cmake/bboxes_ex_msgs__rosidl_typesupport_cExport.cmake
[4.726s] -- Up-to-date: /tmp/.X11-unix/ROS2_final_Thesis/install/bboxes_ex_msgs/share/bboxes_ex_msgs/cmake/bboxes_ex_msgs__rosidl_typesupport_cExport-noconfig.cmake
[4.727s] -- Up-to-date: /tmp/.X11-unix/ROS2_final_Thesis/install/bboxes_ex_msgs/share/bboxes_ex_msgs/cmake/bboxes_ex_msgs__rosidl_generator_cppExport.cmake
[4.729s] -- Up-to-date: /tmp/.X11-unix/ROS2_final_Thesis/install/bboxes_ex_msgs/share/bboxes_ex_msgs/cmake/bboxes_ex_msgs__rosidl_typesupport_introspection_cppExport.cmake
[4.729s] -- Up-to-date: /tmp/.X11-unix/ROS2_final_Thesis/install/bboxes_ex_msgs/share/bboxes_ex_msgs/cmake/bboxes_ex_msgs__rosidl_typesupport_introspection_cppExport-noconfig.cmake
[4.730s] -- Up-to-date: /tmp/.X11-unix/ROS2_final_Thesis/install/bboxes_ex_msgs/share/bboxes_ex_msgs/cmake/bboxes_ex_msgs__rosidl_typesupport_cppExport.cmake
[4.731s] -- Up-to-date: /tmp/.X11-unix/ROS2_final_Thesis/install/bboxes_ex_msgs/share/bboxes_ex_msgs/cmake/bboxes_ex_msgs__rosidl_typesupport_cppExport-noconfig.cmake
[4.755s] Invoked command in '/tmp/.X11-unix/ROS2_final_Thesis/build/bboxes_ex_msgs' returned '0': CMAKE_PREFIX_PATH=${CMAKE_PREFIX_PATH}:/tmp/.X11-unix/ROS2_final_Thesis/install/yolov5_ros:/tmp/.X11-unix/ROS2_final_Thesis/install/cv_basics /usr/bin/cmake --install /tmp/.X11-unix/ROS2_final_Thesis/build/bboxes_ex_msgs
