[0.180s] Invoking command in '/tmp/.X11-unix/ROS2_final_Thesis/build/sllidar_ros2': /usr/bin/cmake --build /tmp/.X11-unix/ROS2_final_Thesis/build/sllidar_ros2 -- -j4 -l4
[0.344s] [ 14%] Built target sllidar_client
[0.355s] [100%] Built target sllidar_node
[0.372s] Invoked command in '/tmp/.X11-unix/ROS2_final_Thesis/build/sllidar_ros2' returned '0': /usr/bin/cmake --build /tmp/.X11-unix/ROS2_final_Thesis/build/sllidar_ros2 -- -j4 -l4
[0.595s] Invoking command in '/tmp/.X11-unix/ROS2_final_Thesis/build/sllidar_ros2': /usr/bin/cmake --install /tmp/.X11-unix/ROS2_final_Thesis/build/sllidar_ros2
[0.630s] -- Install configuration: ""
[0.633s] -- Execute custom install script
[0.634s] -- Up-to-date symlink: /tmp/.X11-unix/ROS2_final_Thesis/install/sllidar_ros2/share/sllidar_ros2/launch/sllidar_a3_launch.py
[0.635s] -- Up-to-date symlink: /tmp/.X11-unix/ROS2_final_Thesis/install/sllidar_ros2/share/sllidar_ros2/launch/sllidar_launch.py
[0.636s] -- Up-to-date symlink: /tmp/.X11-unix/ROS2_final_Thesis/install/sllidar_ros2/share/sllidar_ros2/launch/sllidar_s1_launch.py
[0.639s] -- Up-to-date symlink: /tmp/.X11-unix/ROS2_final_Thesis/install/sllidar_ros2/share/sllidar_ros2/launch/sllidar_s1_tcp_launch.py
[0.640s] -- Up-to-date symlink: /tmp/.X11-unix/ROS2_final_Thesis/install/sllidar_ros2/share/sllidar_ros2/launch/sllidar_s2_launch.py
[0.641s] -- Up-to-date symlink: /tmp/.X11-unix/ROS2_final_Thesis/install/sllidar_ros2/share/sllidar_ros2/launch/sllidar_s2e_launch.py
[0.642s] -- Up-to-date symlink: /tmp/.X11-unix/ROS2_final_Thesis/install/sllidar_ros2/share/sllidar_ros2/launch/sllidar_t1_launch.py
[0.646s] -- Up-to-date symlink: /tmp/.X11-unix/ROS2_final_Thesis/install/sllidar_ros2/share/sllidar_ros2/launch/view_sllidar_a3_launch.py
[0.649s] -- Up-to-date symlink: /tmp/.X11-unix/ROS2_final_Thesis/install/sllidar_ros2/share/sllidar_ros2/launch/view_sllidar_launch.py
[0.650s] -- Up-to-date symlink: /tmp/.X11-unix/ROS2_final_Thesis/install/sllidar_ros2/share/sllidar_ros2/launch/view_sllidar_s1_launch.py
[0.650s] -- Up-to-date symlink: /tmp/.X11-unix/ROS2_final_Thesis/install/sllidar_ros2/share/sllidar_ros2/launch/view_sllidar_s1_tcp_launch.py
[0.652s] -- Up-to-date symlink: /tmp/.X11-unix/ROS2_final_Thesis/install/sllidar_ros2/share/sllidar_ros2/launch/view_sllidar_s2_launch.py
[0.653s] -- Up-to-date symlink: /tmp/.X11-unix/ROS2_final_Thesis/install/sllidar_ros2/share/sllidar_ros2/launch/view_sllidar_s2e_launch.py
[0.656s] -- Up-to-date symlink: /tmp/.X11-unix/ROS2_final_Thesis/install/sllidar_ros2/share/sllidar_ros2/launch/view_sllidar_t1_launch.py
[0.658s] -- Up-to-date symlink: /tmp/.X11-unix/ROS2_final_Thesis/install/sllidar_ros2/share/sllidar_ros2/rviz/sllidar_ros2.rviz
[0.660s] -- Up-to-date symlink: /tmp/.X11-unix/ROS2_final_Thesis/install/sllidar_ros2/lib/sllidar_ros2/sllidar_node
[0.671s] -- Up-to-date symlink: /tmp/.X11-unix/ROS2_final_Thesis/install/sllidar_ros2/lib/sllidar_ros2/sllidar_client
[0.673s] -- Up-to-date symlink: /tmp/.X11-unix/ROS2_final_Thesis/install/sllidar_ros2/share/ament_index/resource_index/package_run_dependencies/sllidar_ros2
[0.708s] -- Up-to-date symlink: /tmp/.X11-unix/ROS2_final_Thesis/install/sllidar_ros2/share/ament_index/resource_index/parent_prefix_path/sllidar_ros2
[0.719s] -- Up-to-date symlink: /tmp/.X11-unix/ROS2_final_Thesis/install/sllidar_ros2/share/sllidar_ros2/environment/ament_prefix_path.sh
[0.725s] -- Up-to-date symlink: /tmp/.X11-unix/ROS2_final_Thesis/install/sllidar_ros2/share/sllidar_ros2/environment/ament_prefix_path.dsv
[0.730s] -- Up-to-date symlink: /tmp/.X11-unix/ROS2_final_Thesis/install/sllidar_ros2/share/sllidar_ros2/environment/path.sh
[0.731s] -- Up-to-date symlink: /tmp/.X11-unix/ROS2_final_Thesis/install/sllidar_ros2/share/sllidar_ros2/environment/path.dsv
[0.732s] -- Up-to-date symlink: /tmp/.X11-unix/ROS2_final_Thesis/install/sllidar_ros2/share/sllidar_ros2/local_setup.bash
[0.733s] -- Up-to-date symlink: /tmp/.X11-unix/ROS2_final_Thesis/install/sllidar_ros2/share/sllidar_ros2/local_setup.sh
[0.734s] -- Up-to-date symlink: /tmp/.X11-unix/ROS2_final_Thesis/install/sllidar_ros2/share/sllidar_ros2/local_setup.zsh
[0.734s] -- Up-to-date symlink: /tmp/.X11-unix/ROS2_final_Thesis/install/sllidar_ros2/share/sllidar_ros2/local_setup.dsv
[0.736s] -- Symlinking: /tmp/.X11-unix/ROS2_final_Thesis/install/sllidar_ros2/share/sllidar_ros2/package.dsv
[0.738s] -- Up-to-date symlink: /tmp/.X11-unix/ROS2_final_Thesis/install/sllidar_ros2/share/ament_index/resource_index/packages/sllidar_ros2
[0.751s] -- Up-to-date symlink: /tmp/.X11-unix/ROS2_final_Thesis/install/sllidar_ros2/share/sllidar_ros2/cmake/ament_cmake_export_dependencies-extras.cmake
[0.752s] -- Up-to-date symlink: /tmp/.X11-unix/ROS2_final_Thesis/install/sllidar_ros2/share/sllidar_ros2/cmake/ament_cmake_export_include_directories-extras.cmake
[0.754s] -- Up-to-date symlink: /tmp/.X11-unix/ROS2_final_Thesis/install/sllidar_ros2/share/sllidar_ros2/cmake/sllidar_ros2Config.cmake
[0.756s] -- Up-to-date symlink: /tmp/.X11-unix/ROS2_final_Thesis/install/sllidar_ros2/share/sllidar_ros2/cmake/sllidar_ros2Config-version.cmake
[0.758s] -- Up-to-date symlink: /tmp/.X11-unix/ROS2_final_Thesis/install/sllidar_ros2/share/sllidar_ros2/package.xml
[0.767s] Invoked command in '/tmp/.X11-unix/ROS2_final_Thesis/build/sllidar_ros2' returned '0': /usr/bin/cmake --install /tmp/.X11-unix/ROS2_final_Thesis/build/sllidar_ros2
