[0.271s] Invoking command in '/tmp/.X11-unix/ROS2_final_Thesis/build/sllidar_ros2': CMAKE_PREFIX_PATH=${CMAKE_PREFIX_PATH}:/tmp/.X11-unix/ROS2_final_Thesis/install/yolov5_ros:/tmp/.X11-unix/ROS2_final_Thesis/install/cv_basics /usr/bin/cmake --build /tmp/.X11-unix/ROS2_final_Thesis/build/sllidar_ros2 -- -j4 -l4
[0.663s] [ 14%] Built target sllidar_client
[0.686s] [100%] Built target sllidar_node
[0.707s] Invoked command in '/tmp/.X11-unix/ROS2_final_Thesis/build/sllidar_ros2' returned '0': CMAKE_PREFIX_PATH=${CMAKE_PREFIX_PATH}:/tmp/.X11-unix/ROS2_final_Thesis/install/yolov5_ros:/tmp/.X11-unix/ROS2_final_Thesis/install/cv_basics /usr/bin/cmake --build /tmp/.X11-unix/ROS2_final_Thesis/build/sllidar_ros2 -- -j4 -l4
[0.946s] Invoking command in '/tmp/.X11-unix/ROS2_final_Thesis/build/sllidar_ros2': CMAKE_PREFIX_PATH=${CMAKE_PREFIX_PATH}:/tmp/.X11-unix/ROS2_final_Thesis/install/yolov5_ros:/tmp/.X11-unix/ROS2_final_Thesis/install/cv_basics /usr/bin/cmake --install /tmp/.X11-unix/ROS2_final_Thesis/build/sllidar_ros2
[0.975s] -- Install configuration: ""
[0.976s] -- Execute custom install script
[0.980s] -- Up-to-date symlink: /tmp/.X11-unix/ROS2_final_Thesis/install/sllidar_ros2/share/sllidar_ros2/launch/sllidar_a3_launch.py
[0.981s] -- Up-to-date symlink: /tmp/.X11-unix/ROS2_final_Thesis/install/sllidar_ros2/share/sllidar_ros2/launch/sllidar_launch.py
[0.982s] -- Up-to-date symlink: /tmp/.X11-unix/ROS2_final_Thesis/install/sllidar_ros2/share/sllidar_ros2/launch/sllidar_s1_launch.py
[0.984s] -- Up-to-date symlink: /tmp/.X11-unix/ROS2_final_Thesis/install/sllidar_ros2/share/sllidar_ros2/launch/sllidar_s1_tcp_launch.py
[0.985s] -- Up-to-date symlink: /tmp/.X11-unix/ROS2_final_Thesis/install/sllidar_ros2/share/sllidar_ros2/launch/sllidar_s2_launch.py
[0.987s] -- Up-to-date symlink: /tmp/.X11-unix/ROS2_final_Thesis/install/sllidar_ros2/share/sllidar_ros2/launch/sllidar_s2e_launch.py
[0.989s] -- Up-to-date symlink: /tmp/.X11-unix/ROS2_final_Thesis/install/sllidar_ros2/share/sllidar_ros2/launch/sllidar_t1_launch.py
[0.990s] -- Up-to-date symlink: /tmp/.X11-unix/ROS2_final_Thesis/install/sllidar_ros2/share/sllidar_ros2/launch/view_sllidar_a3_launch.py
[0.998s] -- Up-to-date symlink: /tmp/.X11-unix/ROS2_final_Thesis/install/sllidar_ros2/share/sllidar_ros2/launch/view_sllidar_launch.py
[0.999s] -- Up-to-date symlink: /tmp/.X11-unix/ROS2_final_Thesis/install/sllidar_ros2/share/sllidar_ros2/launch/view_sllidar_s1_launch.py
[1.001s] -- Up-to-date symlink: /tmp/.X11-unix/ROS2_final_Thesis/install/sllidar_ros2/share/sllidar_ros2/launch/view_sllidar_s1_tcp_launch.py
[1.002s] -- Up-to-date symlink: /tmp/.X11-unix/ROS2_final_Thesis/install/sllidar_ros2/share/sllidar_ros2/launch/view_sllidar_s2_launch.py
[1.004s] -- Up-to-date symlink: /tmp/.X11-unix/ROS2_final_Thesis/install/sllidar_ros2/share/sllidar_ros2/launch/view_sllidar_s2e_launch.py
[1.005s] -- Up-to-date symlink: /tmp/.X11-unix/ROS2_final_Thesis/install/sllidar_ros2/share/sllidar_ros2/launch/view_sllidar_t1_launch.py
[1.007s] -- Up-to-date symlink: /tmp/.X11-unix/ROS2_final_Thesis/install/sllidar_ros2/share/sllidar_ros2/rviz/sllidar_ros2.rviz
[1.009s] -- Up-to-date symlink: /tmp/.X11-unix/ROS2_final_Thesis/install/sllidar_ros2/lib/sllidar_ros2/sllidar_node
[1.011s] -- Up-to-date symlink: /tmp/.X11-unix/ROS2_final_Thesis/install/sllidar_ros2/lib/sllidar_ros2/sllidar_client
[1.013s] -- Up-to-date symlink: /tmp/.X11-unix/ROS2_final_Thesis/install/sllidar_ros2/share/ament_index/resource_index/package_run_dependencies/sllidar_ros2
[1.017s] -- Up-to-date symlink: /tmp/.X11-unix/ROS2_final_Thesis/install/sllidar_ros2/share/ament_index/resource_index/parent_prefix_path/sllidar_ros2
[1.019s] -- Up-to-date symlink: /tmp/.X11-unix/ROS2_final_Thesis/install/sllidar_ros2/share/sllidar_ros2/environment/ament_prefix_path.sh
[1.021s] -- Up-to-date symlink: /tmp/.X11-unix/ROS2_final_Thesis/install/sllidar_ros2/share/sllidar_ros2/environment/ament_prefix_path.dsv
[1.025s] -- Up-to-date symlink: /tmp/.X11-unix/ROS2_final_Thesis/install/sllidar_ros2/share/sllidar_ros2/environment/path.sh
[1.026s] -- Up-to-date symlink: /tmp/.X11-unix/ROS2_final_Thesis/install/sllidar_ros2/share/sllidar_ros2/environment/path.dsv
[1.028s] -- Up-to-date symlink: /tmp/.X11-unix/ROS2_final_Thesis/install/sllidar_ros2/share/sllidar_ros2/local_setup.bash
[1.031s] -- Up-to-date symlink: /tmp/.X11-unix/ROS2_final_Thesis/install/sllidar_ros2/share/sllidar_ros2/local_setup.sh
[1.036s] -- Up-to-date symlink: /tmp/.X11-unix/ROS2_final_Thesis/install/sllidar_ros2/share/sllidar_ros2/local_setup.zsh
[1.039s] -- Up-to-date symlink: /tmp/.X11-unix/ROS2_final_Thesis/install/sllidar_ros2/share/sllidar_ros2/local_setup.dsv
[1.048s] -- Symlinking: /tmp/.X11-unix/ROS2_final_Thesis/install/sllidar_ros2/share/sllidar_ros2/package.dsv
[1.060s] -- Up-to-date symlink: /tmp/.X11-unix/ROS2_final_Thesis/install/sllidar_ros2/share/ament_index/resource_index/packages/sllidar_ros2
[1.061s] -- Up-to-date symlink: /tmp/.X11-unix/ROS2_final_Thesis/install/sllidar_ros2/share/sllidar_ros2/cmake/ament_cmake_export_dependencies-extras.cmake
[1.067s] -- Up-to-date symlink: /tmp/.X11-unix/ROS2_final_Thesis/install/sllidar_ros2/share/sllidar_ros2/cmake/ament_cmake_export_include_directories-extras.cmake
[1.080s] -- Up-to-date symlink: /tmp/.X11-unix/ROS2_final_Thesis/install/sllidar_ros2/share/sllidar_ros2/cmake/sllidar_ros2Config.cmake
[1.081s] -- Up-to-date symlink: /tmp/.X11-unix/ROS2_final_Thesis/install/sllidar_ros2/share/sllidar_ros2/cmake/sllidar_ros2Config-version.cmake
[1.082s] -- Up-to-date symlink: /tmp/.X11-unix/ROS2_final_Thesis/install/sllidar_ros2/share/sllidar_ros2/package.xml
[1.097s] Invoked command in '/tmp/.X11-unix/ROS2_final_Thesis/build/sllidar_ros2' returned '0': CMAKE_PREFIX_PATH=${CMAKE_PREFIX_PATH}:/tmp/.X11-unix/ROS2_final_Thesis/install/yolov5_ros:/tmp/.X11-unix/ROS2_final_Thesis/install/cv_basics /usr/bin/cmake --install /tmp/.X11-unix/ROS2_final_Thesis/build/sllidar_ros2
