[5.088s] Invoking command in '/tmp/.X11-unix/ROS2_final_Thesis/build/yolov5_ros': CMAKE_PREFIX_PATH=/tmp/.X11-unix/ROS2_final_Thesis/install/bboxes_ex_msgs:/tmp/.X11-unix/ROS2_final_Thesis/install/sllidar_ros2:/tmp/.X11-unix/ROS2_final_Thesis/install/rplidar_ros:/opt/ros/foxy/install LD_LIBRARY_PATH=/tmp/.X11-unix/ROS2_final_Thesis/install/bboxes_ex_msgs/lib:/tmp/.X11-unix/ROS2_final_Thesis/install/rplidar_ros/lib:/opt/ros/foxy/install/opt/yaml_cpp_vendor/lib:/opt/ros/foxy/install/lib:/usr/local/cuda/lib64:/usr/local/cuda-10.2/targets/aarch64-linux/lib PYTHONPATH=/tmp/.X11-unix/ROS2_final_Thesis/build/yolov5_ros/prefix_override:/tmp/.X11-unix/ROS2_final_Thesis/install/yolov5_ros/lib/python3.6/site-packages:/tmp/.X11-unix/ROS2_final_Thesis/install/bboxes_ex_msgs/lib/python3.6/site-packages:/tmp/.X11-unix/ROS2_final_Thesis/install/yolov5_ros/lib/python3.6/site-packages:/tmp/.X11-unix/ROS2_final_Thesis/build/cv_basics:/tmp/.X11-unix/ROS2_final_Thesis/install/cv_basics/lib/python3.6/site-packages:/opt/ros/foxy/install/lib/python3.6/site-packages /usr/bin/python3 setup.py develop --uninstall --editable --build-directory /tmp/.X11-unix/ROS2_final_Thesis/build/yolov5_ros/build
[6.635s] /usr/local/lib/python3.6/dist-packages/setuptools/dist.py:726: UserWarning: Usage of dash-separated 'script-dir' will not be supported in future versions. Please use the underscore name 'script_dir' instead
[6.635s]   % (opt, underscore_opt)
[6.873s] running develop
[6.877s] /usr/local/lib/python3.6/dist-packages/setuptools/command/easy_install.py:159: EasyInstallDeprecationWarning: easy_install command is deprecated. Use build and pip and other standards-based tools.
[6.878s]   EasyInstallDeprecationWarning,
[6.885s] /usr/local/lib/python3.6/dist-packages/setuptools/command/install.py:37: SetuptoolsDeprecationWarning: setup.py install is deprecated. Use build and pip and other standards-based tools.
[6.885s]   setuptools.SetuptoolsDeprecationWarning,
[7.822s] Invoked command in '/tmp/.X11-unix/ROS2_final_Thesis/build/yolov5_ros' returned '0': CMAKE_PREFIX_PATH=/tmp/.X11-unix/ROS2_final_Thesis/install/bboxes_ex_msgs:/tmp/.X11-unix/ROS2_final_Thesis/install/sllidar_ros2:/tmp/.X11-unix/ROS2_final_Thesis/install/rplidar_ros:/opt/ros/foxy/install LD_LIBRARY_PATH=/tmp/.X11-unix/ROS2_final_Thesis/install/bboxes_ex_msgs/lib:/tmp/.X11-unix/ROS2_final_Thesis/install/rplidar_ros/lib:/opt/ros/foxy/install/opt/yaml_cpp_vendor/lib:/opt/ros/foxy/install/lib:/usr/local/cuda/lib64:/usr/local/cuda-10.2/targets/aarch64-linux/lib PYTHONPATH=/tmp/.X11-unix/ROS2_final_Thesis/build/yolov5_ros/prefix_override:/tmp/.X11-unix/ROS2_final_Thesis/install/yolov5_ros/lib/python3.6/site-packages:/tmp/.X11-unix/ROS2_final_Thesis/install/bboxes_ex_msgs/lib/python3.6/site-packages:/tmp/.X11-unix/ROS2_final_Thesis/install/yolov5_ros/lib/python3.6/site-packages:/tmp/.X11-unix/ROS2_final_Thesis/build/cv_basics:/tmp/.X11-unix/ROS2_final_Thesis/install/cv_basics/lib/python3.6/site-packages:/opt/ros/foxy/install/lib/python3.6/site-packages /usr/bin/python3 setup.py develop --uninstall --editable --build-directory /tmp/.X11-unix/ROS2_final_Thesis/build/yolov5_ros/build
[7.836s] Invoking command in '/tmp/.X11-unix/ROS2_final_Thesis/src/YOLOv5-ROS/yolov5_ros': CMAKE_PREFIX_PATH=/tmp/.X11-unix/ROS2_final_Thesis/install/bboxes_ex_msgs:/tmp/.X11-unix/ROS2_final_Thesis/install/sllidar_ros2:/tmp/.X11-unix/ROS2_final_Thesis/install/rplidar_ros:/opt/ros/foxy/install LD_LIBRARY_PATH=/tmp/.X11-unix/ROS2_final_Thesis/install/bboxes_ex_msgs/lib:/tmp/.X11-unix/ROS2_final_Thesis/install/rplidar_ros/lib:/opt/ros/foxy/install/opt/yaml_cpp_vendor/lib:/opt/ros/foxy/install/lib:/usr/local/cuda/lib64:/usr/local/cuda-10.2/targets/aarch64-linux/lib PYTHONPATH=/tmp/.X11-unix/ROS2_final_Thesis/build/yolov5_ros/prefix_override:/tmp/.X11-unix/ROS2_final_Thesis/install/yolov5_ros/lib/python3.6/site-packages:/tmp/.X11-unix/ROS2_final_Thesis/install/bboxes_ex_msgs/lib/python3.6/site-packages:/tmp/.X11-unix/ROS2_final_Thesis/install/yolov5_ros/lib/python3.6/site-packages:/tmp/.X11-unix/ROS2_final_Thesis/build/cv_basics:/tmp/.X11-unix/ROS2_final_Thesis/install/cv_basics/lib/python3.6/site-packages:/opt/ros/foxy/install/lib/python3.6/site-packages /usr/bin/python3 setup.py egg_info --egg-base ../../../build/yolov5_ros build --build-base /tmp/.X11-unix/ROS2_final_Thesis/build/yolov5_ros/build install --record /tmp/.X11-unix/ROS2_final_Thesis/build/yolov5_ros/install.log --install-scripts $base/lib/yolov5_ros --single-version-externally-managed
[9.363s] /usr/local/lib/python3.6/dist-packages/setuptools/dist.py:726: UserWarning: Usage of dash-separated 'script-dir' will not be supported in future versions. Please use the underscore name 'script_dir' instead
[9.364s]   % (opt, underscore_opt)
[9.563s] running egg_info
[9.568s] writing ../../../build/yolov5_ros/yolov5_ros.egg-info/PKG-INFO
[9.570s] writing dependency_links to ../../../build/yolov5_ros/yolov5_ros.egg-info/dependency_links.txt
[9.571s] writing entry points to ../../../build/yolov5_ros/yolov5_ros.egg-info/entry_points.txt
[9.572s] writing requirements to ../../../build/yolov5_ros/yolov5_ros.egg-info/requires.txt
[9.572s] writing top-level names to ../../../build/yolov5_ros/yolov5_ros.egg-info/top_level.txt
[9.595s] reading manifest file '../../../build/yolov5_ros/yolov5_ros.egg-info/SOURCES.txt'
[9.603s] writing manifest file '../../../build/yolov5_ros/yolov5_ros.egg-info/SOURCES.txt'
[9.604s] running build
[9.605s] running build_py
[9.607s] copying yolov5_ros/trtnode.py -> /tmp/.X11-unix/ROS2_final_Thesis/build/yolov5_ros/build/lib/yolov5_ros
[9.609s] running install
[9.610s] /usr/local/lib/python3.6/dist-packages/setuptools/command/install.py:37: SetuptoolsDeprecationWarning: setup.py install is deprecated. Use build and pip and other standards-based tools.
[9.610s]   setuptools.SetuptoolsDeprecationWarning,
[9.612s] running install_lib
[9.616s] copying /tmp/.X11-unix/ROS2_final_Thesis/build/yolov5_ros/build/lib/yolov5_ros/trtnode.py -> /tmp/.X11-unix/ROS2_final_Thesis/install/yolov5_ros/lib/python3.6/site-packages/yolov5_ros
[9.620s] byte-compiling /tmp/.X11-unix/ROS2_final_Thesis/install/yolov5_ros/lib/python3.6/site-packages/yolov5_ros/trtnode.py to trtnode.cpython-36.pyc
[9.634s] byte-compiling /tmp/.X11-unix/ROS2_final_Thesis/install/yolov5_ros/lib/python3.6/site-packages/yolov5_ros/New_yolo_ros_detect.py to New_yolo_ros_detect.cpython-36.pyc
[9.644s]   File "/tmp/.X11-unix/ROS2_final_Thesis/install/yolov5_ros/lib/python3.6/site-packages/yolov5_ros/New_yolo_ros_detect.py", line 499
[9.645s]     self.capture = cv2.VideoCapture(0)
[9.646s]        ^
[9.646s] SyntaxError: invalid syntax
[9.647s] 
[9.647s] running install_data
[9.648s] running install_egg_info
[9.657s] removing '/tmp/.X11-unix/ROS2_final_Thesis/install/yolov5_ros/lib/python3.6/site-packages/yolov5_ros-0.2.0-py3.6.egg-info' (and everything under it)
[9.660s] Copying ../../../build/yolov5_ros/yolov5_ros.egg-info to /tmp/.X11-unix/ROS2_final_Thesis/install/yolov5_ros/lib/python3.6/site-packages/yolov5_ros-0.2.0-py3.6.egg-info
[9.665s] running install_scripts
[9.715s] Installing New_trt script to /tmp/.X11-unix/ROS2_final_Thesis/install/yolov5_ros/lib/yolov5_ros
[9.720s] Installing yolov5_ros script to /tmp/.X11-unix/ROS2_final_Thesis/install/yolov5_ros/lib/yolov5_ros
[9.722s] writing list of installed files to '/tmp/.X11-unix/ROS2_final_Thesis/build/yolov5_ros/install.log'
[9.870s] Invoked command in '/tmp/.X11-unix/ROS2_final_Thesis/src/YOLOv5-ROS/yolov5_ros' returned '0': CMAKE_PREFIX_PATH=/tmp/.X11-unix/ROS2_final_Thesis/install/bboxes_ex_msgs:/tmp/.X11-unix/ROS2_final_Thesis/install/sllidar_ros2:/tmp/.X11-unix/ROS2_final_Thesis/install/rplidar_ros:/opt/ros/foxy/install LD_LIBRARY_PATH=/tmp/.X11-unix/ROS2_final_Thesis/install/bboxes_ex_msgs/lib:/tmp/.X11-unix/ROS2_final_Thesis/install/rplidar_ros/lib:/opt/ros/foxy/install/opt/yaml_cpp_vendor/lib:/opt/ros/foxy/install/lib:/usr/local/cuda/lib64:/usr/local/cuda-10.2/targets/aarch64-linux/lib PYTHONPATH=/tmp/.X11-unix/ROS2_final_Thesis/build/yolov5_ros/prefix_override:/tmp/.X11-unix/ROS2_final_Thesis/install/yolov5_ros/lib/python3.6/site-packages:/tmp/.X11-unix/ROS2_final_Thesis/install/bboxes_ex_msgs/lib/python3.6/site-packages:/tmp/.X11-unix/ROS2_final_Thesis/install/yolov5_ros/lib/python3.6/site-packages:/tmp/.X11-unix/ROS2_final_Thesis/build/cv_basics:/tmp/.X11-unix/ROS2_final_Thesis/install/cv_basics/lib/python3.6/site-packages:/opt/ros/foxy/install/lib/python3.6/site-packages /usr/bin/python3 setup.py egg_info --egg-base ../../../build/yolov5_ros build --build-base /tmp/.X11-unix/ROS2_final_Thesis/build/yolov5_ros/build install --record /tmp/.X11-unix/ROS2_final_Thesis/build/yolov5_ros/install.log --install-scripts $base/lib/yolov5_ros --single-version-externally-managed
