[0.326s] Invoking command in '/tmp/.X11-unix/ROS2_final_Thesis/build/rplidar_ros': CMAKE_PREFIX_PATH=${CMAKE_PREFIX_PATH}:/tmp/.X11-unix/ROS2_final_Thesis/install/yolov5_ros:/tmp/.X11-unix/ROS2_final_Thesis/install/cv_basics /usr/bin/cmake --build /tmp/.X11-unix/ROS2_final_Thesis/build/rplidar_ros -- -j4 -l4
[0.539s] [ 77%] Built target rplidar_composition_node
[0.613s] [100%] Built target rplidar_composition
[0.640s] Invoked command in '/tmp/.X11-unix/ROS2_final_Thesis/build/rplidar_ros' returned '0': CMAKE_PREFIX_PATH=${CMAKE_PREFIX_PATH}:/tmp/.X11-unix/ROS2_final_Thesis/install/yolov5_ros:/tmp/.X11-unix/ROS2_final_Thesis/install/cv_basics /usr/bin/cmake --build /tmp/.X11-unix/ROS2_final_Thesis/build/rplidar_ros -- -j4 -l4
[0.828s] Invoking command in '/tmp/.X11-unix/ROS2_final_Thesis/build/rplidar_ros': CMAKE_PREFIX_PATH=${CMAKE_PREFIX_PATH}:/tmp/.X11-unix/ROS2_final_Thesis/install/yolov5_ros:/tmp/.X11-unix/ROS2_final_Thesis/install/cv_basics /usr/bin/cmake --install /tmp/.X11-unix/ROS2_final_Thesis/build/rplidar_ros
[0.844s] -- Install configuration: ""
[0.846s] -- Execute custom install script
[0.850s] -- Up-to-date symlink: /tmp/.X11-unix/ROS2_final_Thesis/install/rplidar_ros/lib/rplidar_ros/rplidar_composition
[0.857s] -- Up-to-date symlink: /tmp/.X11-unix/ROS2_final_Thesis/install/rplidar_ros/share/rplidar_ros/launch/filtered_scan.py
[0.858s] -- Up-to-date symlink: /tmp/.X11-unix/ROS2_final_Thesis/install/rplidar_ros/share/rplidar_ros/launch/rplidar.launch.py
[0.860s] -- Up-to-date symlink: /tmp/.X11-unix/ROS2_final_Thesis/install/rplidar_ros/share/rplidar_ros/launch/rplidar_a3.launch.py
[0.861s] -- Up-to-date symlink: /tmp/.X11-unix/ROS2_final_Thesis/install/rplidar_ros/share/rplidar_ros/launch/rplidar_s1.launch.py
[0.862s] -- Up-to-date symlink: /tmp/.X11-unix/ROS2_final_Thesis/install/rplidar_ros/share/rplidar_ros/launch/rplidar_s1_tcp.launch.py
[0.864s] -- Up-to-date symlink: /tmp/.X11-unix/ROS2_final_Thesis/install/rplidar_ros/share/rplidar_ros/launch/test_rplidar_a3.launch.py
[0.866s] -- Up-to-date symlink: /tmp/.X11-unix/ROS2_final_Thesis/install/rplidar_ros/share/rplidar_ros/launch/view_rplidar.launch.py
[0.867s] -- Up-to-date symlink: /tmp/.X11-unix/ROS2_final_Thesis/install/rplidar_ros/share/rplidar_ros/launch/view_rplidar_a3.launch.py
[0.868s] -- Up-to-date symlink: /tmp/.X11-unix/ROS2_final_Thesis/install/rplidar_ros/share/rplidar_ros/launch/view_rplidar_s1.launch.py
[0.870s] -- Up-to-date symlink: /tmp/.X11-unix/ROS2_final_Thesis/install/rplidar_ros/share/rplidar_ros/launch/view_rplidar_s1_tcp.launch.py
[0.872s] -- Up-to-date symlink: /tmp/.X11-unix/ROS2_final_Thesis/install/rplidar_ros/share/rplidar_ros/rviz/rplidar.rviz
[0.874s] -- Up-to-date symlink: /tmp/.X11-unix/ROS2_final_Thesis/install/rplidar_ros/lib/librplidar_composition_node.so
[0.875s] -- Up-to-date symlink: /tmp/.X11-unix/ROS2_final_Thesis/install/rplidar_ros/include/rplidar_node.hpp
[0.877s] -- Up-to-date symlink: /tmp/.X11-unix/ROS2_final_Thesis/install/rplidar_ros/include/visibility.h
[0.879s] -- Up-to-date symlink: /tmp/.X11-unix/ROS2_final_Thesis/install/rplidar_ros/lib/rplidar_ros/rplidar_composition
[0.880s] -- Up-to-date symlink: /tmp/.X11-unix/ROS2_final_Thesis/install/rplidar_ros/share/ament_index/resource_index/package_run_dependencies/rplidar_ros
[0.882s] -- Up-to-date symlink: /tmp/.X11-unix/ROS2_final_Thesis/install/rplidar_ros/share/ament_index/resource_index/parent_prefix_path/rplidar_ros
[0.883s] -- Up-to-date symlink: /tmp/.X11-unix/ROS2_final_Thesis/install/rplidar_ros/share/rplidar_ros/environment/ament_prefix_path.sh
[0.886s] -- Up-to-date symlink: /tmp/.X11-unix/ROS2_final_Thesis/install/rplidar_ros/share/rplidar_ros/environment/ament_prefix_path.dsv
[0.887s] -- Up-to-date symlink: /tmp/.X11-unix/ROS2_final_Thesis/install/rplidar_ros/share/rplidar_ros/environment/path.sh
[0.889s] -- Up-to-date symlink: /tmp/.X11-unix/ROS2_final_Thesis/install/rplidar_ros/share/rplidar_ros/environment/path.dsv
[0.890s] -- Up-to-date symlink: /tmp/.X11-unix/ROS2_final_Thesis/install/rplidar_ros/share/rplidar_ros/local_setup.bash
[0.891s] -- Up-to-date symlink: /tmp/.X11-unix/ROS2_final_Thesis/install/rplidar_ros/share/rplidar_ros/local_setup.sh
[0.893s] -- Up-to-date symlink: /tmp/.X11-unix/ROS2_final_Thesis/install/rplidar_ros/share/rplidar_ros/local_setup.zsh
[0.894s] -- Up-to-date symlink: /tmp/.X11-unix/ROS2_final_Thesis/install/rplidar_ros/share/rplidar_ros/local_setup.dsv
[0.897s] -- Symlinking: /tmp/.X11-unix/ROS2_final_Thesis/install/rplidar_ros/share/rplidar_ros/package.dsv
[0.914s] -- Up-to-date symlink: /tmp/.X11-unix/ROS2_final_Thesis/install/rplidar_ros/share/ament_index/resource_index/packages/rplidar_ros
[0.915s] -- Up-to-date symlink: /tmp/.X11-unix/ROS2_final_Thesis/install/rplidar_ros/share/ament_index/resource_index/rclcpp_components/rplidar_ros
[0.916s] -- Up-to-date symlink: /tmp/.X11-unix/ROS2_final_Thesis/install/rplidar_ros/share/rplidar_ros/cmake/ament_cmake_export_dependencies-extras.cmake
[0.918s] -- Up-to-date symlink: /tmp/.X11-unix/ROS2_final_Thesis/install/rplidar_ros/share/rplidar_ros/cmake/ament_cmake_export_include_directories-extras.cmake
[0.919s] -- Up-to-date symlink: /tmp/.X11-unix/ROS2_final_Thesis/install/rplidar_ros/share/rplidar_ros/cmake/rplidar_rosConfig.cmake
[0.932s] -- Up-to-date symlink: /tmp/.X11-unix/ROS2_final_Thesis/install/rplidar_ros/share/rplidar_ros/cmake/rplidar_rosConfig-version.cmake
[0.933s] -- Up-to-date symlink: /tmp/.X11-unix/ROS2_final_Thesis/install/rplidar_ros/share/rplidar_ros/package.xml
[1.169s] Invoked command in '/tmp/.X11-unix/ROS2_final_Thesis/build/rplidar_ros' returned '0': CMAKE_PREFIX_PATH=${CMAKE_PREFIX_PATH}:/tmp/.X11-unix/ROS2_final_Thesis/install/yolov5_ros:/tmp/.X11-unix/ROS2_final_Thesis/install/cv_basics /usr/bin/cmake --install /tmp/.X11-unix/ROS2_final_Thesis/build/rplidar_ros
