[0.475s] Invoking command in '/tmp/.X11-unix/ROS2_final_Thesis/build/bboxes_ex_msgs': CMAKE_PREFIX_PATH=${CMAKE_PREFIX_PATH}:/tmp/.X11-unix/ROS2_final_Thesis/install/yolov5_ros:/tmp/.X11-unix/ROS2_final_Thesis/install/cv_basics /usr/bin/cmake --build /tmp/.X11-unix/ROS2_final_Thesis/build/bboxes_ex_msgs -- -j4 -l4
[0.677s] [  2%] Built target bboxes_ex_msgs__cpp
[0.714s] [ 12%] Built target bboxes_ex_msgs__rosidl_generator_c
[0.762s] [ 23%] Built target bboxes_ex_msgs__rosidl_typesupport_fastrtps_cpp
[0.765s] [ 33%] Built target bboxes_ex_msgs__rosidl_typesupport_cpp
[0.776s] [ 43%] Built target bboxes_ex_msgs__rosidl_typesupport_introspection_cpp
[0.801s] [ 53%] Built target bboxes_ex_msgs__rosidl_typesupport_introspection_c
[0.832s] [ 64%] Built target bboxes_ex_msgs__rosidl_typesupport_c
[0.852s] [ 74%] Built target bboxes_ex_msgs__rosidl_typesupport_fastrtps_c
[0.891s] [ 74%] Built target bboxes_ex_msgs
[0.936s] [ 76%] Built target bboxes_ex_msgs__py
[1.004s] [ 84%] Built target bboxes_ex_msgs__python
[1.065s] [ 89%] Built target bboxes_ex_msgs__rosidl_typesupport_introspection_c__pyext
[1.073s] [ 94%] Built target bboxes_ex_msgs__rosidl_typesupport_c__pyext
[1.075s] [100%] Built target bboxes_ex_msgs__rosidl_typesupport_fastrtps_c__pyext
[1.132s] Invoked command in '/tmp/.X11-unix/ROS2_final_Thesis/build/bboxes_ex_msgs' returned '0': CMAKE_PREFIX_PATH=${CMAKE_PREFIX_PATH}:/tmp/.X11-unix/ROS2_final_Thesis/install/yolov5_ros:/tmp/.X11-unix/ROS2_final_Thesis/install/cv_basics /usr/bin/cmake --build /tmp/.X11-unix/ROS2_final_Thesis/build/bboxes_ex_msgs -- -j4 -l4
[1.677s] Invoking command in '/tmp/.X11-unix/ROS2_final_Thesis/build/bboxes_ex_msgs': CMAKE_PREFIX_PATH=${CMAKE_PREFIX_PATH}:/tmp/.X11-unix/ROS2_final_Thesis/install/yolov5_ros:/tmp/.X11-unix/ROS2_final_Thesis/install/cv_basics /usr/bin/cmake --install /tmp/.X11-unix/ROS2_final_Thesis/build/bboxes_ex_msgs
[1.945s] -- Install configuration: ""
[1.973s] -- Execute custom install script
[1.990s] -- Up-to-date symlink: /tmp/.X11-unix/ROS2_final_Thesis/install/bboxes_ex_msgs/share/ament_index/resource_index/rosidl_interfaces/bboxes_ex_msgs
[2.012s] -- Up-to-date symlink: /tmp/.X11-unix/ROS2_final_Thesis/install/bboxes_ex_msgs/include/bboxes_ex_msgs/msg/bounding_box.h
[2.041s] -- Up-to-date symlink: /tmp/.X11-unix/ROS2_final_Thesis/install/bboxes_ex_msgs/include/bboxes_ex_msgs/msg/bounding_boxes.h
[2.059s] -- Up-to-date symlink: /tmp/.X11-unix/ROS2_final_Thesis/install/bboxes_ex_msgs/include/bboxes_ex_msgs/msg/detail/bounding_box__functions.h
[2.060s] -- Up-to-date symlink: /tmp/.X11-unix/ROS2_final_Thesis/install/bboxes_ex_msgs/include/bboxes_ex_msgs/msg/detail/bounding_box__struct.h
[2.061s] -- Up-to-date symlink: /tmp/.X11-unix/ROS2_final_Thesis/install/bboxes_ex_msgs/include/bboxes_ex_msgs/msg/detail/bounding_box__type_support.h
[2.063s] -- Up-to-date symlink: /tmp/.X11-unix/ROS2_final_Thesis/install/bboxes_ex_msgs/include/bboxes_ex_msgs/msg/detail/bounding_boxes__functions.h
[2.064s] -- Up-to-date symlink: /tmp/.X11-unix/ROS2_final_Thesis/install/bboxes_ex_msgs/include/bboxes_ex_msgs/msg/detail/bounding_boxes__struct.h
[2.064s] -- Up-to-date symlink: /tmp/.X11-unix/ROS2_final_Thesis/install/bboxes_ex_msgs/include/bboxes_ex_msgs/msg/detail/bounding_boxes__type_support.h
[2.065s] -- Up-to-date symlink: /tmp/.X11-unix/ROS2_final_Thesis/install/bboxes_ex_msgs/include/bboxes_ex_msgs/msg/rosidl_generator_c__visibility_control.h
[2.066s] -- Up-to-date symlink: /tmp/.X11-unix/ROS2_final_Thesis/install/bboxes_ex_msgs/share/bboxes_ex_msgs/environment/library_path.sh
[2.067s] -- Up-to-date symlink: /tmp/.X11-unix/ROS2_final_Thesis/install/bboxes_ex_msgs/share/bboxes_ex_msgs/environment/library_path.dsv
[2.068s] -- Up-to-date symlink: /tmp/.X11-unix/ROS2_final_Thesis/install/bboxes_ex_msgs/include/bboxes_ex_msgs/msg/detail/bounding_box__rosidl_typesupport_fastrtps_c.h
[2.069s] -- Up-to-date symlink: /tmp/.X11-unix/ROS2_final_Thesis/install/bboxes_ex_msgs/include/bboxes_ex_msgs/msg/detail/bounding_boxes__rosidl_typesupport_fastrtps_c.h
[2.069s] -- Up-to-date symlink: /tmp/.X11-unix/ROS2_final_Thesis/install/bboxes_ex_msgs/include/bboxes_ex_msgs/msg/rosidl_typesupport_fastrtps_c__visibility_control.h
[2.071s] -- Up-to-date symlink: /tmp/.X11-unix/ROS2_final_Thesis/install/bboxes_ex_msgs/lib/libbboxes_ex_msgs__rosidl_typesupport_fastrtps_c.so
[2.072s] -- Up-to-date symlink: /tmp/.X11-unix/ROS2_final_Thesis/install/bboxes_ex_msgs/include/bboxes_ex_msgs/msg/detail/bounding_box__rosidl_typesupport_fastrtps_cpp.hpp
[2.073s] -- Up-to-date symlink: /tmp/.X11-unix/ROS2_final_Thesis/install/bboxes_ex_msgs/include/bboxes_ex_msgs/msg/detail/bounding_boxes__rosidl_typesupport_fastrtps_cpp.hpp
[2.074s] -- Up-to-date symlink: /tmp/.X11-unix/ROS2_final_Thesis/install/bboxes_ex_msgs/include/bboxes_ex_msgs/msg/rosidl_typesupport_fastrtps_cpp__visibility_control.h
[2.075s] -- Up-to-date symlink: /tmp/.X11-unix/ROS2_final_Thesis/install/bboxes_ex_msgs/lib/libbboxes_ex_msgs__rosidl_typesupport_fastrtps_cpp.so
[2.076s] -- Up-to-date symlink: /tmp/.X11-unix/ROS2_final_Thesis/install/bboxes_ex_msgs/include/bboxes_ex_msgs/msg/detail/bounding_box__rosidl_typesupport_introspection_c.h
[2.076s] -- Up-to-date symlink: /tmp/.X11-unix/ROS2_final_Thesis/install/bboxes_ex_msgs/include/bboxes_ex_msgs/msg/detail/bounding_boxes__rosidl_typesupport_introspection_c.h
[2.077s] -- Up-to-date symlink: /tmp/.X11-unix/ROS2_final_Thesis/install/bboxes_ex_msgs/include/bboxes_ex_msgs/msg/rosidl_typesupport_introspection_c__visibility_control.h
[2.078s] -- Up-to-date symlink: /tmp/.X11-unix/ROS2_final_Thesis/install/bboxes_ex_msgs/include/bboxes_ex_msgs/msg/bounding_box.hpp
[2.078s] -- Up-to-date symlink: /tmp/.X11-unix/ROS2_final_Thesis/install/bboxes_ex_msgs/include/bboxes_ex_msgs/msg/bounding_boxes.hpp
[2.079s] -- Up-to-date symlink: /tmp/.X11-unix/ROS2_final_Thesis/install/bboxes_ex_msgs/include/bboxes_ex_msgs/msg/detail/bounding_box__builder.hpp
[2.080s] -- Up-to-date symlink: /tmp/.X11-unix/ROS2_final_Thesis/install/bboxes_ex_msgs/include/bboxes_ex_msgs/msg/detail/bounding_box__struct.hpp
[2.080s] -- Up-to-date symlink: /tmp/.X11-unix/ROS2_final_Thesis/install/bboxes_ex_msgs/include/bboxes_ex_msgs/msg/detail/bounding_box__traits.hpp
[2.081s] -- Up-to-date symlink: /tmp/.X11-unix/ROS2_final_Thesis/install/bboxes_ex_msgs/include/bboxes_ex_msgs/msg/detail/bounding_boxes__builder.hpp
[2.081s] -- Up-to-date symlink: /tmp/.X11-unix/ROS2_final_Thesis/install/bboxes_ex_msgs/include/bboxes_ex_msgs/msg/detail/bounding_boxes__struct.hpp
[2.082s] -- Up-to-date symlink: /tmp/.X11-unix/ROS2_final_Thesis/install/bboxes_ex_msgs/include/bboxes_ex_msgs/msg/detail/bounding_boxes__traits.hpp
[2.083s] -- Up-to-date symlink: /tmp/.X11-unix/ROS2_final_Thesis/install/bboxes_ex_msgs/include/bboxes_ex_msgs/msg/detail/bounding_box__rosidl_typesupport_introspection_cpp.hpp
[2.083s] -- Up-to-date symlink: /tmp/.X11-unix/ROS2_final_Thesis/install/bboxes_ex_msgs/include/bboxes_ex_msgs/msg/detail/bounding_boxes__rosidl_typesupport_introspection_cpp.hpp
[2.084s] -- Up-to-date symlink: /tmp/.X11-unix/ROS2_final_Thesis/install/bboxes_ex_msgs/share/bboxes_ex_msgs/environment/pythonpath.sh
[2.090s] -- Up-to-date symlink: /tmp/.X11-unix/ROS2_final_Thesis/install/bboxes_ex_msgs/share/bboxes_ex_msgs/environment/pythonpath.dsv
[2.126s] -- Up-to-date symlink: /tmp/.X11-unix/ROS2_final_Thesis/install/bboxes_ex_msgs/lib/python3.6/site-packages/bboxes_ex_msgs/__init__.py
[2.127s] -- Up-to-date symlink: /tmp/.X11-unix/ROS2_final_Thesis/install/bboxes_ex_msgs/lib/python3.6/site-packages/bboxes_ex_msgs/msg/__init__.py
[2.128s] -- Up-to-date symlink: /tmp/.X11-unix/ROS2_final_Thesis/install/bboxes_ex_msgs/lib/python3.6/site-packages/bboxes_ex_msgs/msg/_bounding_box.py
[2.128s] -- Up-to-date symlink: /tmp/.X11-unix/ROS2_final_Thesis/install/bboxes_ex_msgs/lib/python3.6/site-packages/bboxes_ex_msgs/msg/_bounding_boxes.py
[2.130s] -- Up-to-date symlink: /tmp/.X11-unix/ROS2_final_Thesis/install/bboxes_ex_msgs/lib/python3.6/site-packages/bboxes_ex_msgs/bboxes_ex_msgs_s__rosidl_typesupport_fastrtps_c.cpython-36m-aarch64-linux-gnu.so
[2.132s] -- Up-to-date symlink: /tmp/.X11-unix/ROS2_final_Thesis/install/bboxes_ex_msgs/lib/python3.6/site-packages/bboxes_ex_msgs/bboxes_ex_msgs_s__rosidl_typesupport_introspection_c.cpython-36m-aarch64-linux-gnu.so
[2.133s] -- Up-to-date symlink: /tmp/.X11-unix/ROS2_final_Thesis/install/bboxes_ex_msgs/lib/python3.6/site-packages/bboxes_ex_msgs/bboxes_ex_msgs_s__rosidl_typesupport_c.cpython-36m-aarch64-linux-gnu.so
[2.135s] -- Up-to-date symlink: /tmp/.X11-unix/ROS2_final_Thesis/install/bboxes_ex_msgs/lib/libbboxes_ex_msgs__python.so
[2.136s] -- Up-to-date symlink: /tmp/.X11-unix/ROS2_final_Thesis/install/bboxes_ex_msgs/share/bboxes_ex_msgs/msg/BoundingBox.idl
[2.139s] -- Up-to-date symlink: /tmp/.X11-unix/ROS2_final_Thesis/install/bboxes_ex_msgs/share/bboxes_ex_msgs/msg/BoundingBoxes.idl
[2.141s] -- Up-to-date symlink: /tmp/.X11-unix/ROS2_final_Thesis/install/bboxes_ex_msgs/share/bboxes_ex_msgs/msg/BoundingBox.msg
[2.147s] -- Up-to-date symlink: /tmp/.X11-unix/ROS2_final_Thesis/install/bboxes_ex_msgs/share/bboxes_ex_msgs/msg/BoundingBoxes.msg
[2.163s] -- Up-to-date symlink: /tmp/.X11-unix/ROS2_final_Thesis/install/bboxes_ex_msgs/share/ament_index/resource_index/package_run_dependencies/bboxes_ex_msgs
[2.174s] -- Up-to-date symlink: /tmp/.X11-unix/ROS2_final_Thesis/install/bboxes_ex_msgs/share/ament_index/resource_index/parent_prefix_path/bboxes_ex_msgs
[2.183s] -- Up-to-date symlink: /tmp/.X11-unix/ROS2_final_Thesis/install/bboxes_ex_msgs/share/bboxes_ex_msgs/environment/ament_prefix_path.sh
[2.185s] -- Up-to-date symlink: /tmp/.X11-unix/ROS2_final_Thesis/install/bboxes_ex_msgs/share/bboxes_ex_msgs/environment/ament_prefix_path.dsv
[2.185s] -- Up-to-date symlink: /tmp/.X11-unix/ROS2_final_Thesis/install/bboxes_ex_msgs/share/bboxes_ex_msgs/environment/path.sh
[2.186s] -- Up-to-date symlink: /tmp/.X11-unix/ROS2_final_Thesis/install/bboxes_ex_msgs/share/bboxes_ex_msgs/environment/path.dsv
[2.187s] -- Up-to-date symlink: /tmp/.X11-unix/ROS2_final_Thesis/install/bboxes_ex_msgs/share/bboxes_ex_msgs/local_setup.bash
[2.188s] -- Up-to-date symlink: /tmp/.X11-unix/ROS2_final_Thesis/install/bboxes_ex_msgs/share/bboxes_ex_msgs/local_setup.sh
[2.189s] -- Up-to-date symlink: /tmp/.X11-unix/ROS2_final_Thesis/install/bboxes_ex_msgs/share/bboxes_ex_msgs/local_setup.zsh
[2.190s] -- Up-to-date symlink: /tmp/.X11-unix/ROS2_final_Thesis/install/bboxes_ex_msgs/share/bboxes_ex_msgs/local_setup.dsv
[2.192s] -- Symlinking: /tmp/.X11-unix/ROS2_final_Thesis/install/bboxes_ex_msgs/share/bboxes_ex_msgs/package.dsv
[2.204s] -- Up-to-date symlink: /tmp/.X11-unix/ROS2_final_Thesis/install/bboxes_ex_msgs/share/ament_index/resource_index/packages/bboxes_ex_msgs
[2.237s] -- Up-to-date symlink: /tmp/.X11-unix/ROS2_final_Thesis/install/bboxes_ex_msgs/share/bboxes_ex_msgs/cmake/rosidl_cmake-extras.cmake
[2.238s] -- Up-to-date symlink: /tmp/.X11-unix/ROS2_final_Thesis/install/bboxes_ex_msgs/share/bboxes_ex_msgs/cmake/ament_cmake_export_dependencies-extras.cmake
[2.240s] -- Up-to-date symlink: /tmp/.X11-unix/ROS2_final_Thesis/install/bboxes_ex_msgs/share/bboxes_ex_msgs/cmake/ament_cmake_export_libraries-extras.cmake
[2.241s] -- Up-to-date symlink: /tmp/.X11-unix/ROS2_final_Thesis/install/bboxes_ex_msgs/share/bboxes_ex_msgs/cmake/ament_cmake_export_targets-extras.cmake
[2.242s] -- Up-to-date symlink: /tmp/.X11-unix/ROS2_final_Thesis/install/bboxes_ex_msgs/share/bboxes_ex_msgs/cmake/ament_cmake_export_include_directories-extras.cmake
[2.244s] -- Up-to-date symlink: /tmp/.X11-unix/ROS2_final_Thesis/install/bboxes_ex_msgs/share/bboxes_ex_msgs/cmake/rosidl_cmake_export_typesupport_libraries-extras.cmake
[2.246s] -- Up-to-date symlink: /tmp/.X11-unix/ROS2_final_Thesis/install/bboxes_ex_msgs/share/bboxes_ex_msgs/cmake/rosidl_cmake_export_typesupport_targets-extras.cmake
[2.247s] -- Up-to-date symlink: /tmp/.X11-unix/ROS2_final_Thesis/install/bboxes_ex_msgs/share/bboxes_ex_msgs/cmake/bboxes_ex_msgsConfig.cmake
[2.248s] -- Up-to-date symlink: /tmp/.X11-unix/ROS2_final_Thesis/install/bboxes_ex_msgs/share/bboxes_ex_msgs/cmake/bboxes_ex_msgsConfig-version.cmake
[2.249s] -- Up-to-date symlink: /tmp/.X11-unix/ROS2_final_Thesis/install/bboxes_ex_msgs/share/bboxes_ex_msgs/package.xml
[2.251s] -- Up-to-date: /tmp/.X11-unix/ROS2_final_Thesis/install/bboxes_ex_msgs/lib/libbboxes_ex_msgs__rosidl_generator_c.so
[2.252s] -- Up-to-date: /tmp/.X11-unix/ROS2_final_Thesis/install/bboxes_ex_msgs/lib/libbboxes_ex_msgs__rosidl_typesupport_introspection_c.so
[2.253s] -- Up-to-date: /tmp/.X11-unix/ROS2_final_Thesis/install/bboxes_ex_msgs/lib/libbboxes_ex_msgs__rosidl_typesupport_c.so
[2.254s] -- Up-to-date: /tmp/.X11-unix/ROS2_final_Thesis/install/bboxes_ex_msgs/lib/libbboxes_ex_msgs__rosidl_typesupport_introspection_cpp.so
[2.256s] -- Up-to-date: /tmp/.X11-unix/ROS2_final_Thesis/install/bboxes_ex_msgs/lib/libbboxes_ex_msgs__rosidl_typesupport_cpp.so
[2.256s] -- Up-to-date: /tmp/.X11-unix/ROS2_final_Thesis/install/bboxes_ex_msgs/share/bboxes_ex_msgs/cmake/bboxes_ex_msgs__rosidl_generator_cExport.cmake
[2.257s] -- Up-to-date: /tmp/.X11-unix/ROS2_final_Thesis/install/bboxes_ex_msgs/share/bboxes_ex_msgs/cmake/bboxes_ex_msgs__rosidl_generator_cExport-noconfig.cmake
[2.258s] -- Up-to-date: /tmp/.X11-unix/ROS2_final_Thesis/install/bboxes_ex_msgs/share/bboxes_ex_msgs/cmake/bboxes_ex_msgs__rosidl_typesupport_introspection_cExport.cmake
[2.259s] -- Up-to-date: /tmp/.X11-unix/ROS2_final_Thesis/install/bboxes_ex_msgs/share/bboxes_ex_msgs/cmake/bboxes_ex_msgs__rosidl_typesupport_introspection_cExport-noconfig.cmake
[2.260s] -- Up-to-date: /tmp/.X11-unix/ROS2_final_Thesis/install/bboxes_ex_msgs/share/bboxes_ex_msgs/cmake/bboxes_ex_msgs__rosidl_typesupport_cExport.cmake
[2.261s] -- Up-to-date: /tmp/.X11-unix/ROS2_final_Thesis/install/bboxes_ex_msgs/share/bboxes_ex_msgs/cmake/bboxes_ex_msgs__rosidl_typesupport_cExport-noconfig.cmake
[2.262s] -- Up-to-date: /tmp/.X11-unix/ROS2_final_Thesis/install/bboxes_ex_msgs/share/bboxes_ex_msgs/cmake/bboxes_ex_msgs__rosidl_generator_cppExport.cmake
[2.269s] -- Up-to-date: /tmp/.X11-unix/ROS2_final_Thesis/install/bboxes_ex_msgs/share/bboxes_ex_msgs/cmake/bboxes_ex_msgs__rosidl_typesupport_introspection_cppExport.cmake
[2.290s] -- Up-to-date: /tmp/.X11-unix/ROS2_final_Thesis/install/bboxes_ex_msgs/share/bboxes_ex_msgs/cmake/bboxes_ex_msgs__rosidl_typesupport_introspection_cppExport-noconfig.cmake
[2.311s] -- Up-to-date: /tmp/.X11-unix/ROS2_final_Thesis/install/bboxes_ex_msgs/share/bboxes_ex_msgs/cmake/bboxes_ex_msgs__rosidl_typesupport_cppExport.cmake
[2.322s] -- Up-to-date: /tmp/.X11-unix/ROS2_final_Thesis/install/bboxes_ex_msgs/share/bboxes_ex_msgs/cmake/bboxes_ex_msgs__rosidl_typesupport_cppExport-noconfig.cmake
[2.326s] Invoked command in '/tmp/.X11-unix/ROS2_final_Thesis/build/bboxes_ex_msgs' returned '0': CMAKE_PREFIX_PATH=${CMAKE_PREFIX_PATH}:/tmp/.X11-unix/ROS2_final_Thesis/install/yolov5_ros:/tmp/.X11-unix/ROS2_final_Thesis/install/cv_basics /usr/bin/cmake --install /tmp/.X11-unix/ROS2_final_Thesis/build/bboxes_ex_msgs
