[0.349s] Invoking command in '/tmp/.X11-unix/ROS2_final_Thesis/build/rplidar_ros': CMAKE_PREFIX_PATH=${CMAKE_PREFIX_PATH}:/tmp/.X11-unix/ROS2_final_Thesis/install/yolov5_ros:/tmp/.X11-unix/ROS2_final_Thesis/install/cv_basics /usr/bin/cmake --build /tmp/.X11-unix/ROS2_final_Thesis/build/rplidar_ros -- -j4 -l4
[0.819s] [ 77%] Built target rplidar_composition_node
[0.915s] [100%] Built target rplidar_composition
[0.934s] Invoked command in '/tmp/.X11-unix/ROS2_final_Thesis/build/rplidar_ros' returned '0': CMAKE_PREFIX_PATH=${CMAKE_PREFIX_PATH}:/tmp/.X11-unix/ROS2_final_Thesis/install/yolov5_ros:/tmp/.X11-unix/ROS2_final_Thesis/install/cv_basics /usr/bin/cmake --build /tmp/.X11-unix/ROS2_final_Thesis/build/rplidar_ros -- -j4 -l4
[1.094s] Invoking command in '/tmp/.X11-unix/ROS2_final_Thesis/build/rplidar_ros': CMAKE_PREFIX_PATH=${CMAKE_PREFIX_PATH}:/tmp/.X11-unix/ROS2_final_Thesis/install/yolov5_ros:/tmp/.X11-unix/ROS2_final_Thesis/install/cv_basics /usr/bin/cmake --install /tmp/.X11-unix/ROS2_final_Thesis/build/rplidar_ros
[1.118s] -- Install configuration: ""
[1.129s] -- Execute custom install script
[1.130s] -- Up-to-date symlink: /tmp/.X11-unix/ROS2_final_Thesis/install/rplidar_ros/lib/rplidar_ros/rplidar_composition
[1.137s] -- Up-to-date symlink: /tmp/.X11-unix/ROS2_final_Thesis/install/rplidar_ros/share/rplidar_ros/launch/filtered_scan.py
[1.138s] -- Up-to-date symlink: /tmp/.X11-unix/ROS2_final_Thesis/install/rplidar_ros/share/rplidar_ros/launch/rplidar.launch.py
[1.140s] -- Up-to-date symlink: /tmp/.X11-unix/ROS2_final_Thesis/install/rplidar_ros/share/rplidar_ros/launch/rplidar_a3.launch.py
[1.141s] -- Up-to-date symlink: /tmp/.X11-unix/ROS2_final_Thesis/install/rplidar_ros/share/rplidar_ros/launch/rplidar_s1.launch.py
[1.142s] -- Up-to-date symlink: /tmp/.X11-unix/ROS2_final_Thesis/install/rplidar_ros/share/rplidar_ros/launch/rplidar_s1_tcp.launch.py
[1.144s] -- Up-to-date symlink: /tmp/.X11-unix/ROS2_final_Thesis/install/rplidar_ros/share/rplidar_ros/launch/test_rplidar_a3.launch.py
[1.145s] -- Up-to-date symlink: /tmp/.X11-unix/ROS2_final_Thesis/install/rplidar_ros/share/rplidar_ros/launch/view_rplidar.launch.py
[1.146s] -- Up-to-date symlink: /tmp/.X11-unix/ROS2_final_Thesis/install/rplidar_ros/share/rplidar_ros/launch/view_rplidar_a3.launch.py
[1.147s] -- Up-to-date symlink: /tmp/.X11-unix/ROS2_final_Thesis/install/rplidar_ros/share/rplidar_ros/launch/view_rplidar_s1.launch.py
[1.149s] -- Up-to-date symlink: /tmp/.X11-unix/ROS2_final_Thesis/install/rplidar_ros/share/rplidar_ros/launch/view_rplidar_s1_tcp.launch.py
[1.151s] -- Up-to-date symlink: /tmp/.X11-unix/ROS2_final_Thesis/install/rplidar_ros/share/rplidar_ros/rviz/rplidar.rviz
[1.153s] -- Up-to-date symlink: /tmp/.X11-unix/ROS2_final_Thesis/install/rplidar_ros/lib/librplidar_composition_node.so
[1.154s] -- Up-to-date symlink: /tmp/.X11-unix/ROS2_final_Thesis/install/rplidar_ros/include/rplidar_node.hpp
[1.154s] -- Up-to-date symlink: /tmp/.X11-unix/ROS2_final_Thesis/install/rplidar_ros/include/visibility.h
[1.155s] -- Up-to-date symlink: /tmp/.X11-unix/ROS2_final_Thesis/install/rplidar_ros/lib/rplidar_ros/rplidar_composition
[1.156s] -- Up-to-date symlink: /tmp/.X11-unix/ROS2_final_Thesis/install/rplidar_ros/share/ament_index/resource_index/package_run_dependencies/rplidar_ros
[1.158s] -- Up-to-date symlink: /tmp/.X11-unix/ROS2_final_Thesis/install/rplidar_ros/share/ament_index/resource_index/parent_prefix_path/rplidar_ros
[1.160s] -- Up-to-date symlink: /tmp/.X11-unix/ROS2_final_Thesis/install/rplidar_ros/share/rplidar_ros/environment/ament_prefix_path.sh
[1.161s] -- Up-to-date symlink: /tmp/.X11-unix/ROS2_final_Thesis/install/rplidar_ros/share/rplidar_ros/environment/ament_prefix_path.dsv
[1.161s] -- Up-to-date symlink: /tmp/.X11-unix/ROS2_final_Thesis/install/rplidar_ros/share/rplidar_ros/environment/path.sh
[1.165s] -- Up-to-date symlink: /tmp/.X11-unix/ROS2_final_Thesis/install/rplidar_ros/share/rplidar_ros/environment/path.dsv
[1.166s] -- Up-to-date symlink: /tmp/.X11-unix/ROS2_final_Thesis/install/rplidar_ros/share/rplidar_ros/local_setup.bash
[1.169s] -- Up-to-date symlink: /tmp/.X11-unix/ROS2_final_Thesis/install/rplidar_ros/share/rplidar_ros/local_setup.sh
[1.170s] -- Up-to-date symlink: /tmp/.X11-unix/ROS2_final_Thesis/install/rplidar_ros/share/rplidar_ros/local_setup.zsh
[1.173s] -- Up-to-date symlink: /tmp/.X11-unix/ROS2_final_Thesis/install/rplidar_ros/share/rplidar_ros/local_setup.dsv
[1.184s] -- Symlinking: /tmp/.X11-unix/ROS2_final_Thesis/install/rplidar_ros/share/rplidar_ros/package.dsv
[1.192s] -- Up-to-date symlink: /tmp/.X11-unix/ROS2_final_Thesis/install/rplidar_ros/share/ament_index/resource_index/packages/rplidar_ros
[1.194s] -- Up-to-date symlink: /tmp/.X11-unix/ROS2_final_Thesis/install/rplidar_ros/share/ament_index/resource_index/rclcpp_components/rplidar_ros
[1.195s] -- Up-to-date symlink: /tmp/.X11-unix/ROS2_final_Thesis/install/rplidar_ros/share/rplidar_ros/cmake/ament_cmake_export_dependencies-extras.cmake
[1.209s] -- Up-to-date symlink: /tmp/.X11-unix/ROS2_final_Thesis/install/rplidar_ros/share/rplidar_ros/cmake/ament_cmake_export_include_directories-extras.cmake
[1.210s] -- Up-to-date symlink: /tmp/.X11-unix/ROS2_final_Thesis/install/rplidar_ros/share/rplidar_ros/cmake/rplidar_rosConfig.cmake
[1.211s] -- Up-to-date symlink: /tmp/.X11-unix/ROS2_final_Thesis/install/rplidar_ros/share/rplidar_ros/cmake/rplidar_rosConfig-version.cmake
[1.212s] -- Up-to-date symlink: /tmp/.X11-unix/ROS2_final_Thesis/install/rplidar_ros/share/rplidar_ros/package.xml
[1.467s] Invoked command in '/tmp/.X11-unix/ROS2_final_Thesis/build/rplidar_ros' returned '0': CMAKE_PREFIX_PATH=${CMAKE_PREFIX_PATH}:/tmp/.X11-unix/ROS2_final_Thesis/install/yolov5_ros:/tmp/.X11-unix/ROS2_final_Thesis/install/cv_basics /usr/bin/cmake --install /tmp/.X11-unix/ROS2_final_Thesis/build/rplidar_ros
