-- The C compiler identification is GNU 7.5.0
-- The CXX compiler identification is GNU 7.5.0
-- Detecting C compiler ABI info
-- Detecting C compiler ABI info - done
-- Check for working C compiler: /usr/bin/cc - skipped
-- Detecting C compile features
-- Detecting C compile features - done
-- Detecting CXX compiler ABI info
-- Detecting CXX compiler ABI info - done
-- Check for working CXX compiler: /usr/bin/c++ - skipped
-- Detecting CXX compile features
-- Detecting CXX compile features - done
-- Found ament_cmake: 0.9.11 (/opt/ros/foxy/install/share/ament_cmake/cmake)
-- Found PythonInterp: /usr/bin/python3 (found suitable version "3.6.9", minimum required is "3") 
-- Using PYTHON_EXECUTABLE: /usr/bin/python3
-- Override CMake install command with custom implementation using symlinks instead of copying resources
-- Found rclcpp: 2.4.2 (/opt/ros/foxy/install/share/rclcpp/cmake)
-- Using all available rosidl_typesupport_c: rosidl_typesupport_fastrtps_c;rosidl_typesupport_introspection_c
-- Found rosidl_adapter: 1.3.0 (/opt/ros/foxy/install/share/rosidl_adapter/cmake)
-- Found OpenSSL: /usr/lib/aarch64-linux-gnu/libcrypto.so (found version "1.1.1")  
-- Found FastRTPS: /opt/ros/foxy/install/include  
-- Using all available rosidl_typesupport_cpp: rosidl_typesupport_fastrtps_cpp;rosidl_typesupport_introspection_cpp
-- Found rmw_implementation_cmake: 1.0.3 (/opt/ros/foxy/install/share/rmw_implementation_cmake/cmake)
-- Using RMW implementation 'rmw_cyclonedds_cpp' as default
-- Performing Test CMAKE_HAVE_LIBC_PTHREAD
-- Performing Test CMAKE_HAVE_LIBC_PTHREAD - Failed
-- Looking for pthread_create in pthreads
-- Looking for pthread_create in pthreads - not found
-- Looking for pthread_create in pthread
-- Looking for pthread_create in pthread - found
-- Found Threads: TRUE  
-- Found sensor_msgs: 2.0.5 (/opt/ros/foxy/install/share/sensor_msgs/cmake)
-- Found std_srvs: 2.0.5 (/opt/ros/foxy/install/share/std_srvs/cmake)
-- Configuring done
-- Generating done
-- Build files have been written to: /tmp/.X11-unix/ROS2_final_Thesis/build/sllidar_ros2
[ 14%] [32mBuilding CXX object CMakeFiles/sllidar_node.dir/sdk/src/arch/linux/net_serial.cpp.o[0m
[ 14%] [32mBuilding CXX object CMakeFiles/sllidar_client.dir/src/sllidar_client.cpp.o[0m
[ 21%] [32mBuilding CXX object CMakeFiles/sllidar_node.dir/sdk/src/arch/linux/net_socket.cpp.o[0m
[ 28%] [32mBuilding CXX object CMakeFiles/sllidar_node.dir/src/sllidar_node.cpp.o[0m
In file included from [01m[K/tmp/.X11-unix/ROS2_final_Thesis/src/sllidar_ros2/./sdk/src/sdkcommon.h:47:0[m[K,
                 from [01m[K/tmp/.X11-unix/ROS2_final_Thesis/src/sllidar_ros2/sdk/src/arch/linux/net_socket.cpp:10[m[K:
[01m[K/tmp/.X11-unix/ROS2_final_Thesis/src/sllidar_ros2/./sdk/src/hal/assert.h:1:1:[m[K [01;35m[Kwarning: [m[Knull character(s) ignored
 [01;35m[K [m[K                                                                                                                                                                                                                                                                                                                        
 [01;35m[K^[m[K
[01m[K/tmp/.X11-unix/ROS2_final_Thesis/src/sllidar_ros2/sdk/src/arch/linux/net_serial.cpp:[m[K In member function ‘[01m[Kbool rp::arch::net::raw_serial::open(const char*, uint32_t, uint32_t)[m[K’:
[01m[K/tmp/.X11-unix/ROS2_final_Thesis/src/sllidar_ros2/sdk/src/arch/linux/net_serial.cpp:97:74:[m[K [01;35m[Kwarning: [m[Kunused parameter ‘[01m[Kflags[m[K’ [[01;35m[K-Wunused-parameter[m[K]
 bool raw_serial::open(const char * portname, uint32_t baudrate, uint32_t [01;35m[Kflags[m[K)
                                                                          [01;35m[K^~~~~[m[K
[01m[K/tmp/.X11-unix/ROS2_final_Thesis/src/sllidar_ros2/sdk/src/arch/linux/net_serial.cpp:[m[K In member function ‘[01m[Kvirtual void rp::arch::net::raw_serial::flush(_u32)[m[K’:
[01m[K/tmp/.X11-unix/ROS2_final_Thesis/src/sllidar_ros2/sdk/src/arch/linux/net_serial.cpp:281:30:[m[K [01;35m[Kwarning: [m[Kunused parameter ‘[01m[Kflags[m[K’ [[01;35m[K-Wunused-parameter[m[K]
 void raw_serial::flush( _u32 [01;35m[Kflags[m[K)
                              [01;35m[K^~~~~[m[K
[01m[K/tmp/.X11-unix/ROS2_final_Thesis/src/sllidar_ros2/sdk/src/arch/linux/net_serial.cpp:[m[K In member function ‘[01m[Kvirtual int rp::arch::net::raw_serial::waitforsent(_u32, size_t*)[m[K’:
[01m[K/tmp/.X11-unix/ROS2_final_Thesis/src/sllidar_ros2/sdk/src/arch/linux/net_serial.cpp:286:34:[m[K [01;35m[Kwarning: [m[Kunused parameter ‘[01m[Ktimeout[m[K’ [[01;35m[K-Wunused-parameter[m[K]
 int raw_serial::waitforsent(_u32 [01;35m[Ktimeout[m[K, size_t * returned_size)
                                  [01;35m[K^~~~~~~[m[K
[01m[K/tmp/.X11-unix/ROS2_final_Thesis/src/sllidar_ros2/sdk/src/arch/linux/net_serial.cpp:[m[K In member function ‘[01m[Kvirtual int rp::arch::net::raw_serial::waitforrecv(_u32, size_t*)[m[K’:
[01m[K/tmp/.X11-unix/ROS2_final_Thesis/src/sllidar_ros2/sdk/src/arch/linux/net_serial.cpp:292:34:[m[K [01;35m[Kwarning: [m[Kunused parameter ‘[01m[Ktimeout[m[K’ [[01;35m[K-Wunused-parameter[m[K]
 int raw_serial::waitforrecv(_u32 [01;35m[Ktimeout[m[K, size_t * returned_size)
                                  [01;35m[K^~~~~~~[m[K
In file included from [01m[K/tmp/.X11-unix/ROS2_final_Thesis/src/sllidar_ros2/./sdk/include/rplidar_protocol.h:36:0[m[K,
                 from [01m[K/tmp/.X11-unix/ROS2_final_Thesis/src/sllidar_ros2/./sdk/include/rplidar.h:39[m[K,
                 from [01m[K/tmp/.X11-unix/ROS2_final_Thesis/src/sllidar_ros2/./sdk/src/sdkcommon.h:49[m[K,
                 from [01m[K/tmp/.X11-unix/ROS2_final_Thesis/src/sllidar_ros2/sdk/src/arch/linux/net_socket.cpp:10[m[K:
[01m[K/tmp/.X11-unix/ROS2_final_Thesis/src/sllidar_ros2/./sdk/include/sl_lidar_protocol.h:58:17:[m[K [01;35m[Kwarning: [m[KISO C++ forbids zero-size array ‘[01m[Kdata[m[K’ [[01;35m[K-Wpedantic[m[K]
     sl_u8 data[0[01;35m[K][m[K;
                 [01;35m[K^[m[K
In file included from [01m[K/tmp/.X11-unix/ROS2_final_Thesis/src/sllidar_ros2/./sdk/include/rplidar_cmd.h:36:0[m[K,
                 from [01m[K/tmp/.X11-unix/ROS2_final_Thesis/src/sllidar_ros2/./sdk/include/rplidar.h:40[m[K,
                 from [01m[K/tmp/.X11-unix/ROS2_final_Thesis/src/sllidar_ros2/./sdk/src/sdkcommon.h:49[m[K,
                 from [01m[K/tmp/.X11-unix/ROS2_final_Thesis/src/sllidar_ros2/sdk/src/arch/linux/net_socket.cpp:10[m[K:
[01m[K/tmp/.X11-unix/ROS2_final_Thesis/src/sllidar_ros2/./sdk/include/sl_lidar_cmd.h:295:21:[m[K [01;35m[Kwarning: [m[KISO C++ forbids zero-size array ‘[01m[Kpayload[m[K’ [[01;35m[K-Wpedantic[m[K]
     sl_u8  payload[0[01;35m[K][m[K;
                     [01;35m[K^[m[K
[01m[K/tmp/.X11-unix/ROS2_final_Thesis/src/sllidar_ros2/sdk/src/arch/linux/net_socket.cpp:[m[K In member function ‘[01m[Kvirtual u_result rp::net::SocketAddress::getAddressAsString(char*, size_t) const[m[K’:
[01m[K/tmp/.X11-unix/ROS2_final_Thesis/src/sllidar_ros2/sdk/src/arch/linux/net_socket.cpp:170:17:[m[K [01;35m[Kwarning: [m[Kordered comparison of pointer with integer zero [[01;35m[K-Wextra[m[K]
     return ans<=[01;35m[K0[m[K?RESULT_OPERATION_FAIL:RESULT_OK;
                 [01;35m[K^[m[K
[01m[K/tmp/.X11-unix/ROS2_final_Thesis/src/sllidar_ros2/sdk/src/arch/linux/net_socket.cpp:[m[K In member function ‘[01m[Kvirtual u_result rp::arch::net::StreamSocketImpl::send(const void*, size_t)[m[K’:
[01m[K/tmp/.X11-unix/ROS2_final_Thesis/src/sllidar_ros2/sdk/src/arch/linux/net_socket.cpp:438:17:[m[K [01;35m[Kwarning: [m[Kcomparison between signed and unsigned integer expressions [[01;35m[K-Wsign-compare[m[K]
         if ([01;35m[Kans == (int)len[m[K) {
             [01;35m[K~~~~^~~~~~~~~~~[m[K
In file included from [01m[K/tmp/.X11-unix/ROS2_final_Thesis/src/sllidar_ros2/./sdk/src/arch/linux/arch_linux.h:42:0[m[K,
                 from [01m[K/tmp/.X11-unix/ROS2_final_Thesis/src/sllidar_ros2/./sdk/src/sdkcommon.h:41[m[K,
                 from [01m[K/tmp/.X11-unix/ROS2_final_Thesis/src/sllidar_ros2/sdk/src/arch/linux/net_socket.cpp:10[m[K:
[01m[K/tmp/.X11-unix/ROS2_final_Thesis/src/sllidar_ros2/sdk/src/arch/linux/net_socket.cpp:[m[K In member function ‘[01m[Kvirtual u_result rp::arch::net::DGramSocketImpl::sendTo(const rp::net::SocketAddress&, const void*, size_t)[m[K’:
[01m[K/tmp/.X11-unix/ROS2_final_Thesis/src/sllidar_ros2/sdk/src/arch/linux/net_socket.cpp:726:24:[m[K [01;35m[Kwarning: [m[Kcomparison between signed and unsigned integer expressions [[01;35m[K-Wsign-compare[m[K]
             assert([01;35m[Kans == (int)l[m[Ken);
                    [01;35m[K~~~~^~~~~~~~~[m[K
[ 35%] [32mBuilding CXX object CMakeFiles/sllidar_node.dir/sdk/src/arch/linux/timer.cpp.o[0m
[01m[K/tmp/.X11-unix/ROS2_final_Thesis/src/sllidar_ros2/sdk/src/arch/linux/net_socket.cpp:722:47:[m[K [01;35m[Kwarning: [m[Knonnull argument ‘[01m[Ktarget[m[K’ compared to NULL [[01;35m[K-Wnonnull-compare[m[K]
         const struct sockaddr* addr = &target [01;35m[K?[m[K reinterpret_cast<const struct sockaddr*>(target.getPlatformData()) : NULL;
                                               [01;35m[K^[m[K
[ 42%] [32mBuilding CXX object CMakeFiles/sllidar_node.dir/sdk/src/hal/thread.cpp.o[0m
In file included from [01m[K/tmp/.X11-unix/ROS2_final_Thesis/src/sllidar_ros2/./sdk/src/sdkcommon.h:47:0[m[K,
                 from [01m[K/tmp/.X11-unix/ROS2_final_Thesis/src/sllidar_ros2/sdk/src/hal/thread.cpp:35[m[K:
[01m[K/tmp/.X11-unix/ROS2_final_Thesis/src/sllidar_ros2/./sdk/src/hal/assert.h:1:1:[m[K [01;35m[Kwarning: [m[Knull character(s) ignored
 [01;35m[K [m[K                                                                                                                                                                                                                                                                                                                        
 [01;35m[K^[m[K
[ 50%] [32mBuilding CXX object CMakeFiles/sllidar_node.dir/sdk/src/rplidar_driver.cpp.o[0m
In file included from [01m[K/tmp/.X11-unix/ROS2_final_Thesis/src/sllidar_ros2/sdk/src/sdkcommon.h:47:0[m[K,
                 from [01m[K/tmp/.X11-unix/ROS2_final_Thesis/src/sllidar_ros2/sdk/src/rplidar_driver.cpp:33[m[K:
[01m[K/tmp/.X11-unix/ROS2_final_Thesis/src/sllidar_ros2/sdk/src/hal/assert.h:1:1:[m[K [01;35m[Kwarning: [m[Knull character(s) ignored
 [01;35m[K [m[K                                                                                                                                                                                                                                                                                                                        
 [01;35m[K^[m[K
In file included from [01m[K/tmp/.X11-unix/ROS2_final_Thesis/src/sllidar_ros2/./sdk/include/rplidar_protocol.h:36:0[m[K,
                 from [01m[K/tmp/.X11-unix/ROS2_final_Thesis/src/sllidar_ros2/./sdk/include/rplidar.h:39[m[K,
                 from [01m[K/tmp/.X11-unix/ROS2_final_Thesis/src/sllidar_ros2/./sdk/src/sdkcommon.h:49[m[K,
                 from [01m[K/tmp/.X11-unix/ROS2_final_Thesis/src/sllidar_ros2/sdk/src/hal/thread.cpp:35[m[K:
[01m[K/tmp/.X11-unix/ROS2_final_Thesis/src/sllidar_ros2/./sdk/include/sl_lidar_protocol.h:58:17:[m[K [01;35m[Kwarning: [m[KISO C++ forbids zero-size array ‘[01m[Kdata[m[K’ [[01;35m[K-Wpedantic[m[K]
     sl_u8 data[0[01;35m[K][m[K;
                 [01;35m[K^[m[K
In file included from [01m[K/tmp/.X11-unix/ROS2_final_Thesis/src/sllidar_ros2/./sdk/include/rplidar_cmd.h:36:0[m[K,
                 from [01m[K/tmp/.X11-unix/ROS2_final_Thesis/src/sllidar_ros2/./sdk/include/rplidar.h:40[m[K,
                 from [01m[K/tmp/.X11-unix/ROS2_final_Thesis/src/sllidar_ros2/./sdk/src/sdkcommon.h:49[m[K,
                 from [01m[K/tmp/.X11-unix/ROS2_final_Thesis/src/sllidar_ros2/sdk/src/hal/thread.cpp:35[m[K:
[01m[K/tmp/.X11-unix/ROS2_final_Thesis/src/sllidar_ros2/./sdk/include/sl_lidar_cmd.h:295:21:[m[K [01;35m[Kwarning: [m[KISO C++ forbids zero-size array ‘[01m[Kpayload[m[K’ [[01;35m[K-Wpedantic[m[K]
     sl_u8  payload[0[01;35m[K][m[K;
                     [01;35m[K^[m[K
In file included from [01m[K/tmp/.X11-unix/ROS2_final_Thesis/src/sllidar_ros2/sdk/src/rplidar_driver.cpp:37:0[m[K:
[01m[K/tmp/.X11-unix/ROS2_final_Thesis/src/sllidar_ros2/sdk/src/hal/assert.h:1:1:[m[K [01;35m[Kwarning: [m[Knull character(s) ignored
 [01;35m[K [m[K                                                                                                                                                                                                                                                                                                                        
 [01;35m[K^[m[K
In file included from [01m[K/tmp/.X11-unix/ROS2_final_Thesis/src/sllidar_ros2/sdk/src/hal/thread.cpp:43:0[m[K:
[01m[K/tmp/.X11-unix/ROS2_final_Thesis/src/sllidar_ros2/./sdk/src/arch/linux/thread.hpp:[m[K In member function ‘[01m[Ku_result rp::hal::Thread::join(long unsigned int)[m[K’:
[01m[K/tmp/.X11-unix/ROS2_final_Thesis/src/sllidar_ros2/./sdk/src/arch/linux/thread.hpp:129:37:[m[K [01;35m[Kwarning: [m[Kunused parameter ‘[01m[Ktimeout[m[K’ [[01;35m[K-Wunused-parameter[m[K]
 u_result Thread::join(unsigned long [01;35m[Ktimeout[m[K)
                                     [01;35m[K^~~~~~~[m[K
[ 57%] [32mBuilding CXX object CMakeFiles/sllidar_node.dir/sdk/src/sl_crc.cpp.o[0m
In file included from [01m[K/tmp/.X11-unix/ROS2_final_Thesis/src/sllidar_ros2/./sdk/include/sl_lidar_cmd.h:36:0[m[K,
                 from [01m[K/tmp/.X11-unix/ROS2_final_Thesis/src/sllidar_ros2/./sdk/include/sl_crc.h:36[m[K,
                 from [01m[K/tmp/.X11-unix/ROS2_final_Thesis/src/sllidar_ros2/sdk/src/sl_crc.cpp:33[m[K:
[01m[K/tmp/.X11-unix/ROS2_final_Thesis/src/sllidar_ros2/./sdk/include/sl_lidar_protocol.h:58:17:[m[K [01;35m[Kwarning: [m[KISO C++ forbids zero-size array ‘[01m[Kdata[m[K’ [[01;35m[K-Wpedantic[m[K]
     sl_u8 data[0[01;35m[K][m[K;
                 [01;35m[K^[m[K
In file included from [01m[K/tmp/.X11-unix/ROS2_final_Thesis/src/sllidar_ros2/./sdk/include/sl_crc.h:36:0[m[K,
                 from [01m[K/tmp/.X11-unix/ROS2_final_Thesis/src/sllidar_ros2/sdk/src/sl_crc.cpp:33[m[K:
[01m[K/tmp/.X11-unix/ROS2_final_Thesis/src/sllidar_ros2/./sdk/include/sl_lidar_cmd.h:295:21:[m[K [01;35m[Kwarning: [m[KISO C++ forbids zero-size array ‘[01m[Kpayload[m[K’ [[01;35m[K-Wpedantic[m[K]
     sl_u8  payload[0[01;35m[K][m[K;
                     [01;35m[K^[m[K
[01m[K/tmp/.X11-unix/ROS2_final_Thesis/src/sllidar_ros2/sdk/src/sl_crc.cpp:[m[K In function ‘[01m[Ksl_u32 sl::crc32::cal(sl_u32, void*, sl_u16)[m[K’:
[01m[K/tmp/.X11-unix/ROS2_final_Thesis/src/sllidar_ros2/sdk/src/sl_crc.cpp:77:29:[m[K [01;35m[Kwarning: [m[Ksuggest parentheses around ‘[01m[K-[m[K’ in operand of ‘[01m[K&[m[K’ [[01;35m[K-Wparentheses[m[K]
         sl_u8 leftBytes = [01;35m[K4 - len[m[K & 0x3;
                           [01;35m[K~~^~~~~[m[K
[ 64%] [32mBuilding CXX object CMakeFiles/sllidar_node.dir/sdk/src/sl_lidar_driver.cpp.o[0m
In file included from [01m[K/tmp/.X11-unix/ROS2_final_Thesis/src/sllidar_ros2/sdk/src/sdkcommon.h:47:0[m[K,
                 from [01m[K/tmp/.X11-unix/ROS2_final_Thesis/src/sllidar_ros2/sdk/src/sl_lidar_driver.cpp:33[m[K:
[01m[K/tmp/.X11-unix/ROS2_final_Thesis/src/sllidar_ros2/sdk/src/hal/assert.h:1:1:[m[K [01;35m[Kwarning: [m[Knull character(s) ignored
 [01;35m[K [m[K                                                                                                                                                                                                                                                                                                                        
 [01;35m[K^[m[K
In file included from [01m[K/tmp/.X11-unix/ROS2_final_Thesis/src/sllidar_ros2/sdk/src/sl_lidar_driver.cpp:37:0[m[K:
[01m[K/tmp/.X11-unix/ROS2_final_Thesis/src/sllidar_ros2/sdk/src/hal/assert.h:1:1:[m[K [01;35m[Kwarning: [m[Knull character(s) ignored
 [01;35m[K [m[K                                                                                                                                                                                                                                                                                                                        
 [01;35m[K^[m[K
In file included from [01m[K/tmp/.X11-unix/ROS2_final_Thesis/src/sllidar_ros2/./sdk/include/rplidar_protocol.h:36:0[m[K,
                 from [01m[K/tmp/.X11-unix/ROS2_final_Thesis/src/sllidar_ros2/./sdk/include/rplidar.h:39[m[K,
                 from [01m[K/tmp/.X11-unix/ROS2_final_Thesis/src/sllidar_ros2/sdk/src/sdkcommon.h:49[m[K,
                 from [01m[K/tmp/.X11-unix/ROS2_final_Thesis/src/sllidar_ros2/sdk/src/rplidar_driver.cpp:33[m[K:
[01m[K/tmp/.X11-unix/ROS2_final_Thesis/src/sllidar_ros2/./sdk/include/sl_lidar_protocol.h:58:17:[m[K [01;35m[Kwarning: [m[KISO C++ forbids zero-size array ‘[01m[Kdata[m[K’ [[01;35m[K-Wpedantic[m[K]
     sl_u8 data[0[01;35m[K][m[K;
                 [01;35m[K^[m[K
In file included from [01m[K/tmp/.X11-unix/ROS2_final_Thesis/src/sllidar_ros2/./sdk/include/rplidar_cmd.h:36:0[m[K,
                 from [01m[K/tmp/.X11-unix/ROS2_final_Thesis/src/sllidar_ros2/./sdk/include/rplidar.h:40[m[K,
                 from [01m[K/tmp/.X11-unix/ROS2_final_Thesis/src/sllidar_ros2/sdk/src/sdkcommon.h:49[m[K,
                 from [01m[K/tmp/.X11-unix/ROS2_final_Thesis/src/sllidar_ros2/sdk/src/rplidar_driver.cpp:33[m[K:
[01m[K/tmp/.X11-unix/ROS2_final_Thesis/src/sllidar_ros2/./sdk/include/sl_lidar_cmd.h:295:21:[m[K [01;35m[Kwarning: [m[KISO C++ forbids zero-size array ‘[01m[Kpayload[m[K’ [[01;35m[K-Wpedantic[m[K]
     sl_u8  payload[0[01;35m[K][m[K;
                     [01;35m[K^[m[K
[01m[K/tmp/.X11-unix/ROS2_final_Thesis/src/sllidar_ros2/sdk/src/rplidar_driver.cpp:[m[K In member function ‘[01m[Ku_result rp::standalone::rplidar::RPlidarDriver::connect(const char*, _u32, _u32)[m[K’:
[01m[K/tmp/.X11-unix/ROS2_final_Thesis/src/sllidar_ros2/sdk/src/rplidar_driver.cpp:67:77:[m[K [01;35m[Kwarning: [m[Kunused parameter ‘[01m[Kflag[m[K’ [[01;35m[K-Wunused-parameter[m[K]
     u_result RPlidarDriver::connect(const char *path, _u32 portOrBaud, _u32 [01;35m[Kflag[m[K)
                                                                             [01;35m[K^~~~[m[K
[01m[K/tmp/.X11-unix/ROS2_final_Thesis/src/sllidar_ros2/sdk/src/rplidar_driver.cpp:[m[K In member function ‘[01m[Ku_result rp::standalone::rplidar::RPlidarDriver::reset(_u32)[m[K’:
[01m[K/tmp/.X11-unix/ROS2_final_Thesis/src/sllidar_ros2/sdk/src/rplidar_driver.cpp:101:40:[m[K [01;35m[Kwarning: [m[Kunused parameter ‘[01m[Ktimeout[m[K’ [[01;35m[K-Wunused-parameter[m[K]
     u_result RPlidarDriver::reset(_u32 [01;35m[Ktimeout[m[K)
                                        [01;35m[K^~~~~~~[m[K
[01m[K/tmp/.X11-unix/ROS2_final_Thesis/src/sllidar_ros2/sdk/src/rplidar_driver.cpp:[m[K In member function ‘[01m[Ku_result rp::standalone::rplidar::RPlidarDriver::getScanDataWithInterval(rplidar_response_measurement_node_t*, size_t&)[m[K’:
[01m[K/tmp/.X11-unix/ROS2_final_Thesis/src/sllidar_ros2/sdk/src/rplidar_driver.cpp:175:91:[m[K [01;35m[Kwarning: [m[Kunused parameter ‘[01m[Knodebuffer[m[K’ [[01;35m[K-Wunused-parameter[m[K]
     u_result RPlidarDriver::getScanDataWithInterval(rplidar_response_measurement_node_t * [01;35m[Knodebuffer[m[K, size_t & count)
                                                                                           [01;35m[K^~~~~~~~~~[m[K
[01m[K/tmp/.X11-unix/ROS2_final_Thesis/src/sllidar_ros2/sdk/src/rplidar_driver.cpp:175:112:[m[K [01;35m[Kwarning: [m[Kunused parameter ‘[01m[Kcount[m[K’ [[01;35m[K-Wunused-parameter[m[K]
     u_result RPlidarDriver::getScanDataWithInterval(rplidar_response_measurement_node_t * nodebuffer, size_t & [01;35m[Kcount[m[K)
                                                                                                                [01;35m[K^~~~~[m[K
[ 71%] [32mBuilding CXX object CMakeFiles/sllidar_node.dir/sdk/src/sl_serial_channel.cpp.o[0m
[01m[K/tmp/.X11-unix/ROS2_final_Thesis/src/sllidar_ros2/sdk/src/sl_serial_channel.cpp:33:9:[m[K [01;35m[Kwarning: [m[K#pragma once in main file
 #pragma [01;35m[Konce[m[K
         [01;35m[K^~~~[m[K
In file included from [01m[K/tmp/.X11-unix/ROS2_final_Thesis/src/sllidar_ros2/./sdk/include/rplidar_protocol.h:36:0[m[K,
                 from [01m[K/tmp/.X11-unix/ROS2_final_Thesis/src/sllidar_ros2/./sdk/include/rplidar.h:39[m[K,
                 from [01m[K/tmp/.X11-unix/ROS2_final_Thesis/src/sllidar_ros2/sdk/src/sdkcommon.h:49[m[K,
                 from [01m[K/tmp/.X11-unix/ROS2_final_Thesis/src/sllidar_ros2/sdk/src/sl_lidar_driver.cpp:33[m[K:
[01m[K/tmp/.X11-unix/ROS2_final_Thesis/src/sllidar_ros2/./sdk/include/sl_lidar_protocol.h:58:17:[m[K [01;35m[Kwarning: [m[KISO C++ forbids zero-size array ‘[01m[Kdata[m[K’ [[01;35m[K-Wpedantic[m[K]
     sl_u8 data[0[01;35m[K][m[K;
                 [01;35m[K^[m[K
In file included from [01m[K/tmp/.X11-unix/ROS2_final_Thesis/src/sllidar_ros2/./sdk/include/rplidar_cmd.h:36:0[m[K,
                 from [01m[K/tmp/.X11-unix/ROS2_final_Thesis/src/sllidar_ros2/./sdk/include/rplidar.h:40[m[K,
                 from [01m[K/tmp/.X11-unix/ROS2_final_Thesis/src/sllidar_ros2/sdk/src/sdkcommon.h:49[m[K,
                 from [01m[K/tmp/.X11-unix/ROS2_final_Thesis/src/sllidar_ros2/sdk/src/sl_lidar_driver.cpp:33[m[K:
[01m[K/tmp/.X11-unix/ROS2_final_Thesis/src/sllidar_ros2/./sdk/include/sl_lidar_cmd.h:295:21:[m[K [01;35m[Kwarning: [m[KISO C++ forbids zero-size array ‘[01m[Kpayload[m[K’ [[01;35m[K-Wpedantic[m[K]
     sl_u8  payload[0[01;35m[K][m[K;
                     [01;35m[K^[m[K
[01m[K/tmp/.X11-unix/ROS2_final_Thesis/src/sllidar_ros2/sdk/src/sl_lidar_driver.cpp:[m[K In member function ‘[01m[Kvirtual sl_result sl::SlamtecLidarDriver::reset(sl_u32)[m[K’:
[01m[K/tmp/.X11-unix/ROS2_final_Thesis/src/sllidar_ros2/sdk/src/sl_lidar_driver.cpp:273:46:[m[K [01;35m[Kwarning: [m[Kunused parameter ‘[01m[KtimeoutInMs[m[K’ [[01;35m[K-Wunused-parameter[m[K]
         sl_result reset(sl_u32 timeoutInMs = [01;35m[KDEFAULT_TIMEOUT[m[K)
                                              [01;35m[K^~~~~~~~~~~~~~~[m[K
[01m[K/tmp/.X11-unix/ROS2_final_Thesis/src/sllidar_ros2/sdk/src/sl_lidar_driver.cpp:[m[K In member function ‘[01m[Kvirtual sl_result sl::SlamtecLidarDriver::getAllSupportedScanModes(std::vector<sl::LidarScanMode>&, sl_u32)[m[K’:
[01m[K/tmp/.X11-unix/ROS2_final_Thesis/src/sllidar_ros2/sdk/src/sl_lidar_driver.cpp:286:103:[m[K [01;35m[Kwarning: [m[Kunused parameter ‘[01m[KtimeoutInMs[m[K’ [[01;35m[K-Wunused-parameter[m[K]
         sl_result getAllSupportedScanModes(std::vector<LidarScanMode>& outModes, sl_u32 timeoutInMs = [01;35m[KDEFAULT_TIMEOUT[m[K)
                                                                                                       [01;35m[K^~~~~~~~~~~~~~~[m[K
[01m[K/tmp/.X11-unix/ROS2_final_Thesis/src/sllidar_ros2/sdk/src/sl_lidar_driver.cpp:[m[K In member function ‘[01m[Kvirtual sl_result sl::SlamtecLidarDriver::startScan(bool, bool, sl_u32, sl::LidarScanMode*)[m[K’:
[01m[K/tmp/.X11-unix/ROS2_final_Thesis/src/sllidar_ros2/sdk/src/sl_lidar_driver.cpp:347:79:[m[K [01;35m[Kwarning: [m[Kunused parameter ‘[01m[Koptions[m[K’ [[01;35m[K-Wunused-parameter[m[K]
         sl_result startScan(bool force, bool useTypicalScan, sl_u32 options = [01;35m[K0[m[K, LidarScanMode* outUsedScanMode = nullptr)
                                                                               [01;35m[K^[m[K
[01m[K/tmp/.X11-unix/ROS2_final_Thesis/src/sllidar_ros2/sdk/src/sl_lidar_driver.cpp:[m[K In member function ‘[01m[Kvirtual sl_result sl::SlamtecLidarDriver::stop(sl_u32)[m[K’:
[01m[K/tmp/.X11-unix/ROS2_final_Thesis/src/sllidar_ros2/sdk/src/sl_lidar_driver.cpp:534:41:[m[K [01;35m[Kwarning: [m[Kunused parameter ‘[01m[Ktimeout[m[K’ [[01;35m[K-Wunused-parameter[m[K]
         sl_result stop(sl_u32 timeout = [01;35m[KDEFAULT_TIMEOUT[m[K)
                                         [01;35m[K^~~~~~~~~~~~~~~[m[K
[01m[K/tmp/.X11-unix/ROS2_final_Thesis/src/sllidar_ros2/sdk/src/sl_lidar_driver.cpp:[m[K In member function ‘[01m[Kvirtual sl_result sl::SlamtecLidarDriver::getDeviceInfo(sl_lidar_response_device_info_t&, sl_u32)[m[K’:
[01m[K/tmp/.X11-unix/ROS2_final_Thesis/src/sllidar_ros2/sdk/src/sl_lidar_driver.cpp:579:89:[m[K [01;35m[Kwarning: [m[Kunused parameter ‘[01m[Ktimeout[m[K’ [[01;35m[K-Wunused-parameter[m[K]
         sl_result getDeviceInfo(sl_lidar_response_device_info_t& info, sl_u32 timeout = [01;35m[KDEFAULT_TIMEOUT[m[K)
                                                                                         [01;35m[K^~~~~~~~~~~~~~~[m[K
[01m[K/tmp/.X11-unix/ROS2_final_Thesis/src/sllidar_ros2/sdk/src/sl_lidar_driver.cpp:[m[K In member function ‘[01m[Kvirtual sl_result sl::SlamtecLidarDriver::checkMotorCtrlSupport(sl::MotorCtrlSupport&, sl_u32)[m[K’:
[01m[K/tmp/.X11-unix/ROS2_final_Thesis/src/sllidar_ros2/sdk/src/sl_lidar_driver.cpp:592:86:[m[K [01;35m[Kwarning: [m[Kunused parameter ‘[01m[Ktimeout[m[K’ [[01;35m[K-Wunused-parameter[m[K]
         sl_result checkMotorCtrlSupport(MotorCtrlSupport & support, sl_u32 timeout = [01;35m[KDEFAULT_TIMEOUT[m[K)
                                                                                      [01;35m[K^~~~~~~~~~~~~~~[m[K
[01m[K/tmp/.X11-unix/ROS2_final_Thesis/src/sllidar_ros2/sdk/src/sl_lidar_driver.cpp:[m[K In member function ‘[01m[Kvirtual sl_result sl::SlamtecLidarDriver::getFrequency(const sl::LidarScanMode&, const sl_lidar_response_measurement_node_hq_t*, size_t, float&)[m[K’:
[01m[K/tmp/.X11-unix/ROS2_final_Thesis/src/sllidar_ros2/sdk/src/sl_lidar_driver.cpp:627:110:[m[K [01;35m[Kwarning: [m[Kunused parameter ‘[01m[Knodes[m[K’ [[01;35m[K-Wunused-parameter[m[K]
         sl_result getFrequency(const LidarScanMode& scanMode, const sl_lidar_response_measurement_node_hq_t* [01;35m[Knodes[m[K, size_t count, float& frequency)
                                                                                                              [01;35m[K^~~~~[m[K
[01m[K/tmp/.X11-unix/ROS2_final_Thesis/src/sllidar_ros2/sdk/src/sl_lidar_driver.cpp:[m[K In member function ‘[01m[Kvirtual sl_result sl::SlamtecLidarDriver::getHealth(sl_lidar_response_device_health_t&, sl_u32)[m[K’:
[01m[K/tmp/.X11-unix/ROS2_final_Thesis/src/sllidar_ros2/sdk/src/sl_lidar_driver.cpp:640:89:[m[K [01;35m[Kwarning: [m[Kunused parameter ‘[01m[Ktimeout[m[K’ [[01;35m[K-Wunused-parameter[m[K]
         sl_result getHealth(sl_lidar_response_device_health_t& health, sl_u32 timeout = [01;35m[KDEFAULT_TIMEOUT[m[K)
                                                                                         [01;35m[K^~~~~~~~~~~~~~~[m[K
[01m[K/tmp/.X11-unix/ROS2_final_Thesis/src/sllidar_ros2/sdk/src/sl_lidar_driver.cpp:[m[K In member function ‘[01m[Kvirtual sl_result sl::SlamtecLidarDriver::getMotorInfo(sl::LidarMotorInfo&, sl_u32)[m[K’:
[01m[K/tmp/.X11-unix/ROS2_final_Thesis/src/sllidar_ros2/sdk/src/sl_lidar_driver.cpp:730:66:[m[K [01;35m[Kwarning: [m[Kunused parameter ‘[01m[KtimeoutInMs[m[K’ [[01;35m[K-Wunused-parameter[m[K]
         sl_result getMotorInfo(LidarMotorInfo &motorInfo, sl_u32 [01;35m[KtimeoutInMs[m[K)
                                                                  [01;35m[K^~~~~~~~~~~[m[K
[01m[K/tmp/.X11-unix/ROS2_final_Thesis/src/sllidar_ros2/sdk/src/sl_lidar_driver.cpp:[m[K In member function ‘[01m[Ksl_result sl::SlamtecLidarDriver::_sendCommand(sl_u16, const void*, size_t)[m[K’:
[01m[K/tmp/.X11-unix/ROS2_final_Thesis/src/sllidar_ros2/sdk/src/sl_lidar_driver.cpp:1089:35:[m[K [01;35m[Kwarning: [m[Kcomparison between signed and unsigned integer expressions [[01;35m[K-Wsign-compare[m[K]
             for (int pos = 0; [01;35m[Kpos < cmd_packet.size()[m[K; pos++) {
                               [01;35m[K~~~~^~~~~~~~~~~~~~~~~~~[m[K
[01m[K/tmp/.X11-unix/ROS2_final_Thesis/src/sllidar_ros2/sdk/src/sl_lidar_driver.cpp:1058:19:[m[K [01;35m[Kwarning: [m[Kunused variable ‘[01m[Kpkt_header[m[K’ [[01;35m[K-Wunused-variable[m[K]
             sl_u8 [01;35m[Kpkt_header[m[K[10];
                   [01;35m[K^~~~~~~~~~[m[K
[01m[K/tmp/.X11-unix/ROS2_final_Thesis/src/sllidar_ros2/sdk/src/sl_lidar_driver.cpp:[m[K In member function ‘[01m[Kvoid sl::SlamtecLidarDriver::_ultraCapsuleToNormal(const sl_lidar_response_ultra_capsule_measurement_nodes_t&, sl_lidar_response_measurement_node_hq_t*, size_t&)[m[K’:
[01m[K/tmp/.X11-unix/ROS2_final_Thesis/src/sllidar_ros2/sdk/src/sl_lidar_driver.cpp:1370:40:[m[K [01;35m[Kwarning: [m[Kcomparison between signed and unsigned integer expressions [[01;35m[K-Wsign-compare[m[K]
                     if (([01;35m[Kdist_predict1 == 0xFFFFFE00[m[K) || (dist_predict1 == 0x1FF)) {
                          [01;35m[K~~~~~~~~~~~~~~^~~~~~~~~~~~~[m[K
[01m[K/tmp/.X11-unix/ROS2_final_Thesis/src/sllidar_ros2/sdk/src/sl_lidar_driver.cpp:1379:40:[m[K [01;35m[Kwarning: [m[Kcomparison between signed and unsigned integer expressions [[01;35m[K-Wsign-compare[m[K]
                     if (([01;35m[Kdist_predict2 == 0xFFFFFE00[m[K) || (dist_predict2 == 0x1FF)) {
                          [01;35m[K~~~~~~~~~~~~~~^~~~~~~~~~~~~[m[K
[01m[K/tmp/.X11-unix/ROS2_final_Thesis/src/sllidar_ros2/sdk/src/sl_lidar_driver.cpp:[m[K At global scope:
[01m[K/tmp/.X11-unix/ROS2_final_Thesis/src/sllidar_ros2/sdk/src/sl_lidar_driver.cpp:72:17:[m[K [01;35m[Kwarning: [m[K‘[01m[Kvoid sl::convert(const sl_lidar_response_measurement_node_hq_t&, sl_lidar_response_measurement_node_t&)[m[K’ defined but not used [[01;35m[K-Wunused-function[m[K]
     static void [01;35m[Kconvert[m[K(const sl_lidar_response_measurement_node_hq_t& from, sl_lidar_response_measurement_node_t& to)
                 [01;35m[K^~~~~~~[m[K
In file included from [01m[K/tmp/.X11-unix/ROS2_final_Thesis/src/sllidar_ros2/./sdk/include/sl_lidar_cmd.h:36:0[m[K,
                 from [01m[K/tmp/.X11-unix/ROS2_final_Thesis/src/sllidar_ros2/./sdk/include/sl_lidar_driver.h:54[m[K,
                 from [01m[K/tmp/.X11-unix/ROS2_final_Thesis/src/sllidar_ros2/sdk/src/sl_serial_channel.cpp:34[m[K:
[01m[K/tmp/.X11-unix/ROS2_final_Thesis/src/sllidar_ros2/./sdk/include/sl_lidar_protocol.h:58:17:[m[K [01;35m[Kwarning: [m[KISO C++ forbids zero-size array ‘[01m[Kdata[m[K’ [[01;35m[K-Wpedantic[m[K]
     sl_u8 data[0[01;35m[K][m[K;
                 [01;35m[K^[m[K
In file included from [01m[K/tmp/.X11-unix/ROS2_final_Thesis/src/sllidar_ros2/./sdk/include/sl_lidar_driver.h:54:0[m[K,
                 from [01m[K/tmp/.X11-unix/ROS2_final_Thesis/src/sllidar_ros2/sdk/src/sl_serial_channel.cpp:34[m[K:
[01m[K/tmp/.X11-unix/ROS2_final_Thesis/src/sllidar_ros2/./sdk/include/sl_lidar_cmd.h:295:21:[m[K [01;35m[Kwarning: [m[KISO C++ forbids zero-size array ‘[01m[Kpayload[m[K’ [[01;35m[K-Wpedantic[m[K]
     sl_u8  payload[0[01;35m[K][m[K;
                     [01;35m[K^[m[K
[01m[K/tmp/.X11-unix/ROS2_final_Thesis/src/sllidar_ros2/sdk/src/sl_lidar_driver.cpp:59:17:[m[K [01;35m[Kwarning: [m[K‘[01m[Kvoid sl::printDeprecationWarn(const char*, const char*)[m[K’ defined but not used [[01;35m[K-Wunused-function[m[K]
     static void [01;35m[KprintDeprecationWarn[m[K(const char* fn, const char* replacement)
                 [01;35m[K^~~~~~~~~~~~~~~~~~~~[m[K
[ 78%] [32mBuilding CXX object CMakeFiles/sllidar_node.dir/sdk/src/sl_tcp_channel.cpp.o[0m
[01m[K/tmp/.X11-unix/ROS2_final_Thesis/src/sllidar_ros2/sdk/src/sl_tcp_channel.cpp:33:9:[m[K [01;35m[Kwarning: [m[K#pragma once in main file
 #pragma [01;35m[Konce[m[K
         [01;35m[K^~~~[m[K
In file included from [01m[K/tmp/.X11-unix/ROS2_final_Thesis/src/sllidar_ros2/./sdk/include/sl_lidar_cmd.h:36:0[m[K,
                 from [01m[K/tmp/.X11-unix/ROS2_final_Thesis/src/sllidar_ros2/./sdk/include/sl_lidar_driver.h:54[m[K,
                 from [01m[K/tmp/.X11-unix/ROS2_final_Thesis/src/sllidar_ros2/sdk/src/sl_tcp_channel.cpp:34[m[K:
[01m[K/tmp/.X11-unix/ROS2_final_Thesis/src/sllidar_ros2/./sdk/include/sl_lidar_protocol.h:58:17:[m[K [01;35m[Kwarning: [m[KISO C++ forbids zero-size array ‘[01m[Kdata[m[K’ [[01;35m[K-Wpedantic[m[K]
     sl_u8 data[0[01;35m[K][m[K;
                 [01;35m[K^[m[K
In file included from [01m[K/tmp/.X11-unix/ROS2_final_Thesis/src/sllidar_ros2/./sdk/include/sl_lidar_driver.h:54:0[m[K,
                 from [01m[K/tmp/.X11-unix/ROS2_final_Thesis/src/sllidar_ros2/sdk/src/sl_tcp_channel.cpp:34[m[K:
[01m[K/tmp/.X11-unix/ROS2_final_Thesis/src/sllidar_ros2/./sdk/include/sl_lidar_cmd.h:295:21:[m[K [01;35m[Kwarning: [m[KISO C++ forbids zero-size array ‘[01m[Kpayload[m[K’ [[01;35m[K-Wpedantic[m[K]
     sl_u8  payload[0[01;35m[K][m[K;
                     [01;35m[K^[m[K
[01m[K/tmp/.X11-unix/ROS2_final_Thesis/src/sllidar_ros2/sdk/src/sl_tcp_channel.cpp:[m[K In member function ‘[01m[Kvoid sl::TcpChannel::setStatus(_u32)[m[K’:
[01m[K/tmp/.X11-unix/ROS2_final_Thesis/src/sllidar_ros2/sdk/src/sl_tcp_channel.cpp:95:29:[m[K [01;35m[Kwarning: [m[Kunused parameter ‘[01m[Kflag[m[K’ [[01;35m[K-Wunused-parameter[m[K]
         void setStatus(_u32 [01;35m[Kflag[m[K){}
                             [01;35m[K^~~~[m[K
[ 85%] [32mBuilding CXX object CMakeFiles/sllidar_node.dir/sdk/src/sl_udp_channel.cpp.o[0m
[01m[K/tmp/.X11-unix/ROS2_final_Thesis/src/sllidar_ros2/sdk/src/sl_udp_channel.cpp:33:9:[m[K [01;35m[Kwarning: [m[K#pragma once in main file
 #pragma [01;35m[Konce[m[K
         [01;35m[K^~~~[m[K
In file included from [01m[K/tmp/.X11-unix/ROS2_final_Thesis/src/sllidar_ros2/./sdk/include/sl_lidar_cmd.h:36:0[m[K,
                 from [01m[K/tmp/.X11-unix/ROS2_final_Thesis/src/sllidar_ros2/./sdk/include/sl_lidar_driver.h:54[m[K,
                 from [01m[K/tmp/.X11-unix/ROS2_final_Thesis/src/sllidar_ros2/./sdk/include/sl_lidar.h:36[m[K,
                 from [01m[K/tmp/.X11-unix/ROS2_final_Thesis/src/sllidar_ros2/src/sllidar_node.cpp:38[m[K:
[01m[K/tmp/.X11-unix/ROS2_final_Thesis/src/sllidar_ros2/./sdk/include/sl_lidar_protocol.h:58:17:[m[K [01;35m[Kwarning: [m[KISO C++ forbids zero-size array ‘[01m[Kdata[m[K’ [[01;35m[K-Wpedantic[m[K]
     sl_u8 data[0[01;35m[K][m[K;
                 [01;35m[K^[m[K
In file included from [01m[K/tmp/.X11-unix/ROS2_final_Thesis/src/sllidar_ros2/./sdk/include/sl_lidar_driver.h:54:0[m[K,
                 from [01m[K/tmp/.X11-unix/ROS2_final_Thesis/src/sllidar_ros2/./sdk/include/sl_lidar.h:36[m[K,
                 from [01m[K/tmp/.X11-unix/ROS2_final_Thesis/src/sllidar_ros2/src/sllidar_node.cpp:38[m[K:
[01m[K/tmp/.X11-unix/ROS2_final_Thesis/src/sllidar_ros2/./sdk/include/sl_lidar_cmd.h:295:21:[m[K [01;35m[Kwarning: [m[KISO C++ forbids zero-size array ‘[01m[Kpayload[m[K’ [[01;35m[K-Wpedantic[m[K]
     sl_u8  payload[0[01;35m[K][m[K;
                     [01;35m[K^[m[K
In file included from [01m[K/tmp/.X11-unix/ROS2_final_Thesis/src/sllidar_ros2/./sdk/include/sl_lidar_cmd.h:36:0[m[K,
                 from [01m[K/tmp/.X11-unix/ROS2_final_Thesis/src/sllidar_ros2/./sdk/include/sl_lidar_driver.h:54[m[K,
                 from [01m[K/tmp/.X11-unix/ROS2_final_Thesis/src/sllidar_ros2/sdk/src/sl_udp_channel.cpp:34[m[K:
[01m[K/tmp/.X11-unix/ROS2_final_Thesis/src/sllidar_ros2/./sdk/include/sl_lidar_protocol.h:58:17:[m[K [01;35m[Kwarning: [m[KISO C++ forbids zero-size array ‘[01m[Kdata[m[K’ [[01;35m[K-Wpedantic[m[K]
     sl_u8 data[0[01;35m[K][m[K;
                 [01;35m[K^[m[K
In file included from [01m[K/tmp/.X11-unix/ROS2_final_Thesis/src/sllidar_ros2/./sdk/include/sl_lidar_driver.h:54:0[m[K,
                 from [01m[K/tmp/.X11-unix/ROS2_final_Thesis/src/sllidar_ros2/sdk/src/sl_udp_channel.cpp:34[m[K:
[01m[K/tmp/.X11-unix/ROS2_final_Thesis/src/sllidar_ros2/./sdk/include/sl_lidar_cmd.h:295:21:[m[K [01;35m[Kwarning: [m[KISO C++ forbids zero-size array ‘[01m[Kpayload[m[K’ [[01;35m[K-Wpedantic[m[K]
     sl_u8  payload[0[01;35m[K][m[K;
                     [01;35m[K^[m[K
[01m[K/tmp/.X11-unix/ROS2_final_Thesis/src/sllidar_ros2/sdk/src/sl_udp_channel.cpp:[m[K In member function ‘[01m[Kvoid sl::UdpChannel::setStatus(_u32)[m[K’:
[01m[K/tmp/.X11-unix/ROS2_final_Thesis/src/sllidar_ros2/sdk/src/sl_udp_channel.cpp:103:29:[m[K [01;35m[Kwarning: [m[Kunused parameter ‘[01m[Kflag[m[K’ [[01;35m[K-Wunused-parameter[m[K]
         void setStatus(_u32 [01;35m[Kflag[m[K){}
                             [01;35m[K^~~~[m[K
[01m[K/tmp/.X11-unix/ROS2_final_Thesis/src/sllidar_ros2/src/sllidar_node.cpp:[m[K In member function ‘[01m[Kbool SLlidarNode::checkSLLIDARHealth(sl::ILidarDriver*)[m[K’:
[01m[K/tmp/.X11-unix/ROS2_final_Thesis/src/sllidar_ros2/src/sllidar_node.cpp:147:5:[m[K [01;35m[Kwarning: [m[Kcontrol reaches end of non-void function [[01;35m[K-Wreturn-type[m[K]
     [01;35m[K}[m[K
     [01;35m[K^[m[K
[ 92%] [32m[1mLinking CXX executable sllidar_node[0m
[ 92%] Built target sllidar_node
[100%] [32m[1mLinking CXX executable sllidar_client[0m
[100%] Built target sllidar_client
-- Install configuration: ""
-- Execute custom install script
-- Symlinking: /tmp/.X11-unix/ROS2_final_Thesis/install/sllidar_ros2/share/sllidar_ros2/launch/sllidar_a3_launch.py
-- Symlinking: /tmp/.X11-unix/ROS2_final_Thesis/install/sllidar_ros2/share/sllidar_ros2/launch/sllidar_launch.py
-- Symlinking: /tmp/.X11-unix/ROS2_final_Thesis/install/sllidar_ros2/share/sllidar_ros2/launch/sllidar_s1_launch.py
-- Symlinking: /tmp/.X11-unix/ROS2_final_Thesis/install/sllidar_ros2/share/sllidar_ros2/launch/sllidar_s1_tcp_launch.py
-- Symlinking: /tmp/.X11-unix/ROS2_final_Thesis/install/sllidar_ros2/share/sllidar_ros2/launch/sllidar_s2_launch.py
-- Symlinking: /tmp/.X11-unix/ROS2_final_Thesis/install/sllidar_ros2/share/sllidar_ros2/launch/sllidar_s2e_launch.py
-- Symlinking: /tmp/.X11-unix/ROS2_final_Thesis/install/sllidar_ros2/share/sllidar_ros2/launch/sllidar_t1_launch.py
-- Symlinking: /tmp/.X11-unix/ROS2_final_Thesis/install/sllidar_ros2/share/sllidar_ros2/launch/view_sllidar_a3_launch.py
-- Symlinking: /tmp/.X11-unix/ROS2_final_Thesis/install/sllidar_ros2/share/sllidar_ros2/launch/view_sllidar_launch.py
-- Symlinking: /tmp/.X11-unix/ROS2_final_Thesis/install/sllidar_ros2/share/sllidar_ros2/launch/view_sllidar_s1_launch.py
-- Symlinking: /tmp/.X11-unix/ROS2_final_Thesis/install/sllidar_ros2/share/sllidar_ros2/launch/view_sllidar_s1_tcp_launch.py
-- Symlinking: /tmp/.X11-unix/ROS2_final_Thesis/install/sllidar_ros2/share/sllidar_ros2/launch/view_sllidar_s2_launch.py
-- Symlinking: /tmp/.X11-unix/ROS2_final_Thesis/install/sllidar_ros2/share/sllidar_ros2/launch/view_sllidar_s2e_launch.py
-- Symlinking: /tmp/.X11-unix/ROS2_final_Thesis/install/sllidar_ros2/share/sllidar_ros2/launch/view_sllidar_t1_launch.py
-- Symlinking: /tmp/.X11-unix/ROS2_final_Thesis/install/sllidar_ros2/share/sllidar_ros2/rviz/sllidar_ros2.rviz
-- Symlinking: /tmp/.X11-unix/ROS2_final_Thesis/install/sllidar_ros2/lib/sllidar_ros2/sllidar_node
-- Symlinking: /tmp/.X11-unix/ROS2_final_Thesis/install/sllidar_ros2/lib/sllidar_ros2/sllidar_client
-- Symlinking: /tmp/.X11-unix/ROS2_final_Thesis/install/sllidar_ros2/share/ament_index/resource_index/package_run_dependencies/sllidar_ros2
-- Symlinking: /tmp/.X11-unix/ROS2_final_Thesis/install/sllidar_ros2/share/ament_index/resource_index/parent_prefix_path/sllidar_ros2
-- Symlinking: /tmp/.X11-unix/ROS2_final_Thesis/install/sllidar_ros2/share/sllidar_ros2/environment/ament_prefix_path.sh
-- Symlinking: /tmp/.X11-unix/ROS2_final_Thesis/install/sllidar_ros2/share/sllidar_ros2/environment/ament_prefix_path.dsv
-- Symlinking: /tmp/.X11-unix/ROS2_final_Thesis/install/sllidar_ros2/share/sllidar_ros2/environment/path.sh
-- Symlinking: /tmp/.X11-unix/ROS2_final_Thesis/install/sllidar_ros2/share/sllidar_ros2/environment/path.dsv
-- Symlinking: /tmp/.X11-unix/ROS2_final_Thesis/install/sllidar_ros2/share/sllidar_ros2/local_setup.bash
-- Symlinking: /tmp/.X11-unix/ROS2_final_Thesis/install/sllidar_ros2/share/sllidar_ros2/local_setup.sh
-- Symlinking: /tmp/.X11-unix/ROS2_final_Thesis/install/sllidar_ros2/share/sllidar_ros2/local_setup.zsh
-- Symlinking: /tmp/.X11-unix/ROS2_final_Thesis/install/sllidar_ros2/share/sllidar_ros2/local_setup.dsv
-- Symlinking: /tmp/.X11-unix/ROS2_final_Thesis/install/sllidar_ros2/share/sllidar_ros2/package.dsv
-- Symlinking: /tmp/.X11-unix/ROS2_final_Thesis/install/sllidar_ros2/share/ament_index/resource_index/packages/sllidar_ros2
-- Symlinking: /tmp/.X11-unix/ROS2_final_Thesis/install/sllidar_ros2/share/sllidar_ros2/cmake/ament_cmake_export_dependencies-extras.cmake
-- Symlinking: /tmp/.X11-unix/ROS2_final_Thesis/install/sllidar_ros2/share/sllidar_ros2/cmake/ament_cmake_export_include_directories-extras.cmake
-- Symlinking: /tmp/.X11-unix/ROS2_final_Thesis/install/sllidar_ros2/share/sllidar_ros2/cmake/sllidar_ros2Config.cmake
-- Symlinking: /tmp/.X11-unix/ROS2_final_Thesis/install/sllidar_ros2/share/sllidar_ros2/cmake/sllidar_ros2Config-version.cmake
-- Symlinking: /tmp/.X11-unix/ROS2_final_Thesis/install/sllidar_ros2/share/sllidar_ros2/package.xml
