[0.370s] Invoking command in '/tmp/.X11-unix/ROS2_final_Thesis/build/bboxes_ex_msgs': CMAKE_PREFIX_PATH=${CMAKE_PREFIX_PATH}:/tmp/.X11-unix/ROS2_final_Thesis/install/yolov5_ros:/tmp/.X11-unix/ROS2_final_Thesis/install/cv_basics /usr/bin/cmake --build /tmp/.X11-unix/ROS2_final_Thesis/build/bboxes_ex_msgs -- -j4 -l4
[0.778s] [  2%] Built target bboxes_ex_msgs__cpp
[0.893s] [ 12%] Built target bboxes_ex_msgs__rosidl_generator_c
[0.957s] [ 23%] Built target bboxes_ex_msgs__rosidl_typesupport_introspection_cpp
[1.018s] [ 33%] Built target bboxes_ex_msgs__rosidl_typesupport_introspection_c
[1.081s] [ 43%] Built target bboxes_ex_msgs__rosidl_typesupport_c
[1.160s] [ 53%] Built target bboxes_ex_msgs__rosidl_typesupport_fastrtps_cpp
[1.236s] [ 64%] Built target bboxes_ex_msgs__rosidl_typesupport_cpp
[1.316s] [ 74%] Built target bboxes_ex_msgs__rosidl_typesupport_fastrtps_c
[1.374s] [ 74%] Built target bboxes_ex_msgs
[1.414s] [ 76%] Built target bboxes_ex_msgs__py
[1.486s] [ 84%] Built target bboxes_ex_msgs__python
[1.552s] [ 89%] Built target bboxes_ex_msgs__rosidl_typesupport_fastrtps_c__pyext
[1.639s] [ 94%] Built target bboxes_ex_msgs__rosidl_typesupport_c__pyext
[1.764s] [100%] Built target bboxes_ex_msgs__rosidl_typesupport_introspection_c__pyext
[1.824s] Invoked command in '/tmp/.X11-unix/ROS2_final_Thesis/build/bboxes_ex_msgs' returned '0': CMAKE_PREFIX_PATH=${CMAKE_PREFIX_PATH}:/tmp/.X11-unix/ROS2_final_Thesis/install/yolov5_ros:/tmp/.X11-unix/ROS2_final_Thesis/install/cv_basics /usr/bin/cmake --build /tmp/.X11-unix/ROS2_final_Thesis/build/bboxes_ex_msgs -- -j4 -l4
[2.580s] Invoking command in '/tmp/.X11-unix/ROS2_final_Thesis/build/bboxes_ex_msgs': CMAKE_PREFIX_PATH=${CMAKE_PREFIX_PATH}:/tmp/.X11-unix/ROS2_final_Thesis/install/yolov5_ros:/tmp/.X11-unix/ROS2_final_Thesis/install/cv_basics /usr/bin/cmake --install /tmp/.X11-unix/ROS2_final_Thesis/build/bboxes_ex_msgs
[2.618s] -- Install configuration: ""
[2.623s] -- Execute custom install script
[2.631s] -- Up-to-date symlink: /tmp/.X11-unix/ROS2_final_Thesis/install/bboxes_ex_msgs/share/ament_index/resource_index/rosidl_interfaces/bboxes_ex_msgs
[2.635s] -- Up-to-date symlink: /tmp/.X11-unix/ROS2_final_Thesis/install/bboxes_ex_msgs/include/bboxes_ex_msgs/msg/bounding_box.h
[2.637s] -- Up-to-date symlink: /tmp/.X11-unix/ROS2_final_Thesis/install/bboxes_ex_msgs/include/bboxes_ex_msgs/msg/bounding_boxes.h
[2.645s] -- Up-to-date symlink: /tmp/.X11-unix/ROS2_final_Thesis/install/bboxes_ex_msgs/include/bboxes_ex_msgs/msg/detail/bounding_box__functions.h
[2.653s] -- Up-to-date symlink: /tmp/.X11-unix/ROS2_final_Thesis/install/bboxes_ex_msgs/include/bboxes_ex_msgs/msg/detail/bounding_box__struct.h
[2.655s] -- Up-to-date symlink: /tmp/.X11-unix/ROS2_final_Thesis/install/bboxes_ex_msgs/include/bboxes_ex_msgs/msg/detail/bounding_box__type_support.h
[2.656s] -- Up-to-date symlink: /tmp/.X11-unix/ROS2_final_Thesis/install/bboxes_ex_msgs/include/bboxes_ex_msgs/msg/detail/bounding_boxes__functions.h
[2.656s] -- Up-to-date symlink: /tmp/.X11-unix/ROS2_final_Thesis/install/bboxes_ex_msgs/include/bboxes_ex_msgs/msg/detail/bounding_boxes__struct.h
[2.663s] -- Up-to-date symlink: /tmp/.X11-unix/ROS2_final_Thesis/install/bboxes_ex_msgs/include/bboxes_ex_msgs/msg/detail/bounding_boxes__type_support.h
[2.677s] -- Up-to-date symlink: /tmp/.X11-unix/ROS2_final_Thesis/install/bboxes_ex_msgs/include/bboxes_ex_msgs/msg/rosidl_generator_c__visibility_control.h
[2.678s] -- Up-to-date symlink: /tmp/.X11-unix/ROS2_final_Thesis/install/bboxes_ex_msgs/share/bboxes_ex_msgs/environment/library_path.sh
[2.679s] -- Up-to-date symlink: /tmp/.X11-unix/ROS2_final_Thesis/install/bboxes_ex_msgs/share/bboxes_ex_msgs/environment/library_path.dsv
[2.680s] -- Up-to-date symlink: /tmp/.X11-unix/ROS2_final_Thesis/install/bboxes_ex_msgs/include/bboxes_ex_msgs/msg/detail/bounding_box__rosidl_typesupport_fastrtps_c.h
[2.681s] -- Up-to-date symlink: /tmp/.X11-unix/ROS2_final_Thesis/install/bboxes_ex_msgs/include/bboxes_ex_msgs/msg/detail/bounding_boxes__rosidl_typesupport_fastrtps_c.h
[2.681s] -- Up-to-date symlink: /tmp/.X11-unix/ROS2_final_Thesis/install/bboxes_ex_msgs/include/bboxes_ex_msgs/msg/rosidl_typesupport_fastrtps_c__visibility_control.h
[2.686s] -- Up-to-date symlink: /tmp/.X11-unix/ROS2_final_Thesis/install/bboxes_ex_msgs/lib/libbboxes_ex_msgs__rosidl_typesupport_fastrtps_c.so
[2.687s] -- Up-to-date symlink: /tmp/.X11-unix/ROS2_final_Thesis/install/bboxes_ex_msgs/include/bboxes_ex_msgs/msg/detail/bounding_box__rosidl_typesupport_fastrtps_cpp.hpp
[2.688s] -- Up-to-date symlink: /tmp/.X11-unix/ROS2_final_Thesis/install/bboxes_ex_msgs/include/bboxes_ex_msgs/msg/detail/bounding_boxes__rosidl_typesupport_fastrtps_cpp.hpp
[2.692s] -- Up-to-date symlink: /tmp/.X11-unix/ROS2_final_Thesis/install/bboxes_ex_msgs/include/bboxes_ex_msgs/msg/rosidl_typesupport_fastrtps_cpp__visibility_control.h
[2.695s] -- Up-to-date symlink: /tmp/.X11-unix/ROS2_final_Thesis/install/bboxes_ex_msgs/lib/libbboxes_ex_msgs__rosidl_typesupport_fastrtps_cpp.so
[2.700s] -- Up-to-date symlink: /tmp/.X11-unix/ROS2_final_Thesis/install/bboxes_ex_msgs/include/bboxes_ex_msgs/msg/detail/bounding_box__rosidl_typesupport_introspection_c.h
[2.703s] -- Up-to-date symlink: /tmp/.X11-unix/ROS2_final_Thesis/install/bboxes_ex_msgs/include/bboxes_ex_msgs/msg/detail/bounding_boxes__rosidl_typesupport_introspection_c.h
[2.704s] -- Up-to-date symlink: /tmp/.X11-unix/ROS2_final_Thesis/install/bboxes_ex_msgs/include/bboxes_ex_msgs/msg/rosidl_typesupport_introspection_c__visibility_control.h
[2.709s] -- Up-to-date symlink: /tmp/.X11-unix/ROS2_final_Thesis/install/bboxes_ex_msgs/include/bboxes_ex_msgs/msg/bounding_box.hpp
[2.710s] -- Up-to-date symlink: /tmp/.X11-unix/ROS2_final_Thesis/install/bboxes_ex_msgs/include/bboxes_ex_msgs/msg/bounding_boxes.hpp
[2.710s] -- Up-to-date symlink: /tmp/.X11-unix/ROS2_final_Thesis/install/bboxes_ex_msgs/include/bboxes_ex_msgs/msg/detail/bounding_box__builder.hpp
[2.716s] -- Up-to-date symlink: /tmp/.X11-unix/ROS2_final_Thesis/install/bboxes_ex_msgs/include/bboxes_ex_msgs/msg/detail/bounding_box__struct.hpp
[2.717s] -- Up-to-date symlink: /tmp/.X11-unix/ROS2_final_Thesis/install/bboxes_ex_msgs/include/bboxes_ex_msgs/msg/detail/bounding_box__traits.hpp
[2.718s] -- Up-to-date symlink: /tmp/.X11-unix/ROS2_final_Thesis/install/bboxes_ex_msgs/include/bboxes_ex_msgs/msg/detail/bounding_boxes__builder.hpp
[2.719s] -- Up-to-date symlink: /tmp/.X11-unix/ROS2_final_Thesis/install/bboxes_ex_msgs/include/bboxes_ex_msgs/msg/detail/bounding_boxes__struct.hpp
[2.721s] -- Up-to-date symlink: /tmp/.X11-unix/ROS2_final_Thesis/install/bboxes_ex_msgs/include/bboxes_ex_msgs/msg/detail/bounding_boxes__traits.hpp
[2.738s] -- Up-to-date symlink: /tmp/.X11-unix/ROS2_final_Thesis/install/bboxes_ex_msgs/include/bboxes_ex_msgs/msg/detail/bounding_box__rosidl_typesupport_introspection_cpp.hpp
[2.738s] -- Up-to-date symlink: /tmp/.X11-unix/ROS2_final_Thesis/install/bboxes_ex_msgs/include/bboxes_ex_msgs/msg/detail/bounding_boxes__rosidl_typesupport_introspection_cpp.hpp
[2.754s] -- Up-to-date symlink: /tmp/.X11-unix/ROS2_final_Thesis/install/bboxes_ex_msgs/share/bboxes_ex_msgs/environment/pythonpath.sh
[2.762s] -- Up-to-date symlink: /tmp/.X11-unix/ROS2_final_Thesis/install/bboxes_ex_msgs/share/bboxes_ex_msgs/environment/pythonpath.dsv
[2.765s] -- Up-to-date symlink: /tmp/.X11-unix/ROS2_final_Thesis/install/bboxes_ex_msgs/lib/python3.6/site-packages/bboxes_ex_msgs/__init__.py
[2.767s] -- Up-to-date symlink: /tmp/.X11-unix/ROS2_final_Thesis/install/bboxes_ex_msgs/lib/python3.6/site-packages/bboxes_ex_msgs/msg/__init__.py
[2.772s] -- Up-to-date symlink: /tmp/.X11-unix/ROS2_final_Thesis/install/bboxes_ex_msgs/lib/python3.6/site-packages/bboxes_ex_msgs/msg/_bounding_box.py
[2.773s] -- Up-to-date symlink: /tmp/.X11-unix/ROS2_final_Thesis/install/bboxes_ex_msgs/lib/python3.6/site-packages/bboxes_ex_msgs/msg/_bounding_boxes.py
[2.775s] -- Up-to-date symlink: /tmp/.X11-unix/ROS2_final_Thesis/install/bboxes_ex_msgs/lib/python3.6/site-packages/bboxes_ex_msgs/bboxes_ex_msgs_s__rosidl_typesupport_fastrtps_c.cpython-36m-aarch64-linux-gnu.so
[2.778s] -- Up-to-date symlink: /tmp/.X11-unix/ROS2_final_Thesis/install/bboxes_ex_msgs/lib/python3.6/site-packages/bboxes_ex_msgs/bboxes_ex_msgs_s__rosidl_typesupport_introspection_c.cpython-36m-aarch64-linux-gnu.so
[2.779s] -- Up-to-date symlink: /tmp/.X11-unix/ROS2_final_Thesis/install/bboxes_ex_msgs/lib/python3.6/site-packages/bboxes_ex_msgs/bboxes_ex_msgs_s__rosidl_typesupport_c.cpython-36m-aarch64-linux-gnu.so
[2.780s] -- Up-to-date symlink: /tmp/.X11-unix/ROS2_final_Thesis/install/bboxes_ex_msgs/lib/libbboxes_ex_msgs__python.so
[2.781s] -- Up-to-date symlink: /tmp/.X11-unix/ROS2_final_Thesis/install/bboxes_ex_msgs/share/bboxes_ex_msgs/msg/BoundingBox.idl
[2.782s] -- Up-to-date symlink: /tmp/.X11-unix/ROS2_final_Thesis/install/bboxes_ex_msgs/share/bboxes_ex_msgs/msg/BoundingBoxes.idl
[2.784s] -- Up-to-date symlink: /tmp/.X11-unix/ROS2_final_Thesis/install/bboxes_ex_msgs/share/bboxes_ex_msgs/msg/BoundingBox.msg
[2.790s] -- Up-to-date symlink: /tmp/.X11-unix/ROS2_final_Thesis/install/bboxes_ex_msgs/share/bboxes_ex_msgs/msg/BoundingBoxes.msg
[2.795s] -- Up-to-date symlink: /tmp/.X11-unix/ROS2_final_Thesis/install/bboxes_ex_msgs/share/ament_index/resource_index/package_run_dependencies/bboxes_ex_msgs
[2.797s] -- Up-to-date symlink: /tmp/.X11-unix/ROS2_final_Thesis/install/bboxes_ex_msgs/share/ament_index/resource_index/parent_prefix_path/bboxes_ex_msgs
[2.797s] -- Up-to-date symlink: /tmp/.X11-unix/ROS2_final_Thesis/install/bboxes_ex_msgs/share/bboxes_ex_msgs/environment/ament_prefix_path.sh
[2.798s] -- Up-to-date symlink: /tmp/.X11-unix/ROS2_final_Thesis/install/bboxes_ex_msgs/share/bboxes_ex_msgs/environment/ament_prefix_path.dsv
[2.799s] -- Up-to-date symlink: /tmp/.X11-unix/ROS2_final_Thesis/install/bboxes_ex_msgs/share/bboxes_ex_msgs/environment/path.sh
[2.805s] -- Up-to-date symlink: /tmp/.X11-unix/ROS2_final_Thesis/install/bboxes_ex_msgs/share/bboxes_ex_msgs/environment/path.dsv
[2.807s] -- Up-to-date symlink: /tmp/.X11-unix/ROS2_final_Thesis/install/bboxes_ex_msgs/share/bboxes_ex_msgs/local_setup.bash
[2.808s] -- Up-to-date symlink: /tmp/.X11-unix/ROS2_final_Thesis/install/bboxes_ex_msgs/share/bboxes_ex_msgs/local_setup.sh
[2.809s] -- Up-to-date symlink: /tmp/.X11-unix/ROS2_final_Thesis/install/bboxes_ex_msgs/share/bboxes_ex_msgs/local_setup.zsh
[2.811s] -- Up-to-date symlink: /tmp/.X11-unix/ROS2_final_Thesis/install/bboxes_ex_msgs/share/bboxes_ex_msgs/local_setup.dsv
[2.812s] -- Symlinking: /tmp/.X11-unix/ROS2_final_Thesis/install/bboxes_ex_msgs/share/bboxes_ex_msgs/package.dsv
[2.831s] -- Up-to-date symlink: /tmp/.X11-unix/ROS2_final_Thesis/install/bboxes_ex_msgs/share/ament_index/resource_index/packages/bboxes_ex_msgs
[2.833s] -- Up-to-date symlink: /tmp/.X11-unix/ROS2_final_Thesis/install/bboxes_ex_msgs/share/bboxes_ex_msgs/cmake/rosidl_cmake-extras.cmake
[2.835s] -- Up-to-date symlink: /tmp/.X11-unix/ROS2_final_Thesis/install/bboxes_ex_msgs/share/bboxes_ex_msgs/cmake/ament_cmake_export_dependencies-extras.cmake
[2.839s] -- Up-to-date symlink: /tmp/.X11-unix/ROS2_final_Thesis/install/bboxes_ex_msgs/share/bboxes_ex_msgs/cmake/ament_cmake_export_libraries-extras.cmake
[2.845s] -- Up-to-date symlink: /tmp/.X11-unix/ROS2_final_Thesis/install/bboxes_ex_msgs/share/bboxes_ex_msgs/cmake/ament_cmake_export_targets-extras.cmake
[2.849s] -- Up-to-date symlink: /tmp/.X11-unix/ROS2_final_Thesis/install/bboxes_ex_msgs/share/bboxes_ex_msgs/cmake/ament_cmake_export_include_directories-extras.cmake
[2.850s] -- Up-to-date symlink: /tmp/.X11-unix/ROS2_final_Thesis/install/bboxes_ex_msgs/share/bboxes_ex_msgs/cmake/rosidl_cmake_export_typesupport_libraries-extras.cmake
[2.855s] -- Up-to-date symlink: /tmp/.X11-unix/ROS2_final_Thesis/install/bboxes_ex_msgs/share/bboxes_ex_msgs/cmake/rosidl_cmake_export_typesupport_targets-extras.cmake
[2.861s] -- Up-to-date symlink: /tmp/.X11-unix/ROS2_final_Thesis/install/bboxes_ex_msgs/share/bboxes_ex_msgs/cmake/bboxes_ex_msgsConfig.cmake
[2.862s] -- Up-to-date symlink: /tmp/.X11-unix/ROS2_final_Thesis/install/bboxes_ex_msgs/share/bboxes_ex_msgs/cmake/bboxes_ex_msgsConfig-version.cmake
[2.864s] -- Up-to-date symlink: /tmp/.X11-unix/ROS2_final_Thesis/install/bboxes_ex_msgs/share/bboxes_ex_msgs/package.xml
[2.865s] -- Up-to-date: /tmp/.X11-unix/ROS2_final_Thesis/install/bboxes_ex_msgs/lib/libbboxes_ex_msgs__rosidl_generator_c.so
[2.870s] -- Up-to-date: /tmp/.X11-unix/ROS2_final_Thesis/install/bboxes_ex_msgs/lib/libbboxes_ex_msgs__rosidl_typesupport_introspection_c.so
[2.870s] -- Up-to-date: /tmp/.X11-unix/ROS2_final_Thesis/install/bboxes_ex_msgs/lib/libbboxes_ex_msgs__rosidl_typesupport_c.so
[2.871s] -- Up-to-date: /tmp/.X11-unix/ROS2_final_Thesis/install/bboxes_ex_msgs/lib/libbboxes_ex_msgs__rosidl_typesupport_introspection_cpp.so
[2.879s] -- Up-to-date: /tmp/.X11-unix/ROS2_final_Thesis/install/bboxes_ex_msgs/lib/libbboxes_ex_msgs__rosidl_typesupport_cpp.so
[3.178s] -- Up-to-date: /tmp/.X11-unix/ROS2_final_Thesis/install/bboxes_ex_msgs/share/bboxes_ex_msgs/cmake/bboxes_ex_msgs__rosidl_generator_cExport.cmake
[3.180s] -- Up-to-date: /tmp/.X11-unix/ROS2_final_Thesis/install/bboxes_ex_msgs/share/bboxes_ex_msgs/cmake/bboxes_ex_msgs__rosidl_generator_cExport-noconfig.cmake
[3.182s] -- Up-to-date: /tmp/.X11-unix/ROS2_final_Thesis/install/bboxes_ex_msgs/share/bboxes_ex_msgs/cmake/bboxes_ex_msgs__rosidl_typesupport_introspection_cExport.cmake
[3.183s] -- Up-to-date: /tmp/.X11-unix/ROS2_final_Thesis/install/bboxes_ex_msgs/share/bboxes_ex_msgs/cmake/bboxes_ex_msgs__rosidl_typesupport_introspection_cExport-noconfig.cmake
[3.184s] -- Up-to-date: /tmp/.X11-unix/ROS2_final_Thesis/install/bboxes_ex_msgs/share/bboxes_ex_msgs/cmake/bboxes_ex_msgs__rosidl_typesupport_cExport.cmake
[3.184s] -- Up-to-date: /tmp/.X11-unix/ROS2_final_Thesis/install/bboxes_ex_msgs/share/bboxes_ex_msgs/cmake/bboxes_ex_msgs__rosidl_typesupport_cExport-noconfig.cmake
[3.185s] -- Up-to-date: /tmp/.X11-unix/ROS2_final_Thesis/install/bboxes_ex_msgs/share/bboxes_ex_msgs/cmake/bboxes_ex_msgs__rosidl_generator_cppExport.cmake
[3.186s] -- Up-to-date: /tmp/.X11-unix/ROS2_final_Thesis/install/bboxes_ex_msgs/share/bboxes_ex_msgs/cmake/bboxes_ex_msgs__rosidl_typesupport_introspection_cppExport.cmake
[3.189s] -- Up-to-date: /tmp/.X11-unix/ROS2_final_Thesis/install/bboxes_ex_msgs/share/bboxes_ex_msgs/cmake/bboxes_ex_msgs__rosidl_typesupport_introspection_cppExport-noconfig.cmake
[3.210s] -- Up-to-date: /tmp/.X11-unix/ROS2_final_Thesis/install/bboxes_ex_msgs/share/bboxes_ex_msgs/cmake/bboxes_ex_msgs__rosidl_typesupport_cppExport.cmake
[3.211s] -- Up-to-date: /tmp/.X11-unix/ROS2_final_Thesis/install/bboxes_ex_msgs/share/bboxes_ex_msgs/cmake/bboxes_ex_msgs__rosidl_typesupport_cppExport-noconfig.cmake
[3.217s] Invoked command in '/tmp/.X11-unix/ROS2_final_Thesis/build/bboxes_ex_msgs' returned '0': CMAKE_PREFIX_PATH=${CMAKE_PREFIX_PATH}:/tmp/.X11-unix/ROS2_final_Thesis/install/yolov5_ros:/tmp/.X11-unix/ROS2_final_Thesis/install/cv_basics /usr/bin/cmake --install /tmp/.X11-unix/ROS2_final_Thesis/build/bboxes_ex_msgs
