-- The C compiler identification is GNU 7.5.0
-- The CXX compiler identification is GNU 7.5.0
-- Detecting C compiler ABI info
-- Detecting C compiler ABI info - done
-- Check for working C compiler: /usr/bin/cc - skipped
-- Detecting C compile features
-- Detecting C compile features - done
-- Detecting CXX compiler ABI info
-- Detecting CXX compiler ABI info - done
-- Check for working CXX compiler: /usr/bin/c++ - skipped
-- Detecting CXX compile features
-- Detecting CXX compile features - done
-- Found ament_cmake_auto: 0.9.11 (/opt/ros/foxy/install/share/ament_cmake_auto/cmake)
-- Found PythonInterp: /usr/bin/python3 (found suitable version "3.6.9", minimum required is "3") 
-- Using PYTHON_EXECUTABLE: /usr/bin/python3
-- Override CMake install command with custom implementation using symlinks instead of copying resources
-- Found ament_cmake_ros: 0.9.2 (/opt/ros/foxy/install/share/ament_cmake_ros/cmake)
-- Using all available rosidl_typesupport_c: rosidl_typesupport_fastrtps_c;rosidl_typesupport_introspection_c
-- Found rosidl_adapter: 1.3.0 (/opt/ros/foxy/install/share/rosidl_adapter/cmake)
-- Found OpenSSL: /usr/lib/aarch64-linux-gnu/libcrypto.so (found version "1.1.1")  
-- Found FastRTPS: /opt/ros/foxy/install/include  
-- Using all available rosidl_typesupport_cpp: rosidl_typesupport_fastrtps_cpp;rosidl_typesupport_introspection_cpp
-- Found rmw_implementation_cmake: 1.0.3 (/opt/ros/foxy/install/share/rmw_implementation_cmake/cmake)
-- Using RMW implementation 'rmw_cyclonedds_cpp' as default
-- Performing Test CMAKE_HAVE_LIBC_PTHREAD
-- Performing Test CMAKE_HAVE_LIBC_PTHREAD - Failed
-- Looking for pthread_create in pthreads
-- Looking for pthread_create in pthreads - not found
-- Looking for pthread_create in pthread
-- Looking for pthread_create in pthread - found
-- Found Threads: TRUE  
-- Configuring done
-- Generating done
-- Build files have been written to: /tmp/.X11-unix/ROS2_final_Thesis/build/rplidar_ros
[ 11%] [32mBuilding CXX object CMakeFiles/rplidar_composition_node.dir/sdk/src/arch/linux/timer.cpp.o[0m
[ 22%] [32mBuilding CXX object CMakeFiles/rplidar_composition_node.dir/sdk/src/arch/linux/net_socket.cpp.o[0m
[ 33%] [32mBuilding CXX object CMakeFiles/rplidar_composition_node.dir/src/rplidar_node.cpp.o[0m
[ 44%] [32mBuilding CXX object CMakeFiles/rplidar_composition_node.dir/sdk/src/arch/linux/net_serial.cpp.o[0m
In file included from [01m[K/tmp/.X11-unix/ROS2_final_Thesis/src/rplidar_ros2/src/rplidar_node.cpp:36:0[m[K:
[01m[K/tmp/.X11-unix/ROS2_final_Thesis/src/rplidar_ros2/include/rplidar_node.hpp:50:0:[m[K [01;35m[Kwarning: [m[K"M_PI" redefined
 #define M_PI 3.1415926535897932384626433832795
 
In file included from [01m[K/usr/include/c++/7/cmath:45:0[m[K,
                 from [01m[K/opt/ros/foxy/install/include/libstatistics_collector/moving_average_statistics/types.hpp:18[m[K,
                 from [01m[K/opt/ros/foxy/install/include/libstatistics_collector/collector/generate_statistics_message.hpp:24[m[K,
                 from [01m[K/opt/ros/foxy/install/include/rclcpp/topic_statistics/subscription_topic_statistics.hpp:23[m[K,
                 from [01m[K/opt/ros/foxy/install/include/rclcpp/subscription.hpp:50[m[K,
                 from [01m[K/opt/ros/foxy/install/include/rclcpp/any_executable.hpp:25[m[K,
                 from [01m[K/opt/ros/foxy/install/include/rclcpp/memory_strategy.hpp:24[m[K,
                 from [01m[K/opt/ros/foxy/install/include/rclcpp/memory_strategies.hpp:18[m[K,
                 from [01m[K/opt/ros/foxy/install/include/rclcpp/executor_options.hpp:20[m[K,
                 from [01m[K/opt/ros/foxy/install/include/rclcpp/executor.hpp:33[m[K,
                 from [01m[K/opt/ros/foxy/install/include/rclcpp/executors/multi_threaded_executor.hpp:26[m[K,
                 from [01m[K/opt/ros/foxy/install/include/rclcpp/executors.hpp:21[m[K,
                 from [01m[K/opt/ros/foxy/install/include/rclcpp/rclcpp.hpp:146[m[K,
                 from [01m[K/tmp/.X11-unix/ROS2_final_Thesis/src/rplidar_ros2/include/rplidar_node.hpp:34[m[K,
                 from [01m[K/tmp/.X11-unix/ROS2_final_Thesis/src/rplidar_ros2/src/rplidar_node.cpp:36[m[K:
[01m[K/usr/include/math.h:777:0:[m[K [01;36m[Knote: [m[Kthis is the location of the previous definition
 # define M_PI  3.14159265358979323846 /* pi */
 
[01m[K/tmp/.X11-unix/ROS2_final_Thesis/src/rplidar_ros2/sdk/src/arch/linux/net_serial.cpp:[m[K In member function ‘[01m[Kbool rp::arch::net::raw_serial::open(const char*, uint32_t, uint32_t)[m[K’:
[01m[K/tmp/.X11-unix/ROS2_final_Thesis/src/rplidar_ros2/sdk/src/arch/linux/net_serial.cpp:97:74:[m[K [01;35m[Kwarning: [m[Kunused parameter ‘[01m[Kflags[m[K’ [[01;35m[K-Wunused-parameter[m[K]
 bool raw_serial::open(const char * portname, uint32_t baudrate, uint32_t [01;35m[Kflags[m[K)
                                                                          [01;35m[K^~~~~[m[K
[01m[K/tmp/.X11-unix/ROS2_final_Thesis/src/rplidar_ros2/sdk/src/arch/linux/net_serial.cpp:[m[K In member function ‘[01m[Kvirtual void rp::arch::net::raw_serial::flush(_u32)[m[K’:
[01m[K/tmp/.X11-unix/ROS2_final_Thesis/src/rplidar_ros2/sdk/src/arch/linux/net_serial.cpp:281:30:[m[K [01;35m[Kwarning: [m[Kunused parameter ‘[01m[Kflags[m[K’ [[01;35m[K-Wunused-parameter[m[K]
 void raw_serial::flush( _u32 [01;35m[Kflags[m[K)
                              [01;35m[K^~~~~[m[K
[01m[K/tmp/.X11-unix/ROS2_final_Thesis/src/rplidar_ros2/sdk/src/arch/linux/net_serial.cpp:[m[K In member function ‘[01m[Kvirtual int rp::arch::net::raw_serial::waitforsent(_u32, size_t*)[m[K’:
[01m[K/tmp/.X11-unix/ROS2_final_Thesis/src/rplidar_ros2/sdk/src/arch/linux/net_serial.cpp:286:34:[m[K [01;35m[Kwarning: [m[Kunused parameter ‘[01m[Ktimeout[m[K’ [[01;35m[K-Wunused-parameter[m[K]
 int raw_serial::waitforsent(_u32 [01;35m[Ktimeout[m[K, size_t * returned_size)
                                  [01;35m[K^~~~~~~[m[K
[01m[K/tmp/.X11-unix/ROS2_final_Thesis/src/rplidar_ros2/sdk/src/arch/linux/net_serial.cpp:[m[K In member function ‘[01m[Kvirtual int rp::arch::net::raw_serial::waitforrecv(_u32, size_t*)[m[K’:
[01m[K/tmp/.X11-unix/ROS2_final_Thesis/src/rplidar_ros2/sdk/src/arch/linux/net_serial.cpp:292:34:[m[K [01;35m[Kwarning: [m[Kunused parameter ‘[01m[Ktimeout[m[K’ [[01;35m[K-Wunused-parameter[m[K]
 int raw_serial::waitforrecv(_u32 [01;35m[Ktimeout[m[K, size_t * returned_size)
                                  [01;35m[K^~~~~~~[m[K
In file included from [01m[K/tmp/.X11-unix/ROS2_final_Thesis/src/rplidar_ros2/./sdk/include/rplidar.h:39:0[m[K,
                 from [01m[K/tmp/.X11-unix/ROS2_final_Thesis/src/rplidar_ros2/./sdk/src/sdkcommon.h:48[m[K,
                 from [01m[K/tmp/.X11-unix/ROS2_final_Thesis/src/rplidar_ros2/sdk/src/arch/linux/net_socket.cpp:10[m[K:
[01m[K/tmp/.X11-unix/ROS2_final_Thesis/src/rplidar_ros2/./sdk/include/rplidar_protocol.h:59:15:[m[K [01;35m[Kwarning: [m[KISO C++ forbids zero-size array ‘[01m[Kdata[m[K’ [[01;35m[K-Wpedantic[m[K]
     _u8 data[0[01;35m[K][m[K;
               [01;35m[K^[m[K
In file included from [01m[K/tmp/.X11-unix/ROS2_final_Thesis/src/rplidar_ros2/./sdk/include/rplidar.h:40:0[m[K,
                 from [01m[K/tmp/.X11-unix/ROS2_final_Thesis/src/rplidar_ros2/./sdk/src/sdkcommon.h:48[m[K,
                 from [01m[K/tmp/.X11-unix/ROS2_final_Thesis/src/rplidar_ros2/sdk/src/arch/linux/net_socket.cpp:10[m[K:
[01m[K/tmp/.X11-unix/ROS2_final_Thesis/src/rplidar_ros2/./sdk/include/rplidar_cmd.h:260:19:[m[K [01;35m[Kwarning: [m[KISO C++ forbids zero-size array ‘[01m[Kpayload[m[K’ [[01;35m[K-Wpedantic[m[K]
     _u8  payload[0[01;35m[K][m[K;
                   [01;35m[K^[m[K
[01m[K/tmp/.X11-unix/ROS2_final_Thesis/src/rplidar_ros2/sdk/src/arch/linux/net_socket.cpp:[m[K In member function ‘[01m[Kvirtual u_result rp::arch::net::StreamSocketImpl::send(const void*, size_t)[m[K’:
[01m[K/tmp/.X11-unix/ROS2_final_Thesis/src/rplidar_ros2/sdk/src/arch/linux/net_socket.cpp:438:17:[m[K [01;35m[Kwarning: [m[Kcomparison between signed and unsigned integer expressions [[01;35m[K-Wsign-compare[m[K]
         if ([01;35m[Kans == (int)len[m[K) {
             [01;35m[K~~~~^~~~~~~~~~~[m[K
In file included from [01m[K/tmp/.X11-unix/ROS2_final_Thesis/src/rplidar_ros2/./sdk/src/arch/linux/arch_linux.h:42:0[m[K,
                 from [01m[K/tmp/.X11-unix/ROS2_final_Thesis/src/rplidar_ros2/./sdk/src/sdkcommon.h:40[m[K,
                 from [01m[K/tmp/.X11-unix/ROS2_final_Thesis/src/rplidar_ros2/sdk/src/arch/linux/net_socket.cpp:10[m[K:
[01m[K/tmp/.X11-unix/ROS2_final_Thesis/src/rplidar_ros2/sdk/src/arch/linux/net_socket.cpp:[m[K In member function ‘[01m[Kvirtual u_result rp::arch::net::DGramSocketImpl::sendTo(const rp::net::SocketAddress&, const void*, size_t)[m[K’:
[01m[K/tmp/.X11-unix/ROS2_final_Thesis/src/rplidar_ros2/sdk/src/arch/linux/net_socket.cpp:726:24:[m[K [01;35m[Kwarning: [m[Kcomparison between signed and unsigned integer expressions [[01;35m[K-Wsign-compare[m[K]
             assert([01;35m[Kans == (int)l[m[Ken);
                    [01;35m[K~~~~^~~~~~~~~[m[K
[ 55%] [32mBuilding CXX object CMakeFiles/rplidar_composition_node.dir/sdk/src/hal/thread.cpp.o[0m
[ 66%] [32mBuilding CXX object CMakeFiles/rplidar_composition_node.dir/sdk/src/rplidar_driver.cpp.o[0m
In file included from [01m[K/tmp/.X11-unix/ROS2_final_Thesis/src/rplidar_ros2/./sdk/include/rplidar.h:39:0[m[K,
                 from [01m[K/tmp/.X11-unix/ROS2_final_Thesis/src/rplidar_ros2/./sdk/src/sdkcommon.h:48[m[K,
                 from [01m[K/tmp/.X11-unix/ROS2_final_Thesis/src/rplidar_ros2/sdk/src/hal/thread.cpp:35[m[K:
[01m[K/tmp/.X11-unix/ROS2_final_Thesis/src/rplidar_ros2/./sdk/include/rplidar_protocol.h:59:15:[m[K [01;35m[Kwarning: [m[KISO C++ forbids zero-size array ‘[01m[Kdata[m[K’ [[01;35m[K-Wpedantic[m[K]
     _u8 data[0[01;35m[K][m[K;
               [01;35m[K^[m[K
In file included from [01m[K/tmp/.X11-unix/ROS2_final_Thesis/src/rplidar_ros2/./sdk/include/rplidar.h:40:0[m[K,
                 from [01m[K/tmp/.X11-unix/ROS2_final_Thesis/src/rplidar_ros2/./sdk/src/sdkcommon.h:48[m[K,
                 from [01m[K/tmp/.X11-unix/ROS2_final_Thesis/src/rplidar_ros2/sdk/src/hal/thread.cpp:35[m[K:
[01m[K/tmp/.X11-unix/ROS2_final_Thesis/src/rplidar_ros2/./sdk/include/rplidar_cmd.h:260:19:[m[K [01;35m[Kwarning: [m[KISO C++ forbids zero-size array ‘[01m[Kpayload[m[K’ [[01;35m[K-Wpedantic[m[K]
     _u8  payload[0[01;35m[K][m[K;
                   [01;35m[K^[m[K
In file included from [01m[K/tmp/.X11-unix/ROS2_final_Thesis/src/rplidar_ros2/sdk/src/hal/thread.cpp:43:0[m[K:
[01m[K/tmp/.X11-unix/ROS2_final_Thesis/src/rplidar_ros2/./sdk/src/arch/linux/thread.hpp:[m[K In member function ‘[01m[Ku_result rp::hal::Thread::join(long unsigned int)[m[K’:
[01m[K/tmp/.X11-unix/ROS2_final_Thesis/src/rplidar_ros2/./sdk/src/arch/linux/thread.hpp:129:37:[m[K [01;35m[Kwarning: [m[Kunused parameter ‘[01m[Ktimeout[m[K’ [[01;35m[K-Wunused-parameter[m[K]
 u_result Thread::join(unsigned long [01;35m[Ktimeout[m[K)
                                     [01;35m[K^~~~~~~[m[K
In file included from [01m[K/tmp/.X11-unix/ROS2_final_Thesis/src/rplidar_ros2/./sdk/include/rplidar.h:39:0[m[K,
                 from [01m[K/tmp/.X11-unix/ROS2_final_Thesis/src/rplidar_ros2/sdk/src/sdkcommon.h:48[m[K,
                 from [01m[K/tmp/.X11-unix/ROS2_final_Thesis/src/rplidar_ros2/sdk/src/rplidar_driver.cpp:35[m[K:
[01m[K/tmp/.X11-unix/ROS2_final_Thesis/src/rplidar_ros2/./sdk/include/rplidar_protocol.h:59:15:[m[K [01;35m[Kwarning: [m[KISO C++ forbids zero-size array ‘[01m[Kdata[m[K’ [[01;35m[K-Wpedantic[m[K]
     _u8 data[0[01;35m[K][m[K;
               [01;35m[K^[m[K
In file included from [01m[K/tmp/.X11-unix/ROS2_final_Thesis/src/rplidar_ros2/./sdk/include/rplidar.h:40:0[m[K,
                 from [01m[K/tmp/.X11-unix/ROS2_final_Thesis/src/rplidar_ros2/sdk/src/sdkcommon.h:48[m[K,
                 from [01m[K/tmp/.X11-unix/ROS2_final_Thesis/src/rplidar_ros2/sdk/src/rplidar_driver.cpp:35[m[K:
[01m[K/tmp/.X11-unix/ROS2_final_Thesis/src/rplidar_ros2/./sdk/include/rplidar_cmd.h:260:19:[m[K [01;35m[Kwarning: [m[KISO C++ forbids zero-size array ‘[01m[Kpayload[m[K’ [[01;35m[K-Wpedantic[m[K]
     _u8  payload[0[01;35m[K][m[K;
                   [01;35m[K^[m[K
[01m[K/tmp/.X11-unix/ROS2_final_Thesis/src/rplidar_ros2/sdk/src/rplidar_driver.cpp:[m[K In member function ‘[01m[Kvirtual u_result rp::standalone::rplidar::RPlidarDriverImplCommon::reset(_u32)[m[K’:
[01m[K/tmp/.X11-unix/ROS2_final_Thesis/src/rplidar_ros2/sdk/src/rplidar_driver.cpp:121:46:[m[K [01;35m[Kwarning: [m[Kunused parameter ‘[01m[Ktimeout[m[K’ [[01;35m[K-Wunused-parameter[m[K]
 u_result RPlidarDriverImplCommon::reset(_u32 [01;35m[Ktimeout[m[K)
                                              [01;35m[K^~~~~~~[m[K
[01m[K/tmp/.X11-unix/ROS2_final_Thesis/src/rplidar_ros2/sdk/src/rplidar_driver.cpp:[m[K In member function ‘[01m[Kvirtual u_result rp::standalone::rplidar::RPlidarDriverImplCommon::checkIfTofLidar(bool&, _u32)[m[K’:
[01m[K/tmp/.X11-unix/ROS2_final_Thesis/src/rplidar_ros2/sdk/src/rplidar_driver.cpp:275:75:[m[K [01;35m[Kwarning: [m[Kunused parameter ‘[01m[Ktimeout[m[K’ [[01;35m[K-Wunused-parameter[m[K]
 u_result RPlidarDriverImplCommon::checkIfTofLidar(bool & isTofLidar, _u32 [01;35m[Ktimeout[m[K)
                                                                           [01;35m[K^~~~~~~[m[K
[01m[K/tmp/.X11-unix/ROS2_final_Thesis/src/rplidar_ros2/sdk/src/rplidar_driver.cpp:[m[K In member function ‘[01m[Kvirtual int rp::standalone::rplidar::RPlidarDriverImplCommon::_getSyncBitByAngle(int, int)[m[K’:
[01m[K/tmp/.X11-unix/ROS2_final_Thesis/src/rplidar_ros2/sdk/src/rplidar_driver.cpp:671:16:[m[K [01;35m[Kwarning: [m[Kvariable ‘[01m[Klast_angleInc_q16[m[K’ set but not used [[01;35m[K-Wunused-but-set-variable[m[K]
     static int [01;35m[Klast_angleInc_q16[m[K = 0;
                [01;35m[K^~~~~~~~~~~~~~~~~[m[K
[01m[K/tmp/.X11-unix/ROS2_final_Thesis/src/rplidar_ros2/sdk/src/rplidar_driver.cpp:673:9:[m[K [01;35m[Kwarning: [m[Kunused variable ‘[01m[KsyncBit_check_threshold[m[K’ [[01;35m[K-Wunused-variable[m[K]
     int [01;35m[KsyncBit_check_threshold[m[K = (int)((5 << 16) / angleInc_q16) + 1;//find syncBit in 0~3 degree
         [01;35m[K^~~~~~~~~~~~~~~~~~~~~~~[m[K
[01m[K/tmp/.X11-unix/ROS2_final_Thesis/src/rplidar_ros2/sdk/src/rplidar_driver.cpp:[m[K In member function ‘[01m[Kvirtual u_result rp::standalone::rplidar::RPlidarDriverImplCommon::_cacheUltraCapsuledScanData()[m[K’:
[01m[K/tmp/.X11-unix/ROS2_final_Thesis/src/rplidar_ros2/sdk/src/rplidar_driver.cpp:771:46:[m[K [01;35m[Kwarning: [m[Kunused variable ‘[01m[Klast_scan_count[m[K’ [[01;35m[K-Wunused-variable[m[K]
     size_t                                   [01;35m[Klast_scan_count[m[K = 0;
                                              [01;35m[K^~~~~~~~~~~~~~~[m[K
[01m[K/tmp/.X11-unix/ROS2_final_Thesis/src/rplidar_ros2/sdk/src/rplidar_driver.cpp:[m[K In member function ‘[01m[Kvirtual void rp::standalone::rplidar::RPlidarDriverImplCommon::_capsuleToNormal(const rplidar_response_capsule_measurement_nodes_t&, rplidar_response_measurement_node_hq_t*, size_t&)[m[K’:
[01m[K/tmp/.X11-unix/ROS2_final_Thesis/src/rplidar_ros2/sdk/src/rplidar_driver.cpp:850:17:[m[K [01;35m[Kwarning: [m[Kunused variable ‘[01m[KsyncBit_check_threshold[m[K’ [[01;35m[K-Wunused-variable[m[K]
             int [01;35m[KsyncBit_check_threshold[m[K = (int)((2 << 16) / angleInc_q16) + 1;//find syncBit in 0~1 degree
                 [01;35m[K^~~~~~~~~~~~~~~~~~~~~~~[m[K
[01m[K/tmp/.X11-unix/ROS2_final_Thesis/src/rplidar_ros2/sdk/src/rplidar_driver.cpp:[m[K In function ‘[01m[K_u32 rp::standalone::rplidar::_crc32cal(_u32, void*, _u16)[m[K’:
[01m[K/tmp/.X11-unix/ROS2_final_Thesis/src/rplidar_ros2/sdk/src/rplidar_driver.cpp:1027:23:[m[K [01;35m[Kwarning: [m[Ksuggest parentheses around ‘[01m[K-[m[K’ in operand of ‘[01m[K&[m[K’ [[01;35m[K-Wparentheses[m[K]
     _u8 leftBytes = [01;35m[K4 - len[m[K & 0x3;
                     [01;35m[K~~^~~~~[m[K
[01m[K/tmp/.X11-unix/ROS2_final_Thesis/src/rplidar_ros2/sdk/src/rplidar_driver.cpp:[m[K In member function ‘[01m[Kvirtual void rp::standalone::rplidar::RPlidarDriverImplCommon::_ultraCapsuleToNormal(const rplidar_response_ultra_capsule_measurement_nodes_t&, rplidar_response_measurement_node_hq_t*, size_t&)[m[K’:
[01m[K/tmp/.X11-unix/ROS2_final_Thesis/src/rplidar_ros2/sdk/src/rplidar_driver.cpp:1238:32:[m[K [01;35m[Kwarning: [m[Kcomparison between signed and unsigned integer expressions [[01;35m[K-Wsign-compare[m[K]
             if (([01;35m[Kdist_predict1 == 0xFFFFFE00[m[K) || (dist_predict1 == 0x1FF)) {
                  [01;35m[K~~~~~~~~~~~~~~^~~~~~~~~~~~~[m[K
[01m[K/tmp/.X11-unix/ROS2_final_Thesis/src/rplidar_ros2/sdk/src/rplidar_driver.cpp:1246:32:[m[K [01;35m[Kwarning: [m[Kcomparison between signed and unsigned integer expressions [[01;35m[K-Wsign-compare[m[K]
             if (([01;35m[Kdist_predict2 == 0xFFFFFE00[m[K) || (dist_predict2 == 0x1FF)) {
                  [01;35m[K~~~~~~~~~~~~~~^~~~~~~~~~~~~[m[K
[01m[K/tmp/.X11-unix/ROS2_final_Thesis/src/rplidar_ros2/sdk/src/rplidar_driver.cpp:1256:21:[m[K [01;35m[Kwarning: [m[Kunused variable ‘[01m[KsyncBit_check_threshold[m[K’ [[01;35m[K-Wunused-variable[m[K]
                 int [01;35m[KsyncBit_check_threshold[m[K = (int)((3 << 16) / angleInc_q16)+1;//find syncBit in 0~1 degree
                     [01;35m[K^~~~~~~~~~~~~~~~~~~~~~~[m[K
[01m[K/tmp/.X11-unix/ROS2_final_Thesis/src/rplidar_ros2/sdk/src/rplidar_driver.cpp:[m[K In member function ‘[01m[Kvirtual u_result rp::standalone::rplidar::RPlidarDriverImplCommon::getAllSupportedScanModes(std::vector<rp::standalone::rplidar::RplidarScanMode>&, _u32)[m[K’:
[01m[K/tmp/.X11-unix/ROS2_final_Thesis/src/rplidar_ros2/sdk/src/rplidar_driver.cpp:1484:105:[m[K [01;35m[Kwarning: [m[Kunused parameter ‘[01m[KtimeoutInMs[m[K’ [[01;35m[K-Wunused-parameter[m[K]
 u_result RPlidarDriverImplCommon::getAllSupportedScanModes(std::vector<RplidarScanMode>& outModes, _u32 [01;35m[KtimeoutInMs[m[K)
                                                                                                         [01;35m[K^~~~~~~~~~~[m[K
[01m[K/tmp/.X11-unix/ROS2_final_Thesis/src/rplidar_ros2/sdk/src/rplidar_driver.cpp:[m[K In member function ‘[01m[Kvirtual u_result rp::standalone::rplidar::RPlidarDriverImplCommon::startScan(bool, bool, _u32, rp::standalone::rplidar::RplidarScanMode*)[m[K’:
[01m[K/tmp/.X11-unix/ROS2_final_Thesis/src/rplidar_ros2/sdk/src/rplidar_driver.cpp:1581:83:[m[K [01;35m[Kwarning: [m[Kunused parameter ‘[01m[Koptions[m[K’ [[01;35m[K-Wunused-parameter[m[K]
 u_result RPlidarDriverImplCommon::startScan(bool force, bool useTypicalScan, _u32 [01;35m[Koptions[m[K, RplidarScanMode* outUsedScanMode)
                                                                                   [01;35m[K^~~~~~~[m[K
[01m[K/tmp/.X11-unix/ROS2_final_Thesis/src/rplidar_ros2/sdk/src/rplidar_driver.cpp:[m[K In member function ‘[01m[Kvirtual u_result rp::standalone::rplidar::RPlidarDriverImplCommon::stop(_u32)[m[K’:
[01m[K/tmp/.X11-unix/ROS2_final_Thesis/src/rplidar_ros2/sdk/src/rplidar_driver.cpp:1805:45:[m[K [01;35m[Kwarning: [m[Kunused parameter ‘[01m[Ktimeout[m[K’ [[01;35m[K-Wunused-parameter[m[K]
 u_result RPlidarDriverImplCommon::stop(_u32 [01;35m[Ktimeout[m[K)
                                             [01;35m[K^~~~~~~[m[K
[01m[K/tmp/.X11-unix/ROS2_final_Thesis/src/rplidar_ros2/sdk/src/rplidar_driver.cpp:[m[K In member function ‘[01m[Kvirtual u_result rp::standalone::rplidar::RPlidarDriverImplCommon::setLidarSpinSpeed(_u16, _u32)[m[K’:
[01m[K/tmp/.X11-unix/ROS2_final_Thesis/src/rplidar_ros2/sdk/src/rplidar_driver.cpp:2193:68:[m[K [01;35m[Kwarning: [m[Kunused parameter ‘[01m[Ktimeout[m[K’ [[01;35m[K-Wunused-parameter[m[K]
 u_result RPlidarDriverImplCommon::setLidarSpinSpeed(_u16 rpm, _u32 [01;35m[Ktimeout[m[K)
                                                                    [01;35m[K^~~~~~~[m[K
[01m[K/tmp/.X11-unix/ROS2_final_Thesis/src/rplidar_ros2/sdk/src/rplidar_driver.cpp:[m[K In member function ‘[01m[Kvirtual u_result rp::standalone::rplidar::RPlidarDriverSerial::connect(const char*, _u32, _u32)[m[K’:
[01m[K/tmp/.X11-unix/ROS2_final_Thesis/src/rplidar_ros2/sdk/src/rplidar_driver.cpp:2270:83:[m[K [01;35m[Kwarning: [m[Kunused parameter ‘[01m[Kflag[m[K’ [[01;35m[K-Wunused-parameter[m[K]
 u_result RPlidarDriverSerial::connect(const char * port_path, _u32 baudrate, _u32 [01;35m[Kflag[m[K)
                                                                                   [01;35m[K^~~~[m[K
[01m[K/tmp/.X11-unix/ROS2_final_Thesis/src/rplidar_ros2/sdk/src/rplidar_driver.cpp:[m[K In member function ‘[01m[Kvirtual u_result rp::standalone::rplidar::RPlidarDriverTCP::connect(const char*, _u32, _u32)[m[K’:
[01m[K/tmp/.X11-unix/ROS2_final_Thesis/src/rplidar_ros2/sdk/src/rplidar_driver.cpp:2312:72:[m[K [01;35m[Kwarning: [m[Kunused parameter ‘[01m[Kflag[m[K’ [[01;35m[K-Wunused-parameter[m[K]
 u_result RPlidarDriverTCP::connect(const char * ipStr, _u32 port, _u32 [01;35m[Kflag[m[K)
                                                                        [01;35m[K^~~~[m[K
[01m[K/tmp/.X11-unix/ROS2_final_Thesis/src/rplidar_ros2/sdk/src/rplidar_driver.cpp:[m[K In member function ‘[01m[Kvirtual u_result rp::standalone::rplidar::RPlidarDriverImplCommon::startMotor()[m[K’:
[01m[K/tmp/.X11-unix/ROS2_final_Thesis/src/rplidar_ros2/sdk/src/rplidar_driver.cpp:2225:1:[m[K [01;35m[Kwarning: [m[Kcontrol reaches end of non-void function [[01;35m[K-Wreturn-type[m[K]
 [01;35m[K}[m[K
 [01;35m[K^[m[K
In file included from [01m[K/tmp/.X11-unix/ROS2_final_Thesis/src/rplidar_ros2/./sdk/include/rplidar.h:39:0[m[K,
                 from [01m[K/tmp/.X11-unix/ROS2_final_Thesis/src/rplidar_ros2/include/rplidar_node.hpp:41[m[K,
                 from [01m[K/tmp/.X11-unix/ROS2_final_Thesis/src/rplidar_ros2/src/rplidar_node.cpp:36[m[K:
[01m[K/tmp/.X11-unix/ROS2_final_Thesis/src/rplidar_ros2/./sdk/include/rplidar_protocol.h:59:15:[m[K [01;35m[Kwarning: [m[KISO C++ forbids zero-size array ‘[01m[Kdata[m[K’ [[01;35m[K-Wpedantic[m[K]
     _u8 data[0[01;35m[K][m[K;
               [01;35m[K^[m[K
In file included from [01m[K/tmp/.X11-unix/ROS2_final_Thesis/src/rplidar_ros2/./sdk/include/rplidar.h:40:0[m[K,
                 from [01m[K/tmp/.X11-unix/ROS2_final_Thesis/src/rplidar_ros2/include/rplidar_node.hpp:41[m[K,
                 from [01m[K/tmp/.X11-unix/ROS2_final_Thesis/src/rplidar_ros2/src/rplidar_node.cpp:36[m[K:
[01m[K/tmp/.X11-unix/ROS2_final_Thesis/src/rplidar_ros2/./sdk/include/rplidar_cmd.h:260:19:[m[K [01;35m[Kwarning: [m[KISO C++ forbids zero-size array ‘[01m[Kpayload[m[K’ [[01;35m[K-Wpedantic[m[K]
     _u8  payload[0[01;35m[K][m[K;
                   [01;35m[K^[m[K
[01m[K/tmp/.X11-unix/ROS2_final_Thesis/src/rplidar_ros2/src/rplidar_node.cpp:[m[K In member function ‘[01m[Kvoid rplidar_ros::rplidar_node::stop_motor({anonymous}::EmptyRequest, {anonymous}::EmptyResponse)[m[K’:
[01m[K/tmp/.X11-unix/ROS2_final_Thesis/src/rplidar_ros2/src/rplidar_node.cpp:248:50:[m[K [01;35m[Kwarning: [m[Kunused parameter ‘[01m[Kreq[m[K’ [[01;35m[K-Wunused-parameter[m[K]
 void rplidar_node::stop_motor(const EmptyRequest [01;35m[Kreq[m[K, EmptyResponse res)
                                                  [01;35m[K^~~[m[K
[01m[K/tmp/.X11-unix/ROS2_final_Thesis/src/rplidar_ros2/src/rplidar_node.cpp:248:69:[m[K [01;35m[Kwarning: [m[Kunused parameter ‘[01m[Kres[m[K’ [[01;35m[K-Wunused-parameter[m[K]
 void rplidar_node::stop_motor(const EmptyRequest req, EmptyResponse [01;35m[Kres[m[K)
                                                                     [01;35m[K^~~[m[K
[01m[K/tmp/.X11-unix/ROS2_final_Thesis/src/rplidar_ros2/src/rplidar_node.cpp:[m[K In member function ‘[01m[Kvoid rplidar_ros::rplidar_node::start_motor({anonymous}::EmptyRequest, {anonymous}::EmptyResponse)[m[K’:
[01m[K/tmp/.X11-unix/ROS2_final_Thesis/src/rplidar_ros2/src/rplidar_node.cpp:259:51:[m[K [01;35m[Kwarning: [m[Kunused parameter ‘[01m[Kreq[m[K’ [[01;35m[K-Wunused-parameter[m[K]
 void rplidar_node::start_motor(const EmptyRequest [01;35m[Kreq[m[K, EmptyResponse res)
                                                   [01;35m[K^~~[m[K
[01m[K/tmp/.X11-unix/ROS2_final_Thesis/src/rplidar_ros2/src/rplidar_node.cpp:259:70:[m[K [01;35m[Kwarning: [m[Kunused parameter ‘[01m[Kres[m[K’ [[01;35m[K-Wunused-parameter[m[K]
 void rplidar_node::start_motor(const EmptyRequest req, EmptyResponse [01;35m[Kres[m[K)
                                                                      [01;35m[K^~~[m[K
[01m[K/tmp/.X11-unix/ROS2_final_Thesis/src/rplidar_ros2/src/rplidar_node.cpp:[m[K In member function ‘[01m[Kvoid rplidar_ros::rplidar_node::publish_loop()[m[K’:
[01m[K/tmp/.X11-unix/ROS2_final_Thesis/src/rplidar_ros2/src/rplidar_node.cpp:362:25:[m[K [01;35m[Kwarning: [m[Kcomparison between signed and unsigned integer expressions [[01;35m[K-Wsign-compare[m[K]
           for (j = 0; [01;35m[Kj < m_angle_compensate_multiple[m[K; j++) {
                       [01;35m[K~~^~~~~~~~~~~~~~~~~~~~~~~~~~~~~[m[K
[01m[K/tmp/.X11-unix/ROS2_final_Thesis/src/rplidar_ros2/src/rplidar_node.cpp:383:44:[m[K [01;35m[Kwarning: [m[Kcomparison between signed and unsigned integer expressions [[01;35m[K-Wsign-compare[m[K]
       for (size_t x = start_node, y = 0; [01;35m[Kx < end_node[m[K; ++x, ++y) {
                                          [01;35m[K~~^~~~~~~~~~[m[K
[01m[K/tmp/.X11-unix/ROS2_final_Thesis/src/rplidar_ros2/src/rplidar_node.cpp:390:11:[m[K [01;35m[Kwarning: [m[Kunused variable ‘[01m[Kangle_min[m[K’ [[01;35m[K-Wunused-variable[m[K]
     float [01;35m[Kangle_min[m[K = deg_2_rad(0.0f);
           [01;35m[K^~~~~~~~~[m[K
[01m[K/tmp/.X11-unix/ROS2_final_Thesis/src/rplidar_ros2/src/rplidar_node.cpp:391:11:[m[K [01;35m[Kwarning: [m[Kunused variable ‘[01m[Kangle_max[m[K’ [[01;35m[K-Wunused-variable[m[K]
     float [01;35m[Kangle_max[m[K = deg_2_rad(359.0f);
           [01;35m[K^~~~~~~~~[m[K
[ 77%] [32m[1mLinking CXX shared library librplidar_composition_node.so[0m
[ 77%] Built target rplidar_composition_node
[ 88%] [32mBuilding CXX object CMakeFiles/rplidar_composition.dir/src/standalone_rplidar.cpp.o[0m
In file included from [01m[K/tmp/.X11-unix/ROS2_final_Thesis/src/rplidar_ros2/src/standalone_rplidar.cpp:16:0[m[K:
[01m[K/tmp/.X11-unix/ROS2_final_Thesis/src/rplidar_ros2/include/rplidar_node.hpp:50:0:[m[K [01;35m[Kwarning: [m[K"M_PI" redefined
 #define M_PI 3.1415926535897932384626433832795
 
In file included from [01m[K/usr/include/c++/7/cmath:45:0[m[K,
                 from [01m[K/opt/ros/foxy/install/include/libstatistics_collector/moving_average_statistics/types.hpp:18[m[K,
                 from [01m[K/opt/ros/foxy/install/include/libstatistics_collector/collector/generate_statistics_message.hpp:24[m[K,
                 from [01m[K/opt/ros/foxy/install/include/rclcpp/topic_statistics/subscription_topic_statistics.hpp:23[m[K,
                 from [01m[K/opt/ros/foxy/install/include/rclcpp/subscription.hpp:50[m[K,
                 from [01m[K/opt/ros/foxy/install/include/rclcpp/any_executable.hpp:25[m[K,
                 from [01m[K/opt/ros/foxy/install/include/rclcpp/memory_strategy.hpp:24[m[K,
                 from [01m[K/opt/ros/foxy/install/include/rclcpp/memory_strategies.hpp:18[m[K,
                 from [01m[K/opt/ros/foxy/install/include/rclcpp/executor_options.hpp:20[m[K,
                 from [01m[K/opt/ros/foxy/install/include/rclcpp/executor.hpp:33[m[K,
                 from [01m[K/opt/ros/foxy/install/include/rclcpp/executors/multi_threaded_executor.hpp:26[m[K,
                 from [01m[K/opt/ros/foxy/install/include/rclcpp/executors.hpp:21[m[K,
                 from [01m[K/opt/ros/foxy/install/include/rclcpp/rclcpp.hpp:146[m[K,
                 from [01m[K/tmp/.X11-unix/ROS2_final_Thesis/src/rplidar_ros2/include/rplidar_node.hpp:34[m[K,
                 from [01m[K/tmp/.X11-unix/ROS2_final_Thesis/src/rplidar_ros2/src/standalone_rplidar.cpp:16[m[K:
[01m[K/usr/include/math.h:777:0:[m[K [01;36m[Knote: [m[Kthis is the location of the previous definition
 # define M_PI  3.14159265358979323846 /* pi */
 
In file included from [01m[K/tmp/.X11-unix/ROS2_final_Thesis/src/rplidar_ros2/./sdk/include/rplidar.h:39:0[m[K,
                 from [01m[K/tmp/.X11-unix/ROS2_final_Thesis/src/rplidar_ros2/include/rplidar_node.hpp:41[m[K,
                 from [01m[K/tmp/.X11-unix/ROS2_final_Thesis/src/rplidar_ros2/src/standalone_rplidar.cpp:16[m[K:
[01m[K/tmp/.X11-unix/ROS2_final_Thesis/src/rplidar_ros2/./sdk/include/rplidar_protocol.h:59:15:[m[K [01;35m[Kwarning: [m[KISO C++ forbids zero-size array ‘[01m[Kdata[m[K’ [[01;35m[K-Wpedantic[m[K]
     _u8 data[0[01;35m[K][m[K;
               [01;35m[K^[m[K
In file included from [01m[K/tmp/.X11-unix/ROS2_final_Thesis/src/rplidar_ros2/./sdk/include/rplidar.h:40:0[m[K,
                 from [01m[K/tmp/.X11-unix/ROS2_final_Thesis/src/rplidar_ros2/include/rplidar_node.hpp:41[m[K,
                 from [01m[K/tmp/.X11-unix/ROS2_final_Thesis/src/rplidar_ros2/src/standalone_rplidar.cpp:16[m[K:
[01m[K/tmp/.X11-unix/ROS2_final_Thesis/src/rplidar_ros2/./sdk/include/rplidar_cmd.h:260:19:[m[K [01;35m[Kwarning: [m[KISO C++ forbids zero-size array ‘[01m[Kpayload[m[K’ [[01;35m[K-Wpedantic[m[K]
     _u8  payload[0[01;35m[K][m[K;
                   [01;35m[K^[m[K
In file included from [01m[K/tmp/.X11-unix/ROS2_final_Thesis/src/rplidar_ros2/src/standalone_rplidar.cpp:16:0[m[K:
[01m[K/tmp/.X11-unix/ROS2_final_Thesis/src/rplidar_ros2/include/rplidar_node.hpp:76:14:[m[K [01;35m[Kwarning: [m[K‘[01m[Kfloat rplidar_ros::getAngle(const rplidar_response_measurement_node_hq_t&)[m[K’ defined but not used [[01;35m[K-Wunused-function[m[K]
 static float [01;35m[KgetAngle[m[K(const rplidar_response_measurement_node_hq_t & node)
              [01;35m[K^~~~~~~~[m[K
[100%] [32m[1mLinking CXX executable rplidar_composition[0m
[100%] Built target rplidar_composition
-- Install configuration: ""
-- Execute custom install script
-- Symlinking: /tmp/.X11-unix/ROS2_final_Thesis/install/rplidar_ros/lib/rplidar_ros/rplidar_composition
-- Symlinking: /tmp/.X11-unix/ROS2_final_Thesis/install/rplidar_ros/share/rplidar_ros/launch/filtered_scan.py
-- Symlinking: /tmp/.X11-unix/ROS2_final_Thesis/install/rplidar_ros/share/rplidar_ros/launch/rplidar.launch.py
-- Symlinking: /tmp/.X11-unix/ROS2_final_Thesis/install/rplidar_ros/share/rplidar_ros/launch/rplidar_a3.launch.py
-- Symlinking: /tmp/.X11-unix/ROS2_final_Thesis/install/rplidar_ros/share/rplidar_ros/launch/rplidar_s1.launch.py
-- Symlinking: /tmp/.X11-unix/ROS2_final_Thesis/install/rplidar_ros/share/rplidar_ros/launch/rplidar_s1_tcp.launch.py
-- Symlinking: /tmp/.X11-unix/ROS2_final_Thesis/install/rplidar_ros/share/rplidar_ros/launch/test_rplidar_a3.launch.py
-- Symlinking: /tmp/.X11-unix/ROS2_final_Thesis/install/rplidar_ros/share/rplidar_ros/launch/view_rplidar.launch.py
-- Symlinking: /tmp/.X11-unix/ROS2_final_Thesis/install/rplidar_ros/share/rplidar_ros/launch/view_rplidar_a3.launch.py
-- Symlinking: /tmp/.X11-unix/ROS2_final_Thesis/install/rplidar_ros/share/rplidar_ros/launch/view_rplidar_s1.launch.py
-- Symlinking: /tmp/.X11-unix/ROS2_final_Thesis/install/rplidar_ros/share/rplidar_ros/launch/view_rplidar_s1_tcp.launch.py
-- Symlinking: /tmp/.X11-unix/ROS2_final_Thesis/install/rplidar_ros/share/rplidar_ros/rviz/rplidar.rviz
-- Symlinking: /tmp/.X11-unix/ROS2_final_Thesis/install/rplidar_ros/lib/librplidar_composition_node.so
-- Symlinking: /tmp/.X11-unix/ROS2_final_Thesis/install/rplidar_ros/include/rplidar_node.hpp
-- Symlinking: /tmp/.X11-unix/ROS2_final_Thesis/install/rplidar_ros/include/visibility.h
-- Up-to-date symlink: /tmp/.X11-unix/ROS2_final_Thesis/install/rplidar_ros/lib/rplidar_ros/rplidar_composition
-- Symlinking: /tmp/.X11-unix/ROS2_final_Thesis/install/rplidar_ros/share/ament_index/resource_index/package_run_dependencies/rplidar_ros
-- Symlinking: /tmp/.X11-unix/ROS2_final_Thesis/install/rplidar_ros/share/ament_index/resource_index/parent_prefix_path/rplidar_ros
-- Symlinking: /tmp/.X11-unix/ROS2_final_Thesis/install/rplidar_ros/share/rplidar_ros/environment/ament_prefix_path.sh
-- Symlinking: /tmp/.X11-unix/ROS2_final_Thesis/install/rplidar_ros/share/rplidar_ros/environment/ament_prefix_path.dsv
-- Symlinking: /tmp/.X11-unix/ROS2_final_Thesis/install/rplidar_ros/share/rplidar_ros/environment/path.sh
-- Symlinking: /tmp/.X11-unix/ROS2_final_Thesis/install/rplidar_ros/share/rplidar_ros/environment/path.dsv
-- Symlinking: /tmp/.X11-unix/ROS2_final_Thesis/install/rplidar_ros/share/rplidar_ros/local_setup.bash
-- Symlinking: /tmp/.X11-unix/ROS2_final_Thesis/install/rplidar_ros/share/rplidar_ros/local_setup.sh
-- Symlinking: /tmp/.X11-unix/ROS2_final_Thesis/install/rplidar_ros/share/rplidar_ros/local_setup.zsh
-- Symlinking: /tmp/.X11-unix/ROS2_final_Thesis/install/rplidar_ros/share/rplidar_ros/local_setup.dsv
-- Symlinking: /tmp/.X11-unix/ROS2_final_Thesis/install/rplidar_ros/share/rplidar_ros/package.dsv
-- Symlinking: /tmp/.X11-unix/ROS2_final_Thesis/install/rplidar_ros/share/ament_index/resource_index/packages/rplidar_ros
-- Symlinking: /tmp/.X11-unix/ROS2_final_Thesis/install/rplidar_ros/share/ament_index/resource_index/rclcpp_components/rplidar_ros
-- Symlinking: /tmp/.X11-unix/ROS2_final_Thesis/install/rplidar_ros/share/rplidar_ros/cmake/ament_cmake_export_dependencies-extras.cmake
-- Symlinking: /tmp/.X11-unix/ROS2_final_Thesis/install/rplidar_ros/share/rplidar_ros/cmake/ament_cmake_export_include_directories-extras.cmake
-- Symlinking: /tmp/.X11-unix/ROS2_final_Thesis/install/rplidar_ros/share/rplidar_ros/cmake/rplidar_rosConfig.cmake
-- Symlinking: /tmp/.X11-unix/ROS2_final_Thesis/install/rplidar_ros/share/rplidar_ros/cmake/rplidar_rosConfig-version.cmake
-- Symlinking: /tmp/.X11-unix/ROS2_final_Thesis/install/rplidar_ros/share/rplidar_ros/package.xml
