[0.388s] Invoking command in '/tmp/.X11-unix/ROS2_final_Thesis/build/bboxes_ex_msgs': /usr/bin/cmake --build /tmp/.X11-unix/ROS2_final_Thesis/build/bboxes_ex_msgs -- -j4 -l4
[0.790s] [  2%] Built target bboxes_ex_msgs__cpp
[0.831s] [ 12%] Built target bboxes_ex_msgs__rosidl_generator_c
[0.931s] [ 23%] Built target bboxes_ex_msgs__rosidl_typesupport_cpp
[0.944s] [ 33%] Built target bboxes_ex_msgs__rosidl_typesupport_introspection_cpp
[0.954s] [ 43%] Built target bboxes_ex_msgs__rosidl_typesupport_fastrtps_cpp
[0.971s] [ 53%] Built target bboxes_ex_msgs__rosidl_typesupport_introspection_c
[1.050s] [ 66%] Built target bboxes_ex_msgs__rosidl_typesupport_fastrtps_c
[1.051s] [ 74%] Built target bboxes_ex_msgs__rosidl_typesupport_c
[1.086s] [ 74%] Built target bboxes_ex_msgs
[1.129s] [ 76%] Built target bboxes_ex_msgs__py
[1.199s] [ 84%] Built target bboxes_ex_msgs__python
[1.278s] [ 89%] Built target bboxes_ex_msgs__rosidl_typesupport_introspection_c__pyext
[1.309s] [100%] Built target bboxes_ex_msgs__rosidl_typesupport_fastrtps_c__pyext
[1.310s] [100%] Built target bboxes_ex_msgs__rosidl_typesupport_c__pyext
[1.508s] Invoked command in '/tmp/.X11-unix/ROS2_final_Thesis/build/bboxes_ex_msgs' returned '0': /usr/bin/cmake --build /tmp/.X11-unix/ROS2_final_Thesis/build/bboxes_ex_msgs -- -j4 -l4
[2.013s] Invoking command in '/tmp/.X11-unix/ROS2_final_Thesis/build/bboxes_ex_msgs': /usr/bin/cmake --install /tmp/.X11-unix/ROS2_final_Thesis/build/bboxes_ex_msgs
[2.055s] -- Install configuration: ""
[2.056s] -- Execute custom install script
[2.062s] -- Up-to-date symlink: /tmp/.X11-unix/ROS2_final_Thesis/install/bboxes_ex_msgs/share/ament_index/resource_index/rosidl_interfaces/bboxes_ex_msgs
[2.070s] -- Up-to-date symlink: /tmp/.X11-unix/ROS2_final_Thesis/install/bboxes_ex_msgs/include/bboxes_ex_msgs/msg/bounding_box.h
[2.090s] -- Up-to-date symlink: /tmp/.X11-unix/ROS2_final_Thesis/install/bboxes_ex_msgs/include/bboxes_ex_msgs/msg/bounding_boxes.h
[2.107s] -- Up-to-date symlink: /tmp/.X11-unix/ROS2_final_Thesis/install/bboxes_ex_msgs/include/bboxes_ex_msgs/msg/detail/bounding_box__functions.h
[2.124s] -- Up-to-date symlink: /tmp/.X11-unix/ROS2_final_Thesis/install/bboxes_ex_msgs/include/bboxes_ex_msgs/msg/detail/bounding_box__struct.h
[2.142s] -- Up-to-date symlink: /tmp/.X11-unix/ROS2_final_Thesis/install/bboxes_ex_msgs/include/bboxes_ex_msgs/msg/detail/bounding_box__type_support.h
[2.145s] -- Up-to-date symlink: /tmp/.X11-unix/ROS2_final_Thesis/install/bboxes_ex_msgs/include/bboxes_ex_msgs/msg/detail/bounding_boxes__functions.h
[2.146s] -- Up-to-date symlink: /tmp/.X11-unix/ROS2_final_Thesis/install/bboxes_ex_msgs/include/bboxes_ex_msgs/msg/detail/bounding_boxes__struct.h
[2.146s] -- Up-to-date symlink: /tmp/.X11-unix/ROS2_final_Thesis/install/bboxes_ex_msgs/include/bboxes_ex_msgs/msg/detail/bounding_boxes__type_support.h
[2.147s] -- Up-to-date symlink: /tmp/.X11-unix/ROS2_final_Thesis/install/bboxes_ex_msgs/include/bboxes_ex_msgs/msg/rosidl_generator_c__visibility_control.h
[2.148s] -- Up-to-date symlink: /tmp/.X11-unix/ROS2_final_Thesis/install/bboxes_ex_msgs/share/bboxes_ex_msgs/environment/library_path.sh
[2.149s] -- Up-to-date symlink: /tmp/.X11-unix/ROS2_final_Thesis/install/bboxes_ex_msgs/share/bboxes_ex_msgs/environment/library_path.dsv
[2.150s] -- Up-to-date symlink: /tmp/.X11-unix/ROS2_final_Thesis/install/bboxes_ex_msgs/include/bboxes_ex_msgs/msg/detail/bounding_box__rosidl_typesupport_fastrtps_c.h
[2.151s] -- Up-to-date symlink: /tmp/.X11-unix/ROS2_final_Thesis/install/bboxes_ex_msgs/include/bboxes_ex_msgs/msg/detail/bounding_boxes__rosidl_typesupport_fastrtps_c.h
[2.151s] -- Up-to-date symlink: /tmp/.X11-unix/ROS2_final_Thesis/install/bboxes_ex_msgs/include/bboxes_ex_msgs/msg/rosidl_typesupport_fastrtps_c__visibility_control.h
[2.152s] -- Up-to-date symlink: /tmp/.X11-unix/ROS2_final_Thesis/install/bboxes_ex_msgs/lib/libbboxes_ex_msgs__rosidl_typesupport_fastrtps_c.so
[2.152s] -- Up-to-date symlink: /tmp/.X11-unix/ROS2_final_Thesis/install/bboxes_ex_msgs/include/bboxes_ex_msgs/msg/detail/bounding_box__rosidl_typesupport_fastrtps_cpp.hpp
[2.153s] -- Up-to-date symlink: /tmp/.X11-unix/ROS2_final_Thesis/install/bboxes_ex_msgs/include/bboxes_ex_msgs/msg/detail/bounding_boxes__rosidl_typesupport_fastrtps_cpp.hpp
[2.154s] -- Up-to-date symlink: /tmp/.X11-unix/ROS2_final_Thesis/install/bboxes_ex_msgs/include/bboxes_ex_msgs/msg/rosidl_typesupport_fastrtps_cpp__visibility_control.h
[2.155s] -- Up-to-date symlink: /tmp/.X11-unix/ROS2_final_Thesis/install/bboxes_ex_msgs/lib/libbboxes_ex_msgs__rosidl_typesupport_fastrtps_cpp.so
[2.155s] -- Up-to-date symlink: /tmp/.X11-unix/ROS2_final_Thesis/install/bboxes_ex_msgs/include/bboxes_ex_msgs/msg/detail/bounding_box__rosidl_typesupport_introspection_c.h
[2.156s] -- Up-to-date symlink: /tmp/.X11-unix/ROS2_final_Thesis/install/bboxes_ex_msgs/include/bboxes_ex_msgs/msg/detail/bounding_boxes__rosidl_typesupport_introspection_c.h
[2.156s] -- Up-to-date symlink: /tmp/.X11-unix/ROS2_final_Thesis/install/bboxes_ex_msgs/include/bboxes_ex_msgs/msg/rosidl_typesupport_introspection_c__visibility_control.h
[2.157s] -- Up-to-date symlink: /tmp/.X11-unix/ROS2_final_Thesis/install/bboxes_ex_msgs/include/bboxes_ex_msgs/msg/bounding_box.hpp
[2.158s] -- Up-to-date symlink: /tmp/.X11-unix/ROS2_final_Thesis/install/bboxes_ex_msgs/include/bboxes_ex_msgs/msg/bounding_boxes.hpp
[2.158s] -- Up-to-date symlink: /tmp/.X11-unix/ROS2_final_Thesis/install/bboxes_ex_msgs/include/bboxes_ex_msgs/msg/detail/bounding_box__builder.hpp
[2.159s] -- Up-to-date symlink: /tmp/.X11-unix/ROS2_final_Thesis/install/bboxes_ex_msgs/include/bboxes_ex_msgs/msg/detail/bounding_box__struct.hpp
[2.159s] -- Up-to-date symlink: /tmp/.X11-unix/ROS2_final_Thesis/install/bboxes_ex_msgs/include/bboxes_ex_msgs/msg/detail/bounding_box__traits.hpp
[2.160s] -- Up-to-date symlink: /tmp/.X11-unix/ROS2_final_Thesis/install/bboxes_ex_msgs/include/bboxes_ex_msgs/msg/detail/bounding_boxes__builder.hpp
[2.160s] -- Up-to-date symlink: /tmp/.X11-unix/ROS2_final_Thesis/install/bboxes_ex_msgs/include/bboxes_ex_msgs/msg/detail/bounding_boxes__struct.hpp
[2.161s] -- Up-to-date symlink: /tmp/.X11-unix/ROS2_final_Thesis/install/bboxes_ex_msgs/include/bboxes_ex_msgs/msg/detail/bounding_boxes__traits.hpp
[2.162s] -- Up-to-date symlink: /tmp/.X11-unix/ROS2_final_Thesis/install/bboxes_ex_msgs/include/bboxes_ex_msgs/msg/detail/bounding_box__rosidl_typesupport_introspection_cpp.hpp
[2.164s] -- Up-to-date symlink: /tmp/.X11-unix/ROS2_final_Thesis/install/bboxes_ex_msgs/include/bboxes_ex_msgs/msg/detail/bounding_boxes__rosidl_typesupport_introspection_cpp.hpp
[2.165s] -- Up-to-date symlink: /tmp/.X11-unix/ROS2_final_Thesis/install/bboxes_ex_msgs/share/bboxes_ex_msgs/environment/pythonpath.sh
[2.166s] -- Up-to-date symlink: /tmp/.X11-unix/ROS2_final_Thesis/install/bboxes_ex_msgs/share/bboxes_ex_msgs/environment/pythonpath.dsv
[2.177s] -- Up-to-date symlink: /tmp/.X11-unix/ROS2_final_Thesis/install/bboxes_ex_msgs/lib/python3.6/site-packages/bboxes_ex_msgs/__init__.py
[2.198s] -- Up-to-date symlink: /tmp/.X11-unix/ROS2_final_Thesis/install/bboxes_ex_msgs/lib/python3.6/site-packages/bboxes_ex_msgs/msg/__init__.py
[2.212s] -- Up-to-date symlink: /tmp/.X11-unix/ROS2_final_Thesis/install/bboxes_ex_msgs/lib/python3.6/site-packages/bboxes_ex_msgs/msg/_bounding_box.py
[2.213s] -- Up-to-date symlink: /tmp/.X11-unix/ROS2_final_Thesis/install/bboxes_ex_msgs/lib/python3.6/site-packages/bboxes_ex_msgs/msg/_bounding_boxes.py
[2.215s] -- Up-to-date symlink: /tmp/.X11-unix/ROS2_final_Thesis/install/bboxes_ex_msgs/lib/python3.6/site-packages/bboxes_ex_msgs/bboxes_ex_msgs_s__rosidl_typesupport_fastrtps_c.cpython-36m-aarch64-linux-gnu.so
[2.216s] -- Up-to-date symlink: /tmp/.X11-unix/ROS2_final_Thesis/install/bboxes_ex_msgs/lib/python3.6/site-packages/bboxes_ex_msgs/bboxes_ex_msgs_s__rosidl_typesupport_introspection_c.cpython-36m-aarch64-linux-gnu.so
[2.217s] -- Up-to-date symlink: /tmp/.X11-unix/ROS2_final_Thesis/install/bboxes_ex_msgs/lib/python3.6/site-packages/bboxes_ex_msgs/bboxes_ex_msgs_s__rosidl_typesupport_c.cpython-36m-aarch64-linux-gnu.so
[2.219s] -- Up-to-date symlink: /tmp/.X11-unix/ROS2_final_Thesis/install/bboxes_ex_msgs/lib/libbboxes_ex_msgs__python.so
[2.221s] -- Up-to-date symlink: /tmp/.X11-unix/ROS2_final_Thesis/install/bboxes_ex_msgs/share/bboxes_ex_msgs/msg/BoundingBox.idl
[2.221s] -- Up-to-date symlink: /tmp/.X11-unix/ROS2_final_Thesis/install/bboxes_ex_msgs/share/bboxes_ex_msgs/msg/BoundingBoxes.idl
[2.224s] -- Up-to-date symlink: /tmp/.X11-unix/ROS2_final_Thesis/install/bboxes_ex_msgs/share/bboxes_ex_msgs/msg/BoundingBox.msg
[2.225s] -- Up-to-date symlink: /tmp/.X11-unix/ROS2_final_Thesis/install/bboxes_ex_msgs/share/bboxes_ex_msgs/msg/BoundingBoxes.msg
[2.237s] -- Up-to-date symlink: /tmp/.X11-unix/ROS2_final_Thesis/install/bboxes_ex_msgs/share/ament_index/resource_index/package_run_dependencies/bboxes_ex_msgs
[2.258s] -- Up-to-date symlink: /tmp/.X11-unix/ROS2_final_Thesis/install/bboxes_ex_msgs/share/ament_index/resource_index/parent_prefix_path/bboxes_ex_msgs
[2.270s] -- Up-to-date symlink: /tmp/.X11-unix/ROS2_final_Thesis/install/bboxes_ex_msgs/share/bboxes_ex_msgs/environment/ament_prefix_path.sh
[2.271s] -- Up-to-date symlink: /tmp/.X11-unix/ROS2_final_Thesis/install/bboxes_ex_msgs/share/bboxes_ex_msgs/environment/ament_prefix_path.dsv
[2.273s] -- Up-to-date symlink: /tmp/.X11-unix/ROS2_final_Thesis/install/bboxes_ex_msgs/share/bboxes_ex_msgs/environment/path.sh
[2.274s] -- Up-to-date symlink: /tmp/.X11-unix/ROS2_final_Thesis/install/bboxes_ex_msgs/share/bboxes_ex_msgs/environment/path.dsv
[2.275s] -- Up-to-date symlink: /tmp/.X11-unix/ROS2_final_Thesis/install/bboxes_ex_msgs/share/bboxes_ex_msgs/local_setup.bash
[2.276s] -- Up-to-date symlink: /tmp/.X11-unix/ROS2_final_Thesis/install/bboxes_ex_msgs/share/bboxes_ex_msgs/local_setup.sh
[2.277s] -- Up-to-date symlink: /tmp/.X11-unix/ROS2_final_Thesis/install/bboxes_ex_msgs/share/bboxes_ex_msgs/local_setup.zsh
[2.278s] -- Up-to-date symlink: /tmp/.X11-unix/ROS2_final_Thesis/install/bboxes_ex_msgs/share/bboxes_ex_msgs/local_setup.dsv
[2.279s] -- Symlinking: /tmp/.X11-unix/ROS2_final_Thesis/install/bboxes_ex_msgs/share/bboxes_ex_msgs/package.dsv
[2.282s] -- Up-to-date symlink: /tmp/.X11-unix/ROS2_final_Thesis/install/bboxes_ex_msgs/share/ament_index/resource_index/packages/bboxes_ex_msgs
[2.289s] -- Up-to-date symlink: /tmp/.X11-unix/ROS2_final_Thesis/install/bboxes_ex_msgs/share/bboxes_ex_msgs/cmake/rosidl_cmake-extras.cmake
[2.310s] -- Up-to-date symlink: /tmp/.X11-unix/ROS2_final_Thesis/install/bboxes_ex_msgs/share/bboxes_ex_msgs/cmake/ament_cmake_export_dependencies-extras.cmake
[2.331s] -- Up-to-date symlink: /tmp/.X11-unix/ROS2_final_Thesis/install/bboxes_ex_msgs/share/bboxes_ex_msgs/cmake/ament_cmake_export_libraries-extras.cmake
[2.333s] -- Up-to-date symlink: /tmp/.X11-unix/ROS2_final_Thesis/install/bboxes_ex_msgs/share/bboxes_ex_msgs/cmake/ament_cmake_export_targets-extras.cmake
[2.335s] -- Up-to-date symlink: /tmp/.X11-unix/ROS2_final_Thesis/install/bboxes_ex_msgs/share/bboxes_ex_msgs/cmake/ament_cmake_export_include_directories-extras.cmake
[2.338s] -- Up-to-date symlink: /tmp/.X11-unix/ROS2_final_Thesis/install/bboxes_ex_msgs/share/bboxes_ex_msgs/cmake/rosidl_cmake_export_typesupport_libraries-extras.cmake
[2.339s] -- Up-to-date symlink: /tmp/.X11-unix/ROS2_final_Thesis/install/bboxes_ex_msgs/share/bboxes_ex_msgs/cmake/rosidl_cmake_export_typesupport_targets-extras.cmake
[2.341s] -- Up-to-date symlink: /tmp/.X11-unix/ROS2_final_Thesis/install/bboxes_ex_msgs/share/bboxes_ex_msgs/cmake/bboxes_ex_msgsConfig.cmake
[2.343s] -- Up-to-date symlink: /tmp/.X11-unix/ROS2_final_Thesis/install/bboxes_ex_msgs/share/bboxes_ex_msgs/cmake/bboxes_ex_msgsConfig-version.cmake
[2.344s] -- Up-to-date symlink: /tmp/.X11-unix/ROS2_final_Thesis/install/bboxes_ex_msgs/share/bboxes_ex_msgs/package.xml
[2.346s] -- Up-to-date: /tmp/.X11-unix/ROS2_final_Thesis/install/bboxes_ex_msgs/lib/libbboxes_ex_msgs__rosidl_generator_c.so
[2.347s] -- Up-to-date: /tmp/.X11-unix/ROS2_final_Thesis/install/bboxes_ex_msgs/lib/libbboxes_ex_msgs__rosidl_typesupport_introspection_c.so
[2.348s] -- Up-to-date: /tmp/.X11-unix/ROS2_final_Thesis/install/bboxes_ex_msgs/lib/libbboxes_ex_msgs__rosidl_typesupport_c.so
[2.349s] -- Up-to-date: /tmp/.X11-unix/ROS2_final_Thesis/install/bboxes_ex_msgs/lib/libbboxes_ex_msgs__rosidl_typesupport_introspection_cpp.so
[2.350s] -- Up-to-date: /tmp/.X11-unix/ROS2_final_Thesis/install/bboxes_ex_msgs/lib/libbboxes_ex_msgs__rosidl_typesupport_cpp.so
[2.351s] -- Up-to-date: /tmp/.X11-unix/ROS2_final_Thesis/install/bboxes_ex_msgs/share/bboxes_ex_msgs/cmake/bboxes_ex_msgs__rosidl_generator_cExport.cmake
[2.352s] -- Up-to-date: /tmp/.X11-unix/ROS2_final_Thesis/install/bboxes_ex_msgs/share/bboxes_ex_msgs/cmake/bboxes_ex_msgs__rosidl_generator_cExport-noconfig.cmake
[2.353s] -- Up-to-date: /tmp/.X11-unix/ROS2_final_Thesis/install/bboxes_ex_msgs/share/bboxes_ex_msgs/cmake/bboxes_ex_msgs__rosidl_typesupport_introspection_cExport.cmake
[2.354s] -- Up-to-date: /tmp/.X11-unix/ROS2_final_Thesis/install/bboxes_ex_msgs/share/bboxes_ex_msgs/cmake/bboxes_ex_msgs__rosidl_typesupport_introspection_cExport-noconfig.cmake
[2.355s] -- Up-to-date: /tmp/.X11-unix/ROS2_final_Thesis/install/bboxes_ex_msgs/share/bboxes_ex_msgs/cmake/bboxes_ex_msgs__rosidl_typesupport_cExport.cmake
[2.356s] -- Up-to-date: /tmp/.X11-unix/ROS2_final_Thesis/install/bboxes_ex_msgs/share/bboxes_ex_msgs/cmake/bboxes_ex_msgs__rosidl_typesupport_cExport-noconfig.cmake
[2.357s] -- Up-to-date: /tmp/.X11-unix/ROS2_final_Thesis/install/bboxes_ex_msgs/share/bboxes_ex_msgs/cmake/bboxes_ex_msgs__rosidl_generator_cppExport.cmake
[2.358s] -- Up-to-date: /tmp/.X11-unix/ROS2_final_Thesis/install/bboxes_ex_msgs/share/bboxes_ex_msgs/cmake/bboxes_ex_msgs__rosidl_typesupport_introspection_cppExport.cmake
[2.358s] -- Up-to-date: /tmp/.X11-unix/ROS2_final_Thesis/install/bboxes_ex_msgs/share/bboxes_ex_msgs/cmake/bboxes_ex_msgs__rosidl_typesupport_introspection_cppExport-noconfig.cmake
[2.359s] -- Up-to-date: /tmp/.X11-unix/ROS2_final_Thesis/install/bboxes_ex_msgs/share/bboxes_ex_msgs/cmake/bboxes_ex_msgs__rosidl_typesupport_cppExport.cmake
[2.361s] -- Up-to-date: /tmp/.X11-unix/ROS2_final_Thesis/install/bboxes_ex_msgs/share/bboxes_ex_msgs/cmake/bboxes_ex_msgs__rosidl_typesupport_cppExport-noconfig.cmake
[2.423s] Invoked command in '/tmp/.X11-unix/ROS2_final_Thesis/build/bboxes_ex_msgs' returned '0': /usr/bin/cmake --install /tmp/.X11-unix/ROS2_final_Thesis/build/bboxes_ex_msgs
