[3.518s] DEBUG:colcon:Command line arguments: ['/usr/bin/colcon', 'build', '--symlink-install']
[3.519s] DEBUG:colcon:Parsed command line arguments: Namespace(ament_cmake_args=None, base_paths=['.'], build_base='build', catkin_cmake_args=None, catkin_skip_building_tests=False, cmake_args=None, cmake_clean_cache=False, cmake_clean_first=False, cmake_force_configure=False, cmake_target=None, cmake_target_skip_unavailable=False, continue_on_error=False, event_handlers=None, executor='parallel', ignore_user_meta=False, install_base='install', log_base=None, log_level=None, main=<bound method BuildVerb.main of <colcon_core.verb.build.BuildVerb object at 0x7fa3c41a20>>, merge_install=False, metas=['./colcon.meta'], packages_above=None, packages_above_and_dependencies=None, packages_above_depth=None, packages_end=None, packages_ignore=None, packages_ignore_regex=None, packages_select=None, packages_select_build_failed=False, packages_select_by_dep=None, packages_select_regex=None, packages_select_test_failures=False, packages_skip=None, packages_skip_build_finished=False, packages_skip_by_dep=None, packages_skip_regex=None, packages_skip_test_passed=False, packages_skip_up_to=None, packages_start=None, packages_up_to=None, packages_up_to_regex=None, parallel_workers=4, paths=None, symlink_install=True, test_result_base=None, verb_extension=<colcon_core.verb.build.BuildVerb object at 0x7fa3c41a20>, verb_name='build', verb_parser=<colcon_defaults.argument_parser.defaults.DefaultArgumentsDecorator object at 0x7fa3b8bc18>)
[3.801s] Level 1:colcon.colcon_core.package_discovery:discover_packages(colcon_meta) check parameters
[3.802s] Level 1:colcon.colcon_core.package_discovery:discover_packages(recursive) check parameters
[3.802s] Level 1:colcon.colcon_core.package_discovery:discover_packages(ignore) check parameters
[3.802s] Level 1:colcon.colcon_core.package_discovery:discover_packages(path) check parameters
[3.802s] Level 1:colcon.colcon_core.package_discovery:discover_packages(colcon_meta) discover
[3.804s] Level 1:colcon.colcon_core.package_discovery:discover_packages(recursive) discover
[3.804s] INFO:colcon.colcon_core.package_discovery:Crawling recursively for packages in '/tmp/.X11-unix/ROS2_final_Thesis'
[3.804s] Level 1:colcon.colcon_core.package_identification:_identify(.) by extensions ['ignore', 'ignore_ament_install']
[3.805s] Level 1:colcon.colcon_core.package_identification:_identify(.) by extension 'ignore'
[3.805s] Level 1:colcon.colcon_core.package_identification:_identify(.) by extension 'ignore_ament_install'
[3.806s] Level 1:colcon.colcon_core.package_identification:_identify(.) by extensions ['colcon_pkg']
[3.806s] Level 1:colcon.colcon_core.package_identification:_identify(.) by extension 'colcon_pkg'
[3.806s] Level 1:colcon.colcon_core.package_identification:_identify(.) by extensions ['colcon_meta']
[3.806s] Level 1:colcon.colcon_core.package_identification:_identify(.) by extension 'colcon_meta'
[3.807s] Level 1:colcon.colcon_core.package_identification:_identify(.) by extensions ['ros']
[3.807s] Level 1:colcon.colcon_core.package_identification:_identify(.) by extension 'ros'
[4.012s] Level 1:colcon.colcon_core.package_identification:_identify(.) by extensions ['cmake', 'python']
[4.012s] Level 1:colcon.colcon_core.package_identification:_identify(.) by extension 'cmake'
[4.012s] Level 1:colcon.colcon_core.package_identification:_identify(.) by extension 'python'
[4.012s] Level 1:colcon.colcon_core.package_identification:_identify(.) by extensions ['python_setup_py']
[4.013s] Level 1:colcon.colcon_core.package_identification:_identify(.) by extension 'python_setup_py'
[4.013s] Level 1:colcon.colcon_core.package_identification:_identify(__pycache__) by extensions ['ignore', 'ignore_ament_install']
[4.014s] Level 1:colcon.colcon_core.package_identification:_identify(__pycache__) by extension 'ignore'
[4.014s] Level 1:colcon.colcon_core.package_identification:_identify(__pycache__) by extension 'ignore_ament_install'
[4.014s] Level 1:colcon.colcon_core.package_identification:_identify(__pycache__) by extensions ['colcon_pkg']
[4.015s] Level 1:colcon.colcon_core.package_identification:_identify(__pycache__) by extension 'colcon_pkg'
[4.015s] Level 1:colcon.colcon_core.package_identification:_identify(__pycache__) by extensions ['colcon_meta']
[4.015s] Level 1:colcon.colcon_core.package_identification:_identify(__pycache__) by extension 'colcon_meta'
[4.016s] Level 1:colcon.colcon_core.package_identification:_identify(__pycache__) by extensions ['ros']
[4.016s] Level 1:colcon.colcon_core.package_identification:_identify(__pycache__) by extension 'ros'
[4.016s] Level 1:colcon.colcon_core.package_identification:_identify(__pycache__) by extensions ['cmake', 'python']
[4.016s] Level 1:colcon.colcon_core.package_identification:_identify(__pycache__) by extension 'cmake'
[4.017s] Level 1:colcon.colcon_core.package_identification:_identify(__pycache__) by extension 'python'
[4.017s] Level 1:colcon.colcon_core.package_identification:_identify(__pycache__) by extensions ['python_setup_py']
[4.017s] Level 1:colcon.colcon_core.package_identification:_identify(__pycache__) by extension 'python_setup_py'
[4.018s] Level 1:colcon.colcon_core.package_identification:_identify(build) by extensions ['ignore', 'ignore_ament_install']
[4.018s] Level 1:colcon.colcon_core.package_identification:_identify(build) by extension 'ignore'
[4.018s] Level 1:colcon.colcon_core.package_identification:_identify(build) ignored
[4.020s] Level 1:colcon.colcon_core.package_identification:_identify(install) by extensions ['ignore', 'ignore_ament_install']
[4.021s] Level 1:colcon.colcon_core.package_identification:_identify(install) by extension 'ignore'
[4.021s] Level 1:colcon.colcon_core.package_identification:_identify(install) ignored
[4.021s] Level 1:colcon.colcon_core.package_identification:_identify(log) by extensions ['ignore', 'ignore_ament_install']
[4.022s] Level 1:colcon.colcon_core.package_identification:_identify(log) by extension 'ignore'
[4.022s] Level 1:colcon.colcon_core.package_identification:_identify(log) ignored
[4.022s] Level 1:colcon.colcon_core.package_identification:_identify(src) by extensions ['ignore', 'ignore_ament_install']
[4.023s] Level 1:colcon.colcon_core.package_identification:_identify(src) by extension 'ignore'
[4.023s] Level 1:colcon.colcon_core.package_identification:_identify(src) by extension 'ignore_ament_install'
[4.023s] Level 1:colcon.colcon_core.package_identification:_identify(src) by extensions ['colcon_pkg']
[4.024s] Level 1:colcon.colcon_core.package_identification:_identify(src) by extension 'colcon_pkg'
[4.024s] Level 1:colcon.colcon_core.package_identification:_identify(src) by extensions ['colcon_meta']
[4.024s] Level 1:colcon.colcon_core.package_identification:_identify(src) by extension 'colcon_meta'
[4.024s] Level 1:colcon.colcon_core.package_identification:_identify(src) by extensions ['ros']
[4.025s] Level 1:colcon.colcon_core.package_identification:_identify(src) by extension 'ros'
[4.025s] Level 1:colcon.colcon_core.package_identification:_identify(src) by extensions ['cmake', 'python']
[4.025s] Level 1:colcon.colcon_core.package_identification:_identify(src) by extension 'cmake'
[4.025s] Level 1:colcon.colcon_core.package_identification:_identify(src) by extension 'python'
[4.026s] Level 1:colcon.colcon_core.package_identification:_identify(src) by extensions ['python_setup_py']
[4.026s] Level 1:colcon.colcon_core.package_identification:_identify(src) by extension 'python_setup_py'
[4.026s] Level 1:colcon.colcon_core.package_identification:_identify(src/YOLOv5-ROS) by extensions ['ignore', 'ignore_ament_install']
[4.027s] Level 1:colcon.colcon_core.package_identification:_identify(src/YOLOv5-ROS) by extension 'ignore'
[4.027s] Level 1:colcon.colcon_core.package_identification:_identify(src/YOLOv5-ROS) by extension 'ignore_ament_install'
[4.027s] Level 1:colcon.colcon_core.package_identification:_identify(src/YOLOv5-ROS) by extensions ['colcon_pkg']
[4.028s] Level 1:colcon.colcon_core.package_identification:_identify(src/YOLOv5-ROS) by extension 'colcon_pkg'
[4.028s] Level 1:colcon.colcon_core.package_identification:_identify(src/YOLOv5-ROS) by extensions ['colcon_meta']
[4.028s] Level 1:colcon.colcon_core.package_identification:_identify(src/YOLOv5-ROS) by extension 'colcon_meta'
[4.028s] Level 1:colcon.colcon_core.package_identification:_identify(src/YOLOv5-ROS) by extensions ['ros']
[4.029s] Level 1:colcon.colcon_core.package_identification:_identify(src/YOLOv5-ROS) by extension 'ros'
[4.029s] Level 1:colcon.colcon_core.package_identification:_identify(src/YOLOv5-ROS) by extensions ['cmake', 'python']
[4.029s] Level 1:colcon.colcon_core.package_identification:_identify(src/YOLOv5-ROS) by extension 'cmake'
[4.030s] Level 1:colcon.colcon_core.package_identification:_identify(src/YOLOv5-ROS) by extension 'python'
[4.030s] Level 1:colcon.colcon_core.package_identification:_identify(src/YOLOv5-ROS) by extensions ['python_setup_py']
[4.030s] Level 1:colcon.colcon_core.package_identification:_identify(src/YOLOv5-ROS) by extension 'python_setup_py'
[4.031s] Level 1:colcon.colcon_core.package_identification:_identify(src/YOLOv5-ROS/yolov5_ros) by extensions ['ignore', 'ignore_ament_install']
[4.031s] Level 1:colcon.colcon_core.package_identification:_identify(src/YOLOv5-ROS/yolov5_ros) by extension 'ignore'
[4.031s] Level 1:colcon.colcon_core.package_identification:_identify(src/YOLOv5-ROS/yolov5_ros) by extension 'ignore_ament_install'
[4.032s] Level 1:colcon.colcon_core.package_identification:_identify(src/YOLOv5-ROS/yolov5_ros) by extensions ['colcon_pkg']
[4.032s] Level 1:colcon.colcon_core.package_identification:_identify(src/YOLOv5-ROS/yolov5_ros) by extension 'colcon_pkg'
[4.032s] Level 1:colcon.colcon_core.package_identification:_identify(src/YOLOv5-ROS/yolov5_ros) by extensions ['colcon_meta']
[4.032s] Level 1:colcon.colcon_core.package_identification:_identify(src/YOLOv5-ROS/yolov5_ros) by extension 'colcon_meta'
[4.033s] Level 1:colcon.colcon_core.package_identification:_identify(src/YOLOv5-ROS/yolov5_ros) by extensions ['ros']
[4.033s] Level 1:colcon.colcon_core.package_identification:_identify(src/YOLOv5-ROS/yolov5_ros) by extension 'ros'
[4.053s] DEBUG:colcon.colcon_core.package_identification:Package 'src/YOLOv5-ROS/yolov5_ros' with type 'ros.ament_python' and name 'yolov5_ros'
[4.054s] Level 1:colcon.colcon_core.package_identification:_identify(src/bbox_ex_msgs) by extensions ['ignore', 'ignore_ament_install']
[4.054s] Level 1:colcon.colcon_core.package_identification:_identify(src/bbox_ex_msgs) by extension 'ignore'
[4.054s] Level 1:colcon.colcon_core.package_identification:_identify(src/bbox_ex_msgs) by extension 'ignore_ament_install'
[4.055s] Level 1:colcon.colcon_core.package_identification:_identify(src/bbox_ex_msgs) by extensions ['colcon_pkg']
[4.055s] Level 1:colcon.colcon_core.package_identification:_identify(src/bbox_ex_msgs) by extension 'colcon_pkg'
[4.055s] Level 1:colcon.colcon_core.package_identification:_identify(src/bbox_ex_msgs) by extensions ['colcon_meta']
[4.055s] Level 1:colcon.colcon_core.package_identification:_identify(src/bbox_ex_msgs) by extension 'colcon_meta'
[4.056s] Level 1:colcon.colcon_core.package_identification:_identify(src/bbox_ex_msgs) by extensions ['ros']
[4.056s] Level 1:colcon.colcon_core.package_identification:_identify(src/bbox_ex_msgs) by extension 'ros'
[4.060s] DEBUG:colcon.colcon_core.package_identification:Package 'src/bbox_ex_msgs' with type 'ros.ament_cmake' and name 'bboxes_ex_msgs'
[4.060s] Level 1:colcon.colcon_core.package_identification:_identify(src/cv_basics) by extensions ['ignore', 'ignore_ament_install']
[4.061s] Level 1:colcon.colcon_core.package_identification:_identify(src/cv_basics) by extension 'ignore'
[4.061s] Level 1:colcon.colcon_core.package_identification:_identify(src/cv_basics) by extension 'ignore_ament_install'
[4.062s] Level 1:colcon.colcon_core.package_identification:_identify(src/cv_basics) by extensions ['colcon_pkg']
[4.062s] Level 1:colcon.colcon_core.package_identification:_identify(src/cv_basics) by extension 'colcon_pkg'
[4.062s] Level 1:colcon.colcon_core.package_identification:_identify(src/cv_basics) by extensions ['colcon_meta']
[4.062s] Level 1:colcon.colcon_core.package_identification:_identify(src/cv_basics) by extension 'colcon_meta'
[4.063s] Level 1:colcon.colcon_core.package_identification:_identify(src/cv_basics) by extensions ['ros']
[4.063s] Level 1:colcon.colcon_core.package_identification:_identify(src/cv_basics) by extension 'ros'
[4.068s] DEBUG:colcon.colcon_core.package_identification:Package 'src/cv_basics' with type 'ros.ament_python' and name 'cv_basics'
[4.069s] Level 1:colcon.colcon_core.package_identification:_identify(src/rplidar_ros2) by extensions ['ignore', 'ignore_ament_install']
[4.069s] Level 1:colcon.colcon_core.package_identification:_identify(src/rplidar_ros2) by extension 'ignore'
[4.070s] Level 1:colcon.colcon_core.package_identification:_identify(src/rplidar_ros2) by extension 'ignore_ament_install'
[4.070s] Level 1:colcon.colcon_core.package_identification:_identify(src/rplidar_ros2) by extensions ['colcon_pkg']
[4.070s] Level 1:colcon.colcon_core.package_identification:_identify(src/rplidar_ros2) by extension 'colcon_pkg'
[4.070s] Level 1:colcon.colcon_core.package_identification:_identify(src/rplidar_ros2) by extensions ['colcon_meta']
[4.071s] Level 1:colcon.colcon_core.package_identification:_identify(src/rplidar_ros2) by extension 'colcon_meta'
[4.071s] Level 1:colcon.colcon_core.package_identification:_identify(src/rplidar_ros2) by extensions ['ros']
[4.071s] Level 1:colcon.colcon_core.package_identification:_identify(src/rplidar_ros2) by extension 'ros'
[4.079s] DEBUG:colcon.colcon_core.package_identification:Package 'src/rplidar_ros2' with type 'ros.ament_cmake' and name 'rplidar_ros'
[4.080s] Level 1:colcon.colcon_core.package_identification:_identify(src/sllidar_ros2) by extensions ['ignore', 'ignore_ament_install']
[4.080s] Level 1:colcon.colcon_core.package_identification:_identify(src/sllidar_ros2) by extension 'ignore'
[4.080s] Level 1:colcon.colcon_core.package_identification:_identify(src/sllidar_ros2) by extension 'ignore_ament_install'
[4.081s] Level 1:colcon.colcon_core.package_identification:_identify(src/sllidar_ros2) by extensions ['colcon_pkg']
[4.081s] Level 1:colcon.colcon_core.package_identification:_identify(src/sllidar_ros2) by extension 'colcon_pkg'
[4.081s] Level 1:colcon.colcon_core.package_identification:_identify(src/sllidar_ros2) by extensions ['colcon_meta']
[4.081s] Level 1:colcon.colcon_core.package_identification:_identify(src/sllidar_ros2) by extension 'colcon_meta'
[4.082s] Level 1:colcon.colcon_core.package_identification:_identify(src/sllidar_ros2) by extensions ['ros']
[4.082s] Level 1:colcon.colcon_core.package_identification:_identify(src/sllidar_ros2) by extension 'ros'
[4.086s] DEBUG:colcon.colcon_core.package_identification:Package 'src/sllidar_ros2' with type 'ros.ament_cmake' and name 'sllidar_ros2'
[4.086s] Level 1:colcon.colcon_core.package_discovery:discover_packages(recursive) using defaults
[4.088s] Level 1:colcon.colcon_core.package_discovery:discover_packages(ignore) discover
[4.088s] Level 1:colcon.colcon_core.package_discovery:discover_packages(ignore) using defaults
[4.088s] Level 1:colcon.colcon_core.package_discovery:discover_packages(path) discover
[4.088s] Level 1:colcon.colcon_core.package_discovery:discover_packages(path) using defaults
[4.372s] Level 5:colcon.colcon_core.verb:set package 'bboxes_ex_msgs' build argument 'cmake_args' from command line to 'None'
[4.373s] Level 5:colcon.colcon_core.verb:set package 'bboxes_ex_msgs' build argument 'cmake_target' from command line to 'None'
[4.373s] Level 5:colcon.colcon_core.verb:set package 'bboxes_ex_msgs' build argument 'cmake_target_skip_unavailable' from command line to 'False'
[4.373s] Level 5:colcon.colcon_core.verb:set package 'bboxes_ex_msgs' build argument 'cmake_clean_cache' from command line to 'False'
[4.373s] Level 5:colcon.colcon_core.verb:set package 'bboxes_ex_msgs' build argument 'cmake_clean_first' from command line to 'False'
[4.374s] Level 5:colcon.colcon_core.verb:set package 'bboxes_ex_msgs' build argument 'cmake_force_configure' from command line to 'False'
[4.374s] Level 5:colcon.colcon_core.verb:set package 'bboxes_ex_msgs' build argument 'ament_cmake_args' from command line to 'None'
[4.374s] Level 5:colcon.colcon_core.verb:set package 'bboxes_ex_msgs' build argument 'catkin_cmake_args' from command line to 'None'
[4.374s] Level 5:colcon.colcon_core.verb:set package 'bboxes_ex_msgs' build argument 'catkin_skip_building_tests' from command line to 'False'
[4.374s] DEBUG:colcon.colcon_core.verb:Building package 'bboxes_ex_msgs' with the following arguments: {'ament_cmake_args': None, 'build_base': '/tmp/.X11-unix/ROS2_final_Thesis/build/bboxes_ex_msgs', 'catkin_cmake_args': None, 'catkin_skip_building_tests': False, 'cmake_args': None, 'cmake_clean_cache': False, 'cmake_clean_first': False, 'cmake_force_configure': False, 'cmake_target': None, 'cmake_target_skip_unavailable': False, 'install_base': '/tmp/.X11-unix/ROS2_final_Thesis/install/bboxes_ex_msgs', 'merge_install': False, 'path': '/tmp/.X11-unix/ROS2_final_Thesis/src/bbox_ex_msgs', 'symlink_install': True, 'test_result_base': None}
[4.392s] Level 5:colcon.colcon_core.verb:set package 'rplidar_ros' build argument 'cmake_args' from command line to 'None'
[4.392s] Level 5:colcon.colcon_core.verb:set package 'rplidar_ros' build argument 'cmake_target' from command line to 'None'
[4.392s] Level 5:colcon.colcon_core.verb:set package 'rplidar_ros' build argument 'cmake_target_skip_unavailable' from command line to 'False'
[4.392s] Level 5:colcon.colcon_core.verb:set package 'rplidar_ros' build argument 'cmake_clean_cache' from command line to 'False'
[4.393s] Level 5:colcon.colcon_core.verb:set package 'rplidar_ros' build argument 'cmake_clean_first' from command line to 'False'
[4.393s] Level 5:colcon.colcon_core.verb:set package 'rplidar_ros' build argument 'cmake_force_configure' from command line to 'False'
[4.393s] Level 5:colcon.colcon_core.verb:set package 'rplidar_ros' build argument 'ament_cmake_args' from command line to 'None'
[4.393s] Level 5:colcon.colcon_core.verb:set package 'rplidar_ros' build argument 'catkin_cmake_args' from command line to 'None'
[4.393s] Level 5:colcon.colcon_core.verb:set package 'rplidar_ros' build argument 'catkin_skip_building_tests' from command line to 'False'
[4.393s] DEBUG:colcon.colcon_core.verb:Building package 'rplidar_ros' with the following arguments: {'ament_cmake_args': None, 'build_base': '/tmp/.X11-unix/ROS2_final_Thesis/build/rplidar_ros', 'catkin_cmake_args': None, 'catkin_skip_building_tests': False, 'cmake_args': None, 'cmake_clean_cache': False, 'cmake_clean_first': False, 'cmake_force_configure': False, 'cmake_target': None, 'cmake_target_skip_unavailable': False, 'install_base': '/tmp/.X11-unix/ROS2_final_Thesis/install/rplidar_ros', 'merge_install': False, 'path': '/tmp/.X11-unix/ROS2_final_Thesis/src/rplidar_ros2', 'symlink_install': True, 'test_result_base': None}
[4.411s] Level 5:colcon.colcon_core.verb:set package 'sllidar_ros2' build argument 'cmake_args' from command line to 'None'
[4.411s] Level 5:colcon.colcon_core.verb:set package 'sllidar_ros2' build argument 'cmake_target' from command line to 'None'
[4.411s] Level 5:colcon.colcon_core.verb:set package 'sllidar_ros2' build argument 'cmake_target_skip_unavailable' from command line to 'False'
[4.411s] Level 5:colcon.colcon_core.verb:set package 'sllidar_ros2' build argument 'cmake_clean_cache' from command line to 'False'
[4.412s] Level 5:colcon.colcon_core.verb:set package 'sllidar_ros2' build argument 'cmake_clean_first' from command line to 'False'
[4.412s] Level 5:colcon.colcon_core.verb:set package 'sllidar_ros2' build argument 'cmake_force_configure' from command line to 'False'
[4.412s] Level 5:colcon.colcon_core.verb:set package 'sllidar_ros2' build argument 'ament_cmake_args' from command line to 'None'
[4.412s] Level 5:colcon.colcon_core.verb:set package 'sllidar_ros2' build argument 'catkin_cmake_args' from command line to 'None'
[4.412s] Level 5:colcon.colcon_core.verb:set package 'sllidar_ros2' build argument 'catkin_skip_building_tests' from command line to 'False'
[4.412s] DEBUG:colcon.colcon_core.verb:Building package 'sllidar_ros2' with the following arguments: {'ament_cmake_args': None, 'build_base': '/tmp/.X11-unix/ROS2_final_Thesis/build/sllidar_ros2', 'catkin_cmake_args': None, 'catkin_skip_building_tests': False, 'cmake_args': None, 'cmake_clean_cache': False, 'cmake_clean_first': False, 'cmake_force_configure': False, 'cmake_target': None, 'cmake_target_skip_unavailable': False, 'install_base': '/tmp/.X11-unix/ROS2_final_Thesis/install/sllidar_ros2', 'merge_install': False, 'path': '/tmp/.X11-unix/ROS2_final_Thesis/src/sllidar_ros2', 'symlink_install': True, 'test_result_base': None}
[4.430s] Level 5:colcon.colcon_core.verb:set package 'cv_basics' build argument 'cmake_args' from command line to 'None'
[4.430s] Level 5:colcon.colcon_core.verb:set package 'cv_basics' build argument 'cmake_target' from command line to 'None'
[4.430s] Level 5:colcon.colcon_core.verb:set package 'cv_basics' build argument 'cmake_target_skip_unavailable' from command line to 'False'
[4.431s] Level 5:colcon.colcon_core.verb:set package 'cv_basics' build argument 'cmake_clean_cache' from command line to 'False'
[4.431s] Level 5:colcon.colcon_core.verb:set package 'cv_basics' build argument 'cmake_clean_first' from command line to 'False'
[4.431s] Level 5:colcon.colcon_core.verb:set package 'cv_basics' build argument 'cmake_force_configure' from command line to 'False'
[4.431s] Level 5:colcon.colcon_core.verb:set package 'cv_basics' build argument 'ament_cmake_args' from command line to 'None'
[4.431s] Level 5:colcon.colcon_core.verb:set package 'cv_basics' build argument 'catkin_cmake_args' from command line to 'None'
[4.431s] Level 5:colcon.colcon_core.verb:set package 'cv_basics' build argument 'catkin_skip_building_tests' from command line to 'False'
[4.432s] DEBUG:colcon.colcon_core.verb:Building package 'cv_basics' with the following arguments: {'ament_cmake_args': None, 'build_base': '/tmp/.X11-unix/ROS2_final_Thesis/build/cv_basics', 'catkin_cmake_args': None, 'catkin_skip_building_tests': False, 'cmake_args': None, 'cmake_clean_cache': False, 'cmake_clean_first': False, 'cmake_force_configure': False, 'cmake_target': None, 'cmake_target_skip_unavailable': False, 'install_base': '/tmp/.X11-unix/ROS2_final_Thesis/install/cv_basics', 'merge_install': False, 'path': '/tmp/.X11-unix/ROS2_final_Thesis/src/cv_basics', 'symlink_install': True, 'test_result_base': None}
[4.449s] Level 5:colcon.colcon_core.verb:set package 'yolov5_ros' build argument 'cmake_args' from command line to 'None'
[4.449s] Level 5:colcon.colcon_core.verb:set package 'yolov5_ros' build argument 'cmake_target' from command line to 'None'
[4.449s] Level 5:colcon.colcon_core.verb:set package 'yolov5_ros' build argument 'cmake_target_skip_unavailable' from command line to 'False'
[4.450s] Level 5:colcon.colcon_core.verb:set package 'yolov5_ros' build argument 'cmake_clean_cache' from command line to 'False'
[4.450s] Level 5:colcon.colcon_core.verb:set package 'yolov5_ros' build argument 'cmake_clean_first' from command line to 'False'
[4.450s] Level 5:colcon.colcon_core.verb:set package 'yolov5_ros' build argument 'cmake_force_configure' from command line to 'False'
[4.450s] Level 5:colcon.colcon_core.verb:set package 'yolov5_ros' build argument 'ament_cmake_args' from command line to 'None'
[4.450s] Level 5:colcon.colcon_core.verb:set package 'yolov5_ros' build argument 'catkin_cmake_args' from command line to 'None'
[4.450s] Level 5:colcon.colcon_core.verb:set package 'yolov5_ros' build argument 'catkin_skip_building_tests' from command line to 'False'
[4.451s] DEBUG:colcon.colcon_core.verb:Building package 'yolov5_ros' with the following arguments: {'ament_cmake_args': None, 'build_base': '/tmp/.X11-unix/ROS2_final_Thesis/build/yolov5_ros', 'catkin_cmake_args': None, 'catkin_skip_building_tests': False, 'cmake_args': None, 'cmake_clean_cache': False, 'cmake_clean_first': False, 'cmake_force_configure': False, 'cmake_target': None, 'cmake_target_skip_unavailable': False, 'install_base': '/tmp/.X11-unix/ROS2_final_Thesis/install/yolov5_ros', 'merge_install': False, 'path': '/tmp/.X11-unix/ROS2_final_Thesis/src/YOLOv5-ROS/yolov5_ros', 'symlink_install': True, 'test_result_base': None}
[4.466s] INFO:colcon.colcon_core.executor:Executing jobs using 'parallel' executor
[4.571s] DEBUG:colcon.colcon_parallel_executor.executor.parallel:run_until_complete
[4.572s] INFO:colcon.colcon_ros.task.ament_cmake.build:Building ROS package in '/tmp/.X11-unix/ROS2_final_Thesis/src/bbox_ex_msgs' with build type 'ament_cmake'
[4.573s] INFO:colcon.colcon_cmake.task.cmake.build:Building CMake package in '/tmp/.X11-unix/ROS2_final_Thesis/src/bbox_ex_msgs'
[4.641s] INFO:colcon.colcon_core.plugin_system:Skipping extension 'colcon_core.shell.bat': Not used on non-Windows systems
[4.643s] INFO:colcon.colcon_core.shell:Skip shell extension 'powershell' for command environment: Not usable outside of PowerShell
[4.643s] DEBUG:colcon.colcon_core.shell:Skip shell extension 'dsv' for command environment
[4.746s] INFO:colcon.colcon_ros.task.ament_cmake.build:Building ROS package in '/tmp/.X11-unix/ROS2_final_Thesis/src/rplidar_ros2' with build type 'ament_cmake'
[4.747s] INFO:colcon.colcon_cmake.task.cmake.build:Building CMake package in '/tmp/.X11-unix/ROS2_final_Thesis/src/rplidar_ros2'
[4.791s] INFO:colcon.colcon_core.shell:Skip shell extension 'powershell' for command environment: Not usable outside of PowerShell
[4.791s] DEBUG:colcon.colcon_core.shell:Skip shell extension 'dsv' for command environment
[4.876s] INFO:colcon.colcon_ros.task.ament_cmake.build:Building ROS package in '/tmp/.X11-unix/ROS2_final_Thesis/src/sllidar_ros2' with build type 'ament_cmake'
[4.877s] INFO:colcon.colcon_cmake.task.cmake.build:Building CMake package in '/tmp/.X11-unix/ROS2_final_Thesis/src/sllidar_ros2'
[4.920s] INFO:colcon.colcon_core.shell:Skip shell extension 'powershell' for command environment: Not usable outside of PowerShell
[4.921s] DEBUG:colcon.colcon_core.shell:Skip shell extension 'dsv' for command environment
[5.029s] DEBUG:colcon.colcon_core.event_handler.log_command:Invoking command in '/tmp/.X11-unix/ROS2_final_Thesis/build/bboxes_ex_msgs': CMAKE_PREFIX_PATH=${CMAKE_PREFIX_PATH}:/tmp/.X11-unix/ROS2_final_Thesis/install/yolov5_ros:/tmp/.X11-unix/ROS2_final_Thesis/install/cv_basics /usr/bin/cmake --build /tmp/.X11-unix/ROS2_final_Thesis/build/bboxes_ex_msgs -- -j4 -l4
[5.105s] DEBUG:colcon.colcon_core.event_handler.log_command:Invoking command in '/tmp/.X11-unix/ROS2_final_Thesis/build/rplidar_ros': CMAKE_PREFIX_PATH=${CMAKE_PREFIX_PATH}:/tmp/.X11-unix/ROS2_final_Thesis/install/yolov5_ros:/tmp/.X11-unix/ROS2_final_Thesis/install/cv_basics /usr/bin/cmake --build /tmp/.X11-unix/ROS2_final_Thesis/build/rplidar_ros -- -j4 -l4
[5.142s] DEBUG:colcon.colcon_core.event_handler.log_command:Invoking command in '/tmp/.X11-unix/ROS2_final_Thesis/build/sllidar_ros2': CMAKE_PREFIX_PATH=${CMAKE_PREFIX_PATH}:/tmp/.X11-unix/ROS2_final_Thesis/install/yolov5_ros:/tmp/.X11-unix/ROS2_final_Thesis/install/cv_basics /usr/bin/cmake --build /tmp/.X11-unix/ROS2_final_Thesis/build/sllidar_ros2 -- -j4 -l4
[5.533s] DEBUG:colcon.colcon_core.event_handler.log_command:Invoked command in '/tmp/.X11-unix/ROS2_final_Thesis/build/sllidar_ros2' returned '0': CMAKE_PREFIX_PATH=${CMAKE_PREFIX_PATH}:/tmp/.X11-unix/ROS2_final_Thesis/install/yolov5_ros:/tmp/.X11-unix/ROS2_final_Thesis/install/cv_basics /usr/bin/cmake --build /tmp/.X11-unix/ROS2_final_Thesis/build/sllidar_ros2 -- -j4 -l4
[5.610s] DEBUG:colcon.colcon_core.event_handler.log_command:Invoked command in '/tmp/.X11-unix/ROS2_final_Thesis/build/rplidar_ros' returned '0': CMAKE_PREFIX_PATH=${CMAKE_PREFIX_PATH}:/tmp/.X11-unix/ROS2_final_Thesis/install/yolov5_ros:/tmp/.X11-unix/ROS2_final_Thesis/install/cv_basics /usr/bin/cmake --build /tmp/.X11-unix/ROS2_final_Thesis/build/rplidar_ros -- -j4 -l4
[5.732s] DEBUG:colcon.colcon_core.event_handler.log_command:Invoking command in '/tmp/.X11-unix/ROS2_final_Thesis/build/sllidar_ros2': CMAKE_PREFIX_PATH=${CMAKE_PREFIX_PATH}:/tmp/.X11-unix/ROS2_final_Thesis/install/yolov5_ros:/tmp/.X11-unix/ROS2_final_Thesis/install/cv_basics /usr/bin/cmake --install /tmp/.X11-unix/ROS2_final_Thesis/build/sllidar_ros2
[5.757s] DEBUG:colcon.colcon_core.event_handler.log_command:Invoking command in '/tmp/.X11-unix/ROS2_final_Thesis/build/rplidar_ros': CMAKE_PREFIX_PATH=${CMAKE_PREFIX_PATH}:/tmp/.X11-unix/ROS2_final_Thesis/install/yolov5_ros:/tmp/.X11-unix/ROS2_final_Thesis/install/cv_basics /usr/bin/cmake --install /tmp/.X11-unix/ROS2_final_Thesis/build/rplidar_ros
[5.844s] DEBUG:colcon.colcon_core.event_handler.log_command:Invoked command in '/tmp/.X11-unix/ROS2_final_Thesis/build/bboxes_ex_msgs' returned '0': CMAKE_PREFIX_PATH=${CMAKE_PREFIX_PATH}:/tmp/.X11-unix/ROS2_final_Thesis/install/yolov5_ros:/tmp/.X11-unix/ROS2_final_Thesis/install/cv_basics /usr/bin/cmake --build /tmp/.X11-unix/ROS2_final_Thesis/build/bboxes_ex_msgs -- -j4 -l4
[5.859s] Level 1:colcon.colcon_core.environment:create_environment_scripts_only(sllidar_ros2)
[5.906s] DEBUG:colcon.colcon_core.event_handler.log_command:Invoked command in '/tmp/.X11-unix/ROS2_final_Thesis/build/sllidar_ros2' returned '0': CMAKE_PREFIX_PATH=${CMAKE_PREFIX_PATH}:/tmp/.X11-unix/ROS2_final_Thesis/install/yolov5_ros:/tmp/.X11-unix/ROS2_final_Thesis/install/cv_basics /usr/bin/cmake --install /tmp/.X11-unix/ROS2_final_Thesis/build/sllidar_ros2
[5.960s] Level 1:colcon.colcon_core.environment:checking '/tmp/.X11-unix/ROS2_final_Thesis/install/sllidar_ros2' for CMake module files
[5.964s] Level 1:colcon.colcon_core.environment:checking '/tmp/.X11-unix/ROS2_final_Thesis/install/sllidar_ros2' for CMake config files
[5.966s] Level 1:colcon.colcon_core.shell:create_environment_hook('sllidar_ros2', 'cmake_prefix_path')
[6.007s] INFO:colcon.colcon_core.shell:Creating environment hook '/tmp/.X11-unix/ROS2_final_Thesis/install/sllidar_ros2/share/sllidar_ros2/hook/cmake_prefix_path.ps1'
[6.013s] INFO:colcon.colcon_core.shell:Creating environment descriptor '/tmp/.X11-unix/ROS2_final_Thesis/install/sllidar_ros2/share/sllidar_ros2/hook/cmake_prefix_path.dsv'
[6.016s] INFO:colcon.colcon_core.shell:Creating environment hook '/tmp/.X11-unix/ROS2_final_Thesis/install/sllidar_ros2/share/sllidar_ros2/hook/cmake_prefix_path.sh'
[6.024s] Level 1:colcon.colcon_core.environment:checking '/tmp/.X11-unix/ROS2_final_Thesis/install/sllidar_ros2/lib'
[6.026s] Level 1:colcon.colcon_core.environment:checking '/tmp/.X11-unix/ROS2_final_Thesis/install/sllidar_ros2/bin'
[6.026s] Level 1:colcon.colcon_core.environment:checking '/tmp/.X11-unix/ROS2_final_Thesis/install/sllidar_ros2/lib/pkgconfig/sllidar_ros2.pc'
[6.027s] Level 1:colcon.colcon_core.environment:checking '/tmp/.X11-unix/ROS2_final_Thesis/install/sllidar_ros2/lib/python3.6/site-packages'
[6.028s] Level 1:colcon.colcon_core.environment:checking '/tmp/.X11-unix/ROS2_final_Thesis/install/sllidar_ros2/bin'
[6.072s] INFO:colcon.colcon_core.shell:Creating package script '/tmp/.X11-unix/ROS2_final_Thesis/install/sllidar_ros2/share/sllidar_ros2/package.ps1'
[6.078s] INFO:colcon.colcon_core.shell:Creating package descriptor '/tmp/.X11-unix/ROS2_final_Thesis/install/sllidar_ros2/share/sllidar_ros2/package.dsv'
[6.082s] INFO:colcon.colcon_core.shell:Creating package script '/tmp/.X11-unix/ROS2_final_Thesis/install/sllidar_ros2/share/sllidar_ros2/package.sh'
[6.087s] INFO:colcon.colcon_core.shell:Creating package script '/tmp/.X11-unix/ROS2_final_Thesis/install/sllidar_ros2/share/sllidar_ros2/package.bash'
[6.093s] INFO:colcon.colcon_core.shell:Creating package script '/tmp/.X11-unix/ROS2_final_Thesis/install/sllidar_ros2/share/sllidar_ros2/package.zsh'
[6.099s] Level 1:colcon.colcon_core.environment:create_file_with_runtime_dependencies(/tmp/.X11-unix/ROS2_final_Thesis/install/sllidar_ros2/share/colcon-core/packages/sllidar_ros2)
[6.124s] DEBUG:colcon.colcon_core.event_handler.log_command:Invoking command in '/tmp/.X11-unix/ROS2_final_Thesis/build/bboxes_ex_msgs': CMAKE_PREFIX_PATH=${CMAKE_PREFIX_PATH}:/tmp/.X11-unix/ROS2_final_Thesis/install/yolov5_ros:/tmp/.X11-unix/ROS2_final_Thesis/install/cv_basics /usr/bin/cmake --install /tmp/.X11-unix/ROS2_final_Thesis/build/bboxes_ex_msgs
[6.130s] Level 1:colcon.colcon_core.environment:create_environment_scripts_only(rplidar_ros)
[6.143s] DEBUG:colcon.colcon_core.event_handler.log_command:Invoked command in '/tmp/.X11-unix/ROS2_final_Thesis/build/rplidar_ros' returned '0': CMAKE_PREFIX_PATH=${CMAKE_PREFIX_PATH}:/tmp/.X11-unix/ROS2_final_Thesis/install/yolov5_ros:/tmp/.X11-unix/ROS2_final_Thesis/install/cv_basics /usr/bin/cmake --install /tmp/.X11-unix/ROS2_final_Thesis/build/rplidar_ros
[6.214s] Level 1:colcon.colcon_core.environment:checking '/tmp/.X11-unix/ROS2_final_Thesis/install/rplidar_ros' for CMake module files
[6.231s] Level 1:colcon.colcon_core.environment:checking '/tmp/.X11-unix/ROS2_final_Thesis/install/rplidar_ros' for CMake config files
[6.258s] Level 1:colcon.colcon_core.shell:create_environment_hook('rplidar_ros', 'cmake_prefix_path')
[6.304s] INFO:colcon.colcon_core.shell:Creating environment hook '/tmp/.X11-unix/ROS2_final_Thesis/install/rplidar_ros/share/rplidar_ros/hook/cmake_prefix_path.ps1'
[6.308s] INFO:colcon.colcon_core.shell:Creating environment descriptor '/tmp/.X11-unix/ROS2_final_Thesis/install/rplidar_ros/share/rplidar_ros/hook/cmake_prefix_path.dsv'
[6.312s] INFO:colcon.colcon_core.shell:Creating environment hook '/tmp/.X11-unix/ROS2_final_Thesis/install/rplidar_ros/share/rplidar_ros/hook/cmake_prefix_path.sh'
[6.318s] Level 1:colcon.colcon_core.environment:checking '/tmp/.X11-unix/ROS2_final_Thesis/install/rplidar_ros/lib'
[6.319s] Level 1:colcon.colcon_core.shell:create_environment_hook('rplidar_ros', 'ld_library_path_lib')
[6.364s] INFO:colcon.colcon_core.shell:Creating environment hook '/tmp/.X11-unix/ROS2_final_Thesis/install/rplidar_ros/share/rplidar_ros/hook/ld_library_path_lib.ps1'
[6.368s] INFO:colcon.colcon_core.shell:Creating environment descriptor '/tmp/.X11-unix/ROS2_final_Thesis/install/rplidar_ros/share/rplidar_ros/hook/ld_library_path_lib.dsv'
[6.372s] INFO:colcon.colcon_core.shell:Creating environment hook '/tmp/.X11-unix/ROS2_final_Thesis/install/rplidar_ros/share/rplidar_ros/hook/ld_library_path_lib.sh'
[6.376s] Level 1:colcon.colcon_core.environment:checking '/tmp/.X11-unix/ROS2_final_Thesis/install/rplidar_ros/bin'
[6.377s] Level 1:colcon.colcon_core.environment:checking '/tmp/.X11-unix/ROS2_final_Thesis/install/rplidar_ros/lib/pkgconfig/rplidar_ros.pc'
[6.378s] Level 1:colcon.colcon_core.environment:checking '/tmp/.X11-unix/ROS2_final_Thesis/install/rplidar_ros/lib/python3.6/site-packages'
[6.379s] Level 1:colcon.colcon_core.environment:checking '/tmp/.X11-unix/ROS2_final_Thesis/install/rplidar_ros/bin'
[6.425s] INFO:colcon.colcon_core.shell:Creating package script '/tmp/.X11-unix/ROS2_final_Thesis/install/rplidar_ros/share/rplidar_ros/package.ps1'
[6.428s] INFO:colcon.colcon_core.shell:Creating package descriptor '/tmp/.X11-unix/ROS2_final_Thesis/install/rplidar_ros/share/rplidar_ros/package.dsv'
[6.431s] INFO:colcon.colcon_core.shell:Creating package script '/tmp/.X11-unix/ROS2_final_Thesis/install/rplidar_ros/share/rplidar_ros/package.sh'
[6.434s] INFO:colcon.colcon_core.shell:Creating package script '/tmp/.X11-unix/ROS2_final_Thesis/install/rplidar_ros/share/rplidar_ros/package.bash'
[6.437s] INFO:colcon.colcon_core.shell:Creating package script '/tmp/.X11-unix/ROS2_final_Thesis/install/rplidar_ros/share/rplidar_ros/package.zsh'
[6.439s] Level 1:colcon.colcon_core.environment:create_file_with_runtime_dependencies(/tmp/.X11-unix/ROS2_final_Thesis/install/rplidar_ros/share/colcon-core/packages/rplidar_ros)
[6.507s] Level 1:colcon.colcon_core.environment:create_environment_scripts_only(sllidar_ros2)
[6.571s] Level 1:colcon.colcon_core.environment:checking '/tmp/.X11-unix/ROS2_final_Thesis/install/sllidar_ros2' for CMake module files
[6.578s] Level 1:colcon.colcon_core.environment:checking '/tmp/.X11-unix/ROS2_final_Thesis/install/sllidar_ros2' for CMake config files
[6.580s] Level 1:colcon.colcon_core.shell:create_environment_hook('sllidar_ros2', 'cmake_prefix_path')
[6.619s] INFO:colcon.colcon_core.shell:Creating environment hook '/tmp/.X11-unix/ROS2_final_Thesis/install/sllidar_ros2/share/sllidar_ros2/hook/cmake_prefix_path.ps1'
[6.622s] INFO:colcon.colcon_core.shell:Creating environment descriptor '/tmp/.X11-unix/ROS2_final_Thesis/install/sllidar_ros2/share/sllidar_ros2/hook/cmake_prefix_path.dsv'
[6.624s] INFO:colcon.colcon_core.shell:Creating environment hook '/tmp/.X11-unix/ROS2_final_Thesis/install/sllidar_ros2/share/sllidar_ros2/hook/cmake_prefix_path.sh'
[6.627s] Level 1:colcon.colcon_core.environment:checking '/tmp/.X11-unix/ROS2_final_Thesis/install/sllidar_ros2/lib'
[6.628s] Level 1:colcon.colcon_core.environment:checking '/tmp/.X11-unix/ROS2_final_Thesis/install/sllidar_ros2/bin'
[6.628s] Level 1:colcon.colcon_core.environment:checking '/tmp/.X11-unix/ROS2_final_Thesis/install/sllidar_ros2/lib/pkgconfig/sllidar_ros2.pc'
[6.629s] Level 1:colcon.colcon_core.environment:checking '/tmp/.X11-unix/ROS2_final_Thesis/install/sllidar_ros2/lib/python3.6/site-packages'
[6.630s] Level 1:colcon.colcon_core.environment:checking '/tmp/.X11-unix/ROS2_final_Thesis/install/sllidar_ros2/bin'
[6.670s] INFO:colcon.colcon_core.shell:Creating package script '/tmp/.X11-unix/ROS2_final_Thesis/install/sllidar_ros2/share/sllidar_ros2/package.ps1'
[6.673s] INFO:colcon.colcon_core.shell:Creating package descriptor '/tmp/.X11-unix/ROS2_final_Thesis/install/sllidar_ros2/share/sllidar_ros2/package.dsv'
[6.675s] INFO:colcon.colcon_core.shell:Creating package script '/tmp/.X11-unix/ROS2_final_Thesis/install/sllidar_ros2/share/sllidar_ros2/package.sh'
[6.678s] INFO:colcon.colcon_core.shell:Creating package script '/tmp/.X11-unix/ROS2_final_Thesis/install/sllidar_ros2/share/sllidar_ros2/package.bash'
[6.680s] INFO:colcon.colcon_core.shell:Creating package script '/tmp/.X11-unix/ROS2_final_Thesis/install/sllidar_ros2/share/sllidar_ros2/package.zsh'
[6.682s] Level 1:colcon.colcon_core.environment:create_file_with_runtime_dependencies(/tmp/.X11-unix/ROS2_final_Thesis/install/sllidar_ros2/share/colcon-core/packages/sllidar_ros2)
[6.729s] Level 1:colcon.colcon_core.environment:create_environment_scripts_only(rplidar_ros)
[6.792s] Level 1:colcon.colcon_core.environment:checking '/tmp/.X11-unix/ROS2_final_Thesis/install/rplidar_ros' for CMake module files
[6.795s] Level 1:colcon.colcon_core.environment:checking '/tmp/.X11-unix/ROS2_final_Thesis/install/rplidar_ros' for CMake config files
[6.798s] Level 1:colcon.colcon_core.shell:create_environment_hook('rplidar_ros', 'cmake_prefix_path')
[6.835s] INFO:colcon.colcon_core.shell:Creating environment hook '/tmp/.X11-unix/ROS2_final_Thesis/install/rplidar_ros/share/rplidar_ros/hook/cmake_prefix_path.ps1'
[6.839s] INFO:colcon.colcon_core.shell:Creating environment descriptor '/tmp/.X11-unix/ROS2_final_Thesis/install/rplidar_ros/share/rplidar_ros/hook/cmake_prefix_path.dsv'
[6.840s] INFO:colcon.colcon_core.shell:Creating environment hook '/tmp/.X11-unix/ROS2_final_Thesis/install/rplidar_ros/share/rplidar_ros/hook/cmake_prefix_path.sh'
[6.844s] Level 1:colcon.colcon_core.environment:checking '/tmp/.X11-unix/ROS2_final_Thesis/install/rplidar_ros/lib'
[6.844s] Level 1:colcon.colcon_core.shell:create_environment_hook('rplidar_ros', 'ld_library_path_lib')
[6.887s] INFO:colcon.colcon_core.shell:Creating environment hook '/tmp/.X11-unix/ROS2_final_Thesis/install/rplidar_ros/share/rplidar_ros/hook/ld_library_path_lib.ps1'
[6.889s] INFO:colcon.colcon_core.shell:Creating environment descriptor '/tmp/.X11-unix/ROS2_final_Thesis/install/rplidar_ros/share/rplidar_ros/hook/ld_library_path_lib.dsv'
[6.890s] INFO:colcon.colcon_core.shell:Creating environment hook '/tmp/.X11-unix/ROS2_final_Thesis/install/rplidar_ros/share/rplidar_ros/hook/ld_library_path_lib.sh'
[6.892s] Level 1:colcon.colcon_core.environment:checking '/tmp/.X11-unix/ROS2_final_Thesis/install/rplidar_ros/bin'
[6.893s] Level 1:colcon.colcon_core.environment:checking '/tmp/.X11-unix/ROS2_final_Thesis/install/rplidar_ros/lib/pkgconfig/rplidar_ros.pc'
[6.894s] Level 1:colcon.colcon_core.environment:checking '/tmp/.X11-unix/ROS2_final_Thesis/install/rplidar_ros/lib/python3.6/site-packages'
[6.895s] Level 1:colcon.colcon_core.environment:checking '/tmp/.X11-unix/ROS2_final_Thesis/install/rplidar_ros/bin'
[6.934s] INFO:colcon.colcon_core.shell:Creating package script '/tmp/.X11-unix/ROS2_final_Thesis/install/rplidar_ros/share/rplidar_ros/package.ps1'
[6.937s] INFO:colcon.colcon_core.shell:Creating package descriptor '/tmp/.X11-unix/ROS2_final_Thesis/install/rplidar_ros/share/rplidar_ros/package.dsv'
[6.940s] INFO:colcon.colcon_core.shell:Creating package script '/tmp/.X11-unix/ROS2_final_Thesis/install/rplidar_ros/share/rplidar_ros/package.sh'
[6.942s] INFO:colcon.colcon_core.shell:Creating package script '/tmp/.X11-unix/ROS2_final_Thesis/install/rplidar_ros/share/rplidar_ros/package.bash'
[6.944s] INFO:colcon.colcon_core.shell:Creating package script '/tmp/.X11-unix/ROS2_final_Thesis/install/rplidar_ros/share/rplidar_ros/package.zsh'
[6.946s] Level 1:colcon.colcon_core.environment:create_file_with_runtime_dependencies(/tmp/.X11-unix/ROS2_final_Thesis/install/rplidar_ros/share/colcon-core/packages/rplidar_ros)
[6.948s] Level 1:colcon.colcon_core.environment:create_environment_scripts_only(bboxes_ex_msgs)
[7.010s] Level 1:colcon.colcon_core.environment:checking '/tmp/.X11-unix/ROS2_final_Thesis/install/bboxes_ex_msgs' for CMake module files
[7.015s] DEBUG:colcon.colcon_core.event_handler.log_command:Invoked command in '/tmp/.X11-unix/ROS2_final_Thesis/build/bboxes_ex_msgs' returned '0': CMAKE_PREFIX_PATH=${CMAKE_PREFIX_PATH}:/tmp/.X11-unix/ROS2_final_Thesis/install/yolov5_ros:/tmp/.X11-unix/ROS2_final_Thesis/install/cv_basics /usr/bin/cmake --install /tmp/.X11-unix/ROS2_final_Thesis/build/bboxes_ex_msgs
[7.018s] Level 1:colcon.colcon_core.environment:checking '/tmp/.X11-unix/ROS2_final_Thesis/install/bboxes_ex_msgs' for CMake config files
[7.022s] Level 1:colcon.colcon_core.shell:create_environment_hook('bboxes_ex_msgs', 'cmake_prefix_path')
[7.064s] INFO:colcon.colcon_core.shell:Creating environment hook '/tmp/.X11-unix/ROS2_final_Thesis/install/bboxes_ex_msgs/share/bboxes_ex_msgs/hook/cmake_prefix_path.ps1'
[7.067s] INFO:colcon.colcon_core.shell:Creating environment descriptor '/tmp/.X11-unix/ROS2_final_Thesis/install/bboxes_ex_msgs/share/bboxes_ex_msgs/hook/cmake_prefix_path.dsv'
[7.069s] INFO:colcon.colcon_core.shell:Creating environment hook '/tmp/.X11-unix/ROS2_final_Thesis/install/bboxes_ex_msgs/share/bboxes_ex_msgs/hook/cmake_prefix_path.sh'
[7.073s] Level 1:colcon.colcon_core.environment:checking '/tmp/.X11-unix/ROS2_final_Thesis/install/bboxes_ex_msgs/lib'
[7.074s] Level 1:colcon.colcon_core.shell:create_environment_hook('bboxes_ex_msgs', 'ld_library_path_lib')
[7.111s] INFO:colcon.colcon_core.shell:Creating environment hook '/tmp/.X11-unix/ROS2_final_Thesis/install/bboxes_ex_msgs/share/bboxes_ex_msgs/hook/ld_library_path_lib.ps1'
[7.115s] INFO:colcon.colcon_core.shell:Creating environment descriptor '/tmp/.X11-unix/ROS2_final_Thesis/install/bboxes_ex_msgs/share/bboxes_ex_msgs/hook/ld_library_path_lib.dsv'
[7.117s] INFO:colcon.colcon_core.shell:Creating environment hook '/tmp/.X11-unix/ROS2_final_Thesis/install/bboxes_ex_msgs/share/bboxes_ex_msgs/hook/ld_library_path_lib.sh'
[7.118s] Level 1:colcon.colcon_core.environment:checking '/tmp/.X11-unix/ROS2_final_Thesis/install/bboxes_ex_msgs/bin'
[7.119s] Level 1:colcon.colcon_core.environment:checking '/tmp/.X11-unix/ROS2_final_Thesis/install/bboxes_ex_msgs/lib/pkgconfig/bboxes_ex_msgs.pc'
[7.120s] Level 1:colcon.colcon_core.environment:checking '/tmp/.X11-unix/ROS2_final_Thesis/install/bboxes_ex_msgs/lib/python3.6/site-packages'
[7.120s] Level 1:colcon.colcon_core.shell:create_environment_hook('bboxes_ex_msgs', 'pythonpath')
[7.159s] INFO:colcon.colcon_core.shell:Creating environment hook '/tmp/.X11-unix/ROS2_final_Thesis/install/bboxes_ex_msgs/share/bboxes_ex_msgs/hook/pythonpath.ps1'
[7.161s] INFO:colcon.colcon_core.shell:Creating environment descriptor '/tmp/.X11-unix/ROS2_final_Thesis/install/bboxes_ex_msgs/share/bboxes_ex_msgs/hook/pythonpath.dsv'
[7.163s] INFO:colcon.colcon_core.shell:Creating environment hook '/tmp/.X11-unix/ROS2_final_Thesis/install/bboxes_ex_msgs/share/bboxes_ex_msgs/hook/pythonpath.sh'
[7.165s] Level 1:colcon.colcon_core.environment:checking '/tmp/.X11-unix/ROS2_final_Thesis/install/bboxes_ex_msgs/bin'
[7.204s] INFO:colcon.colcon_core.shell:Creating package script '/tmp/.X11-unix/ROS2_final_Thesis/install/bboxes_ex_msgs/share/bboxes_ex_msgs/package.ps1'
[7.208s] INFO:colcon.colcon_core.shell:Creating package descriptor '/tmp/.X11-unix/ROS2_final_Thesis/install/bboxes_ex_msgs/share/bboxes_ex_msgs/package.dsv'
[7.210s] INFO:colcon.colcon_core.shell:Creating package script '/tmp/.X11-unix/ROS2_final_Thesis/install/bboxes_ex_msgs/share/bboxes_ex_msgs/package.sh'
[7.212s] INFO:colcon.colcon_core.shell:Creating package script '/tmp/.X11-unix/ROS2_final_Thesis/install/bboxes_ex_msgs/share/bboxes_ex_msgs/package.bash'
[7.214s] INFO:colcon.colcon_core.shell:Creating package script '/tmp/.X11-unix/ROS2_final_Thesis/install/bboxes_ex_msgs/share/bboxes_ex_msgs/package.zsh'
[7.216s] Level 1:colcon.colcon_core.environment:create_file_with_runtime_dependencies(/tmp/.X11-unix/ROS2_final_Thesis/install/bboxes_ex_msgs/share/colcon-core/packages/bboxes_ex_msgs)
[7.488s] Level 1:colcon.colcon_core.environment:create_environment_scripts_only(bboxes_ex_msgs)
[7.546s] Level 1:colcon.colcon_core.environment:checking '/tmp/.X11-unix/ROS2_final_Thesis/install/bboxes_ex_msgs' for CMake module files
[7.550s] Level 1:colcon.colcon_core.environment:checking '/tmp/.X11-unix/ROS2_final_Thesis/install/bboxes_ex_msgs' for CMake config files
[7.555s] Level 1:colcon.colcon_core.shell:create_environment_hook('bboxes_ex_msgs', 'cmake_prefix_path')
[7.595s] INFO:colcon.colcon_core.shell:Creating environment hook '/tmp/.X11-unix/ROS2_final_Thesis/install/bboxes_ex_msgs/share/bboxes_ex_msgs/hook/cmake_prefix_path.ps1'
[7.601s] INFO:colcon.colcon_core.shell:Creating environment descriptor '/tmp/.X11-unix/ROS2_final_Thesis/install/bboxes_ex_msgs/share/bboxes_ex_msgs/hook/cmake_prefix_path.dsv'
[7.603s] INFO:colcon.colcon_core.shell:Creating environment hook '/tmp/.X11-unix/ROS2_final_Thesis/install/bboxes_ex_msgs/share/bboxes_ex_msgs/hook/cmake_prefix_path.sh'
[7.607s] Level 1:colcon.colcon_core.environment:checking '/tmp/.X11-unix/ROS2_final_Thesis/install/bboxes_ex_msgs/lib'
[7.607s] Level 1:colcon.colcon_core.shell:create_environment_hook('bboxes_ex_msgs', 'ld_library_path_lib')
[7.646s] INFO:colcon.colcon_core.shell:Creating environment hook '/tmp/.X11-unix/ROS2_final_Thesis/install/bboxes_ex_msgs/share/bboxes_ex_msgs/hook/ld_library_path_lib.ps1'
[7.648s] INFO:colcon.colcon_core.shell:Creating environment descriptor '/tmp/.X11-unix/ROS2_final_Thesis/install/bboxes_ex_msgs/share/bboxes_ex_msgs/hook/ld_library_path_lib.dsv'
[7.649s] INFO:colcon.colcon_core.shell:Creating environment hook '/tmp/.X11-unix/ROS2_final_Thesis/install/bboxes_ex_msgs/share/bboxes_ex_msgs/hook/ld_library_path_lib.sh'
[7.651s] Level 1:colcon.colcon_core.environment:checking '/tmp/.X11-unix/ROS2_final_Thesis/install/bboxes_ex_msgs/bin'
[7.651s] Level 1:colcon.colcon_core.environment:checking '/tmp/.X11-unix/ROS2_final_Thesis/install/bboxes_ex_msgs/lib/pkgconfig/bboxes_ex_msgs.pc'
[7.652s] Level 1:colcon.colcon_core.environment:checking '/tmp/.X11-unix/ROS2_final_Thesis/install/bboxes_ex_msgs/lib/python3.6/site-packages'
[7.652s] Level 1:colcon.colcon_core.shell:create_environment_hook('bboxes_ex_msgs', 'pythonpath')
[7.691s] INFO:colcon.colcon_core.shell:Creating environment hook '/tmp/.X11-unix/ROS2_final_Thesis/install/bboxes_ex_msgs/share/bboxes_ex_msgs/hook/pythonpath.ps1'
[7.693s] INFO:colcon.colcon_core.shell:Creating environment descriptor '/tmp/.X11-unix/ROS2_final_Thesis/install/bboxes_ex_msgs/share/bboxes_ex_msgs/hook/pythonpath.dsv'
[7.695s] INFO:colcon.colcon_core.shell:Creating environment hook '/tmp/.X11-unix/ROS2_final_Thesis/install/bboxes_ex_msgs/share/bboxes_ex_msgs/hook/pythonpath.sh'
[7.697s] Level 1:colcon.colcon_core.environment:checking '/tmp/.X11-unix/ROS2_final_Thesis/install/bboxes_ex_msgs/bin'
[7.738s] INFO:colcon.colcon_core.shell:Creating package script '/tmp/.X11-unix/ROS2_final_Thesis/install/bboxes_ex_msgs/share/bboxes_ex_msgs/package.ps1'
[7.742s] INFO:colcon.colcon_core.shell:Creating package descriptor '/tmp/.X11-unix/ROS2_final_Thesis/install/bboxes_ex_msgs/share/bboxes_ex_msgs/package.dsv'
[7.745s] INFO:colcon.colcon_core.shell:Creating package script '/tmp/.X11-unix/ROS2_final_Thesis/install/bboxes_ex_msgs/share/bboxes_ex_msgs/package.sh'
[7.747s] INFO:colcon.colcon_core.shell:Creating package script '/tmp/.X11-unix/ROS2_final_Thesis/install/bboxes_ex_msgs/share/bboxes_ex_msgs/package.bash'
[7.749s] INFO:colcon.colcon_core.shell:Creating package script '/tmp/.X11-unix/ROS2_final_Thesis/install/bboxes_ex_msgs/share/bboxes_ex_msgs/package.zsh'
[7.750s] Level 1:colcon.colcon_core.environment:create_file_with_runtime_dependencies(/tmp/.X11-unix/ROS2_final_Thesis/install/bboxes_ex_msgs/share/colcon-core/packages/bboxes_ex_msgs)
[7.752s] INFO:colcon.colcon_ros.task.ament_python.build:Building ROS package in '/tmp/.X11-unix/ROS2_final_Thesis/src/cv_basics' with build type 'ament_python'
[7.753s] Level 1:colcon.colcon_core.shell:create_environment_hook('cv_basics', 'ament_prefix_path')
[7.795s] INFO:colcon.colcon_core.shell:Creating environment hook '/tmp/.X11-unix/ROS2_final_Thesis/install/cv_basics/share/cv_basics/hook/ament_prefix_path.ps1'
[7.798s] INFO:colcon.colcon_core.shell:Creating environment descriptor '/tmp/.X11-unix/ROS2_final_Thesis/install/cv_basics/share/cv_basics/hook/ament_prefix_path.dsv'
[7.801s] INFO:colcon.colcon_core.shell:Creating environment hook '/tmp/.X11-unix/ROS2_final_Thesis/install/cv_basics/share/cv_basics/hook/ament_prefix_path.sh'
[7.844s] INFO:colcon.colcon_core.shell:Skip shell extension 'powershell' for command environment: Not usable outside of PowerShell
[7.845s] DEBUG:colcon.colcon_core.shell:Skip shell extension 'dsv' for command environment
[7.936s] INFO:colcon.colcon_ros.task.ament_python.build:Building ROS package in '/tmp/.X11-unix/ROS2_final_Thesis/src/YOLOv5-ROS/yolov5_ros' with build type 'ament_python'
[7.938s] Level 1:colcon.colcon_core.shell:create_environment_hook('yolov5_ros', 'ament_prefix_path')
[7.985s] INFO:colcon.colcon_core.shell:Creating environment hook '/tmp/.X11-unix/ROS2_final_Thesis/install/yolov5_ros/share/yolov5_ros/hook/ament_prefix_path.ps1'
[7.988s] INFO:colcon.colcon_core.shell:Creating environment descriptor '/tmp/.X11-unix/ROS2_final_Thesis/install/yolov5_ros/share/yolov5_ros/hook/ament_prefix_path.dsv'
[7.991s] INFO:colcon.colcon_core.shell:Creating environment hook '/tmp/.X11-unix/ROS2_final_Thesis/install/yolov5_ros/share/yolov5_ros/hook/ament_prefix_path.sh'
[8.032s] INFO:colcon.colcon_core.shell:Skip shell extension 'powershell' for command environment: Not usable outside of PowerShell
[8.032s] DEBUG:colcon.colcon_core.shell:Skip shell extension 'dsv' for command environment
[9.657s] INFO:colcon.colcon_core.task.python.build:Building Python package in '/tmp/.X11-unix/ROS2_final_Thesis/src/cv_basics'
[9.696s] INFO:colcon.colcon_core.shell:Skip shell extension 'powershell' for command environment: Not usable outside of PowerShell
[9.696s] DEBUG:colcon.colcon_core.shell:Skip shell extension 'dsv' for command environment
[11.376s] INFO:colcon.colcon_core.task.python.build:Building Python package in '/tmp/.X11-unix/ROS2_final_Thesis/src/YOLOv5-ROS/yolov5_ros'
[11.415s] INFO:colcon.colcon_core.shell:Skip shell extension 'powershell' for command environment: Not usable outside of PowerShell
[11.416s] DEBUG:colcon.colcon_core.shell:Skip shell extension 'dsv' for command environment
[13.934s] DEBUG:colcon.colcon_core.event_handler.log_command:Invoking command in '/tmp/.X11-unix/ROS2_final_Thesis/build/yolov5_ros': CMAKE_PREFIX_PATH=/tmp/.X11-unix/ROS2_final_Thesis/install/bboxes_ex_msgs:/tmp/.X11-unix/ROS2_final_Thesis/install/sllidar_ros2:/tmp/.X11-unix/ROS2_final_Thesis/install/rplidar_ros:/opt/ros/foxy/install LD_LIBRARY_PATH=/tmp/.X11-unix/ROS2_final_Thesis/install/bboxes_ex_msgs/lib:/tmp/.X11-unix/ROS2_final_Thesis/install/rplidar_ros/lib:/opt/ros/foxy/install/opt/yaml_cpp_vendor/lib:/opt/ros/foxy/install/lib:/usr/local/cuda/lib64:/usr/local/cuda-10.2/targets/aarch64-linux/lib PYTHONPATH=/tmp/.X11-unix/ROS2_final_Thesis/build/yolov5_ros/prefix_override:/tmp/.X11-unix/ROS2_final_Thesis/install/yolov5_ros/lib/python3.6/site-packages:/tmp/.X11-unix/ROS2_final_Thesis/install/bboxes_ex_msgs/lib/python3.6/site-packages:/tmp/.X11-unix/ROS2_final_Thesis/build/yolov5_ros:/tmp/.X11-unix/ROS2_final_Thesis/install/yolov5_ros/lib/python3.6/site-packages:/tmp/.X11-unix/ROS2_final_Thesis/build/cv_basics:/tmp/.X11-unix/ROS2_final_Thesis/install/cv_basics/lib/python3.6/site-packages:/opt/ros/foxy/install/lib/python3.6/site-packages /usr/bin/python3 setup.py develop --editable --build-directory /tmp/.X11-unix/ROS2_final_Thesis/build/yolov5_ros/build --no-deps install_data
[13.944s] DEBUG:colcon.colcon_core.event_handler.log_command:Invoking command in '/tmp/.X11-unix/ROS2_final_Thesis/build/cv_basics': CMAKE_PREFIX_PATH=/tmp/.X11-unix/ROS2_final_Thesis/install/bboxes_ex_msgs:/tmp/.X11-unix/ROS2_final_Thesis/install/sllidar_ros2:/tmp/.X11-unix/ROS2_final_Thesis/install/rplidar_ros:/opt/ros/foxy/install LD_LIBRARY_PATH=/tmp/.X11-unix/ROS2_final_Thesis/install/bboxes_ex_msgs/lib:/tmp/.X11-unix/ROS2_final_Thesis/install/rplidar_ros/lib:/opt/ros/foxy/install/opt/yaml_cpp_vendor/lib:/opt/ros/foxy/install/lib:/usr/local/cuda/lib64:/usr/local/cuda-10.2/targets/aarch64-linux/lib PYTHONPATH=/tmp/.X11-unix/ROS2_final_Thesis/build/cv_basics/prefix_override:/tmp/.X11-unix/ROS2_final_Thesis/install/cv_basics/lib/python3.6/site-packages:/tmp/.X11-unix/ROS2_final_Thesis/install/bboxes_ex_msgs/lib/python3.6/site-packages:/tmp/.X11-unix/ROS2_final_Thesis/build/yolov5_ros:/tmp/.X11-unix/ROS2_final_Thesis/install/yolov5_ros/lib/python3.6/site-packages:/tmp/.X11-unix/ROS2_final_Thesis/build/cv_basics:/tmp/.X11-unix/ROS2_final_Thesis/install/cv_basics/lib/python3.6/site-packages:/opt/ros/foxy/install/lib/python3.6/site-packages /usr/bin/python3 setup.py develop --editable --build-directory /tmp/.X11-unix/ROS2_final_Thesis/build/cv_basics/build --no-deps install_data
[16.629s] Level 1:colcon.colcon_core.shell:create_environment_hook('yolov5_ros', 'pythonpath_develop')
[16.647s] DEBUG:colcon.colcon_core.event_handler.log_command:Invoked command in '/tmp/.X11-unix/ROS2_final_Thesis/build/yolov5_ros' returned '0': CMAKE_PREFIX_PATH=/tmp/.X11-unix/ROS2_final_Thesis/install/bboxes_ex_msgs:/tmp/.X11-unix/ROS2_final_Thesis/install/sllidar_ros2:/tmp/.X11-unix/ROS2_final_Thesis/install/rplidar_ros:/opt/ros/foxy/install LD_LIBRARY_PATH=/tmp/.X11-unix/ROS2_final_Thesis/install/bboxes_ex_msgs/lib:/tmp/.X11-unix/ROS2_final_Thesis/install/rplidar_ros/lib:/opt/ros/foxy/install/opt/yaml_cpp_vendor/lib:/opt/ros/foxy/install/lib:/usr/local/cuda/lib64:/usr/local/cuda-10.2/targets/aarch64-linux/lib PYTHONPATH=/tmp/.X11-unix/ROS2_final_Thesis/build/yolov5_ros/prefix_override:/tmp/.X11-unix/ROS2_final_Thesis/install/yolov5_ros/lib/python3.6/site-packages:/tmp/.X11-unix/ROS2_final_Thesis/install/bboxes_ex_msgs/lib/python3.6/site-packages:/tmp/.X11-unix/ROS2_final_Thesis/build/yolov5_ros:/tmp/.X11-unix/ROS2_final_Thesis/install/yolov5_ros/lib/python3.6/site-packages:/tmp/.X11-unix/ROS2_final_Thesis/build/cv_basics:/tmp/.X11-unix/ROS2_final_Thesis/install/cv_basics/lib/python3.6/site-packages:/opt/ros/foxy/install/lib/python3.6/site-packages /usr/bin/python3 setup.py develop --editable --build-directory /tmp/.X11-unix/ROS2_final_Thesis/build/yolov5_ros/build --no-deps install_data
[16.673s] INFO:colcon.colcon_core.shell:Creating environment hook '/tmp/.X11-unix/ROS2_final_Thesis/build/yolov5_ros/share/yolov5_ros/hook/pythonpath_develop.ps1'
[16.675s] INFO:colcon.colcon_core.shell:Creating environment descriptor '/tmp/.X11-unix/ROS2_final_Thesis/build/yolov5_ros/share/yolov5_ros/hook/pythonpath_develop.dsv'
[16.677s] INFO:colcon.colcon_core.shell:Creating environment hook '/tmp/.X11-unix/ROS2_final_Thesis/build/yolov5_ros/share/yolov5_ros/hook/pythonpath_develop.sh'
[16.734s] Level 1:colcon.colcon_core.environment:checking '/tmp/.X11-unix/ROS2_final_Thesis/install/yolov5_ros' for CMake module files
[16.737s] Level 1:colcon.colcon_core.environment:checking '/tmp/.X11-unix/ROS2_final_Thesis/install/yolov5_ros' for CMake config files
[16.741s] Level 1:colcon.colcon_core.environment:checking '/tmp/.X11-unix/ROS2_final_Thesis/install/yolov5_ros/lib'
[16.741s] Level 1:colcon.colcon_core.environment:checking '/tmp/.X11-unix/ROS2_final_Thesis/install/yolov5_ros/bin'
[16.742s] Level 1:colcon.colcon_core.environment:checking '/tmp/.X11-unix/ROS2_final_Thesis/install/yolov5_ros/lib/pkgconfig/yolov5_ros.pc'
[16.743s] Level 1:colcon.colcon_core.environment:checking '/tmp/.X11-unix/ROS2_final_Thesis/install/yolov5_ros/lib/python3.6/site-packages'
[16.743s] Level 1:colcon.colcon_core.shell:create_environment_hook('yolov5_ros', 'pythonpath')
[16.784s] INFO:colcon.colcon_core.shell:Creating environment hook '/tmp/.X11-unix/ROS2_final_Thesis/install/yolov5_ros/share/yolov5_ros/hook/pythonpath.ps1'
[16.786s] INFO:colcon.colcon_core.shell:Creating environment descriptor '/tmp/.X11-unix/ROS2_final_Thesis/install/yolov5_ros/share/yolov5_ros/hook/pythonpath.dsv'
[16.787s] INFO:colcon.colcon_core.shell:Creating environment hook '/tmp/.X11-unix/ROS2_final_Thesis/install/yolov5_ros/share/yolov5_ros/hook/pythonpath.sh'
[16.789s] Level 1:colcon.colcon_core.environment:checking '/tmp/.X11-unix/ROS2_final_Thesis/install/yolov5_ros/bin'
[16.790s] Level 1:colcon.colcon_core.environment:create_environment_scripts_only(yolov5_ros)
[16.829s] INFO:colcon.colcon_core.shell:Creating package script '/tmp/.X11-unix/ROS2_final_Thesis/install/yolov5_ros/share/yolov5_ros/package.ps1'
[16.832s] INFO:colcon.colcon_core.shell:Creating package descriptor '/tmp/.X11-unix/ROS2_final_Thesis/install/yolov5_ros/share/yolov5_ros/package.dsv'
[16.834s] INFO:colcon.colcon_core.shell:Creating package script '/tmp/.X11-unix/ROS2_final_Thesis/install/yolov5_ros/share/yolov5_ros/package.sh'
[16.836s] INFO:colcon.colcon_core.shell:Creating package script '/tmp/.X11-unix/ROS2_final_Thesis/install/yolov5_ros/share/yolov5_ros/package.bash'
[16.838s] INFO:colcon.colcon_core.shell:Creating package script '/tmp/.X11-unix/ROS2_final_Thesis/install/yolov5_ros/share/yolov5_ros/package.zsh'
[16.839s] Level 1:colcon.colcon_core.environment:create_file_with_runtime_dependencies(/tmp/.X11-unix/ROS2_final_Thesis/install/yolov5_ros/share/colcon-core/packages/yolov5_ros)
[16.845s] Level 1:colcon.colcon_core.shell:create_environment_hook('cv_basics', 'pythonpath_develop')
[16.868s] DEBUG:colcon.colcon_core.event_handler.log_command:Invoked command in '/tmp/.X11-unix/ROS2_final_Thesis/build/cv_basics' returned '0': CMAKE_PREFIX_PATH=/tmp/.X11-unix/ROS2_final_Thesis/install/bboxes_ex_msgs:/tmp/.X11-unix/ROS2_final_Thesis/install/sllidar_ros2:/tmp/.X11-unix/ROS2_final_Thesis/install/rplidar_ros:/opt/ros/foxy/install LD_LIBRARY_PATH=/tmp/.X11-unix/ROS2_final_Thesis/install/bboxes_ex_msgs/lib:/tmp/.X11-unix/ROS2_final_Thesis/install/rplidar_ros/lib:/opt/ros/foxy/install/opt/yaml_cpp_vendor/lib:/opt/ros/foxy/install/lib:/usr/local/cuda/lib64:/usr/local/cuda-10.2/targets/aarch64-linux/lib PYTHONPATH=/tmp/.X11-unix/ROS2_final_Thesis/build/cv_basics/prefix_override:/tmp/.X11-unix/ROS2_final_Thesis/install/cv_basics/lib/python3.6/site-packages:/tmp/.X11-unix/ROS2_final_Thesis/install/bboxes_ex_msgs/lib/python3.6/site-packages:/tmp/.X11-unix/ROS2_final_Thesis/build/yolov5_ros:/tmp/.X11-unix/ROS2_final_Thesis/install/yolov5_ros/lib/python3.6/site-packages:/tmp/.X11-unix/ROS2_final_Thesis/build/cv_basics:/tmp/.X11-unix/ROS2_final_Thesis/install/cv_basics/lib/python3.6/site-packages:/opt/ros/foxy/install/lib/python3.6/site-packages /usr/bin/python3 setup.py develop --editable --build-directory /tmp/.X11-unix/ROS2_final_Thesis/build/cv_basics/build --no-deps install_data
[16.891s] INFO:colcon.colcon_core.shell:Creating environment hook '/tmp/.X11-unix/ROS2_final_Thesis/build/cv_basics/share/cv_basics/hook/pythonpath_develop.ps1'
[16.894s] INFO:colcon.colcon_core.shell:Creating environment descriptor '/tmp/.X11-unix/ROS2_final_Thesis/build/cv_basics/share/cv_basics/hook/pythonpath_develop.dsv'
[16.896s] INFO:colcon.colcon_core.shell:Creating environment hook '/tmp/.X11-unix/ROS2_final_Thesis/build/cv_basics/share/cv_basics/hook/pythonpath_develop.sh'
[16.956s] Level 1:colcon.colcon_core.environment:checking '/tmp/.X11-unix/ROS2_final_Thesis/install/cv_basics' for CMake module files
[16.960s] Level 1:colcon.colcon_core.environment:checking '/tmp/.X11-unix/ROS2_final_Thesis/install/cv_basics' for CMake config files
[16.963s] Level 1:colcon.colcon_core.environment:checking '/tmp/.X11-unix/ROS2_final_Thesis/install/cv_basics/lib'
[16.963s] Level 1:colcon.colcon_core.environment:checking '/tmp/.X11-unix/ROS2_final_Thesis/install/cv_basics/bin'
[16.964s] Level 1:colcon.colcon_core.environment:checking '/tmp/.X11-unix/ROS2_final_Thesis/install/cv_basics/lib/pkgconfig/cv_basics.pc'
[16.965s] Level 1:colcon.colcon_core.environment:checking '/tmp/.X11-unix/ROS2_final_Thesis/install/cv_basics/lib/python3.6/site-packages'
[16.965s] Level 1:colcon.colcon_core.shell:create_environment_hook('cv_basics', 'pythonpath')
[17.003s] INFO:colcon.colcon_core.shell:Creating environment hook '/tmp/.X11-unix/ROS2_final_Thesis/install/cv_basics/share/cv_basics/hook/pythonpath.ps1'
[17.006s] INFO:colcon.colcon_core.shell:Creating environment descriptor '/tmp/.X11-unix/ROS2_final_Thesis/install/cv_basics/share/cv_basics/hook/pythonpath.dsv'
[17.008s] INFO:colcon.colcon_core.shell:Creating environment hook '/tmp/.X11-unix/ROS2_final_Thesis/install/cv_basics/share/cv_basics/hook/pythonpath.sh'
[17.010s] Level 1:colcon.colcon_core.environment:checking '/tmp/.X11-unix/ROS2_final_Thesis/install/cv_basics/bin'
[17.010s] Level 1:colcon.colcon_core.environment:create_environment_scripts_only(cv_basics)
[17.051s] INFO:colcon.colcon_core.shell:Creating package script '/tmp/.X11-unix/ROS2_final_Thesis/install/cv_basics/share/cv_basics/package.ps1'
[17.054s] INFO:colcon.colcon_core.shell:Creating package descriptor '/tmp/.X11-unix/ROS2_final_Thesis/install/cv_basics/share/cv_basics/package.dsv'
[17.057s] INFO:colcon.colcon_core.shell:Creating package script '/tmp/.X11-unix/ROS2_final_Thesis/install/cv_basics/share/cv_basics/package.sh'
[17.059s] INFO:colcon.colcon_core.shell:Creating package script '/tmp/.X11-unix/ROS2_final_Thesis/install/cv_basics/share/cv_basics/package.bash'
[17.061s] INFO:colcon.colcon_core.shell:Creating package script '/tmp/.X11-unix/ROS2_final_Thesis/install/cv_basics/share/cv_basics/package.zsh'
[17.062s] Level 1:colcon.colcon_core.environment:create_file_with_runtime_dependencies(/tmp/.X11-unix/ROS2_final_Thesis/install/cv_basics/share/colcon-core/packages/cv_basics)
[17.064s] DEBUG:colcon.colcon_parallel_executor.executor.parallel:closing loop
[17.067s] DEBUG:colcon.colcon_parallel_executor.executor.parallel:loop closed
[17.068s] DEBUG:colcon.colcon_parallel_executor.executor.parallel:run_until_complete finished with '0'
[17.068s] DEBUG:colcon.colcon_core.event_reactor:joining thread
[17.150s] INFO:colcon.colcon_core.plugin_system:Skipping extension 'colcon_notification.desktop_notification.notify_send': Could not find 'notify-send'
[17.151s] INFO:colcon.colcon_core.plugin_system:Skipping extension 'colcon_notification.desktop_notification.terminal_notifier': Not used on non-Darwin systems
[17.151s] INFO:colcon.colcon_core.plugin_system:Skipping extension 'colcon_notification.desktop_notification.win32': Not used on non-Windows systems
[17.151s] INFO:colcon.colcon_notification.desktop_notification:Sending desktop notification using 'notify2'
[17.153s] DEBUG:colcon.colcon_notification.desktop_notification.notify2:Failed to initialize notify2: org.freedesktop.DBus.Error.InvalidFileContent: D-Bus library appears to be incorrectly set up: see the manual page for dbus-uuidgen to correct this issue. (Failed to open "/var/lib/dbus/machine-id": No such file or directory; UUID file '/etc/machine-id' should contain a hex string of length 32, not length 0, with no other text)
[17.153s] DEBUG:colcon.colcon_core.event_reactor:joined thread
[17.191s] INFO:colcon.colcon_core.shell:Creating prefix script '/tmp/.X11-unix/ROS2_final_Thesis/install/local_setup.ps1'
[17.198s] INFO:colcon.colcon_core.shell:Creating prefix util module '/tmp/.X11-unix/ROS2_final_Thesis/install/_local_setup_util_ps1.py'
[17.209s] INFO:colcon.colcon_core.shell:Creating prefix chain script '/tmp/.X11-unix/ROS2_final_Thesis/install/setup.ps1'
[17.225s] INFO:colcon.colcon_core.shell:Creating prefix script '/tmp/.X11-unix/ROS2_final_Thesis/install/local_setup.sh'
[17.229s] INFO:colcon.colcon_core.shell:Creating prefix util module '/tmp/.X11-unix/ROS2_final_Thesis/install/_local_setup_util_sh.py'
[17.231s] INFO:colcon.colcon_core.shell:Creating prefix chain script '/tmp/.X11-unix/ROS2_final_Thesis/install/setup.sh'
[17.247s] INFO:colcon.colcon_core.shell:Creating prefix script '/tmp/.X11-unix/ROS2_final_Thesis/install/local_setup.bash'
[17.252s] INFO:colcon.colcon_core.shell:Creating prefix chain script '/tmp/.X11-unix/ROS2_final_Thesis/install/setup.bash'
[17.267s] INFO:colcon.colcon_core.shell:Creating prefix script '/tmp/.X11-unix/ROS2_final_Thesis/install/local_setup.zsh'
[17.271s] INFO:colcon.colcon_core.shell:Creating prefix chain script '/tmp/.X11-unix/ROS2_final_Thesis/install/setup.zsh'
