[3.976s] DEBUG:colcon:Command line arguments: ['/usr/bin/colcon', 'build', '--symlink-install', '--packages-select', 'yolov5_ros']
[3.977s] DEBUG:colcon:Parsed command line arguments: Namespace(ament_cmake_args=None, base_paths=['.'], build_base='build', catkin_cmake_args=None, catkin_skip_building_tests=False, cmake_args=None, cmake_clean_cache=False, cmake_clean_first=False, cmake_force_configure=False, cmake_target=None, cmake_target_skip_unavailable=False, continue_on_error=False, event_handlers=None, executor='parallel', ignore_user_meta=False, install_base='install', log_base=None, log_level=None, main=<bound method BuildVerb.main of <colcon_core.verb.build.BuildVerb object at 0x7f8e9f3d68>>, merge_install=False, metas=['./colcon.meta'], packages_above=None, packages_above_and_dependencies=None, packages_above_depth=None, packages_end=None, packages_ignore=None, packages_ignore_regex=None, packages_select=['yolov5_ros'], packages_select_build_failed=False, packages_select_by_dep=None, packages_select_regex=None, packages_select_test_failures=False, packages_skip=None, packages_skip_build_finished=False, packages_skip_by_dep=None, packages_skip_regex=None, packages_skip_test_passed=False, packages_skip_up_to=None, packages_start=None, packages_up_to=None, packages_up_to_regex=None, parallel_workers=4, paths=None, symlink_install=True, test_result_base=None, verb_extension=<colcon_core.verb.build.BuildVerb object at 0x7f8e9f3d68>, verb_name='build', verb_parser=<colcon_defaults.argument_parser.defaults.DefaultArgumentsDecorator object at 0x7f8e93f9e8>)
[4.253s] Level 1:colcon.colcon_core.package_discovery:discover_packages(colcon_meta) check parameters
[4.254s] Level 1:colcon.colcon_core.package_discovery:discover_packages(recursive) check parameters
[4.254s] Level 1:colcon.colcon_core.package_discovery:discover_packages(ignore) check parameters
[4.254s] Level 1:colcon.colcon_core.package_discovery:discover_packages(path) check parameters
[4.254s] Level 1:colcon.colcon_core.package_discovery:discover_packages(colcon_meta) discover
[4.256s] Level 1:colcon.colcon_core.package_discovery:discover_packages(recursive) discover
[4.256s] INFO:colcon.colcon_core.package_discovery:Crawling recursively for packages in '/tmp/.X11-unix/ROS2_final_Thesis'
[4.257s] Level 1:colcon.colcon_core.package_identification:_identify(.) by extensions ['ignore', 'ignore_ament_install']
[4.257s] Level 1:colcon.colcon_core.package_identification:_identify(.) by extension 'ignore'
[4.258s] Level 1:colcon.colcon_core.package_identification:_identify(.) by extension 'ignore_ament_install'
[4.258s] Level 1:colcon.colcon_core.package_identification:_identify(.) by extensions ['colcon_pkg']
[4.259s] Level 1:colcon.colcon_core.package_identification:_identify(.) by extension 'colcon_pkg'
[4.259s] Level 1:colcon.colcon_core.package_identification:_identify(.) by extensions ['colcon_meta']
[4.259s] Level 1:colcon.colcon_core.package_identification:_identify(.) by extension 'colcon_meta'
[4.260s] Level 1:colcon.colcon_core.package_identification:_identify(.) by extensions ['ros']
[4.260s] Level 1:colcon.colcon_core.package_identification:_identify(.) by extension 'ros'
[4.494s] Level 1:colcon.colcon_core.package_identification:_identify(.) by extensions ['cmake', 'python']
[4.495s] Level 1:colcon.colcon_core.package_identification:_identify(.) by extension 'cmake'
[4.495s] Level 1:colcon.colcon_core.package_identification:_identify(.) by extension 'python'
[4.495s] Level 1:colcon.colcon_core.package_identification:_identify(.) by extensions ['python_setup_py']
[4.496s] Level 1:colcon.colcon_core.package_identification:_identify(.) by extension 'python_setup_py'
[4.497s] Level 1:colcon.colcon_core.package_identification:_identify(__pycache__) by extensions ['ignore', 'ignore_ament_install']
[4.497s] Level 1:colcon.colcon_core.package_identification:_identify(__pycache__) by extension 'ignore'
[4.498s] Level 1:colcon.colcon_core.package_identification:_identify(__pycache__) by extension 'ignore_ament_install'
[4.499s] Level 1:colcon.colcon_core.package_identification:_identify(__pycache__) by extensions ['colcon_pkg']
[4.499s] Level 1:colcon.colcon_core.package_identification:_identify(__pycache__) by extension 'colcon_pkg'
[4.500s] Level 1:colcon.colcon_core.package_identification:_identify(__pycache__) by extensions ['colcon_meta']
[4.500s] Level 1:colcon.colcon_core.package_identification:_identify(__pycache__) by extension 'colcon_meta'
[4.500s] Level 1:colcon.colcon_core.package_identification:_identify(__pycache__) by extensions ['ros']
[4.501s] Level 1:colcon.colcon_core.package_identification:_identify(__pycache__) by extension 'ros'
[4.502s] Level 1:colcon.colcon_core.package_identification:_identify(__pycache__) by extensions ['cmake', 'python']
[4.502s] Level 1:colcon.colcon_core.package_identification:_identify(__pycache__) by extension 'cmake'
[4.503s] Level 1:colcon.colcon_core.package_identification:_identify(__pycache__) by extension 'python'
[4.503s] Level 1:colcon.colcon_core.package_identification:_identify(__pycache__) by extensions ['python_setup_py']
[4.503s] Level 1:colcon.colcon_core.package_identification:_identify(__pycache__) by extension 'python_setup_py'
[4.504s] Level 1:colcon.colcon_core.package_identification:_identify(build) by extensions ['ignore', 'ignore_ament_install']
[4.505s] Level 1:colcon.colcon_core.package_identification:_identify(build) by extension 'ignore'
[4.505s] Level 1:colcon.colcon_core.package_identification:_identify(build) ignored
[4.508s] Level 1:colcon.colcon_core.package_identification:_identify(install) by extensions ['ignore', 'ignore_ament_install']
[4.508s] Level 1:colcon.colcon_core.package_identification:_identify(install) by extension 'ignore'
[4.509s] Level 1:colcon.colcon_core.package_identification:_identify(install) ignored
[4.509s] Level 1:colcon.colcon_core.package_identification:_identify(log) by extensions ['ignore', 'ignore_ament_install']
[4.510s] Level 1:colcon.colcon_core.package_identification:_identify(log) by extension 'ignore'
[4.510s] Level 1:colcon.colcon_core.package_identification:_identify(log) ignored
[4.511s] Level 1:colcon.colcon_core.package_identification:_identify(output) by extensions ['ignore', 'ignore_ament_install']
[4.512s] Level 1:colcon.colcon_core.package_identification:_identify(output) by extension 'ignore'
[4.512s] Level 1:colcon.colcon_core.package_identification:_identify(output) by extension 'ignore_ament_install'
[4.513s] Level 1:colcon.colcon_core.package_identification:_identify(output) by extensions ['colcon_pkg']
[4.513s] Level 1:colcon.colcon_core.package_identification:_identify(output) by extension 'colcon_pkg'
[4.513s] Level 1:colcon.colcon_core.package_identification:_identify(output) by extensions ['colcon_meta']
[4.513s] Level 1:colcon.colcon_core.package_identification:_identify(output) by extension 'colcon_meta'
[4.514s] Level 1:colcon.colcon_core.package_identification:_identify(output) by extensions ['ros']
[4.514s] Level 1:colcon.colcon_core.package_identification:_identify(output) by extension 'ros'
[4.515s] Level 1:colcon.colcon_core.package_identification:_identify(output) by extensions ['cmake', 'python']
[4.515s] Level 1:colcon.colcon_core.package_identification:_identify(output) by extension 'cmake'
[4.516s] Level 1:colcon.colcon_core.package_identification:_identify(output) by extension 'python'
[4.517s] Level 1:colcon.colcon_core.package_identification:_identify(output) by extensions ['python_setup_py']
[4.517s] Level 1:colcon.colcon_core.package_identification:_identify(output) by extension 'python_setup_py'
[4.518s] Level 1:colcon.colcon_core.package_identification:_identify(src) by extensions ['ignore', 'ignore_ament_install']
[4.518s] Level 1:colcon.colcon_core.package_identification:_identify(src) by extension 'ignore'
[4.519s] Level 1:colcon.colcon_core.package_identification:_identify(src) by extension 'ignore_ament_install'
[4.519s] Level 1:colcon.colcon_core.package_identification:_identify(src) by extensions ['colcon_pkg']
[4.520s] Level 1:colcon.colcon_core.package_identification:_identify(src) by extension 'colcon_pkg'
[4.520s] Level 1:colcon.colcon_core.package_identification:_identify(src) by extensions ['colcon_meta']
[4.520s] Level 1:colcon.colcon_core.package_identification:_identify(src) by extension 'colcon_meta'
[4.520s] Level 1:colcon.colcon_core.package_identification:_identify(src) by extensions ['ros']
[4.521s] Level 1:colcon.colcon_core.package_identification:_identify(src) by extension 'ros'
[4.521s] Level 1:colcon.colcon_core.package_identification:_identify(src) by extensions ['cmake', 'python']
[4.521s] Level 1:colcon.colcon_core.package_identification:_identify(src) by extension 'cmake'
[4.522s] Level 1:colcon.colcon_core.package_identification:_identify(src) by extension 'python'
[4.522s] Level 1:colcon.colcon_core.package_identification:_identify(src) by extensions ['python_setup_py']
[4.522s] Level 1:colcon.colcon_core.package_identification:_identify(src) by extension 'python_setup_py'
[4.523s] Level 1:colcon.colcon_core.package_identification:_identify(src/YOLOv5-ROS) by extensions ['ignore', 'ignore_ament_install']
[4.523s] Level 1:colcon.colcon_core.package_identification:_identify(src/YOLOv5-ROS) by extension 'ignore'
[4.523s] Level 1:colcon.colcon_core.package_identification:_identify(src/YOLOv5-ROS) by extension 'ignore_ament_install'
[4.524s] Level 1:colcon.colcon_core.package_identification:_identify(src/YOLOv5-ROS) by extensions ['colcon_pkg']
[4.524s] Level 1:colcon.colcon_core.package_identification:_identify(src/YOLOv5-ROS) by extension 'colcon_pkg'
[4.524s] Level 1:colcon.colcon_core.package_identification:_identify(src/YOLOv5-ROS) by extensions ['colcon_meta']
[4.525s] Level 1:colcon.colcon_core.package_identification:_identify(src/YOLOv5-ROS) by extension 'colcon_meta'
[4.525s] Level 1:colcon.colcon_core.package_identification:_identify(src/YOLOv5-ROS) by extensions ['ros']
[4.525s] Level 1:colcon.colcon_core.package_identification:_identify(src/YOLOv5-ROS) by extension 'ros'
[4.526s] Level 1:colcon.colcon_core.package_identification:_identify(src/YOLOv5-ROS) by extensions ['cmake', 'python']
[4.526s] Level 1:colcon.colcon_core.package_identification:_identify(src/YOLOv5-ROS) by extension 'cmake'
[4.526s] Level 1:colcon.colcon_core.package_identification:_identify(src/YOLOv5-ROS) by extension 'python'
[4.527s] Level 1:colcon.colcon_core.package_identification:_identify(src/YOLOv5-ROS) by extensions ['python_setup_py']
[4.527s] Level 1:colcon.colcon_core.package_identification:_identify(src/YOLOv5-ROS) by extension 'python_setup_py'
[4.528s] Level 1:colcon.colcon_core.package_identification:_identify(src/YOLOv5-ROS/yolov5_ros) by extensions ['ignore', 'ignore_ament_install']
[4.528s] Level 1:colcon.colcon_core.package_identification:_identify(src/YOLOv5-ROS/yolov5_ros) by extension 'ignore'
[4.529s] Level 1:colcon.colcon_core.package_identification:_identify(src/YOLOv5-ROS/yolov5_ros) by extension 'ignore_ament_install'
[4.529s] Level 1:colcon.colcon_core.package_identification:_identify(src/YOLOv5-ROS/yolov5_ros) by extensions ['colcon_pkg']
[4.529s] Level 1:colcon.colcon_core.package_identification:_identify(src/YOLOv5-ROS/yolov5_ros) by extension 'colcon_pkg'
[4.530s] Level 1:colcon.colcon_core.package_identification:_identify(src/YOLOv5-ROS/yolov5_ros) by extensions ['colcon_meta']
[4.530s] Level 1:colcon.colcon_core.package_identification:_identify(src/YOLOv5-ROS/yolov5_ros) by extension 'colcon_meta'
[4.530s] Level 1:colcon.colcon_core.package_identification:_identify(src/YOLOv5-ROS/yolov5_ros) by extensions ['ros']
[4.531s] Level 1:colcon.colcon_core.package_identification:_identify(src/YOLOv5-ROS/yolov5_ros) by extension 'ros'
[4.550s] DEBUG:colcon.colcon_core.package_identification:Package 'src/YOLOv5-ROS/yolov5_ros' with type 'ros.ament_python' and name 'yolov5_ros'
[4.551s] Level 1:colcon.colcon_core.package_identification:_identify(src/bbox_ex_msgs) by extensions ['ignore', 'ignore_ament_install']
[4.552s] Level 1:colcon.colcon_core.package_identification:_identify(src/bbox_ex_msgs) by extension 'ignore'
[4.552s] Level 1:colcon.colcon_core.package_identification:_identify(src/bbox_ex_msgs) by extension 'ignore_ament_install'
[4.553s] Level 1:colcon.colcon_core.package_identification:_identify(src/bbox_ex_msgs) by extensions ['colcon_pkg']
[4.553s] Level 1:colcon.colcon_core.package_identification:_identify(src/bbox_ex_msgs) by extension 'colcon_pkg'
[4.553s] Level 1:colcon.colcon_core.package_identification:_identify(src/bbox_ex_msgs) by extensions ['colcon_meta']
[4.553s] Level 1:colcon.colcon_core.package_identification:_identify(src/bbox_ex_msgs) by extension 'colcon_meta'
[4.554s] Level 1:colcon.colcon_core.package_identification:_identify(src/bbox_ex_msgs) by extensions ['ros']
[4.554s] Level 1:colcon.colcon_core.package_identification:_identify(src/bbox_ex_msgs) by extension 'ros'
[4.559s] DEBUG:colcon.colcon_core.package_identification:Package 'src/bbox_ex_msgs' with type 'ros.ament_cmake' and name 'bboxes_ex_msgs'
[4.560s] Level 1:colcon.colcon_core.package_identification:_identify(src/cv_basics) by extensions ['ignore', 'ignore_ament_install']
[4.560s] Level 1:colcon.colcon_core.package_identification:_identify(src/cv_basics) by extension 'ignore'
[4.561s] Level 1:colcon.colcon_core.package_identification:_identify(src/cv_basics) by extension 'ignore_ament_install'
[4.561s] Level 1:colcon.colcon_core.package_identification:_identify(src/cv_basics) by extensions ['colcon_pkg']
[4.561s] Level 1:colcon.colcon_core.package_identification:_identify(src/cv_basics) by extension 'colcon_pkg'
[4.562s] Level 1:colcon.colcon_core.package_identification:_identify(src/cv_basics) by extensions ['colcon_meta']
[4.562s] Level 1:colcon.colcon_core.package_identification:_identify(src/cv_basics) by extension 'colcon_meta'
[4.562s] Level 1:colcon.colcon_core.package_identification:_identify(src/cv_basics) by extensions ['ros']
[4.563s] Level 1:colcon.colcon_core.package_identification:_identify(src/cv_basics) by extension 'ros'
[4.570s] DEBUG:colcon.colcon_core.package_identification:Package 'src/cv_basics' with type 'ros.ament_python' and name 'cv_basics'
[4.571s] Level 1:colcon.colcon_core.package_identification:_identify(src/rplidar_ros2) by extensions ['ignore', 'ignore_ament_install']
[4.571s] Level 1:colcon.colcon_core.package_identification:_identify(src/rplidar_ros2) by extension 'ignore'
[4.572s] Level 1:colcon.colcon_core.package_identification:_identify(src/rplidar_ros2) by extension 'ignore_ament_install'
[4.572s] Level 1:colcon.colcon_core.package_identification:_identify(src/rplidar_ros2) by extensions ['colcon_pkg']
[4.572s] Level 1:colcon.colcon_core.package_identification:_identify(src/rplidar_ros2) by extension 'colcon_pkg'
[4.573s] Level 1:colcon.colcon_core.package_identification:_identify(src/rplidar_ros2) by extensions ['colcon_meta']
[4.573s] Level 1:colcon.colcon_core.package_identification:_identify(src/rplidar_ros2) by extension 'colcon_meta'
[4.573s] Level 1:colcon.colcon_core.package_identification:_identify(src/rplidar_ros2) by extensions ['ros']
[4.573s] Level 1:colcon.colcon_core.package_identification:_identify(src/rplidar_ros2) by extension 'ros'
[4.578s] DEBUG:colcon.colcon_core.package_identification:Package 'src/rplidar_ros2' with type 'ros.ament_cmake' and name 'rplidar_ros'
[4.579s] Level 1:colcon.colcon_core.package_identification:_identify(src/sllidar_ros2) by extensions ['ignore', 'ignore_ament_install']
[4.580s] Level 1:colcon.colcon_core.package_identification:_identify(src/sllidar_ros2) by extension 'ignore'
[4.580s] Level 1:colcon.colcon_core.package_identification:_identify(src/sllidar_ros2) by extension 'ignore_ament_install'
[4.581s] Level 1:colcon.colcon_core.package_identification:_identify(src/sllidar_ros2) by extensions ['colcon_pkg']
[4.581s] Level 1:colcon.colcon_core.package_identification:_identify(src/sllidar_ros2) by extension 'colcon_pkg'
[4.581s] Level 1:colcon.colcon_core.package_identification:_identify(src/sllidar_ros2) by extensions ['colcon_meta']
[4.582s] Level 1:colcon.colcon_core.package_identification:_identify(src/sllidar_ros2) by extension 'colcon_meta'
[4.582s] Level 1:colcon.colcon_core.package_identification:_identify(src/sllidar_ros2) by extensions ['ros']
[4.583s] Level 1:colcon.colcon_core.package_identification:_identify(src/sllidar_ros2) by extension 'ros'
[4.588s] DEBUG:colcon.colcon_core.package_identification:Package 'src/sllidar_ros2' with type 'ros.ament_cmake' and name 'sllidar_ros2'
[4.589s] Level 1:colcon.colcon_core.package_discovery:discover_packages(recursive) using defaults
[4.590s] Level 1:colcon.colcon_core.package_discovery:discover_packages(ignore) discover
[4.590s] Level 1:colcon.colcon_core.package_discovery:discover_packages(ignore) using defaults
[4.591s] Level 1:colcon.colcon_core.package_discovery:discover_packages(path) discover
[4.591s] Level 1:colcon.colcon_core.package_discovery:discover_packages(path) using defaults
[4.875s] INFO:colcon.colcon_core.package_selection:Skipping not selected package 'bboxes_ex_msgs' in 'src/bbox_ex_msgs'
[4.876s] INFO:colcon.colcon_core.package_selection:Skipping not selected package 'rplidar_ros' in 'src/rplidar_ros2'
[4.876s] INFO:colcon.colcon_core.package_selection:Skipping not selected package 'sllidar_ros2' in 'src/sllidar_ros2'
[4.876s] INFO:colcon.colcon_core.package_selection:Skipping not selected package 'cv_basics' in 'src/cv_basics'
[4.899s] Level 5:colcon.colcon_core.verb:set package 'yolov5_ros' build argument 'cmake_args' from command line to 'None'
[4.900s] Level 5:colcon.colcon_core.verb:set package 'yolov5_ros' build argument 'cmake_target' from command line to 'None'
[4.900s] Level 5:colcon.colcon_core.verb:set package 'yolov5_ros' build argument 'cmake_target_skip_unavailable' from command line to 'False'
[4.900s] Level 5:colcon.colcon_core.verb:set package 'yolov5_ros' build argument 'cmake_clean_cache' from command line to 'False'
[4.901s] Level 5:colcon.colcon_core.verb:set package 'yolov5_ros' build argument 'cmake_clean_first' from command line to 'False'
[4.901s] Level 5:colcon.colcon_core.verb:set package 'yolov5_ros' build argument 'cmake_force_configure' from command line to 'False'
[4.901s] Level 5:colcon.colcon_core.verb:set package 'yolov5_ros' build argument 'ament_cmake_args' from command line to 'None'
[4.901s] Level 5:colcon.colcon_core.verb:set package 'yolov5_ros' build argument 'catkin_cmake_args' from command line to 'None'
[4.902s] Level 5:colcon.colcon_core.verb:set package 'yolov5_ros' build argument 'catkin_skip_building_tests' from command line to 'False'
[4.902s] DEBUG:colcon.colcon_core.verb:Building package 'yolov5_ros' with the following arguments: {'ament_cmake_args': None, 'build_base': '/tmp/.X11-unix/ROS2_final_Thesis/build/yolov5_ros', 'catkin_cmake_args': None, 'catkin_skip_building_tests': False, 'cmake_args': None, 'cmake_clean_cache': False, 'cmake_clean_first': False, 'cmake_force_configure': False, 'cmake_target': None, 'cmake_target_skip_unavailable': False, 'install_base': '/tmp/.X11-unix/ROS2_final_Thesis/install/yolov5_ros', 'merge_install': False, 'path': '/tmp/.X11-unix/ROS2_final_Thesis/src/YOLOv5-ROS/yolov5_ros', 'symlink_install': True, 'test_result_base': None}
[4.922s] INFO:colcon.colcon_core.executor:Executing jobs using 'parallel' executor
[5.055s] DEBUG:colcon.colcon_parallel_executor.executor.parallel:run_until_complete
[5.057s] INFO:colcon.colcon_ros.task.ament_python.build:Building ROS package in '/tmp/.X11-unix/ROS2_final_Thesis/src/YOLOv5-ROS/yolov5_ros' with build type 'ament_python'
[5.058s] Level 1:colcon.colcon_core.shell:create_environment_hook('yolov5_ros', 'ament_prefix_path')
[5.144s] INFO:colcon.colcon_core.plugin_system:Skipping extension 'colcon_core.shell.bat': Not used on non-Windows systems
[5.147s] INFO:colcon.colcon_core.shell:Creating environment hook '/tmp/.X11-unix/ROS2_final_Thesis/install/yolov5_ros/share/yolov5_ros/hook/ament_prefix_path.ps1'
[5.153s] INFO:colcon.colcon_core.shell:Creating environment descriptor '/tmp/.X11-unix/ROS2_final_Thesis/install/yolov5_ros/share/yolov5_ros/hook/ament_prefix_path.dsv'
[5.157s] INFO:colcon.colcon_core.shell:Creating environment hook '/tmp/.X11-unix/ROS2_final_Thesis/install/yolov5_ros/share/yolov5_ros/hook/ament_prefix_path.sh'
[5.220s] INFO:colcon.colcon_core.shell:Skip shell extension 'powershell' for command environment: Not usable outside of PowerShell
[5.220s] DEBUG:colcon.colcon_core.shell:Skip shell extension 'dsv' for command environment
[7.441s] INFO:colcon.colcon_core.task.python.build:Building Python package in '/tmp/.X11-unix/ROS2_final_Thesis/src/YOLOv5-ROS/yolov5_ros'
[7.492s] INFO:colcon.colcon_core.shell:Skip shell extension 'powershell' for command environment: Not usable outside of PowerShell
[7.492s] DEBUG:colcon.colcon_core.shell:Skip shell extension 'dsv' for command environment
[10.596s] DEBUG:colcon.colcon_core.event_handler.log_command:Invoking command in '/tmp/.X11-unix/ROS2_final_Thesis/build/yolov5_ros': CMAKE_PREFIX_PATH=/tmp/.X11-unix/ROS2_final_Thesis/install/bboxes_ex_msgs:/tmp/.X11-unix/ROS2_final_Thesis/install/sllidar_ros2:/tmp/.X11-unix/ROS2_final_Thesis/install/rplidar_ros:/opt/ros/foxy/install LD_LIBRARY_PATH=/tmp/.X11-unix/ROS2_final_Thesis/install/bboxes_ex_msgs/lib:/tmp/.X11-unix/ROS2_final_Thesis/install/rplidar_ros/lib:/opt/ros/foxy/install/opt/yaml_cpp_vendor/lib:/opt/ros/foxy/install/lib:/usr/local/cuda/lib64:/usr/local/cuda-10.2/targets/aarch64-linux/lib PYTHONPATH=/tmp/.X11-unix/ROS2_final_Thesis/build/yolov5_ros/prefix_override:/tmp/.X11-unix/ROS2_final_Thesis/install/yolov5_ros/lib/python3.6/site-packages:/tmp/.X11-unix/ROS2_final_Thesis/install/bboxes_ex_msgs/lib/python3.6/site-packages:/tmp/.X11-unix/ROS2_final_Thesis/build/yolov5_ros:/tmp/.X11-unix/ROS2_final_Thesis/install/yolov5_ros/lib/python3.6/site-packages:/tmp/.X11-unix/ROS2_final_Thesis/build/cv_basics:/tmp/.X11-unix/ROS2_final_Thesis/install/cv_basics/lib/python3.6/site-packages:/opt/ros/foxy/install/lib/python3.6/site-packages /usr/bin/python3 setup.py develop --editable --build-directory /tmp/.X11-unix/ROS2_final_Thesis/build/yolov5_ros/build --no-deps install_data
[13.946s] Level 1:colcon.colcon_core.shell:create_environment_hook('yolov5_ros', 'pythonpath_develop')
[13.964s] DEBUG:colcon.colcon_core.event_handler.log_command:Invoked command in '/tmp/.X11-unix/ROS2_final_Thesis/build/yolov5_ros' returned '0': CMAKE_PREFIX_PATH=/tmp/.X11-unix/ROS2_final_Thesis/install/bboxes_ex_msgs:/tmp/.X11-unix/ROS2_final_Thesis/install/sllidar_ros2:/tmp/.X11-unix/ROS2_final_Thesis/install/rplidar_ros:/opt/ros/foxy/install LD_LIBRARY_PATH=/tmp/.X11-unix/ROS2_final_Thesis/install/bboxes_ex_msgs/lib:/tmp/.X11-unix/ROS2_final_Thesis/install/rplidar_ros/lib:/opt/ros/foxy/install/opt/yaml_cpp_vendor/lib:/opt/ros/foxy/install/lib:/usr/local/cuda/lib64:/usr/local/cuda-10.2/targets/aarch64-linux/lib PYTHONPATH=/tmp/.X11-unix/ROS2_final_Thesis/build/yolov5_ros/prefix_override:/tmp/.X11-unix/ROS2_final_Thesis/install/yolov5_ros/lib/python3.6/site-packages:/tmp/.X11-unix/ROS2_final_Thesis/install/bboxes_ex_msgs/lib/python3.6/site-packages:/tmp/.X11-unix/ROS2_final_Thesis/build/yolov5_ros:/tmp/.X11-unix/ROS2_final_Thesis/install/yolov5_ros/lib/python3.6/site-packages:/tmp/.X11-unix/ROS2_final_Thesis/build/cv_basics:/tmp/.X11-unix/ROS2_final_Thesis/install/cv_basics/lib/python3.6/site-packages:/opt/ros/foxy/install/lib/python3.6/site-packages /usr/bin/python3 setup.py develop --editable --build-directory /tmp/.X11-unix/ROS2_final_Thesis/build/yolov5_ros/build --no-deps install_data
[13.999s] INFO:colcon.colcon_core.shell:Creating environment hook '/tmp/.X11-unix/ROS2_final_Thesis/build/yolov5_ros/share/yolov5_ros/hook/pythonpath_develop.ps1'
[14.004s] INFO:colcon.colcon_core.shell:Creating environment descriptor '/tmp/.X11-unix/ROS2_final_Thesis/build/yolov5_ros/share/yolov5_ros/hook/pythonpath_develop.dsv'
[14.007s] INFO:colcon.colcon_core.shell:Creating environment hook '/tmp/.X11-unix/ROS2_final_Thesis/build/yolov5_ros/share/yolov5_ros/hook/pythonpath_develop.sh'
[14.103s] Level 1:colcon.colcon_core.environment:checking '/tmp/.X11-unix/ROS2_final_Thesis/install/yolov5_ros' for CMake module files
[14.107s] Level 1:colcon.colcon_core.environment:checking '/tmp/.X11-unix/ROS2_final_Thesis/install/yolov5_ros' for CMake config files
[14.113s] Level 1:colcon.colcon_core.environment:checking '/tmp/.X11-unix/ROS2_final_Thesis/install/yolov5_ros/lib'
[14.114s] Level 1:colcon.colcon_core.environment:checking '/tmp/.X11-unix/ROS2_final_Thesis/install/yolov5_ros/bin'
[14.115s] Level 1:colcon.colcon_core.environment:checking '/tmp/.X11-unix/ROS2_final_Thesis/install/yolov5_ros/lib/pkgconfig/yolov5_ros.pc'
[14.116s] Level 1:colcon.colcon_core.environment:checking '/tmp/.X11-unix/ROS2_final_Thesis/install/yolov5_ros/lib/python3.6/site-packages'
[14.116s] Level 1:colcon.colcon_core.shell:create_environment_hook('yolov5_ros', 'pythonpath')
[14.161s] INFO:colcon.colcon_core.shell:Creating environment hook '/tmp/.X11-unix/ROS2_final_Thesis/install/yolov5_ros/share/yolov5_ros/hook/pythonpath.ps1'
[14.163s] INFO:colcon.colcon_core.shell:Creating environment descriptor '/tmp/.X11-unix/ROS2_final_Thesis/install/yolov5_ros/share/yolov5_ros/hook/pythonpath.dsv'
[14.165s] INFO:colcon.colcon_core.shell:Creating environment hook '/tmp/.X11-unix/ROS2_final_Thesis/install/yolov5_ros/share/yolov5_ros/hook/pythonpath.sh'
[14.168s] Level 1:colcon.colcon_core.environment:checking '/tmp/.X11-unix/ROS2_final_Thesis/install/yolov5_ros/bin'
[14.168s] Level 1:colcon.colcon_core.environment:create_environment_scripts_only(yolov5_ros)
[14.217s] INFO:colcon.colcon_core.shell:Creating package script '/tmp/.X11-unix/ROS2_final_Thesis/install/yolov5_ros/share/yolov5_ros/package.ps1'
[14.225s] INFO:colcon.colcon_core.shell:Creating package descriptor '/tmp/.X11-unix/ROS2_final_Thesis/install/yolov5_ros/share/yolov5_ros/package.dsv'
[14.230s] INFO:colcon.colcon_core.shell:Creating package script '/tmp/.X11-unix/ROS2_final_Thesis/install/yolov5_ros/share/yolov5_ros/package.sh'
[14.238s] INFO:colcon.colcon_core.shell:Creating package script '/tmp/.X11-unix/ROS2_final_Thesis/install/yolov5_ros/share/yolov5_ros/package.bash'
[14.245s] INFO:colcon.colcon_core.shell:Creating package script '/tmp/.X11-unix/ROS2_final_Thesis/install/yolov5_ros/share/yolov5_ros/package.zsh'
[14.251s] Level 1:colcon.colcon_core.environment:create_file_with_runtime_dependencies(/tmp/.X11-unix/ROS2_final_Thesis/install/yolov5_ros/share/colcon-core/packages/yolov5_ros)
[14.255s] DEBUG:colcon.colcon_parallel_executor.executor.parallel:closing loop
[14.258s] DEBUG:colcon.colcon_parallel_executor.executor.parallel:loop closed
[14.259s] DEBUG:colcon.colcon_parallel_executor.executor.parallel:run_until_complete finished with '0'
[14.260s] DEBUG:colcon.colcon_core.event_reactor:joining thread
[14.365s] INFO:colcon.colcon_core.plugin_system:Skipping extension 'colcon_notification.desktop_notification.notify_send': Could not find 'notify-send'
[14.366s] INFO:colcon.colcon_core.plugin_system:Skipping extension 'colcon_notification.desktop_notification.terminal_notifier': Not used on non-Darwin systems
[14.366s] INFO:colcon.colcon_core.plugin_system:Skipping extension 'colcon_notification.desktop_notification.win32': Not used on non-Windows systems
[14.366s] INFO:colcon.colcon_notification.desktop_notification:Sending desktop notification using 'notify2'
[14.367s] DEBUG:colcon.colcon_notification.desktop_notification.notify2:Failed to initialize notify2: org.freedesktop.DBus.Error.InvalidFileContent: D-Bus library appears to be incorrectly set up: see the manual page for dbus-uuidgen to correct this issue. (Failed to open "/var/lib/dbus/machine-id": No such file or directory; UUID file '/etc/machine-id' should contain a hex string of length 32, not length 0, with no other text)
[14.367s] DEBUG:colcon.colcon_core.event_reactor:joined thread
[14.418s] INFO:colcon.colcon_core.shell:Creating prefix script '/tmp/.X11-unix/ROS2_final_Thesis/install/local_setup.ps1'
[14.427s] INFO:colcon.colcon_core.shell:Creating prefix util module '/tmp/.X11-unix/ROS2_final_Thesis/install/_local_setup_util_ps1.py'
[14.439s] INFO:colcon.colcon_core.shell:Creating prefix chain script '/tmp/.X11-unix/ROS2_final_Thesis/install/setup.ps1'
[14.457s] INFO:colcon.colcon_core.shell:Creating prefix script '/tmp/.X11-unix/ROS2_final_Thesis/install/local_setup.sh'
[14.462s] INFO:colcon.colcon_core.shell:Creating prefix util module '/tmp/.X11-unix/ROS2_final_Thesis/install/_local_setup_util_sh.py'
[14.464s] INFO:colcon.colcon_core.shell:Creating prefix chain script '/tmp/.X11-unix/ROS2_final_Thesis/install/setup.sh'
[14.483s] INFO:colcon.colcon_core.shell:Creating prefix script '/tmp/.X11-unix/ROS2_final_Thesis/install/local_setup.bash'
[14.487s] INFO:colcon.colcon_core.shell:Creating prefix chain script '/tmp/.X11-unix/ROS2_final_Thesis/install/setup.bash'
[14.506s] INFO:colcon.colcon_core.shell:Creating prefix script '/tmp/.X11-unix/ROS2_final_Thesis/install/local_setup.zsh'
[14.511s] INFO:colcon.colcon_core.shell:Creating prefix chain script '/tmp/.X11-unix/ROS2_final_Thesis/install/setup.zsh'
