[0.314s] Invoking command in '/tmp/.X11-unix/ROS2_final_Thesis/build/rplidar_ros': CMAKE_PREFIX_PATH=${CMAKE_PREFIX_PATH}:/tmp/.X11-unix/ROS2_final_Thesis/install/yolov5_ros:/tmp/.X11-unix/ROS2_final_Thesis/install/cv_basics /usr/bin/cmake --build /tmp/.X11-unix/ROS2_final_Thesis/build/rplidar_ros -- -j4 -l4
[0.522s] [ 77%] Built target rplidar_composition_node
[0.586s] [100%] Built target rplidar_composition
[0.614s] Invoked command in '/tmp/.X11-unix/ROS2_final_Thesis/build/rplidar_ros' returned '0': CMAKE_PREFIX_PATH=${CMAKE_PREFIX_PATH}:/tmp/.X11-unix/ROS2_final_Thesis/install/yolov5_ros:/tmp/.X11-unix/ROS2_final_Thesis/install/cv_basics /usr/bin/cmake --build /tmp/.X11-unix/ROS2_final_Thesis/build/rplidar_ros -- -j4 -l4
[0.801s] Invoking command in '/tmp/.X11-unix/ROS2_final_Thesis/build/rplidar_ros': CMAKE_PREFIX_PATH=${CMAKE_PREFIX_PATH}:/tmp/.X11-unix/ROS2_final_Thesis/install/yolov5_ros:/tmp/.X11-unix/ROS2_final_Thesis/install/cv_basics /usr/bin/cmake --install /tmp/.X11-unix/ROS2_final_Thesis/build/rplidar_ros
[0.828s] -- Install configuration: ""
[0.830s] -- Execute custom install script
[0.831s] -- Up-to-date symlink: /tmp/.X11-unix/ROS2_final_Thesis/install/rplidar_ros/lib/rplidar_ros/rplidar_composition
[0.833s] -- Up-to-date symlink: /tmp/.X11-unix/ROS2_final_Thesis/install/rplidar_ros/share/rplidar_ros/launch/filtered_scan.py
[0.834s] -- Up-to-date symlink: /tmp/.X11-unix/ROS2_final_Thesis/install/rplidar_ros/share/rplidar_ros/launch/rplidar.launch.py
[0.835s] -- Up-to-date symlink: /tmp/.X11-unix/ROS2_final_Thesis/install/rplidar_ros/share/rplidar_ros/launch/rplidar_a3.launch.py
[0.838s] -- Up-to-date symlink: /tmp/.X11-unix/ROS2_final_Thesis/install/rplidar_ros/share/rplidar_ros/launch/rplidar_s1.launch.py
[0.839s] -- Up-to-date symlink: /tmp/.X11-unix/ROS2_final_Thesis/install/rplidar_ros/share/rplidar_ros/launch/rplidar_s1_tcp.launch.py
[0.840s] -- Up-to-date symlink: /tmp/.X11-unix/ROS2_final_Thesis/install/rplidar_ros/share/rplidar_ros/launch/test_rplidar_a3.launch.py
[0.842s] -- Up-to-date symlink: /tmp/.X11-unix/ROS2_final_Thesis/install/rplidar_ros/share/rplidar_ros/launch/view_rplidar.launch.py
[0.842s] -- Up-to-date symlink: /tmp/.X11-unix/ROS2_final_Thesis/install/rplidar_ros/share/rplidar_ros/launch/view_rplidar_a3.launch.py
[0.844s] -- Up-to-date symlink: /tmp/.X11-unix/ROS2_final_Thesis/install/rplidar_ros/share/rplidar_ros/launch/view_rplidar_s1.launch.py
[0.845s] -- Up-to-date symlink: /tmp/.X11-unix/ROS2_final_Thesis/install/rplidar_ros/share/rplidar_ros/launch/view_rplidar_s1_tcp.launch.py
[0.847s] -- Up-to-date symlink: /tmp/.X11-unix/ROS2_final_Thesis/install/rplidar_ros/share/rplidar_ros/rviz/rplidar.rviz
[0.847s] -- Up-to-date symlink: /tmp/.X11-unix/ROS2_final_Thesis/install/rplidar_ros/lib/librplidar_composition_node.so
[0.848s] -- Up-to-date symlink: /tmp/.X11-unix/ROS2_final_Thesis/install/rplidar_ros/include/rplidar_node.hpp
[0.849s] -- Up-to-date symlink: /tmp/.X11-unix/ROS2_final_Thesis/install/rplidar_ros/include/visibility.h
[0.849s] -- Up-to-date symlink: /tmp/.X11-unix/ROS2_final_Thesis/install/rplidar_ros/lib/rplidar_ros/rplidar_composition
[0.850s] -- Up-to-date symlink: /tmp/.X11-unix/ROS2_final_Thesis/install/rplidar_ros/share/ament_index/resource_index/package_run_dependencies/rplidar_ros
[0.851s] -- Up-to-date symlink: /tmp/.X11-unix/ROS2_final_Thesis/install/rplidar_ros/share/ament_index/resource_index/parent_prefix_path/rplidar_ros
[0.852s] -- Up-to-date symlink: /tmp/.X11-unix/ROS2_final_Thesis/install/rplidar_ros/share/rplidar_ros/environment/ament_prefix_path.sh
[0.854s] -- Up-to-date symlink: /tmp/.X11-unix/ROS2_final_Thesis/install/rplidar_ros/share/rplidar_ros/environment/ament_prefix_path.dsv
[0.867s] -- Up-to-date symlink: /tmp/.X11-unix/ROS2_final_Thesis/install/rplidar_ros/share/rplidar_ros/environment/path.sh
[0.895s] -- Up-to-date symlink: /tmp/.X11-unix/ROS2_final_Thesis/install/rplidar_ros/share/rplidar_ros/environment/path.dsv
[0.900s] -- Up-to-date symlink: /tmp/.X11-unix/ROS2_final_Thesis/install/rplidar_ros/share/rplidar_ros/local_setup.bash
[0.915s] -- Up-to-date symlink: /tmp/.X11-unix/ROS2_final_Thesis/install/rplidar_ros/share/rplidar_ros/local_setup.sh
[0.927s] -- Up-to-date symlink: /tmp/.X11-unix/ROS2_final_Thesis/install/rplidar_ros/share/rplidar_ros/local_setup.zsh
[0.929s] -- Up-to-date symlink: /tmp/.X11-unix/ROS2_final_Thesis/install/rplidar_ros/share/rplidar_ros/local_setup.dsv
[0.931s] -- Symlinking: /tmp/.X11-unix/ROS2_final_Thesis/install/rplidar_ros/share/rplidar_ros/package.dsv
[0.935s] -- Up-to-date symlink: /tmp/.X11-unix/ROS2_final_Thesis/install/rplidar_ros/share/ament_index/resource_index/packages/rplidar_ros
[0.936s] -- Up-to-date symlink: /tmp/.X11-unix/ROS2_final_Thesis/install/rplidar_ros/share/ament_index/resource_index/rclcpp_components/rplidar_ros
[0.937s] -- Up-to-date symlink: /tmp/.X11-unix/ROS2_final_Thesis/install/rplidar_ros/share/rplidar_ros/cmake/ament_cmake_export_dependencies-extras.cmake
[0.938s] -- Up-to-date symlink: /tmp/.X11-unix/ROS2_final_Thesis/install/rplidar_ros/share/rplidar_ros/cmake/ament_cmake_export_include_directories-extras.cmake
[0.939s] -- Up-to-date symlink: /tmp/.X11-unix/ROS2_final_Thesis/install/rplidar_ros/share/rplidar_ros/cmake/rplidar_rosConfig.cmake
[0.951s] -- Up-to-date symlink: /tmp/.X11-unix/ROS2_final_Thesis/install/rplidar_ros/share/rplidar_ros/cmake/rplidar_rosConfig-version.cmake
[0.952s] -- Up-to-date symlink: /tmp/.X11-unix/ROS2_final_Thesis/install/rplidar_ros/share/rplidar_ros/package.xml
[1.122s] Invoked command in '/tmp/.X11-unix/ROS2_final_Thesis/build/rplidar_ros' returned '0': CMAKE_PREFIX_PATH=${CMAKE_PREFIX_PATH}:/tmp/.X11-unix/ROS2_final_Thesis/install/yolov5_ros:/tmp/.X11-unix/ROS2_final_Thesis/install/cv_basics /usr/bin/cmake --install /tmp/.X11-unix/ROS2_final_Thesis/build/rplidar_ros
