[5.835s] Invoking command in '/tmp/.X11-unix/ROS2_final_Thesis/build/yolov5_ros': AMENT_PREFIX_PATH=/tmp/.X11-unix/ROS2_final_Thesis/install/bboxes_ex_msgs:${AMENT_PREFIX_PATH} CMAKE_PREFIX_PATH=/tmp/.X11-unix/ROS2_final_Thesis/install/bboxes_ex_msgs:${CMAKE_PREFIX_PATH} LD_LIBRARY_PATH=/tmp/.X11-unix/ROS2_final_Thesis/install/bboxes_ex_msgs/lib:/opt/ros/foxy/install/opt/yaml_cpp_vendor/lib:/opt/ros/foxy/install/lib:/usr/local/cuda/lib64:/usr/local/cuda-10.2/targets/aarch64-linux/lib PYTHONPATH=/tmp/.X11-unix/ROS2_final_Thesis/build/yolov5_ros/prefix_override:/tmp/.X11-unix/ROS2_final_Thesis/install/yolov5_ros/lib/python3.6/site-packages:/tmp/.X11-unix/ROS2_final_Thesis/install/bboxes_ex_msgs/lib/python3.6/site-packages:${PYTHONPATH} /usr/bin/python3 setup.py develop --editable --build-directory /tmp/.X11-unix/ROS2_final_Thesis/build/yolov5_ros/build --no-deps install_data
[7.165s] /usr/local/lib/python3.6/dist-packages/setuptools/dist.py:726: UserWarning: Usage of dash-separated 'script-dir' will not be supported in future versions. Please use the underscore name 'script_dir' instead
[7.166s]   % (opt, underscore_opt)
[7.375s] running develop
[7.379s] /usr/local/lib/python3.6/dist-packages/setuptools/command/easy_install.py:159: EasyInstallDeprecationWarning: easy_install command is deprecated. Use build and pip and other standards-based tools.
[7.380s]   EasyInstallDeprecationWarning,
[7.385s] /usr/local/lib/python3.6/dist-packages/setuptools/command/install.py:37: SetuptoolsDeprecationWarning: setup.py install is deprecated. Use build and pip and other standards-based tools.
[7.386s]   setuptools.SetuptoolsDeprecationWarning,
[8.061s] running egg_info
[8.064s] writing yolov5_ros.egg-info/PKG-INFO
[8.064s] writing dependency_links to yolov5_ros.egg-info/dependency_links.txt
[8.065s] writing entry points to yolov5_ros.egg-info/entry_points.txt
[8.065s] writing requirements to yolov5_ros.egg-info/requires.txt
[8.066s] writing top-level names to yolov5_ros.egg-info/top_level.txt
[8.083s] reading manifest file 'yolov5_ros.egg-info/SOURCES.txt'
[8.089s] writing manifest file 'yolov5_ros.egg-info/SOURCES.txt'
[8.314s] running build_ext
[8.315s] Creating /tmp/.X11-unix/ROS2_final_Thesis/install/yolov5_ros/lib/python3.6/site-packages/yolov5-ros.egg-link (link to .)
[8.320s] Installing New_trt script to /tmp/.X11-unix/ROS2_final_Thesis/install/yolov5_ros/lib/yolov5_ros
[8.321s] Installing Old_trt script to /tmp/.X11-unix/ROS2_final_Thesis/install/yolov5_ros/lib/yolov5_ros
[8.322s] Installing yolov5_ros script to /tmp/.X11-unix/ROS2_final_Thesis/install/yolov5_ros/lib/yolov5_ros
[8.323s] 
[8.324s] Installed /tmp/.X11-unix/ROS2_final_Thesis/build/yolov5_ros
[8.324s] running install_data
[8.496s] Invoked command in '/tmp/.X11-unix/ROS2_final_Thesis/build/yolov5_ros' returned '0': AMENT_PREFIX_PATH=/tmp/.X11-unix/ROS2_final_Thesis/install/bboxes_ex_msgs:${AMENT_PREFIX_PATH} CMAKE_PREFIX_PATH=/tmp/.X11-unix/ROS2_final_Thesis/install/bboxes_ex_msgs:${CMAKE_PREFIX_PATH} LD_LIBRARY_PATH=/tmp/.X11-unix/ROS2_final_Thesis/install/bboxes_ex_msgs/lib:/opt/ros/foxy/install/opt/yaml_cpp_vendor/lib:/opt/ros/foxy/install/lib:/usr/local/cuda/lib64:/usr/local/cuda-10.2/targets/aarch64-linux/lib PYTHONPATH=/tmp/.X11-unix/ROS2_final_Thesis/build/yolov5_ros/prefix_override:/tmp/.X11-unix/ROS2_final_Thesis/install/yolov5_ros/lib/python3.6/site-packages:/tmp/.X11-unix/ROS2_final_Thesis/install/bboxes_ex_msgs/lib/python3.6/site-packages:${PYTHONPATH} /usr/bin/python3 setup.py develop --editable --build-directory /tmp/.X11-unix/ROS2_final_Thesis/build/yolov5_ros/build --no-deps install_data
