[3.482s] DEBUG:colcon:Command line arguments: ['/usr/bin/colcon', 'build', '--packages-select', 'yolov5_ros']
[3.483s] DEBUG:colcon:Parsed command line arguments: Namespace(ament_cmake_args=None, base_paths=['.'], build_base='build', catkin_cmake_args=None, catkin_skip_building_tests=False, cmake_args=None, cmake_clean_cache=False, cmake_clean_first=False, cmake_force_configure=False, cmake_target=None, cmake_target_skip_unavailable=False, continue_on_error=False, event_handlers=None, executor='parallel', ignore_user_meta=False, install_base='install', log_base=None, log_level=None, main=<bound method BuildVerb.main of <colcon_core.verb.build.BuildVerb object at 0x7fa80e5b70>>, merge_install=False, metas=['./colcon.meta'], packages_above=None, packages_above_and_dependencies=None, packages_above_depth=None, packages_end=None, packages_ignore=None, packages_ignore_regex=None, packages_select=['yolov5_ros'], packages_select_build_failed=False, packages_select_by_dep=None, packages_select_regex=None, packages_select_test_failures=False, packages_skip=None, packages_skip_build_finished=False, packages_skip_by_dep=None, packages_skip_regex=None, packages_skip_test_passed=False, packages_skip_up_to=None, packages_start=None, packages_up_to=None, packages_up_to_regex=None, parallel_workers=4, paths=None, symlink_install=False, test_result_base=None, verb_extension=<colcon_core.verb.build.BuildVerb object at 0x7fa80e5b70>, verb_name='build', verb_parser=<colcon_defaults.argument_parser.defaults.DefaultArgumentsDecorator object at 0x7fa803ec88>)
[3.759s] Level 1:colcon.colcon_core.package_discovery:discover_packages(colcon_meta) check parameters
[3.760s] Level 1:colcon.colcon_core.package_discovery:discover_packages(recursive) check parameters
[3.760s] Level 1:colcon.colcon_core.package_discovery:discover_packages(ignore) check parameters
[3.760s] Level 1:colcon.colcon_core.package_discovery:discover_packages(path) check parameters
[3.760s] Level 1:colcon.colcon_core.package_discovery:discover_packages(colcon_meta) discover
[3.762s] Level 1:colcon.colcon_core.package_discovery:discover_packages(recursive) discover
[3.762s] INFO:colcon.colcon_core.package_discovery:Crawling recursively for packages in '/tmp/.X11-unix/ROS2_final_Thesis'
[3.763s] Level 1:colcon.colcon_core.package_identification:_identify(.) by extensions ['ignore', 'ignore_ament_install']
[3.763s] Level 1:colcon.colcon_core.package_identification:_identify(.) by extension 'ignore'
[3.764s] Level 1:colcon.colcon_core.package_identification:_identify(.) by extension 'ignore_ament_install'
[3.764s] Level 1:colcon.colcon_core.package_identification:_identify(.) by extensions ['colcon_pkg']
[3.764s] Level 1:colcon.colcon_core.package_identification:_identify(.) by extension 'colcon_pkg'
[3.764s] Level 1:colcon.colcon_core.package_identification:_identify(.) by extensions ['colcon_meta']
[3.765s] Level 1:colcon.colcon_core.package_identification:_identify(.) by extension 'colcon_meta'
[3.765s] Level 1:colcon.colcon_core.package_identification:_identify(.) by extensions ['ros']
[3.765s] Level 1:colcon.colcon_core.package_identification:_identify(.) by extension 'ros'
[3.996s] Level 1:colcon.colcon_core.package_identification:_identify(.) by extensions ['cmake', 'python']
[3.996s] Level 1:colcon.colcon_core.package_identification:_identify(.) by extension 'cmake'
[3.996s] Level 1:colcon.colcon_core.package_identification:_identify(.) by extension 'python'
[3.997s] Level 1:colcon.colcon_core.package_identification:_identify(.) by extensions ['python_setup_py']
[3.997s] Level 1:colcon.colcon_core.package_identification:_identify(.) by extension 'python_setup_py'
[3.998s] Level 1:colcon.colcon_core.package_identification:_identify(__pycache__) by extensions ['ignore', 'ignore_ament_install']
[3.999s] Level 1:colcon.colcon_core.package_identification:_identify(__pycache__) by extension 'ignore'
[3.999s] Level 1:colcon.colcon_core.package_identification:_identify(__pycache__) by extension 'ignore_ament_install'
[4.000s] Level 1:colcon.colcon_core.package_identification:_identify(__pycache__) by extensions ['colcon_pkg']
[4.000s] Level 1:colcon.colcon_core.package_identification:_identify(__pycache__) by extension 'colcon_pkg'
[4.000s] Level 1:colcon.colcon_core.package_identification:_identify(__pycache__) by extensions ['colcon_meta']
[4.000s] Level 1:colcon.colcon_core.package_identification:_identify(__pycache__) by extension 'colcon_meta'
[4.001s] Level 1:colcon.colcon_core.package_identification:_identify(__pycache__) by extensions ['ros']
[4.001s] Level 1:colcon.colcon_core.package_identification:_identify(__pycache__) by extension 'ros'
[4.001s] Level 1:colcon.colcon_core.package_identification:_identify(__pycache__) by extensions ['cmake', 'python']
[4.002s] Level 1:colcon.colcon_core.package_identification:_identify(__pycache__) by extension 'cmake'
[4.002s] Level 1:colcon.colcon_core.package_identification:_identify(__pycache__) by extension 'python'
[4.002s] Level 1:colcon.colcon_core.package_identification:_identify(__pycache__) by extensions ['python_setup_py']
[4.003s] Level 1:colcon.colcon_core.package_identification:_identify(__pycache__) by extension 'python_setup_py'
[4.003s] Level 1:colcon.colcon_core.package_identification:_identify(build) by extensions ['ignore', 'ignore_ament_install']
[4.004s] Level 1:colcon.colcon_core.package_identification:_identify(build) by extension 'ignore'
[4.004s] Level 1:colcon.colcon_core.package_identification:_identify(build) ignored
[4.007s] Level 1:colcon.colcon_core.package_identification:_identify(install) by extensions ['ignore', 'ignore_ament_install']
[4.007s] Level 1:colcon.colcon_core.package_identification:_identify(install) by extension 'ignore'
[4.008s] Level 1:colcon.colcon_core.package_identification:_identify(install) ignored
[4.009s] Level 1:colcon.colcon_core.package_identification:_identify(log) by extensions ['ignore', 'ignore_ament_install']
[4.010s] Level 1:colcon.colcon_core.package_identification:_identify(log) by extension 'ignore'
[4.010s] Level 1:colcon.colcon_core.package_identification:_identify(log) ignored
[4.011s] Level 1:colcon.colcon_core.package_identification:_identify(output) by extensions ['ignore', 'ignore_ament_install']
[4.012s] Level 1:colcon.colcon_core.package_identification:_identify(output) by extension 'ignore'
[4.012s] Level 1:colcon.colcon_core.package_identification:_identify(output) by extension 'ignore_ament_install'
[4.013s] Level 1:colcon.colcon_core.package_identification:_identify(output) by extensions ['colcon_pkg']
[4.013s] Level 1:colcon.colcon_core.package_identification:_identify(output) by extension 'colcon_pkg'
[4.013s] Level 1:colcon.colcon_core.package_identification:_identify(output) by extensions ['colcon_meta']
[4.013s] Level 1:colcon.colcon_core.package_identification:_identify(output) by extension 'colcon_meta'
[4.014s] Level 1:colcon.colcon_core.package_identification:_identify(output) by extensions ['ros']
[4.014s] Level 1:colcon.colcon_core.package_identification:_identify(output) by extension 'ros'
[4.015s] Level 1:colcon.colcon_core.package_identification:_identify(output) by extensions ['cmake', 'python']
[4.015s] Level 1:colcon.colcon_core.package_identification:_identify(output) by extension 'cmake'
[4.015s] Level 1:colcon.colcon_core.package_identification:_identify(output) by extension 'python'
[4.015s] Level 1:colcon.colcon_core.package_identification:_identify(output) by extensions ['python_setup_py']
[4.015s] Level 1:colcon.colcon_core.package_identification:_identify(output) by extension 'python_setup_py'
[4.017s] Level 1:colcon.colcon_core.package_identification:_identify(src) by extensions ['ignore', 'ignore_ament_install']
[4.017s] Level 1:colcon.colcon_core.package_identification:_identify(src) by extension 'ignore'
[4.017s] Level 1:colcon.colcon_core.package_identification:_identify(src) by extension 'ignore_ament_install'
[4.018s] Level 1:colcon.colcon_core.package_identification:_identify(src) by extensions ['colcon_pkg']
[4.018s] Level 1:colcon.colcon_core.package_identification:_identify(src) by extension 'colcon_pkg'
[4.019s] Level 1:colcon.colcon_core.package_identification:_identify(src) by extensions ['colcon_meta']
[4.019s] Level 1:colcon.colcon_core.package_identification:_identify(src) by extension 'colcon_meta'
[4.019s] Level 1:colcon.colcon_core.package_identification:_identify(src) by extensions ['ros']
[4.020s] Level 1:colcon.colcon_core.package_identification:_identify(src) by extension 'ros'
[4.020s] Level 1:colcon.colcon_core.package_identification:_identify(src) by extensions ['cmake', 'python']
[4.020s] Level 1:colcon.colcon_core.package_identification:_identify(src) by extension 'cmake'
[4.021s] Level 1:colcon.colcon_core.package_identification:_identify(src) by extension 'python'
[4.021s] Level 1:colcon.colcon_core.package_identification:_identify(src) by extensions ['python_setup_py']
[4.021s] Level 1:colcon.colcon_core.package_identification:_identify(src) by extension 'python_setup_py'
[4.022s] Level 1:colcon.colcon_core.package_identification:_identify(src/YOLOv5-ROS) by extensions ['ignore', 'ignore_ament_install']
[4.023s] Level 1:colcon.colcon_core.package_identification:_identify(src/YOLOv5-ROS) by extension 'ignore'
[4.023s] Level 1:colcon.colcon_core.package_identification:_identify(src/YOLOv5-ROS) by extension 'ignore_ament_install'
[4.024s] Level 1:colcon.colcon_core.package_identification:_identify(src/YOLOv5-ROS) by extensions ['colcon_pkg']
[4.024s] Level 1:colcon.colcon_core.package_identification:_identify(src/YOLOv5-ROS) by extension 'colcon_pkg'
[4.025s] Level 1:colcon.colcon_core.package_identification:_identify(src/YOLOv5-ROS) by extensions ['colcon_meta']
[4.025s] Level 1:colcon.colcon_core.package_identification:_identify(src/YOLOv5-ROS) by extension 'colcon_meta'
[4.026s] Level 1:colcon.colcon_core.package_identification:_identify(src/YOLOv5-ROS) by extensions ['ros']
[4.026s] Level 1:colcon.colcon_core.package_identification:_identify(src/YOLOv5-ROS) by extension 'ros'
[4.027s] Level 1:colcon.colcon_core.package_identification:_identify(src/YOLOv5-ROS) by extensions ['cmake', 'python']
[4.028s] Level 1:colcon.colcon_core.package_identification:_identify(src/YOLOv5-ROS) by extension 'cmake'
[4.028s] Level 1:colcon.colcon_core.package_identification:_identify(src/YOLOv5-ROS) by extension 'python'
[4.028s] Level 1:colcon.colcon_core.package_identification:_identify(src/YOLOv5-ROS) by extensions ['python_setup_py']
[4.029s] Level 1:colcon.colcon_core.package_identification:_identify(src/YOLOv5-ROS) by extension 'python_setup_py'
[4.030s] Level 1:colcon.colcon_core.package_identification:_identify(src/YOLOv5-ROS/yolov5_ros) by extensions ['ignore', 'ignore_ament_install']
[4.030s] Level 1:colcon.colcon_core.package_identification:_identify(src/YOLOv5-ROS/yolov5_ros) by extension 'ignore'
[4.031s] Level 1:colcon.colcon_core.package_identification:_identify(src/YOLOv5-ROS/yolov5_ros) by extension 'ignore_ament_install'
[4.031s] Level 1:colcon.colcon_core.package_identification:_identify(src/YOLOv5-ROS/yolov5_ros) by extensions ['colcon_pkg']
[4.031s] Level 1:colcon.colcon_core.package_identification:_identify(src/YOLOv5-ROS/yolov5_ros) by extension 'colcon_pkg'
[4.032s] Level 1:colcon.colcon_core.package_identification:_identify(src/YOLOv5-ROS/yolov5_ros) by extensions ['colcon_meta']
[4.032s] Level 1:colcon.colcon_core.package_identification:_identify(src/YOLOv5-ROS/yolov5_ros) by extension 'colcon_meta'
[4.032s] Level 1:colcon.colcon_core.package_identification:_identify(src/YOLOv5-ROS/yolov5_ros) by extensions ['ros']
[4.032s] Level 1:colcon.colcon_core.package_identification:_identify(src/YOLOv5-ROS/yolov5_ros) by extension 'ros'
[4.050s] DEBUG:colcon.colcon_core.package_identification:Package 'src/YOLOv5-ROS/yolov5_ros' with type 'ros.ament_python' and name 'yolov5_ros'
[4.054s] Level 1:colcon.colcon_core.package_identification:_identify(src/bbox_ex_msgs) by extensions ['ignore', 'ignore_ament_install']
[4.055s] Level 1:colcon.colcon_core.package_identification:_identify(src/bbox_ex_msgs) by extension 'ignore'
[4.056s] Level 1:colcon.colcon_core.package_identification:_identify(src/bbox_ex_msgs) by extension 'ignore_ament_install'
[4.056s] Level 1:colcon.colcon_core.package_identification:_identify(src/bbox_ex_msgs) by extensions ['colcon_pkg']
[4.056s] Level 1:colcon.colcon_core.package_identification:_identify(src/bbox_ex_msgs) by extension 'colcon_pkg'
[4.057s] Level 1:colcon.colcon_core.package_identification:_identify(src/bbox_ex_msgs) by extensions ['colcon_meta']
[4.057s] Level 1:colcon.colcon_core.package_identification:_identify(src/bbox_ex_msgs) by extension 'colcon_meta'
[4.058s] Level 1:colcon.colcon_core.package_identification:_identify(src/bbox_ex_msgs) by extensions ['ros']
[4.058s] Level 1:colcon.colcon_core.package_identification:_identify(src/bbox_ex_msgs) by extension 'ros'
[4.064s] DEBUG:colcon.colcon_core.package_identification:Package 'src/bbox_ex_msgs' with type 'ros.ament_cmake' and name 'bboxes_ex_msgs'
[4.065s] Level 1:colcon.colcon_core.package_identification:_identify(src/cv_basics) by extensions ['ignore', 'ignore_ament_install']
[4.065s] Level 1:colcon.colcon_core.package_identification:_identify(src/cv_basics) by extension 'ignore'
[4.066s] Level 1:colcon.colcon_core.package_identification:_identify(src/cv_basics) by extension 'ignore_ament_install'
[4.066s] Level 1:colcon.colcon_core.package_identification:_identify(src/cv_basics) by extensions ['colcon_pkg']
[4.066s] Level 1:colcon.colcon_core.package_identification:_identify(src/cv_basics) by extension 'colcon_pkg'
[4.067s] Level 1:colcon.colcon_core.package_identification:_identify(src/cv_basics) by extensions ['colcon_meta']
[4.067s] Level 1:colcon.colcon_core.package_identification:_identify(src/cv_basics) by extension 'colcon_meta'
[4.067s] Level 1:colcon.colcon_core.package_identification:_identify(src/cv_basics) by extensions ['ros']
[4.067s] Level 1:colcon.colcon_core.package_identification:_identify(src/cv_basics) by extension 'ros'
[4.077s] DEBUG:colcon.colcon_core.package_identification:Package 'src/cv_basics' with type 'ros.ament_python' and name 'cv_basics'
[4.079s] Level 1:colcon.colcon_core.package_identification:_identify(src/rplidar_ros2) by extensions ['ignore', 'ignore_ament_install']
[4.079s] Level 1:colcon.colcon_core.package_identification:_identify(src/rplidar_ros2) by extension 'ignore'
[4.080s] Level 1:colcon.colcon_core.package_identification:_identify(src/rplidar_ros2) by extension 'ignore_ament_install'
[4.080s] Level 1:colcon.colcon_core.package_identification:_identify(src/rplidar_ros2) by extensions ['colcon_pkg']
[4.080s] Level 1:colcon.colcon_core.package_identification:_identify(src/rplidar_ros2) by extension 'colcon_pkg'
[4.081s] Level 1:colcon.colcon_core.package_identification:_identify(src/rplidar_ros2) by extensions ['colcon_meta']
[4.081s] Level 1:colcon.colcon_core.package_identification:_identify(src/rplidar_ros2) by extension 'colcon_meta'
[4.081s] Level 1:colcon.colcon_core.package_identification:_identify(src/rplidar_ros2) by extensions ['ros']
[4.081s] Level 1:colcon.colcon_core.package_identification:_identify(src/rplidar_ros2) by extension 'ros'
[4.085s] DEBUG:colcon.colcon_core.package_identification:Package 'src/rplidar_ros2' with type 'ros.ament_cmake' and name 'rplidar_ros'
[4.086s] Level 1:colcon.colcon_core.package_identification:_identify(src/sllidar_ros2) by extensions ['ignore', 'ignore_ament_install']
[4.087s] Level 1:colcon.colcon_core.package_identification:_identify(src/sllidar_ros2) by extension 'ignore'
[4.087s] Level 1:colcon.colcon_core.package_identification:_identify(src/sllidar_ros2) by extension 'ignore_ament_install'
[4.088s] Level 1:colcon.colcon_core.package_identification:_identify(src/sllidar_ros2) by extensions ['colcon_pkg']
[4.088s] Level 1:colcon.colcon_core.package_identification:_identify(src/sllidar_ros2) by extension 'colcon_pkg'
[4.088s] Level 1:colcon.colcon_core.package_identification:_identify(src/sllidar_ros2) by extensions ['colcon_meta']
[4.089s] Level 1:colcon.colcon_core.package_identification:_identify(src/sllidar_ros2) by extension 'colcon_meta'
[4.089s] Level 1:colcon.colcon_core.package_identification:_identify(src/sllidar_ros2) by extensions ['ros']
[4.089s] Level 1:colcon.colcon_core.package_identification:_identify(src/sllidar_ros2) by extension 'ros'
[4.095s] DEBUG:colcon.colcon_core.package_identification:Package 'src/sllidar_ros2' with type 'ros.ament_cmake' and name 'sllidar_ros2'
[4.096s] Level 1:colcon.colcon_core.package_discovery:discover_packages(recursive) using defaults
[4.097s] Level 1:colcon.colcon_core.package_discovery:discover_packages(ignore) discover
[4.097s] Level 1:colcon.colcon_core.package_discovery:discover_packages(ignore) using defaults
[4.097s] Level 1:colcon.colcon_core.package_discovery:discover_packages(path) discover
[4.097s] Level 1:colcon.colcon_core.package_discovery:discover_packages(path) using defaults
[4.379s] INFO:colcon.colcon_core.package_selection:Skipping not selected package 'bboxes_ex_msgs' in 'src/bbox_ex_msgs'
[4.379s] INFO:colcon.colcon_core.package_selection:Skipping not selected package 'rplidar_ros' in 'src/rplidar_ros2'
[4.379s] INFO:colcon.colcon_core.package_selection:Skipping not selected package 'sllidar_ros2' in 'src/sllidar_ros2'
[4.380s] INFO:colcon.colcon_core.package_selection:Skipping not selected package 'cv_basics' in 'src/cv_basics'
[4.401s] Level 5:colcon.colcon_core.verb:set package 'yolov5_ros' build argument 'cmake_args' from command line to 'None'
[4.402s] Level 5:colcon.colcon_core.verb:set package 'yolov5_ros' build argument 'cmake_target' from command line to 'None'
[4.402s] Level 5:colcon.colcon_core.verb:set package 'yolov5_ros' build argument 'cmake_target_skip_unavailable' from command line to 'False'
[4.403s] Level 5:colcon.colcon_core.verb:set package 'yolov5_ros' build argument 'cmake_clean_cache' from command line to 'False'
[4.403s] Level 5:colcon.colcon_core.verb:set package 'yolov5_ros' build argument 'cmake_clean_first' from command line to 'False'
[4.403s] Level 5:colcon.colcon_core.verb:set package 'yolov5_ros' build argument 'cmake_force_configure' from command line to 'False'
[4.403s] Level 5:colcon.colcon_core.verb:set package 'yolov5_ros' build argument 'ament_cmake_args' from command line to 'None'
[4.403s] Level 5:colcon.colcon_core.verb:set package 'yolov5_ros' build argument 'catkin_cmake_args' from command line to 'None'
[4.404s] Level 5:colcon.colcon_core.verb:set package 'yolov5_ros' build argument 'catkin_skip_building_tests' from command line to 'False'
[4.404s] DEBUG:colcon.colcon_core.verb:Building package 'yolov5_ros' with the following arguments: {'ament_cmake_args': None, 'build_base': '/tmp/.X11-unix/ROS2_final_Thesis/build/yolov5_ros', 'catkin_cmake_args': None, 'catkin_skip_building_tests': False, 'cmake_args': None, 'cmake_clean_cache': False, 'cmake_clean_first': False, 'cmake_force_configure': False, 'cmake_target': None, 'cmake_target_skip_unavailable': False, 'install_base': '/tmp/.X11-unix/ROS2_final_Thesis/install/yolov5_ros', 'merge_install': False, 'path': '/tmp/.X11-unix/ROS2_final_Thesis/src/YOLOv5-ROS/yolov5_ros', 'symlink_install': False, 'test_result_base': None}
[4.423s] INFO:colcon.colcon_core.executor:Executing jobs using 'parallel' executor
[4.554s] DEBUG:colcon.colcon_parallel_executor.executor.parallel:run_until_complete
[4.556s] INFO:colcon.colcon_ros.task.ament_python.build:Building ROS package in '/tmp/.X11-unix/ROS2_final_Thesis/src/YOLOv5-ROS/yolov5_ros' with build type 'ament_python'
[4.556s] Level 1:colcon.colcon_core.shell:create_environment_hook('yolov5_ros', 'ament_prefix_path')
[4.634s] INFO:colcon.colcon_core.plugin_system:Skipping extension 'colcon_core.shell.bat': Not used on non-Windows systems
[4.636s] INFO:colcon.colcon_core.shell:Creating environment hook '/tmp/.X11-unix/ROS2_final_Thesis/install/yolov5_ros/share/yolov5_ros/hook/ament_prefix_path.ps1'
[4.642s] INFO:colcon.colcon_core.shell:Creating environment descriptor '/tmp/.X11-unix/ROS2_final_Thesis/install/yolov5_ros/share/yolov5_ros/hook/ament_prefix_path.dsv'
[4.646s] INFO:colcon.colcon_core.shell:Creating environment hook '/tmp/.X11-unix/ROS2_final_Thesis/install/yolov5_ros/share/yolov5_ros/hook/ament_prefix_path.sh'
[4.699s] INFO:colcon.colcon_core.shell:Skip shell extension 'powershell' for command environment: Not usable outside of PowerShell
[4.699s] DEBUG:colcon.colcon_core.shell:Skip shell extension 'dsv' for command environment
[6.721s] INFO:colcon.colcon_core.task.python.build:Building Python package in '/tmp/.X11-unix/ROS2_final_Thesis/src/YOLOv5-ROS/yolov5_ros'
[6.767s] INFO:colcon.colcon_core.shell:Skip shell extension 'powershell' for command environment: Not usable outside of PowerShell
[6.768s] DEBUG:colcon.colcon_core.shell:Skip shell extension 'dsv' for command environment
[9.659s] DEBUG:colcon.colcon_core.event_handler.log_command:Invoking command in '/tmp/.X11-unix/ROS2_final_Thesis/build/yolov5_ros': CMAKE_PREFIX_PATH=/tmp/.X11-unix/ROS2_final_Thesis/install/bboxes_ex_msgs:/tmp/.X11-unix/ROS2_final_Thesis/install/sllidar_ros2:/tmp/.X11-unix/ROS2_final_Thesis/install/rplidar_ros:/opt/ros/foxy/install LD_LIBRARY_PATH=/tmp/.X11-unix/ROS2_final_Thesis/install/bboxes_ex_msgs/lib:/tmp/.X11-unix/ROS2_final_Thesis/install/rplidar_ros/lib:/opt/ros/foxy/install/opt/yaml_cpp_vendor/lib:/opt/ros/foxy/install/lib:/usr/local/cuda/lib64:/usr/local/cuda-10.2/targets/aarch64-linux/lib PYTHONPATH=/tmp/.X11-unix/ROS2_final_Thesis/build/yolov5_ros/prefix_override:/tmp/.X11-unix/ROS2_final_Thesis/install/yolov5_ros/lib/python3.6/site-packages:/tmp/.X11-unix/ROS2_final_Thesis/install/bboxes_ex_msgs/lib/python3.6/site-packages:/tmp/.X11-unix/ROS2_final_Thesis/install/yolov5_ros/lib/python3.6/site-packages:/tmp/.X11-unix/ROS2_final_Thesis/build/cv_basics:/tmp/.X11-unix/ROS2_final_Thesis/install/cv_basics/lib/python3.6/site-packages:/opt/ros/foxy/install/lib/python3.6/site-packages /usr/bin/python3 setup.py develop --uninstall --editable --build-directory /tmp/.X11-unix/ROS2_final_Thesis/build/yolov5_ros/build
[12.431s] DEBUG:colcon.colcon_core.event_handler.log_command:Invoked command in '/tmp/.X11-unix/ROS2_final_Thesis/build/yolov5_ros' returned '0': CMAKE_PREFIX_PATH=/tmp/.X11-unix/ROS2_final_Thesis/install/bboxes_ex_msgs:/tmp/.X11-unix/ROS2_final_Thesis/install/sllidar_ros2:/tmp/.X11-unix/ROS2_final_Thesis/install/rplidar_ros:/opt/ros/foxy/install LD_LIBRARY_PATH=/tmp/.X11-unix/ROS2_final_Thesis/install/bboxes_ex_msgs/lib:/tmp/.X11-unix/ROS2_final_Thesis/install/rplidar_ros/lib:/opt/ros/foxy/install/opt/yaml_cpp_vendor/lib:/opt/ros/foxy/install/lib:/usr/local/cuda/lib64:/usr/local/cuda-10.2/targets/aarch64-linux/lib PYTHONPATH=/tmp/.X11-unix/ROS2_final_Thesis/build/yolov5_ros/prefix_override:/tmp/.X11-unix/ROS2_final_Thesis/install/yolov5_ros/lib/python3.6/site-packages:/tmp/.X11-unix/ROS2_final_Thesis/install/bboxes_ex_msgs/lib/python3.6/site-packages:/tmp/.X11-unix/ROS2_final_Thesis/install/yolov5_ros/lib/python3.6/site-packages:/tmp/.X11-unix/ROS2_final_Thesis/build/cv_basics:/tmp/.X11-unix/ROS2_final_Thesis/install/cv_basics/lib/python3.6/site-packages:/opt/ros/foxy/install/lib/python3.6/site-packages /usr/bin/python3 setup.py develop --uninstall --editable --build-directory /tmp/.X11-unix/ROS2_final_Thesis/build/yolov5_ros/build
[12.442s] DEBUG:colcon.colcon_core.event_handler.log_command:Invoking command in '/tmp/.X11-unix/ROS2_final_Thesis/src/YOLOv5-ROS/yolov5_ros': CMAKE_PREFIX_PATH=/tmp/.X11-unix/ROS2_final_Thesis/install/bboxes_ex_msgs:/tmp/.X11-unix/ROS2_final_Thesis/install/sllidar_ros2:/tmp/.X11-unix/ROS2_final_Thesis/install/rplidar_ros:/opt/ros/foxy/install LD_LIBRARY_PATH=/tmp/.X11-unix/ROS2_final_Thesis/install/bboxes_ex_msgs/lib:/tmp/.X11-unix/ROS2_final_Thesis/install/rplidar_ros/lib:/opt/ros/foxy/install/opt/yaml_cpp_vendor/lib:/opt/ros/foxy/install/lib:/usr/local/cuda/lib64:/usr/local/cuda-10.2/targets/aarch64-linux/lib PYTHONPATH=/tmp/.X11-unix/ROS2_final_Thesis/build/yolov5_ros/prefix_override:/tmp/.X11-unix/ROS2_final_Thesis/install/yolov5_ros/lib/python3.6/site-packages:/tmp/.X11-unix/ROS2_final_Thesis/install/bboxes_ex_msgs/lib/python3.6/site-packages:/tmp/.X11-unix/ROS2_final_Thesis/install/yolov5_ros/lib/python3.6/site-packages:/tmp/.X11-unix/ROS2_final_Thesis/build/cv_basics:/tmp/.X11-unix/ROS2_final_Thesis/install/cv_basics/lib/python3.6/site-packages:/opt/ros/foxy/install/lib/python3.6/site-packages /usr/bin/python3 setup.py egg_info --egg-base ../../../build/yolov5_ros build --build-base /tmp/.X11-unix/ROS2_final_Thesis/build/yolov5_ros/build install --record /tmp/.X11-unix/ROS2_final_Thesis/build/yolov5_ros/install.log --install-scripts $base/lib/yolov5_ros --single-version-externally-managed
[14.501s] DEBUG:colcon.colcon_core.event_handler.log_command:Invoked command in '/tmp/.X11-unix/ROS2_final_Thesis/src/YOLOv5-ROS/yolov5_ros' returned '0': CMAKE_PREFIX_PATH=/tmp/.X11-unix/ROS2_final_Thesis/install/bboxes_ex_msgs:/tmp/.X11-unix/ROS2_final_Thesis/install/sllidar_ros2:/tmp/.X11-unix/ROS2_final_Thesis/install/rplidar_ros:/opt/ros/foxy/install LD_LIBRARY_PATH=/tmp/.X11-unix/ROS2_final_Thesis/install/bboxes_ex_msgs/lib:/tmp/.X11-unix/ROS2_final_Thesis/install/rplidar_ros/lib:/opt/ros/foxy/install/opt/yaml_cpp_vendor/lib:/opt/ros/foxy/install/lib:/usr/local/cuda/lib64:/usr/local/cuda-10.2/targets/aarch64-linux/lib PYTHONPATH=/tmp/.X11-unix/ROS2_final_Thesis/build/yolov5_ros/prefix_override:/tmp/.X11-unix/ROS2_final_Thesis/install/yolov5_ros/lib/python3.6/site-packages:/tmp/.X11-unix/ROS2_final_Thesis/install/bboxes_ex_msgs/lib/python3.6/site-packages:/tmp/.X11-unix/ROS2_final_Thesis/install/yolov5_ros/lib/python3.6/site-packages:/tmp/.X11-unix/ROS2_final_Thesis/build/cv_basics:/tmp/.X11-unix/ROS2_final_Thesis/install/cv_basics/lib/python3.6/site-packages:/opt/ros/foxy/install/lib/python3.6/site-packages /usr/bin/python3 setup.py egg_info --egg-base ../../../build/yolov5_ros build --build-base /tmp/.X11-unix/ROS2_final_Thesis/build/yolov5_ros/build install --record /tmp/.X11-unix/ROS2_final_Thesis/build/yolov5_ros/install.log --install-scripts $base/lib/yolov5_ros --single-version-externally-managed
[14.588s] Level 1:colcon.colcon_core.environment:checking '/tmp/.X11-unix/ROS2_final_Thesis/install/yolov5_ros' for CMake module files
[14.591s] Level 1:colcon.colcon_core.environment:checking '/tmp/.X11-unix/ROS2_final_Thesis/install/yolov5_ros' for CMake config files
[14.597s] Level 1:colcon.colcon_core.environment:checking '/tmp/.X11-unix/ROS2_final_Thesis/install/yolov5_ros/lib'
[14.598s] Level 1:colcon.colcon_core.environment:checking '/tmp/.X11-unix/ROS2_final_Thesis/install/yolov5_ros/bin'
[14.599s] Level 1:colcon.colcon_core.environment:checking '/tmp/.X11-unix/ROS2_final_Thesis/install/yolov5_ros/lib/pkgconfig/yolov5_ros.pc'
[14.600s] Level 1:colcon.colcon_core.environment:checking '/tmp/.X11-unix/ROS2_final_Thesis/install/yolov5_ros/lib/python3.6/site-packages'
[14.601s] Level 1:colcon.colcon_core.shell:create_environment_hook('yolov5_ros', 'pythonpath')
[14.645s] INFO:colcon.colcon_core.shell:Creating environment hook '/tmp/.X11-unix/ROS2_final_Thesis/install/yolov5_ros/share/yolov5_ros/hook/pythonpath.ps1'
[14.648s] INFO:colcon.colcon_core.shell:Creating environment descriptor '/tmp/.X11-unix/ROS2_final_Thesis/install/yolov5_ros/share/yolov5_ros/hook/pythonpath.dsv'
[14.651s] INFO:colcon.colcon_core.shell:Creating environment hook '/tmp/.X11-unix/ROS2_final_Thesis/install/yolov5_ros/share/yolov5_ros/hook/pythonpath.sh'
[14.653s] Level 1:colcon.colcon_core.environment:checking '/tmp/.X11-unix/ROS2_final_Thesis/install/yolov5_ros/bin'
[14.654s] Level 1:colcon.colcon_core.environment:create_environment_scripts_only(yolov5_ros)
[14.701s] INFO:colcon.colcon_core.shell:Creating package script '/tmp/.X11-unix/ROS2_final_Thesis/install/yolov5_ros/share/yolov5_ros/package.ps1'
[14.707s] INFO:colcon.colcon_core.shell:Creating package descriptor '/tmp/.X11-unix/ROS2_final_Thesis/install/yolov5_ros/share/yolov5_ros/package.dsv'
[14.712s] INFO:colcon.colcon_core.shell:Creating package script '/tmp/.X11-unix/ROS2_final_Thesis/install/yolov5_ros/share/yolov5_ros/package.sh'
[14.719s] INFO:colcon.colcon_core.shell:Creating package script '/tmp/.X11-unix/ROS2_final_Thesis/install/yolov5_ros/share/yolov5_ros/package.bash'
[14.727s] INFO:colcon.colcon_core.shell:Creating package script '/tmp/.X11-unix/ROS2_final_Thesis/install/yolov5_ros/share/yolov5_ros/package.zsh'
[14.734s] Level 1:colcon.colcon_core.environment:create_file_with_runtime_dependencies(/tmp/.X11-unix/ROS2_final_Thesis/install/yolov5_ros/share/colcon-core/packages/yolov5_ros)
[14.737s] DEBUG:colcon.colcon_parallel_executor.executor.parallel:closing loop
[14.740s] DEBUG:colcon.colcon_parallel_executor.executor.parallel:loop closed
[14.741s] DEBUG:colcon.colcon_parallel_executor.executor.parallel:run_until_complete finished with '0'
[14.741s] DEBUG:colcon.colcon_core.event_reactor:joining thread
[14.850s] INFO:colcon.colcon_core.plugin_system:Skipping extension 'colcon_notification.desktop_notification.notify_send': Could not find 'notify-send'
[14.851s] INFO:colcon.colcon_core.plugin_system:Skipping extension 'colcon_notification.desktop_notification.terminal_notifier': Not used on non-Darwin systems
[14.851s] INFO:colcon.colcon_core.plugin_system:Skipping extension 'colcon_notification.desktop_notification.win32': Not used on non-Windows systems
[14.852s] INFO:colcon.colcon_notification.desktop_notification:Sending desktop notification using 'notify2'
[14.854s] DEBUG:colcon.colcon_notification.desktop_notification.notify2:Failed to initialize notify2: org.freedesktop.DBus.Error.InvalidFileContent: D-Bus library appears to be incorrectly set up: see the manual page for dbus-uuidgen to correct this issue. (Failed to open "/var/lib/dbus/machine-id": No such file or directory; UUID file '/etc/machine-id' should contain a hex string of length 32, not length 0, with no other text)
[14.855s] DEBUG:colcon.colcon_core.event_reactor:joined thread
[14.902s] INFO:colcon.colcon_core.shell:Creating prefix script '/tmp/.X11-unix/ROS2_final_Thesis/install/local_setup.ps1'
[14.909s] INFO:colcon.colcon_core.shell:Creating prefix util module '/tmp/.X11-unix/ROS2_final_Thesis/install/_local_setup_util_ps1.py'
[14.922s] INFO:colcon.colcon_core.shell:Creating prefix chain script '/tmp/.X11-unix/ROS2_final_Thesis/install/setup.ps1'
[14.940s] INFO:colcon.colcon_core.shell:Creating prefix script '/tmp/.X11-unix/ROS2_final_Thesis/install/local_setup.sh'
[14.945s] INFO:colcon.colcon_core.shell:Creating prefix util module '/tmp/.X11-unix/ROS2_final_Thesis/install/_local_setup_util_sh.py'
[14.948s] INFO:colcon.colcon_core.shell:Creating prefix chain script '/tmp/.X11-unix/ROS2_final_Thesis/install/setup.sh'
[14.967s] INFO:colcon.colcon_core.shell:Creating prefix script '/tmp/.X11-unix/ROS2_final_Thesis/install/local_setup.bash'
[14.971s] INFO:colcon.colcon_core.shell:Creating prefix chain script '/tmp/.X11-unix/ROS2_final_Thesis/install/setup.bash'
[14.990s] INFO:colcon.colcon_core.shell:Creating prefix script '/tmp/.X11-unix/ROS2_final_Thesis/install/local_setup.zsh'
[14.994s] INFO:colcon.colcon_core.shell:Creating prefix chain script '/tmp/.X11-unix/ROS2_final_Thesis/install/setup.zsh'
