Performing C SOURCE FILE Test CMAKE_HAVE_LIBC_PTHREAD failed with the following output:
Change Dir: /tmp/.X11-unix/ROS2_final_Thesis/build/rplidar_ros/CMakeFiles/CMakeScratch/TryCompile-LZdTMA

Run Build Command(s):/usr/bin/make -f Makefile cmTC_5c6c6/fast && /usr/bin/make  -f CMakeFiles/cmTC_5c6c6.dir/build.make CMakeFiles/cmTC_5c6c6.dir/build
make[1]: Entering directory '/tmp/.X11-unix/ROS2_final_Thesis/build/rplidar_ros/CMakeFiles/CMakeScratch/TryCompile-LZdTMA'
Building C object CMakeFiles/cmTC_5c6c6.dir/src.c.o
/usr/bin/cc -DCMAKE_HAVE_LIBC_PTHREAD   -o CMakeFiles/cmTC_5c6c6.dir/src.c.o -c /tmp/.X11-unix/ROS2_final_Thesis/build/rplidar_ros/CMakeFiles/CMakeScratch/TryCompile-LZdTMA/src.c
Linking C executable cmTC_5c6c6
/usr/bin/cmake -E cmake_link_script CMakeFiles/cmTC_5c6c6.dir/link.txt --verbose=1
/usr/bin/cc CMakeFiles/cmTC_5c6c6.dir/src.c.o -o cmTC_5c6c6 
CMakeFiles/cmTC_5c6c6.dir/src.c.o: In function `main':
src.c:(.text+0x48): undefined reference to `pthread_create'
src.c:(.text+0x50): undefined reference to `pthread_detach'
src.c:(.text+0x58): undefined reference to `pthread_cancel'
src.c:(.text+0x64): undefined reference to `pthread_join'
src.c:(.text+0x74): undefined reference to `pthread_atfork'
collect2: error: ld returned 1 exit status
CMakeFiles/cmTC_5c6c6.dir/build.make:98: recipe for target 'cmTC_5c6c6' failed
make[1]: *** [cmTC_5c6c6] Error 1
make[1]: Leaving directory '/tmp/.X11-unix/ROS2_final_Thesis/build/rplidar_ros/CMakeFiles/CMakeScratch/TryCompile-LZdTMA'
Makefile:127: recipe for target 'cmTC_5c6c6/fast' failed
make: *** [cmTC_5c6c6/fast] Error 2


Source file was:
#include <pthread.h>

static void* test_func(void* data)
{
  return data;
}

int main(void)
{
  pthread_t thread;
  pthread_create(&thread, NULL, test_func, NULL);
  pthread_detach(thread);
  pthread_cancel(thread);
  pthread_join(thread, NULL);
  pthread_atfork(NULL, NULL, NULL);
  pthread_exit(NULL);

  return 0;
}


Determining if the function pthread_create exists in the pthreads failed with the following output:
Change Dir: /tmp/.X11-unix/ROS2_final_Thesis/build/rplidar_ros/CMakeFiles/CMakeScratch/TryCompile-sElyWN

Run Build Command(s):/usr/bin/make -f Makefile cmTC_001b1/fast && /usr/bin/make  -f CMakeFiles/cmTC_001b1.dir/build.make CMakeFiles/cmTC_001b1.dir/build
make[1]: Entering directory '/tmp/.X11-unix/ROS2_final_Thesis/build/rplidar_ros/CMakeFiles/CMakeScratch/TryCompile-sElyWN'
Building C object CMakeFiles/cmTC_001b1.dir/CheckFunctionExists.c.o
/usr/bin/cc   -DCHECK_FUNCTION_EXISTS=pthread_create -o CMakeFiles/cmTC_001b1.dir/CheckFunctionExists.c.o -c /tmp/.X11-unix/ROS2_final_Thesis/build/rplidar_ros/CMakeFiles/CMakeScratch/TryCompile-sElyWN/CheckFunctionExists.c
Linking C executable cmTC_001b1
/usr/bin/cmake -E cmake_link_script CMakeFiles/cmTC_001b1.dir/link.txt --verbose=1
/usr/bin/cc  -DCHECK_FUNCTION_EXISTS=pthread_create CMakeFiles/cmTC_001b1.dir/CheckFunctionExists.c.o -o cmTC_001b1  -lpthreads 
/usr/bin/ld: cannot find -lpthreads
collect2: error: ld returned 1 exit status
CMakeFiles/cmTC_001b1.dir/build.make:98: recipe for target 'cmTC_001b1' failed
make[1]: *** [cmTC_001b1] Error 1
make[1]: Leaving directory '/tmp/.X11-unix/ROS2_final_Thesis/build/rplidar_ros/CMakeFiles/CMakeScratch/TryCompile-sElyWN'
Makefile:127: recipe for target 'cmTC_001b1/fast' failed
make: *** [cmTC_001b1/fast] Error 2



