[3.316s] DEBUG:colcon:Command line arguments: ['/usr/bin/colcon', 'build', '--symlink-install', '--packages-select', 'yolov5_ros']
[3.316s] DEBUG:colcon:Parsed command line arguments: Namespace(ament_cmake_args=None, base_paths=['.'], build_base='build', catkin_cmake_args=None, catkin_skip_building_tests=False, cmake_args=None, cmake_clean_cache=False, cmake_clean_first=False, cmake_force_configure=False, cmake_target=None, cmake_target_skip_unavailable=False, continue_on_error=False, event_handlers=None, executor='parallel', ignore_user_meta=False, install_base='install', log_base=None, log_level=None, main=<bound method BuildVerb.main of <colcon_core.verb.build.BuildVerb object at 0x7fa5e77d68>>, merge_install=False, metas=['./colcon.meta'], packages_above=None, packages_above_and_dependencies=None, packages_above_depth=None, packages_end=None, packages_ignore=None, packages_ignore_regex=None, packages_select=['yolov5_ros'], packages_select_build_failed=False, packages_select_by_dep=None, packages_select_regex=None, packages_select_test_failures=False, packages_skip=None, packages_skip_build_finished=False, packages_skip_by_dep=None, packages_skip_regex=None, packages_skip_test_passed=False, packages_skip_up_to=None, packages_start=None, packages_up_to=None, packages_up_to_regex=None, parallel_workers=4, paths=None, symlink_install=True, test_result_base=None, verb_extension=<colcon_core.verb.build.BuildVerb object at 0x7fa5e77d68>, verb_name='build', verb_parser=<colcon_defaults.argument_parser.defaults.DefaultArgumentsDecorator object at 0x7fa5cd2d68>)
[3.558s] Level 1:colcon.colcon_core.package_discovery:discover_packages(colcon_meta) check parameters
[3.559s] Level 1:colcon.colcon_core.package_discovery:discover_packages(recursive) check parameters
[3.559s] Level 1:colcon.colcon_core.package_discovery:discover_packages(ignore) check parameters
[3.559s] Level 1:colcon.colcon_core.package_discovery:discover_packages(path) check parameters
[3.559s] Level 1:colcon.colcon_core.package_discovery:discover_packages(colcon_meta) discover
[3.561s] Level 1:colcon.colcon_core.package_discovery:discover_packages(recursive) discover
[3.561s] INFO:colcon.colcon_core.package_discovery:Crawling recursively for packages in '/tmp/.X11-unix/ROS2_final_Thesis'
[3.562s] Level 1:colcon.colcon_core.package_identification:_identify(.) by extensions ['ignore', 'ignore_ament_install']
[3.562s] Level 1:colcon.colcon_core.package_identification:_identify(.) by extension 'ignore'
[3.562s] Level 1:colcon.colcon_core.package_identification:_identify(.) by extension 'ignore_ament_install'
[3.563s] Level 1:colcon.colcon_core.package_identification:_identify(.) by extensions ['colcon_pkg']
[3.563s] Level 1:colcon.colcon_core.package_identification:_identify(.) by extension 'colcon_pkg'
[3.563s] Level 1:colcon.colcon_core.package_identification:_identify(.) by extensions ['colcon_meta']
[3.563s] Level 1:colcon.colcon_core.package_identification:_identify(.) by extension 'colcon_meta'
[3.564s] Level 1:colcon.colcon_core.package_identification:_identify(.) by extensions ['ros']
[3.564s] Level 1:colcon.colcon_core.package_identification:_identify(.) by extension 'ros'
[3.770s] Level 1:colcon.colcon_core.package_identification:_identify(.) by extensions ['cmake', 'python']
[3.770s] Level 1:colcon.colcon_core.package_identification:_identify(.) by extension 'cmake'
[3.771s] Level 1:colcon.colcon_core.package_identification:_identify(.) by extension 'python'
[3.771s] Level 1:colcon.colcon_core.package_identification:_identify(.) by extensions ['python_setup_py']
[3.771s] Level 1:colcon.colcon_core.package_identification:_identify(.) by extension 'python_setup_py'
[3.773s] Level 1:colcon.colcon_core.package_identification:_identify(__pycache__) by extensions ['ignore', 'ignore_ament_install']
[3.774s] Level 1:colcon.colcon_core.package_identification:_identify(__pycache__) by extension 'ignore'
[3.774s] Level 1:colcon.colcon_core.package_identification:_identify(__pycache__) by extension 'ignore_ament_install'
[3.775s] Level 1:colcon.colcon_core.package_identification:_identify(__pycache__) by extensions ['colcon_pkg']
[3.775s] Level 1:colcon.colcon_core.package_identification:_identify(__pycache__) by extension 'colcon_pkg'
[3.775s] Level 1:colcon.colcon_core.package_identification:_identify(__pycache__) by extensions ['colcon_meta']
[3.775s] Level 1:colcon.colcon_core.package_identification:_identify(__pycache__) by extension 'colcon_meta'
[3.776s] Level 1:colcon.colcon_core.package_identification:_identify(__pycache__) by extensions ['ros']
[3.776s] Level 1:colcon.colcon_core.package_identification:_identify(__pycache__) by extension 'ros'
[3.777s] Level 1:colcon.colcon_core.package_identification:_identify(__pycache__) by extensions ['cmake', 'python']
[3.777s] Level 1:colcon.colcon_core.package_identification:_identify(__pycache__) by extension 'cmake'
[3.777s] Level 1:colcon.colcon_core.package_identification:_identify(__pycache__) by extension 'python'
[3.777s] Level 1:colcon.colcon_core.package_identification:_identify(__pycache__) by extensions ['python_setup_py']
[3.778s] Level 1:colcon.colcon_core.package_identification:_identify(__pycache__) by extension 'python_setup_py'
[3.778s] Level 1:colcon.colcon_core.package_identification:_identify(build) by extensions ['ignore', 'ignore_ament_install']
[3.779s] Level 1:colcon.colcon_core.package_identification:_identify(build) by extension 'ignore'
[3.779s] Level 1:colcon.colcon_core.package_identification:_identify(build) ignored
[3.781s] Level 1:colcon.colcon_core.package_identification:_identify(install) by extensions ['ignore', 'ignore_ament_install']
[3.781s] Level 1:colcon.colcon_core.package_identification:_identify(install) by extension 'ignore'
[3.782s] Level 1:colcon.colcon_core.package_identification:_identify(install) ignored
[3.782s] Level 1:colcon.colcon_core.package_identification:_identify(log) by extensions ['ignore', 'ignore_ament_install']
[3.783s] Level 1:colcon.colcon_core.package_identification:_identify(log) by extension 'ignore'
[3.783s] Level 1:colcon.colcon_core.package_identification:_identify(log) ignored
[3.783s] Level 1:colcon.colcon_core.package_identification:_identify(output) by extensions ['ignore', 'ignore_ament_install']
[3.784s] Level 1:colcon.colcon_core.package_identification:_identify(output) by extension 'ignore'
[3.784s] Level 1:colcon.colcon_core.package_identification:_identify(output) by extension 'ignore_ament_install'
[3.785s] Level 1:colcon.colcon_core.package_identification:_identify(output) by extensions ['colcon_pkg']
[3.785s] Level 1:colcon.colcon_core.package_identification:_identify(output) by extension 'colcon_pkg'
[3.785s] Level 1:colcon.colcon_core.package_identification:_identify(output) by extensions ['colcon_meta']
[3.785s] Level 1:colcon.colcon_core.package_identification:_identify(output) by extension 'colcon_meta'
[3.785s] Level 1:colcon.colcon_core.package_identification:_identify(output) by extensions ['ros']
[3.786s] Level 1:colcon.colcon_core.package_identification:_identify(output) by extension 'ros'
[3.786s] Level 1:colcon.colcon_core.package_identification:_identify(output) by extensions ['cmake', 'python']
[3.786s] Level 1:colcon.colcon_core.package_identification:_identify(output) by extension 'cmake'
[3.787s] Level 1:colcon.colcon_core.package_identification:_identify(output) by extension 'python'
[3.787s] Level 1:colcon.colcon_core.package_identification:_identify(output) by extensions ['python_setup_py']
[3.787s] Level 1:colcon.colcon_core.package_identification:_identify(output) by extension 'python_setup_py'
[3.788s] Level 1:colcon.colcon_core.package_identification:_identify(src) by extensions ['ignore', 'ignore_ament_install']
[3.788s] Level 1:colcon.colcon_core.package_identification:_identify(src) by extension 'ignore'
[3.789s] Level 1:colcon.colcon_core.package_identification:_identify(src) by extension 'ignore_ament_install'
[3.789s] Level 1:colcon.colcon_core.package_identification:_identify(src) by extensions ['colcon_pkg']
[3.789s] Level 1:colcon.colcon_core.package_identification:_identify(src) by extension 'colcon_pkg'
[3.790s] Level 1:colcon.colcon_core.package_identification:_identify(src) by extensions ['colcon_meta']
[3.790s] Level 1:colcon.colcon_core.package_identification:_identify(src) by extension 'colcon_meta'
[3.790s] Level 1:colcon.colcon_core.package_identification:_identify(src) by extensions ['ros']
[3.790s] Level 1:colcon.colcon_core.package_identification:_identify(src) by extension 'ros'
[3.791s] Level 1:colcon.colcon_core.package_identification:_identify(src) by extensions ['cmake', 'python']
[3.791s] Level 1:colcon.colcon_core.package_identification:_identify(src) by extension 'cmake'
[3.791s] Level 1:colcon.colcon_core.package_identification:_identify(src) by extension 'python'
[3.791s] Level 1:colcon.colcon_core.package_identification:_identify(src) by extensions ['python_setup_py']
[3.792s] Level 1:colcon.colcon_core.package_identification:_identify(src) by extension 'python_setup_py'
[3.792s] Level 1:colcon.colcon_core.package_identification:_identify(src/YOLOv5-ROS) by extensions ['ignore', 'ignore_ament_install']
[3.793s] Level 1:colcon.colcon_core.package_identification:_identify(src/YOLOv5-ROS) by extension 'ignore'
[3.793s] Level 1:colcon.colcon_core.package_identification:_identify(src/YOLOv5-ROS) by extension 'ignore_ament_install'
[3.793s] Level 1:colcon.colcon_core.package_identification:_identify(src/YOLOv5-ROS) by extensions ['colcon_pkg']
[3.794s] Level 1:colcon.colcon_core.package_identification:_identify(src/YOLOv5-ROS) by extension 'colcon_pkg'
[3.794s] Level 1:colcon.colcon_core.package_identification:_identify(src/YOLOv5-ROS) by extensions ['colcon_meta']
[3.794s] Level 1:colcon.colcon_core.package_identification:_identify(src/YOLOv5-ROS) by extension 'colcon_meta'
[3.794s] Level 1:colcon.colcon_core.package_identification:_identify(src/YOLOv5-ROS) by extensions ['ros']
[3.794s] Level 1:colcon.colcon_core.package_identification:_identify(src/YOLOv5-ROS) by extension 'ros'
[3.795s] Level 1:colcon.colcon_core.package_identification:_identify(src/YOLOv5-ROS) by extensions ['cmake', 'python']
[3.795s] Level 1:colcon.colcon_core.package_identification:_identify(src/YOLOv5-ROS) by extension 'cmake'
[3.795s] Level 1:colcon.colcon_core.package_identification:_identify(src/YOLOv5-ROS) by extension 'python'
[3.796s] Level 1:colcon.colcon_core.package_identification:_identify(src/YOLOv5-ROS) by extensions ['python_setup_py']
[3.796s] Level 1:colcon.colcon_core.package_identification:_identify(src/YOLOv5-ROS) by extension 'python_setup_py'
[3.797s] Level 1:colcon.colcon_core.package_identification:_identify(src/YOLOv5-ROS/yolov5_ros) by extensions ['ignore', 'ignore_ament_install']
[3.797s] Level 1:colcon.colcon_core.package_identification:_identify(src/YOLOv5-ROS/yolov5_ros) by extension 'ignore'
[3.797s] Level 1:colcon.colcon_core.package_identification:_identify(src/YOLOv5-ROS/yolov5_ros) by extension 'ignore_ament_install'
[3.798s] Level 1:colcon.colcon_core.package_identification:_identify(src/YOLOv5-ROS/yolov5_ros) by extensions ['colcon_pkg']
[3.798s] Level 1:colcon.colcon_core.package_identification:_identify(src/YOLOv5-ROS/yolov5_ros) by extension 'colcon_pkg'
[3.798s] Level 1:colcon.colcon_core.package_identification:_identify(src/YOLOv5-ROS/yolov5_ros) by extensions ['colcon_meta']
[3.798s] Level 1:colcon.colcon_core.package_identification:_identify(src/YOLOv5-ROS/yolov5_ros) by extension 'colcon_meta'
[3.799s] Level 1:colcon.colcon_core.package_identification:_identify(src/YOLOv5-ROS/yolov5_ros) by extensions ['ros']
[3.799s] Level 1:colcon.colcon_core.package_identification:_identify(src/YOLOv5-ROS/yolov5_ros) by extension 'ros'
[3.815s] DEBUG:colcon.colcon_core.package_identification:Package 'src/YOLOv5-ROS/yolov5_ros' with type 'ros.ament_python' and name 'yolov5_ros'
[3.819s] Level 1:colcon.colcon_core.package_identification:_identify(src/bbox_ex_msgs) by extensions ['ignore', 'ignore_ament_install']
[3.820s] Level 1:colcon.colcon_core.package_identification:_identify(src/bbox_ex_msgs) by extension 'ignore'
[3.820s] Level 1:colcon.colcon_core.package_identification:_identify(src/bbox_ex_msgs) by extension 'ignore_ament_install'
[3.821s] Level 1:colcon.colcon_core.package_identification:_identify(src/bbox_ex_msgs) by extensions ['colcon_pkg']
[3.821s] Level 1:colcon.colcon_core.package_identification:_identify(src/bbox_ex_msgs) by extension 'colcon_pkg'
[3.821s] Level 1:colcon.colcon_core.package_identification:_identify(src/bbox_ex_msgs) by extensions ['colcon_meta']
[3.821s] Level 1:colcon.colcon_core.package_identification:_identify(src/bbox_ex_msgs) by extension 'colcon_meta'
[3.822s] Level 1:colcon.colcon_core.package_identification:_identify(src/bbox_ex_msgs) by extensions ['ros']
[3.822s] Level 1:colcon.colcon_core.package_identification:_identify(src/bbox_ex_msgs) by extension 'ros'
[3.826s] DEBUG:colcon.colcon_core.package_identification:Package 'src/bbox_ex_msgs' with type 'ros.ament_cmake' and name 'bboxes_ex_msgs'
[3.827s] Level 1:colcon.colcon_core.package_identification:_identify(src/cv_basics) by extensions ['ignore', 'ignore_ament_install']
[3.828s] Level 1:colcon.colcon_core.package_identification:_identify(src/cv_basics) by extension 'ignore'
[3.828s] Level 1:colcon.colcon_core.package_identification:_identify(src/cv_basics) by extension 'ignore_ament_install'
[3.829s] Level 1:colcon.colcon_core.package_identification:_identify(src/cv_basics) by extensions ['colcon_pkg']
[3.829s] Level 1:colcon.colcon_core.package_identification:_identify(src/cv_basics) by extension 'colcon_pkg'
[3.829s] Level 1:colcon.colcon_core.package_identification:_identify(src/cv_basics) by extensions ['colcon_meta']
[3.829s] Level 1:colcon.colcon_core.package_identification:_identify(src/cv_basics) by extension 'colcon_meta'
[3.830s] Level 1:colcon.colcon_core.package_identification:_identify(src/cv_basics) by extensions ['ros']
[3.830s] Level 1:colcon.colcon_core.package_identification:_identify(src/cv_basics) by extension 'ros'
[3.839s] DEBUG:colcon.colcon_core.package_identification:Package 'src/cv_basics' with type 'ros.ament_python' and name 'cv_basics'
[3.840s] Level 1:colcon.colcon_core.package_identification:_identify(src/rplidar_ros2) by extensions ['ignore', 'ignore_ament_install']
[3.841s] Level 1:colcon.colcon_core.package_identification:_identify(src/rplidar_ros2) by extension 'ignore'
[3.841s] Level 1:colcon.colcon_core.package_identification:_identify(src/rplidar_ros2) by extension 'ignore_ament_install'
[3.842s] Level 1:colcon.colcon_core.package_identification:_identify(src/rplidar_ros2) by extensions ['colcon_pkg']
[3.842s] Level 1:colcon.colcon_core.package_identification:_identify(src/rplidar_ros2) by extension 'colcon_pkg'
[3.842s] Level 1:colcon.colcon_core.package_identification:_identify(src/rplidar_ros2) by extensions ['colcon_meta']
[3.842s] Level 1:colcon.colcon_core.package_identification:_identify(src/rplidar_ros2) by extension 'colcon_meta'
[3.843s] Level 1:colcon.colcon_core.package_identification:_identify(src/rplidar_ros2) by extensions ['ros']
[3.843s] Level 1:colcon.colcon_core.package_identification:_identify(src/rplidar_ros2) by extension 'ros'
[3.847s] DEBUG:colcon.colcon_core.package_identification:Package 'src/rplidar_ros2' with type 'ros.ament_cmake' and name 'rplidar_ros'
[3.848s] Level 1:colcon.colcon_core.package_identification:_identify(src/sllidar_ros2) by extensions ['ignore', 'ignore_ament_install']
[3.848s] Level 1:colcon.colcon_core.package_identification:_identify(src/sllidar_ros2) by extension 'ignore'
[3.849s] Level 1:colcon.colcon_core.package_identification:_identify(src/sllidar_ros2) by extension 'ignore_ament_install'
[3.849s] Level 1:colcon.colcon_core.package_identification:_identify(src/sllidar_ros2) by extensions ['colcon_pkg']
[3.849s] Level 1:colcon.colcon_core.package_identification:_identify(src/sllidar_ros2) by extension 'colcon_pkg'
[3.850s] Level 1:colcon.colcon_core.package_identification:_identify(src/sllidar_ros2) by extensions ['colcon_meta']
[3.850s] Level 1:colcon.colcon_core.package_identification:_identify(src/sllidar_ros2) by extension 'colcon_meta'
[3.850s] Level 1:colcon.colcon_core.package_identification:_identify(src/sllidar_ros2) by extensions ['ros']
[3.850s] Level 1:colcon.colcon_core.package_identification:_identify(src/sllidar_ros2) by extension 'ros'
[3.854s] DEBUG:colcon.colcon_core.package_identification:Package 'src/sllidar_ros2' with type 'ros.ament_cmake' and name 'sllidar_ros2'
[3.855s] Level 1:colcon.colcon_core.package_discovery:discover_packages(recursive) using defaults
[3.856s] Level 1:colcon.colcon_core.package_discovery:discover_packages(ignore) discover
[3.856s] Level 1:colcon.colcon_core.package_discovery:discover_packages(ignore) using defaults
[3.856s] Level 1:colcon.colcon_core.package_discovery:discover_packages(path) discover
[3.857s] Level 1:colcon.colcon_core.package_discovery:discover_packages(path) using defaults
[4.103s] INFO:colcon.colcon_core.package_selection:Skipping not selected package 'bboxes_ex_msgs' in 'src/bbox_ex_msgs'
[4.103s] INFO:colcon.colcon_core.package_selection:Skipping not selected package 'rplidar_ros' in 'src/rplidar_ros2'
[4.104s] INFO:colcon.colcon_core.package_selection:Skipping not selected package 'sllidar_ros2' in 'src/sllidar_ros2'
[4.104s] INFO:colcon.colcon_core.package_selection:Skipping not selected package 'cv_basics' in 'src/cv_basics'
[4.124s] Level 5:colcon.colcon_core.verb:set package 'yolov5_ros' build argument 'cmake_args' from command line to 'None'
[4.124s] Level 5:colcon.colcon_core.verb:set package 'yolov5_ros' build argument 'cmake_target' from command line to 'None'
[4.124s] Level 5:colcon.colcon_core.verb:set package 'yolov5_ros' build argument 'cmake_target_skip_unavailable' from command line to 'False'
[4.124s] Level 5:colcon.colcon_core.verb:set package 'yolov5_ros' build argument 'cmake_clean_cache' from command line to 'False'
[4.125s] Level 5:colcon.colcon_core.verb:set package 'yolov5_ros' build argument 'cmake_clean_first' from command line to 'False'
[4.125s] Level 5:colcon.colcon_core.verb:set package 'yolov5_ros' build argument 'cmake_force_configure' from command line to 'False'
[4.125s] Level 5:colcon.colcon_core.verb:set package 'yolov5_ros' build argument 'ament_cmake_args' from command line to 'None'
[4.125s] Level 5:colcon.colcon_core.verb:set package 'yolov5_ros' build argument 'catkin_cmake_args' from command line to 'None'
[4.125s] Level 5:colcon.colcon_core.verb:set package 'yolov5_ros' build argument 'catkin_skip_building_tests' from command line to 'False'
[4.125s] DEBUG:colcon.colcon_core.verb:Building package 'yolov5_ros' with the following arguments: {'ament_cmake_args': None, 'build_base': '/tmp/.X11-unix/ROS2_final_Thesis/build/yolov5_ros', 'catkin_cmake_args': None, 'catkin_skip_building_tests': False, 'cmake_args': None, 'cmake_clean_cache': False, 'cmake_clean_first': False, 'cmake_force_configure': False, 'cmake_target': None, 'cmake_target_skip_unavailable': False, 'install_base': '/tmp/.X11-unix/ROS2_final_Thesis/install/yolov5_ros', 'merge_install': False, 'path': '/tmp/.X11-unix/ROS2_final_Thesis/src/YOLOv5-ROS/yolov5_ros', 'symlink_install': True, 'test_result_base': None}
[4.142s] INFO:colcon.colcon_core.executor:Executing jobs using 'parallel' executor
[4.254s] DEBUG:colcon.colcon_parallel_executor.executor.parallel:run_until_complete
[4.255s] INFO:colcon.colcon_ros.task.ament_python.build:Building ROS package in '/tmp/.X11-unix/ROS2_final_Thesis/src/YOLOv5-ROS/yolov5_ros' with build type 'ament_python'
[4.257s] Level 1:colcon.colcon_core.shell:create_environment_hook('yolov5_ros', 'ament_prefix_path')
[4.331s] INFO:colcon.colcon_core.plugin_system:Skipping extension 'colcon_core.shell.bat': Not used on non-Windows systems
[4.333s] INFO:colcon.colcon_core.shell:Creating environment hook '/tmp/.X11-unix/ROS2_final_Thesis/install/yolov5_ros/share/yolov5_ros/hook/ament_prefix_path.ps1'
[4.338s] INFO:colcon.colcon_core.shell:Creating environment descriptor '/tmp/.X11-unix/ROS2_final_Thesis/install/yolov5_ros/share/yolov5_ros/hook/ament_prefix_path.dsv'
[4.342s] INFO:colcon.colcon_core.shell:Creating environment hook '/tmp/.X11-unix/ROS2_final_Thesis/install/yolov5_ros/share/yolov5_ros/hook/ament_prefix_path.sh'
[4.389s] INFO:colcon.colcon_core.shell:Skip shell extension 'powershell' for command environment: Not usable outside of PowerShell
[4.390s] DEBUG:colcon.colcon_core.shell:Skip shell extension 'dsv' for command environment
[6.155s] INFO:colcon.colcon_core.task.python.build:Building Python package in '/tmp/.X11-unix/ROS2_final_Thesis/src/YOLOv5-ROS/yolov5_ros'
[6.195s] INFO:colcon.colcon_core.shell:Skip shell extension 'powershell' for command environment: Not usable outside of PowerShell
[6.196s] DEBUG:colcon.colcon_core.shell:Skip shell extension 'dsv' for command environment
[8.751s] DEBUG:colcon.colcon_core.event_handler.log_command:Invoking command in '/tmp/.X11-unix/ROS2_final_Thesis/build/yolov5_ros': CMAKE_PREFIX_PATH=/tmp/.X11-unix/ROS2_final_Thesis/install/bboxes_ex_msgs:/tmp/.X11-unix/ROS2_final_Thesis/install/sllidar_ros2:/tmp/.X11-unix/ROS2_final_Thesis/install/rplidar_ros:/opt/ros/foxy/install LD_LIBRARY_PATH=/tmp/.X11-unix/ROS2_final_Thesis/install/bboxes_ex_msgs/lib:/tmp/.X11-unix/ROS2_final_Thesis/install/rplidar_ros/lib:/opt/ros/foxy/install/opt/yaml_cpp_vendor/lib:/opt/ros/foxy/install/lib:/usr/local/cuda/lib64:/usr/local/cuda-10.2/targets/aarch64-linux/lib PYTHONPATH=/tmp/.X11-unix/ROS2_final_Thesis/build/yolov5_ros/prefix_override:/tmp/.X11-unix/ROS2_final_Thesis/install/yolov5_ros/lib/python3.6/site-packages:/tmp/.X11-unix/ROS2_final_Thesis/install/bboxes_ex_msgs/lib/python3.6/site-packages:/tmp/.X11-unix/ROS2_final_Thesis/build/yolov5_ros:/tmp/.X11-unix/ROS2_final_Thesis/install/yolov5_ros/lib/python3.6/site-packages:/tmp/.X11-unix/ROS2_final_Thesis/build/cv_basics:/tmp/.X11-unix/ROS2_final_Thesis/install/cv_basics/lib/python3.6/site-packages:/opt/ros/foxy/install/lib/python3.6/site-packages /usr/bin/python3 setup.py develop --editable --build-directory /tmp/.X11-unix/ROS2_final_Thesis/build/yolov5_ros/build --no-deps install_data
[11.640s] Level 1:colcon.colcon_core.shell:create_environment_hook('yolov5_ros', 'pythonpath_develop')
[11.658s] DEBUG:colcon.colcon_core.event_handler.log_command:Invoked command in '/tmp/.X11-unix/ROS2_final_Thesis/build/yolov5_ros' returned '0': CMAKE_PREFIX_PATH=/tmp/.X11-unix/ROS2_final_Thesis/install/bboxes_ex_msgs:/tmp/.X11-unix/ROS2_final_Thesis/install/sllidar_ros2:/tmp/.X11-unix/ROS2_final_Thesis/install/rplidar_ros:/opt/ros/foxy/install LD_LIBRARY_PATH=/tmp/.X11-unix/ROS2_final_Thesis/install/bboxes_ex_msgs/lib:/tmp/.X11-unix/ROS2_final_Thesis/install/rplidar_ros/lib:/opt/ros/foxy/install/opt/yaml_cpp_vendor/lib:/opt/ros/foxy/install/lib:/usr/local/cuda/lib64:/usr/local/cuda-10.2/targets/aarch64-linux/lib PYTHONPATH=/tmp/.X11-unix/ROS2_final_Thesis/build/yolov5_ros/prefix_override:/tmp/.X11-unix/ROS2_final_Thesis/install/yolov5_ros/lib/python3.6/site-packages:/tmp/.X11-unix/ROS2_final_Thesis/install/bboxes_ex_msgs/lib/python3.6/site-packages:/tmp/.X11-unix/ROS2_final_Thesis/build/yolov5_ros:/tmp/.X11-unix/ROS2_final_Thesis/install/yolov5_ros/lib/python3.6/site-packages:/tmp/.X11-unix/ROS2_final_Thesis/build/cv_basics:/tmp/.X11-unix/ROS2_final_Thesis/install/cv_basics/lib/python3.6/site-packages:/opt/ros/foxy/install/lib/python3.6/site-packages /usr/bin/python3 setup.py develop --editable --build-directory /tmp/.X11-unix/ROS2_final_Thesis/build/yolov5_ros/build --no-deps install_data
[11.685s] INFO:colcon.colcon_core.shell:Creating environment hook '/tmp/.X11-unix/ROS2_final_Thesis/build/yolov5_ros/share/yolov5_ros/hook/pythonpath_develop.ps1'
[11.689s] INFO:colcon.colcon_core.shell:Creating environment descriptor '/tmp/.X11-unix/ROS2_final_Thesis/build/yolov5_ros/share/yolov5_ros/hook/pythonpath_develop.dsv'
[11.691s] INFO:colcon.colcon_core.shell:Creating environment hook '/tmp/.X11-unix/ROS2_final_Thesis/build/yolov5_ros/share/yolov5_ros/hook/pythonpath_develop.sh'
[11.778s] Level 1:colcon.colcon_core.environment:checking '/tmp/.X11-unix/ROS2_final_Thesis/install/yolov5_ros' for CMake module files
[11.781s] Level 1:colcon.colcon_core.environment:checking '/tmp/.X11-unix/ROS2_final_Thesis/install/yolov5_ros' for CMake config files
[11.786s] Level 1:colcon.colcon_core.environment:checking '/tmp/.X11-unix/ROS2_final_Thesis/install/yolov5_ros/lib'
[11.787s] Level 1:colcon.colcon_core.environment:checking '/tmp/.X11-unix/ROS2_final_Thesis/install/yolov5_ros/bin'
[11.788s] Level 1:colcon.colcon_core.environment:checking '/tmp/.X11-unix/ROS2_final_Thesis/install/yolov5_ros/lib/pkgconfig/yolov5_ros.pc'
[11.788s] Level 1:colcon.colcon_core.environment:checking '/tmp/.X11-unix/ROS2_final_Thesis/install/yolov5_ros/lib/python3.6/site-packages'
[11.789s] Level 1:colcon.colcon_core.shell:create_environment_hook('yolov5_ros', 'pythonpath')
[11.829s] INFO:colcon.colcon_core.shell:Creating environment hook '/tmp/.X11-unix/ROS2_final_Thesis/install/yolov5_ros/share/yolov5_ros/hook/pythonpath.ps1'
[11.831s] INFO:colcon.colcon_core.shell:Creating environment descriptor '/tmp/.X11-unix/ROS2_final_Thesis/install/yolov5_ros/share/yolov5_ros/hook/pythonpath.dsv'
[11.832s] INFO:colcon.colcon_core.shell:Creating environment hook '/tmp/.X11-unix/ROS2_final_Thesis/install/yolov5_ros/share/yolov5_ros/hook/pythonpath.sh'
[11.834s] Level 1:colcon.colcon_core.environment:checking '/tmp/.X11-unix/ROS2_final_Thesis/install/yolov5_ros/bin'
[11.835s] Level 1:colcon.colcon_core.environment:create_environment_scripts_only(yolov5_ros)
[11.875s] INFO:colcon.colcon_core.shell:Creating package script '/tmp/.X11-unix/ROS2_final_Thesis/install/yolov5_ros/share/yolov5_ros/package.ps1'
[11.882s] INFO:colcon.colcon_core.shell:Creating package descriptor '/tmp/.X11-unix/ROS2_final_Thesis/install/yolov5_ros/share/yolov5_ros/package.dsv'
[11.886s] INFO:colcon.colcon_core.shell:Creating package script '/tmp/.X11-unix/ROS2_final_Thesis/install/yolov5_ros/share/yolov5_ros/package.sh'
[11.892s] INFO:colcon.colcon_core.shell:Creating package script '/tmp/.X11-unix/ROS2_final_Thesis/install/yolov5_ros/share/yolov5_ros/package.bash'
[11.899s] INFO:colcon.colcon_core.shell:Creating package script '/tmp/.X11-unix/ROS2_final_Thesis/install/yolov5_ros/share/yolov5_ros/package.zsh'
[11.905s] Level 1:colcon.colcon_core.environment:create_file_with_runtime_dependencies(/tmp/.X11-unix/ROS2_final_Thesis/install/yolov5_ros/share/colcon-core/packages/yolov5_ros)
[11.908s] DEBUG:colcon.colcon_parallel_executor.executor.parallel:closing loop
[11.910s] DEBUG:colcon.colcon_parallel_executor.executor.parallel:loop closed
[11.910s] DEBUG:colcon.colcon_parallel_executor.executor.parallel:run_until_complete finished with '0'
[11.910s] DEBUG:colcon.colcon_core.event_reactor:joining thread
[11.996s] INFO:colcon.colcon_core.plugin_system:Skipping extension 'colcon_notification.desktop_notification.notify_send': Could not find 'notify-send'
[11.996s] INFO:colcon.colcon_core.plugin_system:Skipping extension 'colcon_notification.desktop_notification.terminal_notifier': Not used on non-Darwin systems
[11.997s] INFO:colcon.colcon_core.plugin_system:Skipping extension 'colcon_notification.desktop_notification.win32': Not used on non-Windows systems
[11.997s] INFO:colcon.colcon_notification.desktop_notification:Sending desktop notification using 'notify2'
[11.998s] DEBUG:colcon.colcon_notification.desktop_notification.notify2:Failed to initialize notify2: org.freedesktop.DBus.Error.InvalidFileContent: D-Bus library appears to be incorrectly set up: see the manual page for dbus-uuidgen to correct this issue. (Failed to open "/var/lib/dbus/machine-id": No such file or directory; UUID file '/etc/machine-id' should contain a hex string of length 32, not length 0, with no other text)
[11.999s] DEBUG:colcon.colcon_core.event_reactor:joined thread
[12.054s] INFO:colcon.colcon_core.shell:Creating prefix script '/tmp/.X11-unix/ROS2_final_Thesis/install/local_setup.ps1'
[12.065s] INFO:colcon.colcon_core.shell:Creating prefix util module '/tmp/.X11-unix/ROS2_final_Thesis/install/_local_setup_util_ps1.py'
[12.077s] INFO:colcon.colcon_core.shell:Creating prefix chain script '/tmp/.X11-unix/ROS2_final_Thesis/install/setup.ps1'
[12.093s] INFO:colcon.colcon_core.shell:Creating prefix script '/tmp/.X11-unix/ROS2_final_Thesis/install/local_setup.sh'
[12.098s] INFO:colcon.colcon_core.shell:Creating prefix util module '/tmp/.X11-unix/ROS2_final_Thesis/install/_local_setup_util_sh.py'
[12.100s] INFO:colcon.colcon_core.shell:Creating prefix chain script '/tmp/.X11-unix/ROS2_final_Thesis/install/setup.sh'
[12.117s] INFO:colcon.colcon_core.shell:Creating prefix script '/tmp/.X11-unix/ROS2_final_Thesis/install/local_setup.bash'
[12.124s] INFO:colcon.colcon_core.shell:Creating prefix chain script '/tmp/.X11-unix/ROS2_final_Thesis/install/setup.bash'
[12.140s] INFO:colcon.colcon_core.shell:Creating prefix script '/tmp/.X11-unix/ROS2_final_Thesis/install/local_setup.zsh'
[12.145s] INFO:colcon.colcon_core.shell:Creating prefix chain script '/tmp/.X11-unix/ROS2_final_Thesis/install/setup.zsh'
