[6.304s] Invoking command in '/tmp/.X11-unix/ROS2_final_Thesis/build/cv_basics': CMAKE_PREFIX_PATH=/tmp/.X11-unix/ROS2_final_Thesis/install/bboxes_ex_msgs:/tmp/.X11-unix/ROS2_final_Thesis/install/sllidar_ros2:/tmp/.X11-unix/ROS2_final_Thesis/install/rplidar_ros:/opt/ros/foxy/install LD_LIBRARY_PATH=/tmp/.X11-unix/ROS2_final_Thesis/install/bboxes_ex_msgs/lib:/tmp/.X11-unix/ROS2_final_Thesis/install/rplidar_ros/lib:/opt/ros/foxy/install/opt/yaml_cpp_vendor/lib:/opt/ros/foxy/install/lib:/usr/local/cuda/lib64:/usr/local/cuda-10.2/targets/aarch64-linux/lib PYTHONPATH=/tmp/.X11-unix/ROS2_final_Thesis/build/cv_basics/prefix_override:/tmp/.X11-unix/ROS2_final_Thesis/install/cv_basics/lib/python3.6/site-packages:/tmp/.X11-unix/ROS2_final_Thesis/install/bboxes_ex_msgs/lib/python3.6/site-packages:/tmp/.X11-unix/ROS2_final_Thesis/build/yolov5_ros:/tmp/.X11-unix/ROS2_final_Thesis/install/yolov5_ros/lib/python3.6/site-packages:/tmp/.X11-unix/ROS2_final_Thesis/build/cv_basics:/tmp/.X11-unix/ROS2_final_Thesis/install/cv_basics/lib/python3.6/site-packages:/opt/ros/foxy/install/lib/python3.6/site-packages /usr/bin/python3 setup.py develop --editable --build-directory /tmp/.X11-unix/ROS2_final_Thesis/build/cv_basics/build --no-deps install_data
[7.689s] /usr/local/lib/python3.6/dist-packages/setuptools/dist.py:726: UserWarning: Usage of dash-separated 'script-dir' will not be supported in future versions. Please use the underscore name 'script_dir' instead
[7.690s]   % (opt, underscore_opt)
[7.972s] running develop
[7.977s] /usr/local/lib/python3.6/dist-packages/setuptools/command/easy_install.py:159: EasyInstallDeprecationWarning: easy_install command is deprecated. Use build and pip and other standards-based tools.
[7.978s]   EasyInstallDeprecationWarning,
[7.982s] /usr/local/lib/python3.6/dist-packages/setuptools/command/install.py:37: SetuptoolsDeprecationWarning: setup.py install is deprecated. Use build and pip and other standards-based tools.
[7.983s]   setuptools.SetuptoolsDeprecationWarning,
[8.712s] running egg_info
[8.714s] writing cv_basics.egg-info/PKG-INFO
[8.715s] writing dependency_links to cv_basics.egg-info/dependency_links.txt
[8.715s] writing entry points to cv_basics.egg-info/entry_points.txt
[8.716s] writing requirements to cv_basics.egg-info/requires.txt
[8.716s] writing top-level names to cv_basics.egg-info/top_level.txt
[8.746s] reading manifest file 'cv_basics.egg-info/SOURCES.txt'
[8.753s] writing manifest file 'cv_basics.egg-info/SOURCES.txt'
[8.987s] running build_ext
[8.988s] Creating /tmp/.X11-unix/ROS2_final_Thesis/install/cv_basics/lib/python3.6/site-packages/cv-basics.egg-link (link to .)
[8.993s] Installing calibration script to /tmp/.X11-unix/ROS2_final_Thesis/install/cv_basics/lib/cv_basics
[8.994s] Installing filtere_scan script to /tmp/.X11-unix/ROS2_final_Thesis/install/cv_basics/lib/cv_basics
[8.995s] Installing img_publisher script to /tmp/.X11-unix/ROS2_final_Thesis/install/cv_basics/lib/cv_basics
[8.996s] Installing img_subscriber script to /tmp/.X11-unix/ROS2_final_Thesis/install/cv_basics/lib/cv_basics
[8.997s] 
[8.998s] Installed /tmp/.X11-unix/ROS2_final_Thesis/build/cv_basics
[8.998s] running install_data
[9.162s] Invoked command in '/tmp/.X11-unix/ROS2_final_Thesis/build/cv_basics' returned '0': CMAKE_PREFIX_PATH=/tmp/.X11-unix/ROS2_final_Thesis/install/bboxes_ex_msgs:/tmp/.X11-unix/ROS2_final_Thesis/install/sllidar_ros2:/tmp/.X11-unix/ROS2_final_Thesis/install/rplidar_ros:/opt/ros/foxy/install LD_LIBRARY_PATH=/tmp/.X11-unix/ROS2_final_Thesis/install/bboxes_ex_msgs/lib:/tmp/.X11-unix/ROS2_final_Thesis/install/rplidar_ros/lib:/opt/ros/foxy/install/opt/yaml_cpp_vendor/lib:/opt/ros/foxy/install/lib:/usr/local/cuda/lib64:/usr/local/cuda-10.2/targets/aarch64-linux/lib PYTHONPATH=/tmp/.X11-unix/ROS2_final_Thesis/build/cv_basics/prefix_override:/tmp/.X11-unix/ROS2_final_Thesis/install/cv_basics/lib/python3.6/site-packages:/tmp/.X11-unix/ROS2_final_Thesis/install/bboxes_ex_msgs/lib/python3.6/site-packages:/tmp/.X11-unix/ROS2_final_Thesis/build/yolov5_ros:/tmp/.X11-unix/ROS2_final_Thesis/install/yolov5_ros/lib/python3.6/site-packages:/tmp/.X11-unix/ROS2_final_Thesis/build/cv_basics:/tmp/.X11-unix/ROS2_final_Thesis/install/cv_basics/lib/python3.6/site-packages:/opt/ros/foxy/install/lib/python3.6/site-packages /usr/bin/python3 setup.py develop --editable --build-directory /tmp/.X11-unix/ROS2_final_Thesis/build/cv_basics/build --no-deps install_data
