/usr/local/lib/python3.6/dist-packages/setuptools/dist.py:726: UserWarning: Usage of dash-separated 'script-dir' will not be supported in future versions. Please use the underscore name 'script_dir' instead
  % (opt, underscore_opt)
running develop
/usr/local/lib/python3.6/dist-packages/setuptools/command/easy_install.py:159: EasyInstallDeprecationWarning: easy_install command is deprecated. Use build and pip and other standards-based tools.
  EasyInstallDeprecationWarning,
/usr/local/lib/python3.6/dist-packages/setuptools/command/install.py:37: SetuptoolsDeprecationWarning: setup.py install is deprecated. Use build and pip and other standards-based tools.
  setuptools.SetuptoolsDeprecationWarning,
running egg_info
writing yolov5_ros.egg-info/PKG-INFO
writing dependency_links to yolov5_ros.egg-info/dependency_links.txt
writing entry points to yolov5_ros.egg-info/entry_points.txt
writing requirements to yolov5_ros.egg-info/requires.txt
writing top-level names to yolov5_ros.egg-info/top_level.txt
reading manifest file 'yolov5_ros.egg-info/SOURCES.txt'
writing manifest file 'yolov5_ros.egg-info/SOURCES.txt'
running build_ext
Creating /tmp/.X11-unix/ROS2_final_Thesis/install/yolov5_ros/lib/python3.6/site-packages/yolov5-ros.egg-link (link to .)
Installing yolov5_ros script to /tmp/.X11-unix/ROS2_final_Thesis/install/yolov5_ros/lib/yolov5_ros

Installed /tmp/.X11-unix/ROS2_final_Thesis/build/yolov5_ros
running install_data
