[0.216s] Invoking command in '/tmp/.X11-unix/ROS2_final_Thesis/build/sllidar_ros2': /usr/bin/cmake --build /tmp/.X11-unix/ROS2_final_Thesis/build/sllidar_ros2 -- -j4 -l4
[0.592s] [ 57%] Built target sllidar_client
[0.593s] [100%] Built target sllidar_node
[0.623s] Invoked command in '/tmp/.X11-unix/ROS2_final_Thesis/build/sllidar_ros2' returned '0': /usr/bin/cmake --build /tmp/.X11-unix/ROS2_final_Thesis/build/sllidar_ros2 -- -j4 -l4
[0.811s] Invoking command in '/tmp/.X11-unix/ROS2_final_Thesis/build/sllidar_ros2': /usr/bin/cmake --install /tmp/.X11-unix/ROS2_final_Thesis/build/sllidar_ros2
[0.837s] -- Install configuration: ""
[0.838s] -- Execute custom install script
[0.848s] -- Up-to-date symlink: /tmp/.X11-unix/ROS2_final_Thesis/install/sllidar_ros2/share/sllidar_ros2/launch/sllidar_a3_launch.py
[0.849s] -- Up-to-date symlink: /tmp/.X11-unix/ROS2_final_Thesis/install/sllidar_ros2/share/sllidar_ros2/launch/sllidar_launch.py
[0.855s] -- Up-to-date symlink: /tmp/.X11-unix/ROS2_final_Thesis/install/sllidar_ros2/share/sllidar_ros2/launch/sllidar_s1_launch.py
[0.856s] -- Up-to-date symlink: /tmp/.X11-unix/ROS2_final_Thesis/install/sllidar_ros2/share/sllidar_ros2/launch/sllidar_s1_tcp_launch.py
[0.860s] -- Up-to-date symlink: /tmp/.X11-unix/ROS2_final_Thesis/install/sllidar_ros2/share/sllidar_ros2/launch/sllidar_s2_launch.py
[0.867s] -- Up-to-date symlink: /tmp/.X11-unix/ROS2_final_Thesis/install/sllidar_ros2/share/sllidar_ros2/launch/sllidar_s2e_launch.py
[0.868s] -- Up-to-date symlink: /tmp/.X11-unix/ROS2_final_Thesis/install/sllidar_ros2/share/sllidar_ros2/launch/sllidar_t1_launch.py
[0.878s] -- Up-to-date symlink: /tmp/.X11-unix/ROS2_final_Thesis/install/sllidar_ros2/share/sllidar_ros2/launch/view_sllidar_a3_launch.py
[0.886s] -- Up-to-date symlink: /tmp/.X11-unix/ROS2_final_Thesis/install/sllidar_ros2/share/sllidar_ros2/launch/view_sllidar_launch.py
[0.887s] -- Up-to-date symlink: /tmp/.X11-unix/ROS2_final_Thesis/install/sllidar_ros2/share/sllidar_ros2/launch/view_sllidar_s1_launch.py
[0.890s] -- Up-to-date symlink: /tmp/.X11-unix/ROS2_final_Thesis/install/sllidar_ros2/share/sllidar_ros2/launch/view_sllidar_s1_tcp_launch.py
[0.892s] -- Up-to-date symlink: /tmp/.X11-unix/ROS2_final_Thesis/install/sllidar_ros2/share/sllidar_ros2/launch/view_sllidar_s2_launch.py
[0.892s] -- Up-to-date symlink: /tmp/.X11-unix/ROS2_final_Thesis/install/sllidar_ros2/share/sllidar_ros2/launch/view_sllidar_s2e_launch.py
[0.893s] -- Up-to-date symlink: /tmp/.X11-unix/ROS2_final_Thesis/install/sllidar_ros2/share/sllidar_ros2/launch/view_sllidar_t1_launch.py
[0.894s] -- Up-to-date symlink: /tmp/.X11-unix/ROS2_final_Thesis/install/sllidar_ros2/share/sllidar_ros2/rviz/sllidar_ros2.rviz
[0.895s] -- Up-to-date symlink: /tmp/.X11-unix/ROS2_final_Thesis/install/sllidar_ros2/lib/sllidar_ros2/sllidar_node
[0.896s] -- Up-to-date symlink: /tmp/.X11-unix/ROS2_final_Thesis/install/sllidar_ros2/lib/sllidar_ros2/sllidar_client
[0.899s] -- Up-to-date symlink: /tmp/.X11-unix/ROS2_final_Thesis/install/sllidar_ros2/share/ament_index/resource_index/package_run_dependencies/sllidar_ros2
[0.901s] -- Up-to-date symlink: /tmp/.X11-unix/ROS2_final_Thesis/install/sllidar_ros2/share/ament_index/resource_index/parent_prefix_path/sllidar_ros2
[0.904s] -- Up-to-date symlink: /tmp/.X11-unix/ROS2_final_Thesis/install/sllidar_ros2/share/sllidar_ros2/environment/ament_prefix_path.sh
[0.908s] -- Up-to-date symlink: /tmp/.X11-unix/ROS2_final_Thesis/install/sllidar_ros2/share/sllidar_ros2/environment/ament_prefix_path.dsv
[0.918s] -- Up-to-date symlink: /tmp/.X11-unix/ROS2_final_Thesis/install/sllidar_ros2/share/sllidar_ros2/environment/path.sh
[0.921s] -- Up-to-date symlink: /tmp/.X11-unix/ROS2_final_Thesis/install/sllidar_ros2/share/sllidar_ros2/environment/path.dsv
[0.922s] -- Up-to-date symlink: /tmp/.X11-unix/ROS2_final_Thesis/install/sllidar_ros2/share/sllidar_ros2/local_setup.bash
[0.924s] -- Up-to-date symlink: /tmp/.X11-unix/ROS2_final_Thesis/install/sllidar_ros2/share/sllidar_ros2/local_setup.sh
[0.924s] -- Up-to-date symlink: /tmp/.X11-unix/ROS2_final_Thesis/install/sllidar_ros2/share/sllidar_ros2/local_setup.zsh
[0.925s] -- Up-to-date symlink: /tmp/.X11-unix/ROS2_final_Thesis/install/sllidar_ros2/share/sllidar_ros2/local_setup.dsv
[0.928s] -- Symlinking: /tmp/.X11-unix/ROS2_final_Thesis/install/sllidar_ros2/share/sllidar_ros2/package.dsv
[0.935s] -- Up-to-date symlink: /tmp/.X11-unix/ROS2_final_Thesis/install/sllidar_ros2/share/ament_index/resource_index/packages/sllidar_ros2
[0.939s] -- Up-to-date symlink: /tmp/.X11-unix/ROS2_final_Thesis/install/sllidar_ros2/share/sllidar_ros2/cmake/ament_cmake_export_dependencies-extras.cmake
[0.941s] -- Up-to-date symlink: /tmp/.X11-unix/ROS2_final_Thesis/install/sllidar_ros2/share/sllidar_ros2/cmake/ament_cmake_export_include_directories-extras.cmake
[0.942s] -- Up-to-date symlink: /tmp/.X11-unix/ROS2_final_Thesis/install/sllidar_ros2/share/sllidar_ros2/cmake/sllidar_ros2Config.cmake
[0.943s] -- Up-to-date symlink: /tmp/.X11-unix/ROS2_final_Thesis/install/sllidar_ros2/share/sllidar_ros2/cmake/sllidar_ros2Config-version.cmake
[0.945s] -- Up-to-date symlink: /tmp/.X11-unix/ROS2_final_Thesis/install/sllidar_ros2/share/sllidar_ros2/package.xml
[1.255s] Invoked command in '/tmp/.X11-unix/ROS2_final_Thesis/build/sllidar_ros2' returned '0': /usr/bin/cmake --install /tmp/.X11-unix/ROS2_final_Thesis/build/sllidar_ros2
