[0.420s] Invoking command in '/tmp/.X11-unix/ROS2_final_Thesis/build/rplidar_ros': CMAKE_PREFIX_PATH=${CMAKE_PREFIX_PATH}:/tmp/.X11-unix/ROS2_final_Thesis/install/yolov5_ros:/tmp/.X11-unix/ROS2_final_Thesis/install/cv_basics /usr/bin/cmake --build /tmp/.X11-unix/ROS2_final_Thesis/build/rplidar_ros -- -j4 -l4
[0.998s] [ 77%] Built target rplidar_composition_node
[1.157s] [100%] Built target rplidar_composition
[1.176s] Invoked command in '/tmp/.X11-unix/ROS2_final_Thesis/build/rplidar_ros' returned '0': CMAKE_PREFIX_PATH=${CMAKE_PREFIX_PATH}:/tmp/.X11-unix/ROS2_final_Thesis/install/yolov5_ros:/tmp/.X11-unix/ROS2_final_Thesis/install/cv_basics /usr/bin/cmake --build /tmp/.X11-unix/ROS2_final_Thesis/build/rplidar_ros -- -j4 -l4
[1.457s] Invoking command in '/tmp/.X11-unix/ROS2_final_Thesis/build/rplidar_ros': CMAKE_PREFIX_PATH=${CMAKE_PREFIX_PATH}:/tmp/.X11-unix/ROS2_final_Thesis/install/yolov5_ros:/tmp/.X11-unix/ROS2_final_Thesis/install/cv_basics /usr/bin/cmake --install /tmp/.X11-unix/ROS2_final_Thesis/build/rplidar_ros
[1.506s] -- Install configuration: ""
[1.516s] -- Execute custom install script
[1.538s] -- Up-to-date symlink: /tmp/.X11-unix/ROS2_final_Thesis/install/rplidar_ros/lib/rplidar_ros/rplidar_composition
[1.541s] -- Up-to-date symlink: /tmp/.X11-unix/ROS2_final_Thesis/install/rplidar_ros/share/rplidar_ros/launch/filtered_scan.py
[1.543s] -- Up-to-date symlink: /tmp/.X11-unix/ROS2_final_Thesis/install/rplidar_ros/share/rplidar_ros/launch/rplidar.launch.py
[1.544s] -- Up-to-date symlink: /tmp/.X11-unix/ROS2_final_Thesis/install/rplidar_ros/share/rplidar_ros/launch/rplidar_a3.launch.py
[1.544s] -- Up-to-date symlink: /tmp/.X11-unix/ROS2_final_Thesis/install/rplidar_ros/share/rplidar_ros/launch/rplidar_s1.launch.py
[1.551s] -- Up-to-date symlink: /tmp/.X11-unix/ROS2_final_Thesis/install/rplidar_ros/share/rplidar_ros/launch/rplidar_s1_tcp.launch.py
[1.557s] -- Up-to-date symlink: /tmp/.X11-unix/ROS2_final_Thesis/install/rplidar_ros/share/rplidar_ros/launch/test_rplidar_a3.launch.py
[1.558s] -- Up-to-date symlink: /tmp/.X11-unix/ROS2_final_Thesis/install/rplidar_ros/share/rplidar_ros/launch/view_rplidar.launch.py
[1.559s] -- Up-to-date symlink: /tmp/.X11-unix/ROS2_final_Thesis/install/rplidar_ros/share/rplidar_ros/launch/view_rplidar_a3.launch.py
[1.560s] -- Up-to-date symlink: /tmp/.X11-unix/ROS2_final_Thesis/install/rplidar_ros/share/rplidar_ros/launch/view_rplidar_s1.launch.py
[1.561s] -- Up-to-date symlink: /tmp/.X11-unix/ROS2_final_Thesis/install/rplidar_ros/share/rplidar_ros/launch/view_rplidar_s1_tcp.launch.py
[1.564s] -- Up-to-date symlink: /tmp/.X11-unix/ROS2_final_Thesis/install/rplidar_ros/share/rplidar_ros/rviz/rplidar.rviz
[1.565s] -- Up-to-date symlink: /tmp/.X11-unix/ROS2_final_Thesis/install/rplidar_ros/lib/librplidar_composition_node.so
[1.566s] -- Up-to-date symlink: /tmp/.X11-unix/ROS2_final_Thesis/install/rplidar_ros/include/rplidar_node.hpp
[1.581s] -- Up-to-date symlink: /tmp/.X11-unix/ROS2_final_Thesis/install/rplidar_ros/include/visibility.h
[1.623s] -- Up-to-date symlink: /tmp/.X11-unix/ROS2_final_Thesis/install/rplidar_ros/lib/rplidar_ros/rplidar_composition
[1.629s] -- Up-to-date symlink: /tmp/.X11-unix/ROS2_final_Thesis/install/rplidar_ros/share/ament_index/resource_index/package_run_dependencies/rplidar_ros
[1.647s] -- Up-to-date symlink: /tmp/.X11-unix/ROS2_final_Thesis/install/rplidar_ros/share/ament_index/resource_index/parent_prefix_path/rplidar_ros
[1.648s] -- Up-to-date symlink: /tmp/.X11-unix/ROS2_final_Thesis/install/rplidar_ros/share/rplidar_ros/environment/ament_prefix_path.sh
[1.649s] -- Up-to-date symlink: /tmp/.X11-unix/ROS2_final_Thesis/install/rplidar_ros/share/rplidar_ros/environment/ament_prefix_path.dsv
[1.650s] -- Up-to-date symlink: /tmp/.X11-unix/ROS2_final_Thesis/install/rplidar_ros/share/rplidar_ros/environment/path.sh
[1.650s] -- Up-to-date symlink: /tmp/.X11-unix/ROS2_final_Thesis/install/rplidar_ros/share/rplidar_ros/environment/path.dsv
[1.651s] -- Up-to-date symlink: /tmp/.X11-unix/ROS2_final_Thesis/install/rplidar_ros/share/rplidar_ros/local_setup.bash
[1.652s] -- Up-to-date symlink: /tmp/.X11-unix/ROS2_final_Thesis/install/rplidar_ros/share/rplidar_ros/local_setup.sh
[1.666s] -- Up-to-date symlink: /tmp/.X11-unix/ROS2_final_Thesis/install/rplidar_ros/share/rplidar_ros/local_setup.zsh
[1.667s] -- Up-to-date symlink: /tmp/.X11-unix/ROS2_final_Thesis/install/rplidar_ros/share/rplidar_ros/local_setup.dsv
[1.680s] -- Symlinking: /tmp/.X11-unix/ROS2_final_Thesis/install/rplidar_ros/share/rplidar_ros/package.dsv
[1.687s] -- Up-to-date symlink: /tmp/.X11-unix/ROS2_final_Thesis/install/rplidar_ros/share/ament_index/resource_index/packages/rplidar_ros
[1.688s] -- Up-to-date symlink: /tmp/.X11-unix/ROS2_final_Thesis/install/rplidar_ros/share/ament_index/resource_index/rclcpp_components/rplidar_ros
[1.688s] -- Up-to-date symlink: /tmp/.X11-unix/ROS2_final_Thesis/install/rplidar_ros/share/rplidar_ros/cmake/ament_cmake_export_dependencies-extras.cmake
[1.689s] -- Up-to-date symlink: /tmp/.X11-unix/ROS2_final_Thesis/install/rplidar_ros/share/rplidar_ros/cmake/ament_cmake_export_include_directories-extras.cmake
[1.689s] -- Up-to-date symlink: /tmp/.X11-unix/ROS2_final_Thesis/install/rplidar_ros/share/rplidar_ros/cmake/rplidar_rosConfig.cmake
[1.690s] -- Up-to-date symlink: /tmp/.X11-unix/ROS2_final_Thesis/install/rplidar_ros/share/rplidar_ros/cmake/rplidar_rosConfig-version.cmake
[1.690s] -- Up-to-date symlink: /tmp/.X11-unix/ROS2_final_Thesis/install/rplidar_ros/share/rplidar_ros/package.xml
[1.927s] Invoked command in '/tmp/.X11-unix/ROS2_final_Thesis/build/rplidar_ros' returned '0': CMAKE_PREFIX_PATH=${CMAKE_PREFIX_PATH}:/tmp/.X11-unix/ROS2_final_Thesis/install/yolov5_ros:/tmp/.X11-unix/ROS2_final_Thesis/install/cv_basics /usr/bin/cmake --install /tmp/.X11-unix/ROS2_final_Thesis/build/rplidar_ros
