[0.191s] Invoking command in '/tmp/.X11-unix/ROS2_final_Thesis/build/sllidar_ros2': CMAKE_PREFIX_PATH=${CMAKE_PREFIX_PATH}:/tmp/.X11-unix/ROS2_final_Thesis/install/yolov5_ros:/tmp/.X11-unix/ROS2_final_Thesis/install/cv_basics /usr/bin/cmake --build /tmp/.X11-unix/ROS2_final_Thesis/build/sllidar_ros2 -- -j4 -l4
[0.395s] [ 14%] Built target sllidar_client
[0.403s] [100%] Built target sllidar_node
[0.422s] Invoked command in '/tmp/.X11-unix/ROS2_final_Thesis/build/sllidar_ros2' returned '0': CMAKE_PREFIX_PATH=${CMAKE_PREFIX_PATH}:/tmp/.X11-unix/ROS2_final_Thesis/install/yolov5_ros:/tmp/.X11-unix/ROS2_final_Thesis/install/cv_basics /usr/bin/cmake --build /tmp/.X11-unix/ROS2_final_Thesis/build/sllidar_ros2 -- -j4 -l4
[0.658s] Invoking command in '/tmp/.X11-unix/ROS2_final_Thesis/build/sllidar_ros2': CMAKE_PREFIX_PATH=${CMAKE_PREFIX_PATH}:/tmp/.X11-unix/ROS2_final_Thesis/install/yolov5_ros:/tmp/.X11-unix/ROS2_final_Thesis/install/cv_basics /usr/bin/cmake --install /tmp/.X11-unix/ROS2_final_Thesis/build/sllidar_ros2
[0.694s] -- Install configuration: ""
[0.697s] -- Execute custom install script
[0.698s] -- Up-to-date symlink: /tmp/.X11-unix/ROS2_final_Thesis/install/sllidar_ros2/share/sllidar_ros2/launch/Thesis.launch.py
[0.701s] -- Up-to-date symlink: /tmp/.X11-unix/ROS2_final_Thesis/install/sllidar_ros2/share/sllidar_ros2/launch/sllidar_a3_launch.py
[0.702s] -- Up-to-date symlink: /tmp/.X11-unix/ROS2_final_Thesis/install/sllidar_ros2/share/sllidar_ros2/launch/sllidar_launch.py
[0.702s] -- Up-to-date symlink: /tmp/.X11-unix/ROS2_final_Thesis/install/sllidar_ros2/share/sllidar_ros2/launch/sllidar_s1_launch.py
[0.705s] -- Up-to-date symlink: /tmp/.X11-unix/ROS2_final_Thesis/install/sllidar_ros2/share/sllidar_ros2/launch/sllidar_s1_tcp_launch.py
[0.705s] -- Up-to-date symlink: /tmp/.X11-unix/ROS2_final_Thesis/install/sllidar_ros2/share/sllidar_ros2/launch/sllidar_s2_launch.py
[0.723s] -- Up-to-date symlink: /tmp/.X11-unix/ROS2_final_Thesis/install/sllidar_ros2/share/sllidar_ros2/launch/sllidar_s2e_launch.py
[0.738s] -- Up-to-date symlink: /tmp/.X11-unix/ROS2_final_Thesis/install/sllidar_ros2/share/sllidar_ros2/launch/sllidar_t1_launch.py
[0.754s] -- Up-to-date symlink: /tmp/.X11-unix/ROS2_final_Thesis/install/sllidar_ros2/share/sllidar_ros2/launch/view_sllidar_a3_launch.py
[0.755s] -- Up-to-date symlink: /tmp/.X11-unix/ROS2_final_Thesis/install/sllidar_ros2/share/sllidar_ros2/launch/view_sllidar_launch.py
[0.756s] -- Up-to-date symlink: /tmp/.X11-unix/ROS2_final_Thesis/install/sllidar_ros2/share/sllidar_ros2/launch/view_sllidar_s1_launch.py
[0.762s] -- Up-to-date symlink: /tmp/.X11-unix/ROS2_final_Thesis/install/sllidar_ros2/share/sllidar_ros2/launch/view_sllidar_s1_tcp_launch.py
[0.764s] -- Up-to-date symlink: /tmp/.X11-unix/ROS2_final_Thesis/install/sllidar_ros2/share/sllidar_ros2/launch/view_sllidar_s2_launch.py
[0.765s] -- Up-to-date symlink: /tmp/.X11-unix/ROS2_final_Thesis/install/sllidar_ros2/share/sllidar_ros2/launch/view_sllidar_s2e_launch.py
[0.788s] -- Up-to-date symlink: /tmp/.X11-unix/ROS2_final_Thesis/install/sllidar_ros2/share/sllidar_ros2/launch/view_sllidar_t1_launch.py
[0.790s] -- Up-to-date symlink: /tmp/.X11-unix/ROS2_final_Thesis/install/sllidar_ros2/share/sllidar_ros2/rviz/sllidar_ros2.rviz
[0.792s] -- Up-to-date symlink: /tmp/.X11-unix/ROS2_final_Thesis/install/sllidar_ros2/lib/sllidar_ros2/sllidar_node
[0.794s] -- Up-to-date symlink: /tmp/.X11-unix/ROS2_final_Thesis/install/sllidar_ros2/lib/sllidar_ros2/sllidar_client
[0.796s] -- Up-to-date symlink: /tmp/.X11-unix/ROS2_final_Thesis/install/sllidar_ros2/share/ament_index/resource_index/package_run_dependencies/sllidar_ros2
[0.796s] -- Up-to-date symlink: /tmp/.X11-unix/ROS2_final_Thesis/install/sllidar_ros2/share/ament_index/resource_index/parent_prefix_path/sllidar_ros2
[0.797s] -- Up-to-date symlink: /tmp/.X11-unix/ROS2_final_Thesis/install/sllidar_ros2/share/sllidar_ros2/environment/ament_prefix_path.sh
[0.799s] -- Up-to-date symlink: /tmp/.X11-unix/ROS2_final_Thesis/install/sllidar_ros2/share/sllidar_ros2/environment/ament_prefix_path.dsv
[0.811s] -- Up-to-date symlink: /tmp/.X11-unix/ROS2_final_Thesis/install/sllidar_ros2/share/sllidar_ros2/environment/path.sh
[0.814s] -- Up-to-date symlink: /tmp/.X11-unix/ROS2_final_Thesis/install/sllidar_ros2/share/sllidar_ros2/environment/path.dsv
[0.815s] -- Up-to-date symlink: /tmp/.X11-unix/ROS2_final_Thesis/install/sllidar_ros2/share/sllidar_ros2/local_setup.bash
[0.816s] -- Up-to-date symlink: /tmp/.X11-unix/ROS2_final_Thesis/install/sllidar_ros2/share/sllidar_ros2/local_setup.sh
[0.817s] -- Up-to-date symlink: /tmp/.X11-unix/ROS2_final_Thesis/install/sllidar_ros2/share/sllidar_ros2/local_setup.zsh
[0.817s] -- Up-to-date symlink: /tmp/.X11-unix/ROS2_final_Thesis/install/sllidar_ros2/share/sllidar_ros2/local_setup.dsv
[0.818s] -- Symlinking: /tmp/.X11-unix/ROS2_final_Thesis/install/sllidar_ros2/share/sllidar_ros2/package.dsv
[0.819s] -- Up-to-date symlink: /tmp/.X11-unix/ROS2_final_Thesis/install/sllidar_ros2/share/ament_index/resource_index/packages/sllidar_ros2
[0.820s] -- Up-to-date symlink: /tmp/.X11-unix/ROS2_final_Thesis/install/sllidar_ros2/share/sllidar_ros2/cmake/ament_cmake_export_dependencies-extras.cmake
[0.821s] -- Up-to-date symlink: /tmp/.X11-unix/ROS2_final_Thesis/install/sllidar_ros2/share/sllidar_ros2/cmake/ament_cmake_export_include_directories-extras.cmake
[0.824s] -- Up-to-date symlink: /tmp/.X11-unix/ROS2_final_Thesis/install/sllidar_ros2/share/sllidar_ros2/cmake/sllidar_ros2Config.cmake
[0.828s] -- Up-to-date symlink: /tmp/.X11-unix/ROS2_final_Thesis/install/sllidar_ros2/share/sllidar_ros2/cmake/sllidar_ros2Config-version.cmake
[0.829s] -- Up-to-date symlink: /tmp/.X11-unix/ROS2_final_Thesis/install/sllidar_ros2/share/sllidar_ros2/package.xml
[1.046s] Invoked command in '/tmp/.X11-unix/ROS2_final_Thesis/build/sllidar_ros2' returned '0': CMAKE_PREFIX_PATH=${CMAKE_PREFIX_PATH}:/tmp/.X11-unix/ROS2_final_Thesis/install/yolov5_ros:/tmp/.X11-unix/ROS2_final_Thesis/install/cv_basics /usr/bin/cmake --install /tmp/.X11-unix/ROS2_final_Thesis/build/sllidar_ros2
